<?xml version="1.0" encoding="UTF-8"?>
<!-- Generated by org.testng.reporters.JUnitReportReporter -->
<testsuite hostname="MyGenie" failures="26" tests="238" name="testCases.Tree_TestCase" time="1167.350" errors="0" timestamp="2025-01-12T01:04:42 CST" skipped="78">
  <testcase classname="testCases.Tree_TestCase" name="InvalidTryHereFunctionalityTYpesofTrees" time="5.100"/>
  <testcase classname="testCases.Tree_TestCase" name="ValidTryHereFunctionalityOverview" time="5.106"/>
  <testcase classname="testCases.Tree_TestCase" name="InvalidTryHereFunctionalityBinTreeTrav" time="6.708"/>
  <testcase classname="testCases.Tree_TestCase" name="InvalidTryHereFunctionalityTraversalsIllus" time="7.407"/>
  <testcase classname="testCases.Tree_TestCase" name="ValidTryHereFunctionalityTerm" time="4.396"/>
  <testcase classname="testCases.Tree_TestCase" name="NavtoTryherepgImpinBT" time="3.863"/>
  <testcase classname="testCases.Tree_TestCase" name="EmptyTryeditorBT" time="4.455">
    <skipped/>
  </testcase> <!-- EmptyTryeditorBT -->
  <testcase classname="testCases.Tree_TestCase" name="EmptyTryeditorTypesofTrees" time="4.702">
    <skipped/>
  </testcase> <!-- EmptyTryeditorTypesofTrees -->
  <testcase classname="testCases.Tree_TestCase" name="EmptyTryeditorIBST" time="12.737">
    <skipped/>
  </testcase> <!-- EmptyTryeditorIBST -->
  <testcase classname="testCases.Tree_TestCase" name="BibaryTree" time="4.278"/>
  <testcase classname="testCases.Tree_TestCase" name="InvalidTryHereFunctionalityTreeTraversals" time="13.991"/>
  <testcase classname="testCases.Tree_TestCase" name="InvalidTryHereFunctionalityTerm" time="4.467"/>
  <testcase classname="testCases.Tree_TestCase" name="EmptyTryeditorBST" time="4.936">
    <skipped/>
  </testcase> <!-- EmptyTryeditorBST -->
  <testcase classname="testCases.Tree_TestCase" name="EmptyTryeditorTypesofBT" time="5.684">
    <skipped/>
  </testcase> <!-- EmptyTryeditorTypesofBT -->
  <testcase classname="testCases.Tree_TestCase" name="EmptyTryeditorImpinBT" time="4.598">
    <skipped/>
  </testcase> <!-- EmptyTryeditorImpinBT -->
  <testcase classname="testCases.Tree_TestCase" name="EmptyTryeditorTypesofBT" time="4.919">
    <skipped/>
  </testcase> <!-- EmptyTryeditorTypesofBT -->
  <testcase classname="testCases.Tree_TestCase" name="NavtoTryherepg" time="4.607"/>
  <testcase classname="testCases.Tree_TestCase" name="EmptyTryeditorImpinBT" time="5.619">
    <skipped/>
  </testcase> <!-- EmptyTryeditorImpinBT -->
  <testcase classname="testCases.Tree_TestCase" name="EmptyTryeditorTravelsIllus" time="3.514">
    <skipped/>
  </testcase> <!-- EmptyTryeditorTravelsIllus -->
  <testcase classname="testCases.Tree_TestCase" name="ValidTryHereFunctionalityTreeTraversals" time="4.385"/>
  <testcase classname="testCases.Tree_TestCase" name="EmptyTryeditorOverview" time="3.600">
    <skipped/>
  </testcase> <!-- EmptyTryeditorOverview -->
  <testcase classname="testCases.Tree_TestCase" name="EmptyTryeditorTravelsIllus" time="4.645">
    <skipped/>
  </testcase> <!-- EmptyTryeditorTravelsIllus -->
  <testcase classname="testCases.Tree_TestCase" name="ImpinBT" time="4.963"/>
  <testcase classname="testCases.Tree_TestCase" name="Practice" time="5.541"/>
  <testcase classname="testCases.Tree_TestCase" name="InvalidTryHereFunctionalityABT" time="3.855"/>
  <testcase classname="testCases.Tree_TestCase" name="TypesofBT" time="3.619"/>
  <testcase classname="testCases.Tree_TestCase" name="ValidTryHereFunctionalityBinTreeTrav" time="5.499"/>
  <testcase classname="testCases.Tree_TestCase" name="EmptyTryeditorABT" time="5.484">
    <skipped/>
  </testcase> <!-- EmptyTryeditorABT -->
  <testcase classname="testCases.Tree_TestCase" name="InvalidTryHereFunctionalityTerm" time="6.145"/>
  <testcase classname="testCases.Tree_TestCase" name="InvalidTryHereFunctionalityTerm" time="4.162"/>
  <testcase classname="testCases.Tree_TestCase" name="EmptyTryeditorBT" time="4.734">
    <failure message="Alert is not present" type="java.lang.AssertionError">
      <![CDATA[java.lang.AssertionError: Alert is not present
at org.testng.Assert.fail(Assert.java:111)
at testCases.Tree_TestCase.EmptyTryeditorBT(Tree_TestCase.java:529)
at java.base/jdk.internal.reflect.DirectMethodHandleAccessor.invoke(DirectMethodHandleAccessor.java:103)
at java.base/java.lang.reflect.Method.invoke(Method.java:580)
at org.testng.internal.invokers.MethodInvocationHelper.invokeMethod(MethodInvocationHelper.java:141)
at org.testng.internal.invokers.TestInvoker.invokeMethod(TestInvoker.java:686)
at org.testng.internal.invokers.TestInvoker.retryFailed(TestInvoker.java:269)
at org.testng.internal.invokers.MethodRunner.runInSequence(MethodRunner.java:76)
at org.testng.internal.invokers.TestInvoker$MethodInvocationAgent.invoke(TestInvoker.java:992)
at org.testng.internal.invokers.TestInvoker.invokeTestMethods(TestInvoker.java:203)
at org.testng.internal.invokers.TestMethodWorker.invokeTestMethods(TestMethodWorker.java:154)
at org.testng.internal.invokers.TestMethodWorker.run(TestMethodWorker.java:134)
at java.base/java.util.concurrent.Executors$RunnableAdapter.call(Executors.java:572)
at java.base/java.util.concurrent.FutureTask.run(FutureTask.java:317)
at org.testng.internal.thread.graph.TestNGFutureTask.run(TestNGFutureTask.java:22)
at java.base/java.util.concurrent.ThreadPoolExecutor.runWorker(ThreadPoolExecutor.java:1144)
at java.base/java.util.concurrent.ThreadPoolExecutor$Worker.run(ThreadPoolExecutor.java:642)
at java.base/java.lang.Thread.run(Thread.java:1583)
]]>
    </failure>
    <system-out>
      <![CDATA[Screenshot saved at: C:\Users\madhu\OneDrive\Desktop\SDET\AS_TestNG\.\screenshots\EmptyTryeditorBT.png
<a href='C:\Users\madhu\OneDrive\Desktop\SDET\AS_TestNG\screenshots\EmptyTryeditorBT.png'> <img src='C:\Users\madhu\OneDrive\Desktop\SDET\AS_TestNG\screenshots\EmptyTryeditorBT.png' height='100' width='100'/> </a>]]>
    </system-out>
  </testcase> <!-- EmptyTryeditorBT -->
  <testcase classname="testCases.Tree_TestCase" name="ValidTryHereFunctionalityIBT" time="5.864"/>
  <testcase classname="testCases.Tree_TestCase" name="InvalidTryHereFunctionalityTraversalsIllus" time="4.078"/>
  <testcase classname="testCases.Tree_TestCase" name="Terminologies" time="3.447"/>
  <testcase classname="testCases.Tree_TestCase" name="ValidTryHereFunctionalityOverview" time="3.663"/>
  <testcase classname="testCases.Tree_TestCase" name="EmptyTryeditorBinTreeTrav" time="4.282">
    <skipped/>
  </testcase> <!-- EmptyTryeditorBinTreeTrav -->
  <testcase classname="testCases.Tree_TestCase" name="InvalidTryHereFunctionalityIBST" time="4.286"/>
  <testcase classname="testCases.Tree_TestCase" name="InvalidTryHereFunctionalityABT" time="4.630"/>
  <testcase classname="testCases.Tree_TestCase" name="NavtoTryherepgIBT" time="5.180"/>
  <testcase classname="testCases.Tree_TestCase" name="NavtoTryherepgTypesofTrees" time="5.039"/>
  <testcase classname="testCases.Tree_TestCase" name="ValidTryHereFunctionalityBT" time="3.887"/>
  <testcase classname="testCases.Tree_TestCase" name="EmptyTryeditorTerminologies" time="6.295">
    <skipped/>
  </testcase> <!-- EmptyTryeditorTerminologies -->
  <testcase classname="testCases.Tree_TestCase" name="Terminologies" time="3.976"/>
  <testcase classname="testCases.Tree_TestCase" name="NavtoTryherepgBST" time="4.696"/>
  <testcase classname="testCases.Tree_TestCase" name="EmptyTryeditorImpinBT" time="4.161">
    <skipped/>
  </testcase> <!-- EmptyTryeditorImpinBT -->
  <testcase classname="testCases.Tree_TestCase" name="NavtoOverviewofTrees" time="3.048"/>
  <testcase classname="testCases.Tree_TestCase" name="EmptyTryeditorTypesofTrees" time="4.181">
    <failure message="Alert is not present" type="java.lang.AssertionError">
      <![CDATA[java.lang.AssertionError: Alert is not present
at org.testng.Assert.fail(Assert.java:111)
at testCases.Tree_TestCase.EmptyTryeditorTypesofTrees(Tree_TestCase.java:289)
at java.base/jdk.internal.reflect.DirectMethodHandleAccessor.invoke(DirectMethodHandleAccessor.java:103)
at java.base/java.lang.reflect.Method.invoke(Method.java:580)
at org.testng.internal.invokers.MethodInvocationHelper.invokeMethod(MethodInvocationHelper.java:141)
at org.testng.internal.invokers.TestInvoker.invokeMethod(TestInvoker.java:686)
at org.testng.internal.invokers.TestInvoker.retryFailed(TestInvoker.java:269)
at org.testng.internal.invokers.MethodRunner.runInSequence(MethodRunner.java:76)
at org.testng.internal.invokers.TestInvoker$MethodInvocationAgent.invoke(TestInvoker.java:992)
at org.testng.internal.invokers.TestInvoker.invokeTestMethods(TestInvoker.java:203)
at org.testng.internal.invokers.TestMethodWorker.invokeTestMethods(TestMethodWorker.java:154)
at org.testng.internal.invokers.TestMethodWorker.run(TestMethodWorker.java:134)
at java.base/java.util.concurrent.Executors$RunnableAdapter.call(Executors.java:572)
at java.base/java.util.concurrent.FutureTask.run(FutureTask.java:317)
at org.testng.internal.thread.graph.TestNGFutureTask.run(TestNGFutureTask.java:22)
at java.base/java.util.concurrent.ThreadPoolExecutor.runWorker(ThreadPoolExecutor.java:1144)
at java.base/java.util.concurrent.ThreadPoolExecutor$Worker.run(ThreadPoolExecutor.java:642)
at java.base/java.lang.Thread.run(Thread.java:1583)
]]>
    </failure>
    <system-out>
      <![CDATA[Screenshot saved at: C:\Users\madhu\OneDrive\Desktop\SDET\AS_TestNG\.\screenshots\EmptyTryeditorTypesofTrees.png
<a href='C:\Users\madhu\OneDrive\Desktop\SDET\AS_TestNG\screenshots\EmptyTryeditorTypesofTrees.png'> <img src='C:\Users\madhu\OneDrive\Desktop\SDET\AS_TestNG\screenshots\EmptyTryeditorTypesofTrees.png' height='100' width='100'/> </a>]]>
    </system-out>
  </testcase> <!-- EmptyTryeditorTypesofTrees -->
  <testcase classname="testCases.Tree_TestCase" name="InvalidTryHereFunctionalityBinTreeTrav" time="4.012"/>
  <testcase classname="testCases.Tree_TestCase" name="EmptyTryeditorBinTreeTrav" time="4.965">
    <skipped/>
  </testcase> <!-- EmptyTryeditorBinTreeTrav -->
  <testcase classname="testCases.Tree_TestCase" name="ValidTryHereFunctionalityTraversalsIllus" time="4.118"/>
  <testcase classname="testCases.Tree_TestCase" name="ValidTryHereFunctionalityTreeTraversals" time="4.878"/>
  <testcase classname="testCases.Tree_TestCase" name="EmptyTryeditorTerminologies" time="4.303">
    <skipped/>
  </testcase> <!-- EmptyTryeditorTerminologies -->
  <testcase classname="testCases.Tree_TestCase" name="IBST" time="4.149"/>
  <testcase classname="testCases.Tree_TestCase" name="ValidTryHereFunctionalityTerm" time="6.221"/>
  <testcase classname="testCases.Tree_TestCase" name="EmptyTryeditorIBT" time="4.158">
    <skipped/>
  </testcase> <!-- EmptyTryeditorIBT -->
  <testcase classname="testCases.Tree_TestCase" name="EmptyTryeditorTerminologies" time="4.453">
    <skipped/>
  </testcase> <!-- EmptyTryeditorTerminologies -->
  <testcase classname="testCases.Tree_TestCase" name="EmptyTryeditorTreeTraversals" time="3.571">
    <skipped/>
  </testcase> <!-- EmptyTryeditorTreeTraversals -->
  <testcase classname="testCases.Tree_TestCase" name="BibaryTree" time="4.422"/>
  <testcase classname="testCases.Tree_TestCase" name="EmptyTryeditorTypesofTrees" time="5.941">
    <skipped/>
  </testcase> <!-- EmptyTryeditorTypesofTrees -->
  <testcase classname="testCases.Tree_TestCase" name="NavtoTryherepgTravelsIllus" time="4.471"/>
  <testcase classname="testCases.Tree_TestCase" name="NavtoTryherepgIBST" time="6.035"/>
  <testcase classname="testCases.Tree_TestCase" name="EmptyTryeditorBST" time="5.328">
    <failure message="Alert is not present" type="java.lang.AssertionError">
      <![CDATA[java.lang.AssertionError: Alert is not present
at org.testng.Assert.fail(Assert.java:111)
at testCases.Tree_TestCase.EmptyTryeditorBST(Tree_TestCase.java:1004)
at java.base/jdk.internal.reflect.DirectMethodHandleAccessor.invoke(DirectMethodHandleAccessor.java:103)
at java.base/java.lang.reflect.Method.invoke(Method.java:580)
at org.testng.internal.invokers.MethodInvocationHelper.invokeMethod(MethodInvocationHelper.java:141)
at org.testng.internal.invokers.TestInvoker.invokeMethod(TestInvoker.java:686)
at org.testng.internal.invokers.TestInvoker.retryFailed(TestInvoker.java:269)
at org.testng.internal.invokers.MethodRunner.runInSequence(MethodRunner.java:76)
at org.testng.internal.invokers.TestInvoker$MethodInvocationAgent.invoke(TestInvoker.java:992)
at org.testng.internal.invokers.TestInvoker.invokeTestMethods(TestInvoker.java:203)
at org.testng.internal.invokers.TestMethodWorker.invokeTestMethods(TestMethodWorker.java:154)
at org.testng.internal.invokers.TestMethodWorker.run(TestMethodWorker.java:134)
at java.base/java.util.concurrent.Executors$RunnableAdapter.call(Executors.java:572)
at java.base/java.util.concurrent.FutureTask.run(FutureTask.java:317)
at org.testng.internal.thread.graph.TestNGFutureTask.run(TestNGFutureTask.java:22)
at java.base/java.util.concurrent.ThreadPoolExecutor.runWorker(ThreadPoolExecutor.java:1144)
at java.base/java.util.concurrent.ThreadPoolExecutor$Worker.run(ThreadPoolExecutor.java:642)
at java.base/java.lang.Thread.run(Thread.java:1583)
]]>
    </failure>
    <system-out>
      <![CDATA[Screenshot saved at: C:\Users\madhu\OneDrive\Desktop\SDET\AS_TestNG\.\screenshots\EmptyTryeditorBST.png
<a href='C:\Users\madhu\OneDrive\Desktop\SDET\AS_TestNG\screenshots\EmptyTryeditorBST.png'> <img src='C:\Users\madhu\OneDrive\Desktop\SDET\AS_TestNG\screenshots\EmptyTryeditorBST.png' height='100' width='100'/> </a>]]>
    </system-out>
  </testcase> <!-- EmptyTryeditorBST -->
  <testcase classname="testCases.Tree_TestCase" name="EmptyTryeditorOverview" time="4.151">
    <skipped/>
  </testcase> <!-- EmptyTryeditorOverview -->
  <testcase classname="testCases.Tree_TestCase" name="EmptyTryeditorTreeTraversals" time="8.458">
    <failure message="Alert is not present" type="java.lang.AssertionError">
      <![CDATA[java.lang.AssertionError: Alert is not present
at org.testng.Assert.fail(Assert.java:111)
at testCases.Tree_TestCase.EmptyTryeditorTreeTraversals(Tree_TestCase.java:371)
at java.base/jdk.internal.reflect.DirectMethodHandleAccessor.invoke(DirectMethodHandleAccessor.java:103)
at java.base/java.lang.reflect.Method.invoke(Method.java:580)
at org.testng.internal.invokers.MethodInvocationHelper.invokeMethod(MethodInvocationHelper.java:141)
at org.testng.internal.invokers.TestInvoker.invokeMethod(TestInvoker.java:686)
at org.testng.internal.invokers.TestInvoker.retryFailed(TestInvoker.java:269)
at org.testng.internal.invokers.MethodRunner.runInSequence(MethodRunner.java:76)
at org.testng.internal.invokers.TestInvoker$MethodInvocationAgent.invoke(TestInvoker.java:992)
at org.testng.internal.invokers.TestInvoker.invokeTestMethods(TestInvoker.java:203)
at org.testng.internal.invokers.TestMethodWorker.invokeTestMethods(TestMethodWorker.java:154)
at org.testng.internal.invokers.TestMethodWorker.run(TestMethodWorker.java:134)
at java.base/java.util.concurrent.Executors$RunnableAdapter.call(Executors.java:572)
at java.base/java.util.concurrent.FutureTask.run(FutureTask.java:317)
at org.testng.internal.thread.graph.TestNGFutureTask.run(TestNGFutureTask.java:22)
at java.base/java.util.concurrent.ThreadPoolExecutor.runWorker(ThreadPoolExecutor.java:1144)
at java.base/java.util.concurrent.ThreadPoolExecutor$Worker.run(ThreadPoolExecutor.java:642)
at java.base/java.lang.Thread.run(Thread.java:1583)
]]>
    </failure>
    <system-out>
      <![CDATA[Screenshot saved at: C:\Users\madhu\OneDrive\Desktop\SDET\AS_TestNG\.\screenshots\EmptyTryeditorTreeTraversals.png
<a href='C:\Users\madhu\OneDrive\Desktop\SDET\AS_TestNG\screenshots\EmptyTryeditorTreeTraversals.png'> <img src='C:\Users\madhu\OneDrive\Desktop\SDET\AS_TestNG\screenshots\EmptyTryeditorTreeTraversals.png' height='100' width='100'/> </a>]]>
    </system-out>
  </testcase> <!-- EmptyTryeditorTreeTraversals -->
  <testcase classname="testCases.Tree_TestCase" name="ValidTryHereFunctionalityIBST" time="5.259"/>
  <testcase classname="testCases.Tree_TestCase" name="EmptyTryeditorBinTreeTrav" time="4.663">
    <skipped/>
  </testcase> <!-- EmptyTryeditorBinTreeTrav -->
  <testcase classname="testCases.Tree_TestCase" name="EmptyTryeditorTypesofTrees" time="6.507">
    <skipped/>
  </testcase> <!-- EmptyTryeditorTypesofTrees -->
  <testcase classname="testCases.Tree_TestCase" name="InvalidTryHereFunctionalityBinTreeTrav" time="4.727"/>
  <testcase classname="testCases.Tree_TestCase" name="InvalidTryHereFunctionalityABT" time="5.199"/>
  <testcase classname="testCases.Tree_TestCase" name="EmptyTryeditorBinTreeTrav" time="5.633">
    <failure message="Alert is not present" type="java.lang.AssertionError">
      <![CDATA[java.lang.AssertionError: Alert is not present
at org.testng.Assert.fail(Assert.java:111)
at testCases.Tree_TestCase.EmptyTryeditorBinTreeTrav(Tree_TestCase.java:766)
at java.base/jdk.internal.reflect.DirectMethodHandleAccessor.invoke(DirectMethodHandleAccessor.java:103)
at java.base/java.lang.reflect.Method.invoke(Method.java:580)
at org.testng.internal.invokers.MethodInvocationHelper.invokeMethod(MethodInvocationHelper.java:141)
at org.testng.internal.invokers.TestInvoker.invokeMethod(TestInvoker.java:686)
at org.testng.internal.invokers.TestInvoker.retryFailed(TestInvoker.java:269)
at org.testng.internal.invokers.MethodRunner.runInSequence(MethodRunner.java:76)
at org.testng.internal.invokers.TestInvoker$MethodInvocationAgent.invoke(TestInvoker.java:992)
at org.testng.internal.invokers.TestInvoker.invokeTestMethods(TestInvoker.java:203)
at org.testng.internal.invokers.TestMethodWorker.invokeTestMethods(TestMethodWorker.java:154)
at org.testng.internal.invokers.TestMethodWorker.run(TestMethodWorker.java:134)
at java.base/java.util.concurrent.Executors$RunnableAdapter.call(Executors.java:572)
at java.base/java.util.concurrent.FutureTask.run(FutureTask.java:317)
at org.testng.internal.thread.graph.TestNGFutureTask.run(TestNGFutureTask.java:22)
at java.base/java.util.concurrent.ThreadPoolExecutor.runWorker(ThreadPoolExecutor.java:1144)
at java.base/java.util.concurrent.ThreadPoolExecutor$Worker.run(ThreadPoolExecutor.java:642)
at java.base/java.lang.Thread.run(Thread.java:1583)
]]>
    </failure>
    <system-out>
      <![CDATA[Screenshot saved at: C:\Users\madhu\OneDrive\Desktop\SDET\AS_TestNG\.\screenshots\EmptyTryeditorBinTreeTrav.png
<a href='C:\Users\madhu\OneDrive\Desktop\SDET\AS_TestNG\screenshots\EmptyTryeditorBinTreeTrav.png'> <img src='C:\Users\madhu\OneDrive\Desktop\SDET\AS_TestNG\screenshots\EmptyTryeditorBinTreeTrav.png' height='100' width='100'/> </a>]]>
    </system-out>
  </testcase> <!-- EmptyTryeditorBinTreeTrav -->
  <testcase classname="testCases.Tree_TestCase" name="EmptyTryeditorABT" time="5.578">
    <skipped/>
  </testcase> <!-- EmptyTryeditorABT -->
  <testcase classname="testCases.Tree_TestCase" name="EmptyTryeditorABT" time="7.142">
    <skipped/>
  </testcase> <!-- EmptyTryeditorABT -->
  <testcase classname="testCases.Tree_TestCase" name="EmptyTryeditorBinTreeTrav" time="5.253">
    <skipped/>
  </testcase> <!-- EmptyTryeditorBinTreeTrav -->
  <testcase classname="testCases.Tree_TestCase" name="EmptyTryeditorTravelsIllus" time="3.980">
    <failure message="Alert is not present" type="java.lang.AssertionError">
      <![CDATA[java.lang.AssertionError: Alert is not present
at org.testng.Assert.fail(Assert.java:111)
at testCases.Tree_TestCase.EmptyTryeditorTravelsIllus(Tree_TestCase.java:451)
at java.base/jdk.internal.reflect.DirectMethodHandleAccessor.invoke(DirectMethodHandleAccessor.java:103)
at java.base/java.lang.reflect.Method.invoke(Method.java:580)
at org.testng.internal.invokers.MethodInvocationHelper.invokeMethod(MethodInvocationHelper.java:141)
at org.testng.internal.invokers.TestInvoker.invokeMethod(TestInvoker.java:686)
at org.testng.internal.invokers.TestInvoker.retryFailed(TestInvoker.java:269)
at org.testng.internal.invokers.MethodRunner.runInSequence(MethodRunner.java:76)
at org.testng.internal.invokers.TestInvoker$MethodInvocationAgent.invoke(TestInvoker.java:992)
at org.testng.internal.invokers.TestInvoker.invokeTestMethods(TestInvoker.java:203)
at org.testng.internal.invokers.TestMethodWorker.invokeTestMethods(TestMethodWorker.java:154)
at org.testng.internal.invokers.TestMethodWorker.run(TestMethodWorker.java:134)
at java.base/java.util.concurrent.Executors$RunnableAdapter.call(Executors.java:572)
at java.base/java.util.concurrent.FutureTask.run(FutureTask.java:317)
at org.testng.internal.thread.graph.TestNGFutureTask.run(TestNGFutureTask.java:22)
at java.base/java.util.concurrent.ThreadPoolExecutor.runWorker(ThreadPoolExecutor.java:1144)
at java.base/java.util.concurrent.ThreadPoolExecutor$Worker.run(ThreadPoolExecutor.java:642)
at java.base/java.lang.Thread.run(Thread.java:1583)
]]>
    </failure>
    <system-out>
      <![CDATA[Screenshot saved at: C:\Users\madhu\OneDrive\Desktop\SDET\AS_TestNG\.\screenshots\EmptyTryeditorTravelsIllus.png
<a href='C:\Users\madhu\OneDrive\Desktop\SDET\AS_TestNG\screenshots\EmptyTryeditorTravelsIllus.png'> <img src='C:\Users\madhu\OneDrive\Desktop\SDET\AS_TestNG\screenshots\EmptyTryeditorTravelsIllus.png' height='100' width='100'/> </a>]]>
    </system-out>
  </testcase> <!-- EmptyTryeditorTravelsIllus -->
  <testcase classname="testCases.Tree_TestCase" name="EmptyTryeditorBST" time="4.994">
    <skipped/>
  </testcase> <!-- EmptyTryeditorBST -->
  <testcase classname="testCases.Tree_TestCase" name="NavtoTryherepgTypesofBT" time="5.230"/>
  <testcase classname="testCases.Tree_TestCase" name="NavtoTryherepgTreeTraversals" time="4.848"/>
  <testcase classname="testCases.Tree_TestCase" name="EmptyTryeditorBST" time="4.345">
    <skipped/>
  </testcase> <!-- EmptyTryeditorBST -->
  <testcase classname="testCases.Tree_TestCase" name="EmptyTryeditorImpinBT" time="6.021">
    <skipped/>
  </testcase> <!-- EmptyTryeditorImpinBT -->
  <testcase classname="testCases.Tree_TestCase" name="EmptyTryeditorTypesofTrees" time="4.088">
    <skipped/>
  </testcase> <!-- EmptyTryeditorTypesofTrees -->
  <testcase classname="testCases.Tree_TestCase" name="InvalidTryHereFunctionalityIBST" time="5.100"/>
  <testcase classname="testCases.Tree_TestCase" name="InvalidTryHereFunctionalityTypesofBT" time="4.130"/>
  <testcase classname="testCases.Tree_TestCase" name="EmptyTryeditorIBST" time="4.850">
    <skipped/>
  </testcase> <!-- EmptyTryeditorIBST -->
  <testcase classname="testCases.Tree_TestCase" name="ValidTryHereFunctionalityTypesofBT" time="4.940"/>
  <testcase classname="testCases.Tree_TestCase" name="EmptyTryeditorTreeTraversals" time="3.811">
    <skipped/>
  </testcase> <!-- EmptyTryeditorTreeTraversals -->
  <testcase classname="testCases.Tree_TestCase" name="InvalidTryHereFunctionalityBT" time="3.411"/>
  <testcase classname="testCases.Tree_TestCase" name="InvalidTryHereFunctionalityOverview" time="6.467"/>
  <testcase classname="testCases.Tree_TestCase" name="EmptyTryeditorBST" time="4.879">
    <skipped/>
  </testcase> <!-- EmptyTryeditorBST -->
  <testcase classname="testCases.Tree_TestCase" name="EmptyTryeditorOverview" time="5.831">
    <skipped/>
  </testcase> <!-- EmptyTryeditorOverview -->
  <testcase classname="testCases.Tree_TestCase" name="EmptyTryeditorTerminologies" time="6.095">
    <skipped/>
  </testcase> <!-- EmptyTryeditorTerminologies -->
  <testcase classname="testCases.Tree_TestCase" name="NavtoTryherepgBST" time="3.473"/>
  <testcase classname="testCases.Tree_TestCase" name="ValidTryHereFunctionalityBinTreeTrav" time="5.324"/>
  <testcase classname="testCases.Tree_TestCase" name="EmptyTryeditorBinTreeTrav" time="4.156">
    <failure message="Alert is not present" type="java.lang.AssertionError">
      <![CDATA[java.lang.AssertionError: Alert is not present
at org.testng.Assert.fail(Assert.java:111)
at testCases.Tree_TestCase.EmptyTryeditorBinTreeTrav(Tree_TestCase.java:766)
at java.base/jdk.internal.reflect.DirectMethodHandleAccessor.invoke(DirectMethodHandleAccessor.java:103)
at java.base/java.lang.reflect.Method.invoke(Method.java:580)
at org.testng.internal.invokers.MethodInvocationHelper.invokeMethod(MethodInvocationHelper.java:141)
at org.testng.internal.invokers.TestInvoker.invokeMethod(TestInvoker.java:686)
at org.testng.internal.invokers.TestInvoker.retryFailed(TestInvoker.java:269)
at org.testng.internal.invokers.MethodRunner.runInSequence(MethodRunner.java:76)
at org.testng.internal.invokers.TestInvoker$MethodInvocationAgent.invoke(TestInvoker.java:992)
at org.testng.internal.invokers.TestInvoker.invokeTestMethods(TestInvoker.java:203)
at org.testng.internal.invokers.TestMethodWorker.invokeTestMethods(TestMethodWorker.java:154)
at org.testng.internal.invokers.TestMethodWorker.run(TestMethodWorker.java:134)
at java.base/java.util.concurrent.Executors$RunnableAdapter.call(Executors.java:572)
at java.base/java.util.concurrent.FutureTask.run(FutureTask.java:317)
at org.testng.internal.thread.graph.TestNGFutureTask.run(TestNGFutureTask.java:22)
at java.base/java.util.concurrent.ThreadPoolExecutor.runWorker(ThreadPoolExecutor.java:1144)
at java.base/java.util.concurrent.ThreadPoolExecutor$Worker.run(ThreadPoolExecutor.java:642)
at java.base/java.lang.Thread.run(Thread.java:1583)
]]>
    </failure>
    <system-out>
      <![CDATA[Screenshot saved at: C:\Users\madhu\OneDrive\Desktop\SDET\AS_TestNG\.\screenshots\EmptyTryeditorBinTreeTrav.png
<a href='C:\Users\madhu\OneDrive\Desktop\SDET\AS_TestNG\screenshots\EmptyTryeditorBinTreeTrav.png'> <img src='C:\Users\madhu\OneDrive\Desktop\SDET\AS_TestNG\screenshots\EmptyTryeditorBinTreeTrav.png' height='100' width='100'/> </a>]]>
    </system-out>
  </testcase> <!-- EmptyTryeditorBinTreeTrav -->
  <testcase classname="testCases.Tree_TestCase" name="ValidTryHereFunctionalityBT" time="8.503"/>
  <testcase classname="testCases.Tree_TestCase" name="NavtoTryherepg" time="11.474"/>
  <testcase classname="testCases.Tree_TestCase" name="InvalidTryHereFunctionalityOverview" time="4.978"/>
  <testcase classname="testCases.Tree_TestCase" name="ValidTryHereFunctionalityTypesoftrees" time="3.874"/>
  <testcase classname="testCases.Tree_TestCase" name="InvalidTryHereFunctionalityImpinBT" time="4.071"/>
  <testcase classname="testCases.Tree_TestCase" name="EmptyTryeditorOverview" time="5.810">
    <skipped/>
  </testcase> <!-- EmptyTryeditorOverview -->
  <testcase classname="testCases.Tree_TestCase" name="ValidTryHereFunctionalityIBST" time="4.147"/>
  <testcase classname="testCases.Tree_TestCase" name="EmptyTryeditorTreeTraversals" time="3.902">
    <skipped/>
  </testcase> <!-- EmptyTryeditorTreeTraversals -->
  <testcase classname="testCases.Tree_TestCase" name="ValidTryHereFunctionalityTypesofBT" time="4.305"/>
  <testcase classname="testCases.Tree_TestCase" name="EmptyTryeditorTravelsIllus" time="4.792">
    <failure message="Alert is not present" type="java.lang.AssertionError">
      <![CDATA[java.lang.AssertionError: Alert is not present
at org.testng.Assert.fail(Assert.java:111)
at testCases.Tree_TestCase.EmptyTryeditorTravelsIllus(Tree_TestCase.java:451)
at java.base/jdk.internal.reflect.DirectMethodHandleAccessor.invoke(DirectMethodHandleAccessor.java:103)
at java.base/java.lang.reflect.Method.invoke(Method.java:580)
at org.testng.internal.invokers.MethodInvocationHelper.invokeMethod(MethodInvocationHelper.java:141)
at org.testng.internal.invokers.TestInvoker.invokeMethod(TestInvoker.java:686)
at org.testng.internal.invokers.TestInvoker.retryFailed(TestInvoker.java:269)
at org.testng.internal.invokers.MethodRunner.runInSequence(MethodRunner.java:76)
at org.testng.internal.invokers.TestInvoker$MethodInvocationAgent.invoke(TestInvoker.java:992)
at org.testng.internal.invokers.TestInvoker.invokeTestMethods(TestInvoker.java:203)
at org.testng.internal.invokers.TestMethodWorker.invokeTestMethods(TestMethodWorker.java:154)
at org.testng.internal.invokers.TestMethodWorker.run(TestMethodWorker.java:134)
at java.base/java.util.concurrent.Executors$RunnableAdapter.call(Executors.java:572)
at java.base/java.util.concurrent.FutureTask.run(FutureTask.java:317)
at org.testng.internal.thread.graph.TestNGFutureTask.run(TestNGFutureTask.java:22)
at java.base/java.util.concurrent.ThreadPoolExecutor.runWorker(ThreadPoolExecutor.java:1144)
at java.base/java.util.concurrent.ThreadPoolExecutor$Worker.run(ThreadPoolExecutor.java:642)
at java.base/java.lang.Thread.run(Thread.java:1583)
]]>
    </failure>
    <system-out>
      <![CDATA[Screenshot saved at: C:\Users\madhu\OneDrive\Desktop\SDET\AS_TestNG\.\screenshots\EmptyTryeditorTravelsIllus.png
<a href='C:\Users\madhu\OneDrive\Desktop\SDET\AS_TestNG\screenshots\EmptyTryeditorTravelsIllus.png'> <img src='C:\Users\madhu\OneDrive\Desktop\SDET\AS_TestNG\screenshots\EmptyTryeditorTravelsIllus.png' height='100' width='100'/> </a>]]>
    </system-out>
  </testcase> <!-- EmptyTryeditorTravelsIllus -->
  <testcase classname="testCases.Tree_TestCase" name="EmptyTryeditorTypesofTrees" time="4.837">
    <skipped/>
  </testcase> <!-- EmptyTryeditorTypesofTrees -->
  <testcase classname="testCases.Tree_TestCase" name="Practice" time="4.404"/>
  <testcase classname="testCases.Tree_TestCase" name="InvalidTryHereFunctionalityBST" time="3.443"/>
  <testcase classname="testCases.Tree_TestCase" name="InvalidTryHereFunctionalityTreeTraversals" time="3.946"/>
  <testcase classname="testCases.Tree_TestCase" name="EmptyTryeditorOverview" time="6.079">
    <skipped/>
  </testcase> <!-- EmptyTryeditorOverview -->
  <testcase classname="testCases.Tree_TestCase" name="InvalidTryHereFunctionalityBST" time="4.403"/>
  <testcase classname="testCases.Tree_TestCase" name="EmptyTryeditorBT" time="4.337">
    <skipped/>
  </testcase> <!-- EmptyTryeditorBT -->
  <testcase classname="testCases.Tree_TestCase" name="EmptyTryeditorTypesofTrees" time="3.787">
    <failure message="Alert is not present" type="java.lang.AssertionError">
      <![CDATA[java.lang.AssertionError: Alert is not present
at org.testng.Assert.fail(Assert.java:111)
at testCases.Tree_TestCase.EmptyTryeditorTypesofTrees(Tree_TestCase.java:289)
at java.base/jdk.internal.reflect.DirectMethodHandleAccessor.invoke(DirectMethodHandleAccessor.java:103)
at java.base/java.lang.reflect.Method.invoke(Method.java:580)
at org.testng.internal.invokers.MethodInvocationHelper.invokeMethod(MethodInvocationHelper.java:141)
at org.testng.internal.invokers.TestInvoker.invokeMethod(TestInvoker.java:686)
at org.testng.internal.invokers.TestInvoker.retryFailed(TestInvoker.java:269)
at org.testng.internal.invokers.MethodRunner.runInSequence(MethodRunner.java:76)
at org.testng.internal.invokers.TestInvoker$MethodInvocationAgent.invoke(TestInvoker.java:992)
at org.testng.internal.invokers.TestInvoker.invokeTestMethods(TestInvoker.java:203)
at org.testng.internal.invokers.TestMethodWorker.invokeTestMethods(TestMethodWorker.java:154)
at org.testng.internal.invokers.TestMethodWorker.run(TestMethodWorker.java:134)
at java.base/java.util.concurrent.Executors$RunnableAdapter.call(Executors.java:572)
at java.base/java.util.concurrent.FutureTask.run(FutureTask.java:317)
at org.testng.internal.thread.graph.TestNGFutureTask.run(TestNGFutureTask.java:22)
at java.base/java.util.concurrent.ThreadPoolExecutor.runWorker(ThreadPoolExecutor.java:1144)
at java.base/java.util.concurrent.ThreadPoolExecutor$Worker.run(ThreadPoolExecutor.java:642)
at java.base/java.lang.Thread.run(Thread.java:1583)
]]>
    </failure>
    <system-out>
      <![CDATA[Screenshot saved at: C:\Users\madhu\OneDrive\Desktop\SDET\AS_TestNG\.\screenshots\EmptyTryeditorTypesofTrees.png
<a href='C:\Users\madhu\OneDrive\Desktop\SDET\AS_TestNG\screenshots\EmptyTryeditorTypesofTrees.png'> <img src='C:\Users\madhu\OneDrive\Desktop\SDET\AS_TestNG\screenshots\EmptyTryeditorTypesofTrees.png' height='100' width='100'/> </a>]]>
    </system-out>
  </testcase> <!-- EmptyTryeditorTypesofTrees -->
  <testcase classname="testCases.Tree_TestCase" name="InvalidTryHereFunctionalityTerm" time="4.800"/>
  <testcase classname="testCases.Tree_TestCase" name="EmptyTryeditorBT" time="4.387">
    <failure message="Alert is not present" type="java.lang.AssertionError">
      <![CDATA[java.lang.AssertionError: Alert is not present
at org.testng.Assert.fail(Assert.java:111)
at testCases.Tree_TestCase.EmptyTryeditorBT(Tree_TestCase.java:529)
at java.base/jdk.internal.reflect.DirectMethodHandleAccessor.invoke(DirectMethodHandleAccessor.java:103)
at java.base/java.lang.reflect.Method.invoke(Method.java:580)
at org.testng.internal.invokers.MethodInvocationHelper.invokeMethod(MethodInvocationHelper.java:141)
at org.testng.internal.invokers.TestInvoker.invokeMethod(TestInvoker.java:686)
at org.testng.internal.invokers.TestInvoker.retryFailed(TestInvoker.java:269)
at org.testng.internal.invokers.MethodRunner.runInSequence(MethodRunner.java:76)
at org.testng.internal.invokers.TestInvoker$MethodInvocationAgent.invoke(TestInvoker.java:992)
at org.testng.internal.invokers.TestInvoker.invokeTestMethods(TestInvoker.java:203)
at org.testng.internal.invokers.TestMethodWorker.invokeTestMethods(TestMethodWorker.java:154)
at org.testng.internal.invokers.TestMethodWorker.run(TestMethodWorker.java:134)
at java.base/java.util.concurrent.Executors$RunnableAdapter.call(Executors.java:572)
at java.base/java.util.concurrent.FutureTask.run(FutureTask.java:317)
at org.testng.internal.thread.graph.TestNGFutureTask.run(TestNGFutureTask.java:22)
at java.base/java.util.concurrent.ThreadPoolExecutor.runWorker(ThreadPoolExecutor.java:1144)
at java.base/java.util.concurrent.ThreadPoolExecutor$Worker.run(ThreadPoolExecutor.java:642)
at java.base/java.lang.Thread.run(Thread.java:1583)
]]>
    </failure>
    <system-out>
      <![CDATA[Screenshot saved at: C:\Users\madhu\OneDrive\Desktop\SDET\AS_TestNG\.\screenshots\EmptyTryeditorBT.png
<a href='C:\Users\madhu\OneDrive\Desktop\SDET\AS_TestNG\screenshots\EmptyTryeditorBT.png'> <img src='C:\Users\madhu\OneDrive\Desktop\SDET\AS_TestNG\screenshots\EmptyTryeditorBT.png' height='100' width='100'/> </a>]]>
    </system-out>
  </testcase> <!-- EmptyTryeditorBT -->
  <testcase classname="testCases.Tree_TestCase" name="IBT" time="3.747"/>
  <testcase classname="testCases.Tree_TestCase" name="EmptyTryeditorABT" time="4.971">
    <skipped/>
  </testcase> <!-- EmptyTryeditorABT -->
  <testcase classname="testCases.Tree_TestCase" name="NavtoTryherepgIBST" time="6.590"/>
  <testcase classname="testCases.Tree_TestCase" name="EmptyTryeditorOverview" time="5.121">
    <failure message="Alert is not present" type="java.lang.AssertionError">
      <![CDATA[java.lang.AssertionError: Alert is not present
at org.testng.Assert.fail(Assert.java:111)
at testCases.Tree_TestCase.EmptyTryeditorOverview(Tree_TestCase.java:127)
at java.base/jdk.internal.reflect.DirectMethodHandleAccessor.invoke(DirectMethodHandleAccessor.java:103)
at java.base/java.lang.reflect.Method.invoke(Method.java:580)
at org.testng.internal.invokers.MethodInvocationHelper.invokeMethod(MethodInvocationHelper.java:141)
at org.testng.internal.invokers.TestInvoker.invokeMethod(TestInvoker.java:686)
at org.testng.internal.invokers.TestInvoker.retryFailed(TestInvoker.java:269)
at org.testng.internal.invokers.MethodRunner.runInSequence(MethodRunner.java:76)
at org.testng.internal.invokers.TestInvoker$MethodInvocationAgent.invoke(TestInvoker.java:992)
at org.testng.internal.invokers.TestInvoker.invokeTestMethods(TestInvoker.java:203)
at org.testng.internal.invokers.TestMethodWorker.invokeTestMethods(TestMethodWorker.java:154)
at org.testng.internal.invokers.TestMethodWorker.run(TestMethodWorker.java:134)
at java.base/java.util.concurrent.Executors$RunnableAdapter.call(Executors.java:572)
at java.base/java.util.concurrent.FutureTask.run(FutureTask.java:317)
at org.testng.internal.thread.graph.TestNGFutureTask.run(TestNGFutureTask.java:22)
at java.base/java.util.concurrent.ThreadPoolExecutor.runWorker(ThreadPoolExecutor.java:1144)
at java.base/java.util.concurrent.ThreadPoolExecutor$Worker.run(ThreadPoolExecutor.java:642)
at java.base/java.lang.Thread.run(Thread.java:1583)
]]>
    </failure>
    <system-out>
      <![CDATA[Screenshot saved at: C:\Users\madhu\OneDrive\Desktop\SDET\AS_TestNG\.\screenshots\EmptyTryeditorOverview.png
<a href='C:\Users\madhu\OneDrive\Desktop\SDET\AS_TestNG\screenshots\EmptyTryeditorOverview.png'> <img src='C:\Users\madhu\OneDrive\Desktop\SDET\AS_TestNG\screenshots\EmptyTryeditorOverview.png' height='100' width='100'/> </a>]]>
    </system-out>
  </testcase> <!-- EmptyTryeditorOverview -->
  <testcase classname="testCases.Tree_TestCase" name="InvalidTryHereFunctionalityTYpesofTrees" time="4.257"/>
  <testcase classname="testCases.Tree_TestCase" name="EmptyTryeditorBT" time="4.740">
    <skipped/>
  </testcase> <!-- EmptyTryeditorBT -->
  <testcase classname="testCases.Tree_TestCase" name="InvalidTryHereFunctionalityIBST" time="6.247"/>
  <testcase classname="testCases.Tree_TestCase" name="EmptyTryeditorIBT" time="3.724">
    <skipped/>
  </testcase> <!-- EmptyTryeditorIBT -->
  <testcase classname="testCases.Tree_TestCase" name="ValidTryHereFunctionalityTypesoftrees" time="6.117"/>
  <testcase classname="testCases.Tree_TestCase" name="EmptyTryeditorIBST" time="3.833">
    <skipped/>
  </testcase> <!-- EmptyTryeditorIBST -->
  <testcase classname="testCases.Tree_TestCase" name="EmptyTryeditorTravelsIllus" time="7.004">
    <skipped/>
  </testcase> <!-- EmptyTryeditorTravelsIllus -->
  <testcase classname="testCases.Tree_TestCase" name="NavtoTryherepgImpinBT" time="3.777"/>
  <testcase classname="testCases.Tree_TestCase" name="EmptyTryeditorImpinBT" time="5.970">
    <failure message="Alert is not present" type="java.lang.AssertionError">
      <![CDATA[java.lang.AssertionError: Alert is not present
at org.testng.Assert.fail(Assert.java:111)
at testCases.Tree_TestCase.EmptyTryeditorImpinBT(Tree_TestCase.java:687)
at java.base/jdk.internal.reflect.DirectMethodHandleAccessor.invoke(DirectMethodHandleAccessor.java:103)
at java.base/java.lang.reflect.Method.invoke(Method.java:580)
at org.testng.internal.invokers.MethodInvocationHelper.invokeMethod(MethodInvocationHelper.java:141)
at org.testng.internal.invokers.TestInvoker.invokeMethod(TestInvoker.java:686)
at org.testng.internal.invokers.TestInvoker.retryFailed(TestInvoker.java:269)
at org.testng.internal.invokers.MethodRunner.runInSequence(MethodRunner.java:76)
at org.testng.internal.invokers.TestInvoker$MethodInvocationAgent.invoke(TestInvoker.java:992)
at org.testng.internal.invokers.TestInvoker.invokeTestMethods(TestInvoker.java:203)
at org.testng.internal.invokers.TestMethodWorker.invokeTestMethods(TestMethodWorker.java:154)
at org.testng.internal.invokers.TestMethodWorker.run(TestMethodWorker.java:134)
at java.base/java.util.concurrent.Executors$RunnableAdapter.call(Executors.java:572)
at java.base/java.util.concurrent.FutureTask.run(FutureTask.java:317)
at org.testng.internal.thread.graph.TestNGFutureTask.run(TestNGFutureTask.java:22)
at java.base/java.util.concurrent.ThreadPoolExecutor.runWorker(ThreadPoolExecutor.java:1144)
at java.base/java.util.concurrent.ThreadPoolExecutor$Worker.run(ThreadPoolExecutor.java:642)
at java.base/java.lang.Thread.run(Thread.java:1583)
]]>
    </failure>
    <system-out>
      <![CDATA[Screenshot saved at: C:\Users\madhu\OneDrive\Desktop\SDET\AS_TestNG\.\screenshots\EmptyTryeditorImpinBT.png
<a href='C:\Users\madhu\OneDrive\Desktop\SDET\AS_TestNG\screenshots\EmptyTryeditorImpinBT.png'> <img src='C:\Users\madhu\OneDrive\Desktop\SDET\AS_TestNG\screenshots\EmptyTryeditorImpinBT.png' height='100' width='100'/> </a>]]>
    </system-out>
  </testcase> <!-- EmptyTryeditorImpinBT -->
  <testcase classname="testCases.Tree_TestCase" name="ImpinBT" time="3.282"/>
  <testcase classname="testCases.Tree_TestCase" name="InvalidTryHereFunctionalityBT" time="3.309"/>
  <testcase classname="testCases.Tree_TestCase" name="EmptyTryeditorIBT" time="3.762">
    <skipped/>
  </testcase> <!-- EmptyTryeditorIBT -->
  <testcase classname="testCases.Tree_TestCase" name="EmptyTryeditorIBST" time="3.574">
    <skipped/>
  </testcase> <!-- EmptyTryeditorIBST -->
  <testcase classname="testCases.Tree_TestCase" name="InvalidTryHereFunctionalityTraversalsIllus" time="3.966"/>
  <testcase classname="testCases.Tree_TestCase" name="NavtoTryherepgABT" time="3.816"/>
  <testcase classname="testCases.Tree_TestCase" name="ValidTryHereFunctionalityABT" time="4.425"/>
  <testcase classname="testCases.Tree_TestCase" name="InvalidTryHereFunctionalityBST" time="4.578"/>
  <testcase classname="testCases.Tree_TestCase" name="EmptyTryeditorTypesofBT" time="4.013">
    <failure message="Alert is not present" type="java.lang.AssertionError">
      <![CDATA[java.lang.AssertionError: Alert is not present
at org.testng.Assert.fail(Assert.java:111)
at testCases.Tree_TestCase.EmptyTryeditorTypesofBT(Tree_TestCase.java:607)
at java.base/jdk.internal.reflect.DirectMethodHandleAccessor.invoke(DirectMethodHandleAccessor.java:103)
at java.base/java.lang.reflect.Method.invoke(Method.java:580)
at org.testng.internal.invokers.MethodInvocationHelper.invokeMethod(MethodInvocationHelper.java:141)
at org.testng.internal.invokers.TestInvoker.invokeMethod(TestInvoker.java:686)
at org.testng.internal.invokers.TestInvoker.retryFailed(TestInvoker.java:269)
at org.testng.internal.invokers.MethodRunner.runInSequence(MethodRunner.java:76)
at org.testng.internal.invokers.TestInvoker$MethodInvocationAgent.invoke(TestInvoker.java:992)
at org.testng.internal.invokers.TestInvoker.invokeTestMethods(TestInvoker.java:203)
at org.testng.internal.invokers.TestMethodWorker.invokeTestMethods(TestMethodWorker.java:154)
at org.testng.internal.invokers.TestMethodWorker.run(TestMethodWorker.java:134)
at java.base/java.util.concurrent.Executors$RunnableAdapter.call(Executors.java:572)
at java.base/java.util.concurrent.FutureTask.run(FutureTask.java:317)
at org.testng.internal.thread.graph.TestNGFutureTask.run(TestNGFutureTask.java:22)
at java.base/java.util.concurrent.ThreadPoolExecutor.runWorker(ThreadPoolExecutor.java:1144)
at java.base/java.util.concurrent.ThreadPoolExecutor$Worker.run(ThreadPoolExecutor.java:642)
at java.base/java.lang.Thread.run(Thread.java:1583)
]]>
    </failure>
    <system-out>
      <![CDATA[Screenshot saved at: C:\Users\madhu\OneDrive\Desktop\SDET\AS_TestNG\.\screenshots\EmptyTryeditorTypesofBT.png
<a href='C:\Users\madhu\OneDrive\Desktop\SDET\AS_TestNG\screenshots\EmptyTryeditorTypesofBT.png'> <img src='C:\Users\madhu\OneDrive\Desktop\SDET\AS_TestNG\screenshots\EmptyTryeditorTypesofBT.png' height='100' width='100'/> </a>]]>
    </system-out>
  </testcase> <!-- EmptyTryeditorTypesofBT -->
  <testcase classname="testCases.Tree_TestCase" name="NavtoOverviewofTrees" time="4.346"/>
  <testcase classname="testCases.Tree_TestCase" name="ValidTryHereFunctionalityBST" time="4.784"/>
  <testcase classname="testCases.Tree_TestCase" name="NavtoTryherepgTermimology" time="4.598"/>
  <testcase classname="testCases.Tree_TestCase" name="InvalidTryHereFunctionalityBST" time="4.653"/>
  <testcase classname="testCases.Tree_TestCase" name="InvalidTryHereFunctionalityBT" time="4.419"/>
  <testcase classname="testCases.Tree_TestCase" name="NavtoTryherepgTermimology" time="4.585"/>
  <testcase classname="testCases.Tree_TestCase" name="EmptyTryeditorBinTreeTrav" time="4.552">
    <skipped/>
  </testcase> <!-- EmptyTryeditorBinTreeTrav -->
  <testcase classname="testCases.Tree_TestCase" name="BinTreeTrav" time="3.937"/>
  <testcase classname="testCases.Tree_TestCase" name="ABT" time="5.527"/>
  <testcase classname="testCases.Tree_TestCase" name="TypesofBT" time="3.022"/>
  <testcase classname="testCases.Tree_TestCase" name="InvalidTryHereFunctionalityIBT" time="4.904"/>
  <testcase classname="testCases.Tree_TestCase" name="EmptyTryeditorBST" time="6.049">
    <skipped/>
  </testcase> <!-- EmptyTryeditorBST -->
  <testcase classname="testCases.Tree_TestCase" name="NavtoTryherepgABT" time="5.277"/>
  <testcase classname="testCases.Tree_TestCase" name="EmptyTryeditorTypesofBT" time="3.892">
    <skipped/>
  </testcase> <!-- EmptyTryeditorTypesofBT -->
  <testcase classname="testCases.Tree_TestCase" name="EmptyTryeditorTreeTraversals" time="4.385">
    <skipped/>
  </testcase> <!-- EmptyTryeditorTreeTraversals -->
  <testcase classname="testCases.Tree_TestCase" name="InvalidTryHereFunctionalityTYpesofTrees" time="4.219"/>
  <testcase classname="testCases.Tree_TestCase" name="EmptyTryeditorIBT" time="5.275">
    <skipped/>
  </testcase> <!-- EmptyTryeditorIBT -->
  <testcase classname="testCases.Tree_TestCase" name="EmptyTryeditorIBST" time="5.079">
    <failure message="Alert is not present" type="java.lang.AssertionError">
      <![CDATA[java.lang.AssertionError: Alert is not present
at org.testng.Assert.fail(Assert.java:111)
at testCases.Tree_TestCase.EmptyTryeditorIBST(Tree_TestCase.java:1085)
at java.base/jdk.internal.reflect.DirectMethodHandleAccessor.invoke(DirectMethodHandleAccessor.java:103)
at java.base/java.lang.reflect.Method.invoke(Method.java:580)
at org.testng.internal.invokers.MethodInvocationHelper.invokeMethod(MethodInvocationHelper.java:141)
at org.testng.internal.invokers.TestInvoker.invokeMethod(TestInvoker.java:686)
at org.testng.internal.invokers.TestInvoker.retryFailed(TestInvoker.java:269)
at org.testng.internal.invokers.MethodRunner.runInSequence(MethodRunner.java:76)
at org.testng.internal.invokers.TestInvoker$MethodInvocationAgent.invoke(TestInvoker.java:992)
at org.testng.internal.invokers.TestInvoker.invokeTestMethods(TestInvoker.java:203)
at org.testng.internal.invokers.TestMethodWorker.invokeTestMethods(TestMethodWorker.java:154)
at org.testng.internal.invokers.TestMethodWorker.run(TestMethodWorker.java:134)
at java.base/java.util.concurrent.Executors$RunnableAdapter.call(Executors.java:572)
at java.base/java.util.concurrent.FutureTask.run(FutureTask.java:317)
at org.testng.internal.thread.graph.TestNGFutureTask.run(TestNGFutureTask.java:22)
at java.base/java.util.concurrent.ThreadPoolExecutor.runWorker(ThreadPoolExecutor.java:1144)
at java.base/java.util.concurrent.ThreadPoolExecutor$Worker.run(ThreadPoolExecutor.java:642)
at java.base/java.lang.Thread.run(Thread.java:1583)
]]>
    </failure>
    <system-out>
      <![CDATA[Screenshot saved at: C:\Users\madhu\OneDrive\Desktop\SDET\AS_TestNG\.\screenshots\EmptyTryeditorIBST.png
<a href='C:\Users\madhu\OneDrive\Desktop\SDET\AS_TestNG\screenshots\EmptyTryeditorIBST.png'> <img src='C:\Users\madhu\OneDrive\Desktop\SDET\AS_TestNG\screenshots\EmptyTryeditorIBST.png' height='100' width='100'/> </a>]]>
    </system-out>
  </testcase> <!-- EmptyTryeditorIBST -->
  <testcase classname="testCases.Tree_TestCase" name="NavtoTryherepgBinTreeTrav" time="3.755"/>
  <testcase classname="testCases.Tree_TestCase" name="InvalidTryHereFunctionalityIBT" time="4.074"/>
  <testcase classname="testCases.Tree_TestCase" name="TypesofTrees" time="2.954"/>
  <testcase classname="testCases.Tree_TestCase" name="InvalidTryHereFunctionalityIBT" time="5.880"/>
  <testcase classname="testCases.Tree_TestCase" name="LogOut" time="3.041"/>
  <testcase classname="testCases.Tree_TestCase" name="TreeTraversals" time="7.429"/>
  <testcase classname="testCases.Tree_TestCase" name="EmptyTryeditorIBST" time="3.627">
    <failure message="Alert is not present" type="java.lang.AssertionError">
      <![CDATA[java.lang.AssertionError: Alert is not present
at org.testng.Assert.fail(Assert.java:111)
at testCases.Tree_TestCase.EmptyTryeditorIBST(Tree_TestCase.java:1085)
at java.base/jdk.internal.reflect.DirectMethodHandleAccessor.invoke(DirectMethodHandleAccessor.java:103)
at java.base/java.lang.reflect.Method.invoke(Method.java:580)
at org.testng.internal.invokers.MethodInvocationHelper.invokeMethod(MethodInvocationHelper.java:141)
at org.testng.internal.invokers.TestInvoker.invokeMethod(TestInvoker.java:686)
at org.testng.internal.invokers.TestInvoker.retryFailed(TestInvoker.java:269)
at org.testng.internal.invokers.MethodRunner.runInSequence(MethodRunner.java:76)
at org.testng.internal.invokers.TestInvoker$MethodInvocationAgent.invoke(TestInvoker.java:992)
at org.testng.internal.invokers.TestInvoker.invokeTestMethods(TestInvoker.java:203)
at org.testng.internal.invokers.TestMethodWorker.invokeTestMethods(TestMethodWorker.java:154)
at org.testng.internal.invokers.TestMethodWorker.run(TestMethodWorker.java:134)
at java.base/java.util.concurrent.Executors$RunnableAdapter.call(Executors.java:572)
at java.base/java.util.concurrent.FutureTask.run(FutureTask.java:317)
at org.testng.internal.thread.graph.TestNGFutureTask.run(TestNGFutureTask.java:22)
at java.base/java.util.concurrent.ThreadPoolExecutor.runWorker(ThreadPoolExecutor.java:1144)
at java.base/java.util.concurrent.ThreadPoolExecutor$Worker.run(ThreadPoolExecutor.java:642)
at java.base/java.lang.Thread.run(Thread.java:1583)
]]>
    </failure>
    <system-out>
      <![CDATA[Screenshot saved at: C:\Users\madhu\OneDrive\Desktop\SDET\AS_TestNG\.\screenshots\EmptyTryeditorIBST.png
<a href='C:\Users\madhu\OneDrive\Desktop\SDET\AS_TestNG\screenshots\EmptyTryeditorIBST.png'> <img src='C:\Users\madhu\OneDrive\Desktop\SDET\AS_TestNG\screenshots\EmptyTryeditorIBST.png' height='100' width='100'/> </a>]]>
    </system-out>
  </testcase> <!-- EmptyTryeditorIBST -->
  <testcase classname="testCases.Tree_TestCase" name="InvalidTryHereFunctionalityTreeTraversals" time="4.051"/>
  <testcase classname="testCases.Tree_TestCase" name="TravelsIllus" time="3.909"/>
  <testcase classname="testCases.Tree_TestCase" name="NavtoTryherepgTypesofTrees" time="4.126"/>
  <testcase classname="testCases.Tree_TestCase" name="EmptyTryeditorABT" time="5.362">
    <failure message="Alert is not present" type="java.lang.AssertionError">
      <![CDATA[java.lang.AssertionError: Alert is not present
at org.testng.Assert.fail(Assert.java:111)
at testCases.Tree_TestCase.EmptyTryeditorABT(Tree_TestCase.java:922)
at java.base/jdk.internal.reflect.DirectMethodHandleAccessor.invoke(DirectMethodHandleAccessor.java:103)
at java.base/java.lang.reflect.Method.invoke(Method.java:580)
at org.testng.internal.invokers.MethodInvocationHelper.invokeMethod(MethodInvocationHelper.java:141)
at org.testng.internal.invokers.TestInvoker.invokeMethod(TestInvoker.java:686)
at org.testng.internal.invokers.TestInvoker.retryFailed(TestInvoker.java:269)
at org.testng.internal.invokers.MethodRunner.runInSequence(MethodRunner.java:76)
at org.testng.internal.invokers.TestInvoker$MethodInvocationAgent.invoke(TestInvoker.java:992)
at org.testng.internal.invokers.TestInvoker.invokeTestMethods(TestInvoker.java:203)
at org.testng.internal.invokers.TestMethodWorker.invokeTestMethods(TestMethodWorker.java:154)
at org.testng.internal.invokers.TestMethodWorker.run(TestMethodWorker.java:134)
at java.base/java.util.concurrent.Executors$RunnableAdapter.call(Executors.java:572)
at java.base/java.util.concurrent.FutureTask.run(FutureTask.java:317)
at org.testng.internal.thread.graph.TestNGFutureTask.run(TestNGFutureTask.java:22)
at java.base/java.util.concurrent.ThreadPoolExecutor.runWorker(ThreadPoolExecutor.java:1144)
at java.base/java.util.concurrent.ThreadPoolExecutor$Worker.run(ThreadPoolExecutor.java:642)
at java.base/java.lang.Thread.run(Thread.java:1583)
]]>
    </failure>
    <system-out>
      <![CDATA[Screenshot saved at: C:\Users\madhu\OneDrive\Desktop\SDET\AS_TestNG\.\screenshots\EmptyTryeditorABT.png
<a href='C:\Users\madhu\OneDrive\Desktop\SDET\AS_TestNG\screenshots\EmptyTryeditorABT.png'> <img src='C:\Users\madhu\OneDrive\Desktop\SDET\AS_TestNG\screenshots\EmptyTryeditorABT.png' height='100' width='100'/> </a>]]>
    </system-out>
  </testcase> <!-- EmptyTryeditorABT -->
  <testcase classname="testCases.Tree_TestCase" name="EmptyTryeditorOverview" time="5.843">
    <skipped/>
  </testcase> <!-- EmptyTryeditorOverview -->
  <testcase classname="testCases.Tree_TestCase" name="ValidTryHereFunctionalityBST" time="4.202"/>
  <testcase classname="testCases.Tree_TestCase" name="EmptyTryeditorImpinBT" time="5.551">
    <skipped/>
  </testcase> <!-- EmptyTryeditorImpinBT -->
  <testcase classname="testCases.Tree_TestCase" name="BST" time="4.349"/>
  <testcase classname="testCases.Tree_TestCase" name="EmptyTryeditorIBT" time="4.115">
    <failure message="Alert is not present" type="java.lang.AssertionError">
      <![CDATA[java.lang.AssertionError: Alert is not present
at org.testng.Assert.fail(Assert.java:111)
at testCases.Tree_TestCase.EmptyTryeditorIBT(Tree_TestCase.java:844)
at java.base/jdk.internal.reflect.DirectMethodHandleAccessor.invoke(DirectMethodHandleAccessor.java:103)
at java.base/java.lang.reflect.Method.invoke(Method.java:580)
at org.testng.internal.invokers.MethodInvocationHelper.invokeMethod(MethodInvocationHelper.java:141)
at org.testng.internal.invokers.TestInvoker.invokeMethod(TestInvoker.java:686)
at org.testng.internal.invokers.TestInvoker.retryFailed(TestInvoker.java:269)
at org.testng.internal.invokers.MethodRunner.runInSequence(MethodRunner.java:76)
at org.testng.internal.invokers.TestInvoker$MethodInvocationAgent.invoke(TestInvoker.java:992)
at org.testng.internal.invokers.TestInvoker.invokeTestMethods(TestInvoker.java:203)
at org.testng.internal.invokers.TestMethodWorker.invokeTestMethods(TestMethodWorker.java:154)
at org.testng.internal.invokers.TestMethodWorker.run(TestMethodWorker.java:134)
at java.base/java.util.concurrent.Executors$RunnableAdapter.call(Executors.java:572)
at java.base/java.util.concurrent.FutureTask.run(FutureTask.java:317)
at org.testng.internal.thread.graph.TestNGFutureTask.run(TestNGFutureTask.java:22)
at java.base/java.util.concurrent.ThreadPoolExecutor.runWorker(ThreadPoolExecutor.java:1144)
at java.base/java.util.concurrent.ThreadPoolExecutor$Worker.run(ThreadPoolExecutor.java:642)
at java.base/java.lang.Thread.run(Thread.java:1583)
]]>
    </failure>
    <system-out>
      <![CDATA[Screenshot saved at: C:\Users\madhu\OneDrive\Desktop\SDET\AS_TestNG\.\screenshots\EmptyTryeditorIBT.png
<a href='C:\Users\madhu\OneDrive\Desktop\SDET\AS_TestNG\screenshots\EmptyTryeditorIBT.png'> <img src='C:\Users\madhu\OneDrive\Desktop\SDET\AS_TestNG\screenshots\EmptyTryeditorIBT.png' height='100' width='100'/> </a>]]>
    </system-out>
  </testcase> <!-- EmptyTryeditorIBT -->
  <testcase classname="testCases.Tree_TestCase" name="EmptyTryeditorTypesofBT" time="4.180">
    <skipped/>
  </testcase> <!-- EmptyTryeditorTypesofBT -->
  <testcase classname="testCases.Tree_TestCase" name="EmptyTryeditorImpinBT" time="4.105">
    <failure message="Alert is not present" type="java.lang.AssertionError">
      <![CDATA[java.lang.AssertionError: Alert is not present
at org.testng.Assert.fail(Assert.java:111)
at testCases.Tree_TestCase.EmptyTryeditorImpinBT(Tree_TestCase.java:687)
at java.base/jdk.internal.reflect.DirectMethodHandleAccessor.invoke(DirectMethodHandleAccessor.java:103)
at java.base/java.lang.reflect.Method.invoke(Method.java:580)
at org.testng.internal.invokers.MethodInvocationHelper.invokeMethod(MethodInvocationHelper.java:141)
at org.testng.internal.invokers.TestInvoker.invokeMethod(TestInvoker.java:686)
at org.testng.internal.invokers.TestInvoker.retryFailed(TestInvoker.java:269)
at org.testng.internal.invokers.MethodRunner.runInSequence(MethodRunner.java:76)
at org.testng.internal.invokers.TestInvoker$MethodInvocationAgent.invoke(TestInvoker.java:992)
at org.testng.internal.invokers.TestInvoker.invokeTestMethods(TestInvoker.java:203)
at org.testng.internal.invokers.TestMethodWorker.invokeTestMethods(TestMethodWorker.java:154)
at org.testng.internal.invokers.TestMethodWorker.run(TestMethodWorker.java:134)
at java.base/java.util.concurrent.Executors$RunnableAdapter.call(Executors.java:572)
at java.base/java.util.concurrent.FutureTask.run(FutureTask.java:317)
at org.testng.internal.thread.graph.TestNGFutureTask.run(TestNGFutureTask.java:22)
at java.base/java.util.concurrent.ThreadPoolExecutor.runWorker(ThreadPoolExecutor.java:1144)
at java.base/java.util.concurrent.ThreadPoolExecutor$Worker.run(ThreadPoolExecutor.java:642)
at java.base/java.lang.Thread.run(Thread.java:1583)
]]>
    </failure>
    <system-out>
      <![CDATA[Screenshot saved at: C:\Users\madhu\OneDrive\Desktop\SDET\AS_TestNG\.\screenshots\EmptyTryeditorImpinBT.png
<a href='C:\Users\madhu\OneDrive\Desktop\SDET\AS_TestNG\screenshots\EmptyTryeditorImpinBT.png'> <img src='C:\Users\madhu\OneDrive\Desktop\SDET\AS_TestNG\screenshots\EmptyTryeditorImpinBT.png' height='100' width='100'/> </a>]]>
    </system-out>
  </testcase> <!-- EmptyTryeditorImpinBT -->
  <testcase classname="testCases.Tree_TestCase" name="ValidTryHereFunctionalityIBT" time="4.612"/>
  <testcase classname="testCases.Tree_TestCase" name="InvalidTryHereFunctionalityABT" time="4.187"/>
  <testcase classname="testCases.Tree_TestCase" name="NavtoTryherepgTreeTraversals" time="3.656"/>
  <testcase classname="testCases.Tree_TestCase" name="InvalidTryHereFunctionalityTraversalsIllus" time="4.120"/>
  <testcase classname="testCases.Tree_TestCase" name="EmptyTryeditorTypesofBT" time="8.677">
    <skipped/>
  </testcase> <!-- EmptyTryeditorTypesofBT -->
  <testcase classname="testCases.Tree_TestCase" name="EmptyTryeditorBinTreeTrav" time="4.806">
    <skipped/>
  </testcase> <!-- EmptyTryeditorBinTreeTrav -->
  <testcase classname="testCases.Tree_TestCase" name="EmptyTryeditorTravelsIllus" time="4.964">
    <skipped/>
  </testcase> <!-- EmptyTryeditorTravelsIllus -->
  <testcase classname="testCases.Tree_TestCase" name="EmptyTryeditorTypesofTrees" time="3.595">
    <skipped/>
  </testcase> <!-- EmptyTryeditorTypesofTrees -->
  <testcase classname="testCases.Tree_TestCase" name="EmptyTryeditorABT" time="5.397">
    <skipped/>
  </testcase> <!-- EmptyTryeditorABT -->
  <testcase classname="testCases.Tree_TestCase" name="InvalidTryHereFunctionalityTYpesofTrees" time="4.150"/>
  <testcase classname="testCases.Tree_TestCase" name="EmptyTryeditorTerminologies" time="9.837">
    <failure message="Alert is not present" type="java.lang.AssertionError">
      <![CDATA[java.lang.AssertionError: Alert is not present
at org.testng.Assert.fail(Assert.java:111)
at testCases.Tree_TestCase.EmptyTryeditorTerminologies(Tree_TestCase.java:210)
at java.base/jdk.internal.reflect.DirectMethodHandleAccessor.invoke(DirectMethodHandleAccessor.java:103)
at java.base/java.lang.reflect.Method.invoke(Method.java:580)
at org.testng.internal.invokers.MethodInvocationHelper.invokeMethod(MethodInvocationHelper.java:141)
at org.testng.internal.invokers.TestInvoker.invokeMethod(TestInvoker.java:686)
at org.testng.internal.invokers.TestInvoker.retryFailed(TestInvoker.java:269)
at org.testng.internal.invokers.MethodRunner.runInSequence(MethodRunner.java:76)
at org.testng.internal.invokers.TestInvoker$MethodInvocationAgent.invoke(TestInvoker.java:992)
at org.testng.internal.invokers.TestInvoker.invokeTestMethods(TestInvoker.java:203)
at org.testng.internal.invokers.TestMethodWorker.invokeTestMethods(TestMethodWorker.java:154)
at org.testng.internal.invokers.TestMethodWorker.run(TestMethodWorker.java:134)
at java.base/java.util.concurrent.Executors$RunnableAdapter.call(Executors.java:572)
at java.base/java.util.concurrent.FutureTask.run(FutureTask.java:317)
at org.testng.internal.thread.graph.TestNGFutureTask.run(TestNGFutureTask.java:22)
at java.base/java.util.concurrent.ThreadPoolExecutor.runWorker(ThreadPoolExecutor.java:1144)
at java.base/java.util.concurrent.ThreadPoolExecutor$Worker.run(ThreadPoolExecutor.java:642)
at java.base/java.lang.Thread.run(Thread.java:1583)
]]>
    </failure>
    <system-out>
      <![CDATA[Screenshot saved at: C:\Users\madhu\OneDrive\Desktop\SDET\AS_TestNG\.\screenshots\EmptyTryeditorTerminologies.png
<a href='C:\Users\madhu\OneDrive\Desktop\SDET\AS_TestNG\screenshots\EmptyTryeditorTerminologies.png'> <img src='C:\Users\madhu\OneDrive\Desktop\SDET\AS_TestNG\screenshots\EmptyTryeditorTerminologies.png' height='100' width='100'/> </a>]]>
    </system-out>
  </testcase> <!-- EmptyTryeditorTerminologies -->
  <testcase classname="testCases.Tree_TestCase" name="NavtoTryherepgTypesofBT" time="3.866"/>
  <testcase classname="testCases.Tree_TestCase" name="InvalidTryHereFunctionalityOverview" time="4.684"/>
  <testcase classname="testCases.Tree_TestCase" name="EmptyTryeditorIBT" time="4.072">
    <failure message="Alert is not present" type="java.lang.AssertionError">
      <![CDATA[java.lang.AssertionError: Alert is not present
at org.testng.Assert.fail(Assert.java:111)
at testCases.Tree_TestCase.EmptyTryeditorIBT(Tree_TestCase.java:844)
at java.base/jdk.internal.reflect.DirectMethodHandleAccessor.invoke(DirectMethodHandleAccessor.java:103)
at java.base/java.lang.reflect.Method.invoke(Method.java:580)
at org.testng.internal.invokers.MethodInvocationHelper.invokeMethod(MethodInvocationHelper.java:141)
at org.testng.internal.invokers.TestInvoker.invokeMethod(TestInvoker.java:686)
at org.testng.internal.invokers.TestInvoker.retryFailed(TestInvoker.java:269)
at org.testng.internal.invokers.MethodRunner.runInSequence(MethodRunner.java:76)
at org.testng.internal.invokers.TestInvoker$MethodInvocationAgent.invoke(TestInvoker.java:992)
at org.testng.internal.invokers.TestInvoker.invokeTestMethods(TestInvoker.java:203)
at org.testng.internal.invokers.TestMethodWorker.invokeTestMethods(TestMethodWorker.java:154)
at org.testng.internal.invokers.TestMethodWorker.run(TestMethodWorker.java:134)
at java.base/java.util.concurrent.Executors$RunnableAdapter.call(Executors.java:572)
at java.base/java.util.concurrent.FutureTask.run(FutureTask.java:317)
at org.testng.internal.thread.graph.TestNGFutureTask.run(TestNGFutureTask.java:22)
at java.base/java.util.concurrent.ThreadPoolExecutor.runWorker(ThreadPoolExecutor.java:1144)
at java.base/java.util.concurrent.ThreadPoolExecutor$Worker.run(ThreadPoolExecutor.java:642)
at java.base/java.lang.Thread.run(Thread.java:1583)
]]>
    </failure>
    <system-out>
      <![CDATA[Screenshot saved at: C:\Users\madhu\OneDrive\Desktop\SDET\AS_TestNG\.\screenshots\EmptyTryeditorIBT.png
<a href='C:\Users\madhu\OneDrive\Desktop\SDET\AS_TestNG\screenshots\EmptyTryeditorIBT.png'> <img src='C:\Users\madhu\OneDrive\Desktop\SDET\AS_TestNG\screenshots\EmptyTryeditorIBT.png' height='100' width='100'/> </a>]]>
    </system-out>
  </testcase> <!-- EmptyTryeditorIBT -->
  <testcase classname="testCases.Tree_TestCase" name="EmptyTryeditorTreeTraversals" time="4.753">
    <failure message="Alert is not present" type="java.lang.AssertionError">
      <![CDATA[java.lang.AssertionError: Alert is not present
at org.testng.Assert.fail(Assert.java:111)
at testCases.Tree_TestCase.EmptyTryeditorTreeTraversals(Tree_TestCase.java:371)
at java.base/jdk.internal.reflect.DirectMethodHandleAccessor.invoke(DirectMethodHandleAccessor.java:103)
at java.base/java.lang.reflect.Method.invoke(Method.java:580)
at org.testng.internal.invokers.MethodInvocationHelper.invokeMethod(MethodInvocationHelper.java:141)
at org.testng.internal.invokers.TestInvoker.invokeMethod(TestInvoker.java:686)
at org.testng.internal.invokers.TestInvoker.retryFailed(TestInvoker.java:269)
at org.testng.internal.invokers.MethodRunner.runInSequence(MethodRunner.java:76)
at org.testng.internal.invokers.TestInvoker$MethodInvocationAgent.invoke(TestInvoker.java:992)
at org.testng.internal.invokers.TestInvoker.invokeTestMethods(TestInvoker.java:203)
at org.testng.internal.invokers.TestMethodWorker.invokeTestMethods(TestMethodWorker.java:154)
at org.testng.internal.invokers.TestMethodWorker.run(TestMethodWorker.java:134)
at java.base/java.util.concurrent.Executors$RunnableAdapter.call(Executors.java:572)
at java.base/java.util.concurrent.FutureTask.run(FutureTask.java:317)
at org.testng.internal.thread.graph.TestNGFutureTask.run(TestNGFutureTask.java:22)
at java.base/java.util.concurrent.ThreadPoolExecutor.runWorker(ThreadPoolExecutor.java:1144)
at java.base/java.util.concurrent.ThreadPoolExecutor$Worker.run(ThreadPoolExecutor.java:642)
at java.base/java.lang.Thread.run(Thread.java:1583)
]]>
    </failure>
    <system-out>
      <![CDATA[Screenshot saved at: C:\Users\madhu\OneDrive\Desktop\SDET\AS_TestNG\.\screenshots\EmptyTryeditorTreeTraversals.png
<a href='C:\Users\madhu\OneDrive\Desktop\SDET\AS_TestNG\screenshots\EmptyTryeditorTreeTraversals.png'> <img src='C:\Users\madhu\OneDrive\Desktop\SDET\AS_TestNG\screenshots\EmptyTryeditorTreeTraversals.png' height='100' width='100'/> </a>]]>
    </system-out>
  </testcase> <!-- EmptyTryeditorTreeTraversals -->
  <testcase classname="testCases.Tree_TestCase" name="NavtoTryherepgBinTreeTrav" time="4.439"/>
  <testcase classname="testCases.Tree_TestCase" name="NavtoTryherepgBT" time="3.577"/>
  <testcase classname="testCases.Tree_TestCase" name="EmptyTryeditorBT" time="5.484">
    <skipped/>
  </testcase> <!-- EmptyTryeditorBT -->
  <testcase classname="testCases.Tree_TestCase" name="EmptyTryeditorTravelsIllus" time="6.794">
    <skipped/>
  </testcase> <!-- EmptyTryeditorTravelsIllus -->
  <testcase classname="testCases.Tree_TestCase" name="ValidTryHereFunctionalityABT" time="4.814"/>
  <testcase classname="testCases.Tree_TestCase" name="EmptyTryeditorIBT" time="5.170">
    <skipped/>
  </testcase> <!-- EmptyTryeditorIBT -->
  <testcase classname="testCases.Tree_TestCase" name="EmptyTryeditorTreeTraversals" time="3.796">
    <skipped/>
  </testcase> <!-- EmptyTryeditorTreeTraversals -->
  <testcase classname="testCases.Tree_TestCase" name="InvalidTryHereFunctionalityIBT" time="9.109"/>
  <testcase classname="testCases.Tree_TestCase" name="ValidTryHereFunctionalityImpinBT" time="4.382"/>
  <testcase classname="testCases.Tree_TestCase" name="ValidTryHereFunctionalityTraversalsIllus" time="5.279"/>
  <testcase classname="testCases.Tree_TestCase" name="NavtoTryherepgTravelsIllus" time="5.298"/>
  <testcase classname="testCases.Tree_TestCase" name="EmptyTryeditorIBST" time="6.743">
    <skipped/>
  </testcase> <!-- EmptyTryeditorIBST -->
  <testcase classname="testCases.Tree_TestCase" name="EmptyTryeditorTypesofBT" time="5.319">
    <failure message="Alert is not present" type="java.lang.AssertionError">
      <![CDATA[java.lang.AssertionError: Alert is not present
at org.testng.Assert.fail(Assert.java:111)
at testCases.Tree_TestCase.EmptyTryeditorTypesofBT(Tree_TestCase.java:607)
at java.base/jdk.internal.reflect.DirectMethodHandleAccessor.invoke(DirectMethodHandleAccessor.java:103)
at java.base/java.lang.reflect.Method.invoke(Method.java:580)
at org.testng.internal.invokers.MethodInvocationHelper.invokeMethod(MethodInvocationHelper.java:141)
at org.testng.internal.invokers.TestInvoker.invokeMethod(TestInvoker.java:686)
at org.testng.internal.invokers.TestInvoker.retryFailed(TestInvoker.java:269)
at org.testng.internal.invokers.MethodRunner.runInSequence(MethodRunner.java:76)
at org.testng.internal.invokers.TestInvoker$MethodInvocationAgent.invoke(TestInvoker.java:992)
at org.testng.internal.invokers.TestInvoker.invokeTestMethods(TestInvoker.java:203)
at org.testng.internal.invokers.TestMethodWorker.invokeTestMethods(TestMethodWorker.java:154)
at org.testng.internal.invokers.TestMethodWorker.run(TestMethodWorker.java:134)
at java.base/java.util.concurrent.Executors$RunnableAdapter.call(Executors.java:572)
at java.base/java.util.concurrent.FutureTask.run(FutureTask.java:317)
at org.testng.internal.thread.graph.TestNGFutureTask.run(TestNGFutureTask.java:22)
at java.base/java.util.concurrent.ThreadPoolExecutor.runWorker(ThreadPoolExecutor.java:1144)
at java.base/java.util.concurrent.ThreadPoolExecutor$Worker.run(ThreadPoolExecutor.java:642)
at java.base/java.lang.Thread.run(Thread.java:1583)
]]>
    </failure>
    <system-out>
      <![CDATA[Screenshot saved at: C:\Users\madhu\OneDrive\Desktop\SDET\AS_TestNG\.\screenshots\EmptyTryeditorTypesofBT.png
<a href='C:\Users\madhu\OneDrive\Desktop\SDET\AS_TestNG\screenshots\EmptyTryeditorTypesofBT.png'> <img src='C:\Users\madhu\OneDrive\Desktop\SDET\AS_TestNG\screenshots\EmptyTryeditorTypesofBT.png' height='100' width='100'/> </a>]]>
    </system-out>
  </testcase> <!-- EmptyTryeditorTypesofBT -->
  <testcase classname="testCases.Tree_TestCase" name="InvalidTryHereFunctionalityTypesofBT" time="3.758"/>
  <testcase classname="testCases.Tree_TestCase" name="BinTreeTrav" time="4.287"/>
  <testcase classname="testCases.Tree_TestCase" name="NavtoTryherepgBT" time="5.043"/>
  <testcase classname="testCases.Tree_TestCase" name="LogOut" time="3.510"/>
  <testcase classname="testCases.Tree_TestCase" name="InvalidTryHereFunctionalityImpinBT" time="4.124"/>
  <testcase classname="testCases.Tree_TestCase" name="TreeTraversals" time="4.391"/>
  <testcase classname="testCases.Tree_TestCase" name="BST" time="5.632"/>
  <testcase classname="testCases.Tree_TestCase" name="EmptyTryeditorIBST" time="6.142">
    <skipped/>
  </testcase> <!-- EmptyTryeditorIBST -->
  <testcase classname="testCases.Tree_TestCase" name="InvalidTryHereFunctionalityOverview" time="5.020"/>
  <testcase classname="testCases.Tree_TestCase" name="EmptyTryeditorOverview" time="3.561">
    <failure message="Alert is not present" type="java.lang.AssertionError">
      <![CDATA[java.lang.AssertionError: Alert is not present
at org.testng.Assert.fail(Assert.java:111)
at testCases.Tree_TestCase.EmptyTryeditorOverview(Tree_TestCase.java:127)
at java.base/jdk.internal.reflect.DirectMethodHandleAccessor.invoke(DirectMethodHandleAccessor.java:103)
at java.base/java.lang.reflect.Method.invoke(Method.java:580)
at org.testng.internal.invokers.MethodInvocationHelper.invokeMethod(MethodInvocationHelper.java:141)
at org.testng.internal.invokers.TestInvoker.invokeMethod(TestInvoker.java:686)
at org.testng.internal.invokers.TestInvoker.retryFailed(TestInvoker.java:269)
at org.testng.internal.invokers.MethodRunner.runInSequence(MethodRunner.java:76)
at org.testng.internal.invokers.TestInvoker$MethodInvocationAgent.invoke(TestInvoker.java:992)
at org.testng.internal.invokers.TestInvoker.invokeTestMethods(TestInvoker.java:203)
at org.testng.internal.invokers.TestMethodWorker.invokeTestMethods(TestMethodWorker.java:154)
at org.testng.internal.invokers.TestMethodWorker.run(TestMethodWorker.java:134)
at java.base/java.util.concurrent.Executors$RunnableAdapter.call(Executors.java:572)
at java.base/java.util.concurrent.FutureTask.run(FutureTask.java:317)
at org.testng.internal.thread.graph.TestNGFutureTask.run(TestNGFutureTask.java:22)
at java.base/java.util.concurrent.ThreadPoolExecutor.runWorker(ThreadPoolExecutor.java:1144)
at java.base/java.util.concurrent.ThreadPoolExecutor$Worker.run(ThreadPoolExecutor.java:642)
at java.base/java.lang.Thread.run(Thread.java:1583)
]]>
    </failure>
    <system-out>
      <![CDATA[Screenshot saved at: C:\Users\madhu\OneDrive\Desktop\SDET\AS_TestNG\.\screenshots\EmptyTryeditorOverview.png
<a href='C:\Users\madhu\OneDrive\Desktop\SDET\AS_TestNG\screenshots\EmptyTryeditorOverview.png'> <img src='C:\Users\madhu\OneDrive\Desktop\SDET\AS_TestNG\screenshots\EmptyTryeditorOverview.png' height='100' width='100'/> </a>]]>
    </system-out>
  </testcase> <!-- EmptyTryeditorOverview -->
  <testcase classname="testCases.Tree_TestCase" name="EmptyTryeditorBST" time="4.857">
    <failure message="Alert is not present" type="java.lang.AssertionError">
      <![CDATA[java.lang.AssertionError: Alert is not present
at org.testng.Assert.fail(Assert.java:111)
at testCases.Tree_TestCase.EmptyTryeditorBST(Tree_TestCase.java:1004)
at java.base/jdk.internal.reflect.DirectMethodHandleAccessor.invoke(DirectMethodHandleAccessor.java:103)
at java.base/java.lang.reflect.Method.invoke(Method.java:580)
at org.testng.internal.invokers.MethodInvocationHelper.invokeMethod(MethodInvocationHelper.java:141)
at org.testng.internal.invokers.TestInvoker.invokeMethod(TestInvoker.java:686)
at org.testng.internal.invokers.TestInvoker.retryFailed(TestInvoker.java:269)
at org.testng.internal.invokers.MethodRunner.runInSequence(MethodRunner.java:76)
at org.testng.internal.invokers.TestInvoker$MethodInvocationAgent.invoke(TestInvoker.java:992)
at org.testng.internal.invokers.TestInvoker.invokeTestMethods(TestInvoker.java:203)
at org.testng.internal.invokers.TestMethodWorker.invokeTestMethods(TestMethodWorker.java:154)
at org.testng.internal.invokers.TestMethodWorker.run(TestMethodWorker.java:134)
at java.base/java.util.concurrent.Executors$RunnableAdapter.call(Executors.java:572)
at java.base/java.util.concurrent.FutureTask.run(FutureTask.java:317)
at org.testng.internal.thread.graph.TestNGFutureTask.run(TestNGFutureTask.java:22)
at java.base/java.util.concurrent.ThreadPoolExecutor.runWorker(ThreadPoolExecutor.java:1144)
at java.base/java.util.concurrent.ThreadPoolExecutor$Worker.run(ThreadPoolExecutor.java:642)
at java.base/java.lang.Thread.run(Thread.java:1583)
]]>
    </failure>
    <system-out>
      <![CDATA[Screenshot saved at: C:\Users\madhu\OneDrive\Desktop\SDET\AS_TestNG\.\screenshots\EmptyTryeditorBST.png
<a href='C:\Users\madhu\OneDrive\Desktop\SDET\AS_TestNG\screenshots\EmptyTryeditorBST.png'> <img src='C:\Users\madhu\OneDrive\Desktop\SDET\AS_TestNG\screenshots\EmptyTryeditorBST.png' height='100' width='100'/> </a>]]>
    </system-out>
  </testcase> <!-- EmptyTryeditorBST -->
  <testcase classname="testCases.Tree_TestCase" name="EmptyTryeditorTypesofBT" time="4.726">
    <skipped/>
  </testcase> <!-- EmptyTryeditorTypesofBT -->
  <testcase classname="testCases.Tree_TestCase" name="InvalidTryHereFunctionalityIBST" time="6.050"/>
  <testcase classname="testCases.Tree_TestCase" name="IBT" time="3.007"/>
  <testcase classname="testCases.Tree_TestCase" name="ABT" time="4.731"/>
  <testcase classname="testCases.Tree_TestCase" name="TravelsIllus" time="3.998"/>
  <testcase classname="testCases.Tree_TestCase" name="InvalidTryHereFunctionalityImpinBT" time="7.960"/>
  <testcase classname="testCases.Tree_TestCase" name="EmptyTryeditorTerminologies" time="4.033">
    <failure message="Alert is not present" type="java.lang.AssertionError">
      <![CDATA[java.lang.AssertionError: Alert is not present
at org.testng.Assert.fail(Assert.java:111)
at testCases.Tree_TestCase.EmptyTryeditorTerminologies(Tree_TestCase.java:210)
at java.base/jdk.internal.reflect.DirectMethodHandleAccessor.invoke(DirectMethodHandleAccessor.java:103)
at java.base/java.lang.reflect.Method.invoke(Method.java:580)
at org.testng.internal.invokers.MethodInvocationHelper.invokeMethod(MethodInvocationHelper.java:141)
at org.testng.internal.invokers.TestInvoker.invokeMethod(TestInvoker.java:686)
at org.testng.internal.invokers.TestInvoker.retryFailed(TestInvoker.java:269)
at org.testng.internal.invokers.MethodRunner.runInSequence(MethodRunner.java:76)
at org.testng.internal.invokers.TestInvoker$MethodInvocationAgent.invoke(TestInvoker.java:992)
at org.testng.internal.invokers.TestInvoker.invokeTestMethods(TestInvoker.java:203)
at org.testng.internal.invokers.TestMethodWorker.invokeTestMethods(TestMethodWorker.java:154)
at org.testng.internal.invokers.TestMethodWorker.run(TestMethodWorker.java:134)
at java.base/java.util.concurrent.Executors$RunnableAdapter.call(Executors.java:572)
at java.base/java.util.concurrent.FutureTask.run(FutureTask.java:317)
at org.testng.internal.thread.graph.TestNGFutureTask.run(TestNGFutureTask.java:22)
at java.base/java.util.concurrent.ThreadPoolExecutor.runWorker(ThreadPoolExecutor.java:1144)
at java.base/java.util.concurrent.ThreadPoolExecutor$Worker.run(ThreadPoolExecutor.java:642)
at java.base/java.lang.Thread.run(Thread.java:1583)
]]>
    </failure>
    <system-out>
      <![CDATA[Screenshot saved at: C:\Users\madhu\OneDrive\Desktop\SDET\AS_TestNG\.\screenshots\EmptyTryeditorTerminologies.png
<a href='C:\Users\madhu\OneDrive\Desktop\SDET\AS_TestNG\screenshots\EmptyTryeditorTerminologies.png'> <img src='C:\Users\madhu\OneDrive\Desktop\SDET\AS_TestNG\screenshots\EmptyTryeditorTerminologies.png' height='100' width='100'/> </a>]]>
    </system-out>
  </testcase> <!-- EmptyTryeditorTerminologies -->
  <testcase classname="testCases.Tree_TestCase" name="EmptyTryeditorIBT" time="5.996">
    <skipped/>
  </testcase> <!-- EmptyTryeditorIBT -->
  <testcase classname="testCases.Tree_TestCase" name="EmptyTryeditorABT" time="4.648">
    <failure message="Alert is not present" type="java.lang.AssertionError">
      <![CDATA[java.lang.AssertionError: Alert is not present
at org.testng.Assert.fail(Assert.java:111)
at testCases.Tree_TestCase.EmptyTryeditorABT(Tree_TestCase.java:922)
at java.base/jdk.internal.reflect.DirectMethodHandleAccessor.invoke(DirectMethodHandleAccessor.java:103)
at java.base/java.lang.reflect.Method.invoke(Method.java:580)
at org.testng.internal.invokers.MethodInvocationHelper.invokeMethod(MethodInvocationHelper.java:141)
at org.testng.internal.invokers.TestInvoker.invokeMethod(TestInvoker.java:686)
at org.testng.internal.invokers.TestInvoker.retryFailed(TestInvoker.java:269)
at org.testng.internal.invokers.MethodRunner.runInSequence(MethodRunner.java:76)
at org.testng.internal.invokers.TestInvoker$MethodInvocationAgent.invoke(TestInvoker.java:992)
at org.testng.internal.invokers.TestInvoker.invokeTestMethods(TestInvoker.java:203)
at org.testng.internal.invokers.TestMethodWorker.invokeTestMethods(TestMethodWorker.java:154)
at org.testng.internal.invokers.TestMethodWorker.run(TestMethodWorker.java:134)
at java.base/java.util.concurrent.Executors$RunnableAdapter.call(Executors.java:572)
at java.base/java.util.concurrent.FutureTask.run(FutureTask.java:317)
at org.testng.internal.thread.graph.TestNGFutureTask.run(TestNGFutureTask.java:22)
at java.base/java.util.concurrent.ThreadPoolExecutor.runWorker(ThreadPoolExecutor.java:1144)
at java.base/java.util.concurrent.ThreadPoolExecutor$Worker.run(ThreadPoolExecutor.java:642)
at java.base/java.lang.Thread.run(Thread.java:1583)
]]>
    </failure>
    <system-out>
      <![CDATA[Screenshot saved at: C:\Users\madhu\OneDrive\Desktop\SDET\AS_TestNG\.\screenshots\EmptyTryeditorABT.png
<a href='C:\Users\madhu\OneDrive\Desktop\SDET\AS_TestNG\screenshots\EmptyTryeditorABT.png'> <img src='C:\Users\madhu\OneDrive\Desktop\SDET\AS_TestNG\screenshots\EmptyTryeditorABT.png' height='100' width='100'/> </a>]]>
    </system-out>
  </testcase> <!-- EmptyTryeditorABT -->
  <testcase classname="testCases.Tree_TestCase" name="InvalidTryHereFunctionalityTreeTraversals" time="3.581"/>
  <testcase classname="testCases.Tree_TestCase" name="InvalidTryHereFunctionalityTypesofBT" time="4.106"/>
  <testcase classname="testCases.Tree_TestCase" name="NavtoTryherepgIBT" time="4.794"/>
  <testcase classname="testCases.Tree_TestCase" name="EmptyTryeditorTerminologies" time="3.564">
    <skipped/>
  </testcase> <!-- EmptyTryeditorTerminologies -->
  <testcase classname="testCases.Tree_TestCase" name="EmptyTryeditorBT" time="6.043">
    <skipped/>
  </testcase> <!-- EmptyTryeditorBT -->
  <testcase classname="testCases.Tree_TestCase" name="InvalidTryHereFunctionalityTypesofBT" time="5.998"/>
  <testcase classname="testCases.Tree_TestCase" name="EmptyTryeditorTravelsIllus" time="3.890">
    <skipped/>
  </testcase> <!-- EmptyTryeditorTravelsIllus -->
  <testcase classname="testCases.Tree_TestCase" name="EmptyTryeditorABT" time="8.626">
    <skipped/>
  </testcase> <!-- EmptyTryeditorABT -->
  <testcase classname="testCases.Tree_TestCase" name="EmptyTryeditorImpinBT" time="5.508">
    <skipped/>
  </testcase> <!-- EmptyTryeditorImpinBT -->
  <testcase classname="testCases.Tree_TestCase" name="EmptyTryeditorBST" time="5.167">
    <skipped/>
  </testcase> <!-- EmptyTryeditorBST -->
  <testcase classname="testCases.Tree_TestCase" name="EmptyTryeditorTerminologies" time="4.230">
    <skipped/>
  </testcase> <!-- EmptyTryeditorTerminologies -->
  <testcase classname="testCases.Tree_TestCase" name="EmptyTryeditorTreeTraversals" time="3.696">
    <skipped/>
  </testcase> <!-- EmptyTryeditorTreeTraversals -->
  <testcase classname="testCases.Tree_TestCase" name="IBST" time="4.744"/>
  <testcase classname="testCases.Tree_TestCase" name="TypesofTrees" time="3.567"/>
  <testcase classname="testCases.Tree_TestCase" name="ValidTryHereFunctionalityImpinBT" time="4.994"/>
  <testcase classname="testCases.Tree_TestCase" name="InvalidTryHereFunctionalityBinTreeTrav" time="4.186"/>
  <testcase classname="testCases.Tree_TestCase" name="InvalidTryHereFunctionalityBT" time="6.949"/>
  <testcase classname="testCases.Tree_TestCase" name="InvalidTryHereFunctionalityImpinBT" time="4.300"/>
  <testcase classname="testCases.Tree_TestCase" name="EmptyTryeditorBT" time="5.195">
    <skipped/>
  </testcase> <!-- EmptyTryeditorBT -->
  <system-out>
    <![CDATA[Screenshot saved at: C:\Users\madhu\OneDrive\Desktop\SDET\AS_TestNG\.\screenshots\InvalidRegister.png
<a href='C:\Users\madhu\OneDrive\Desktop\SDET\AS_TestNG\screenshots\InvalidRegister.png'> <img src='C:\Users\madhu\OneDrive\Desktop\SDET\AS_TestNG\screenshots\InvalidRegister.png' height='100' width='100'/> </a>
Screenshot saved at: C:\Users\madhu\OneDrive\Desktop\SDET\AS_TestNG\.\screenshots\ImpArrayEmptyTryHereFunc.png
<a href='C:\Users\madhu\OneDrive\Desktop\SDET\AS_TestNG\screenshots\ImpArrayEmptyTryHereFunc.png'> <img src='C:\Users\madhu\OneDrive\Desktop\SDET\AS_TestNG\screenshots\ImpArrayEmptyTryHereFunc.png' height='100' width='100'/> </a>
Screenshot saved at: C:\Users\madhu\OneDrive\Desktop\SDET\AS_TestNG\.\screenshots\CreateLLEmptyTryHereFunc.png
<a href='C:\Users\madhu\OneDrive\Desktop\SDET\AS_TestNG\screenshots\CreateLLEmptyTryHereFunc.png'> <img src='C:\Users\madhu\OneDrive\Desktop\SDET\AS_TestNG\screenshots\CreateLLEmptyTryHereFunc.png' height='100' width='100'/> </a>
Screenshot saved at: C:\Users\madhu\OneDrive\Desktop\SDET\AS_TestNG\.\screenshots\InvalidRegister.png
<a href='C:\Users\madhu\OneDrive\Desktop\SDET\AS_TestNG\screenshots\InvalidRegister.png'> <img src='C:\Users\madhu\OneDrive\Desktop\SDET\AS_TestNG\screenshots\InvalidRegister.png' height='100' width='100'/> </a>
Screenshot saved at: C:\Users\madhu\OneDrive\Desktop\SDET\AS_TestNG\.\screenshots\EmptyTryeditorABT.png
<a href='C:\Users\madhu\OneDrive\Desktop\SDET\AS_TestNG\screenshots\EmptyTryeditorABT.png'> <img src='C:\Users\madhu\OneDrive\Desktop\SDET\AS_TestNG\screenshots\EmptyTryeditorABT.png' height='100' width='100'/> </a>
Screenshot saved at: C:\Users\madhu\OneDrive\Desktop\SDET\AS_TestNG\.\screenshots\InvalidRegister.png
<a href='C:\Users\madhu\OneDrive\Desktop\SDET\AS_TestNG\screenshots\InvalidRegister.png'> <img src='C:\Users\madhu\OneDrive\Desktop\SDET\AS_TestNG\screenshots\InvalidRegister.png' height='100' width='100'/> </a>
Screenshot saved at: C:\Users\madhu\OneDrive\Desktop\SDET\AS_TestNG\.\screenshots\EmptyTryeditorBST.png
<a href='C:\Users\madhu\OneDrive\Desktop\SDET\AS_TestNG\screenshots\EmptyTryeditorBST.png'> <img src='C:\Users\madhu\OneDrive\Desktop\SDET\AS_TestNG\screenshots\EmptyTryeditorBST.png' height='100' width='100'/> </a>
Screenshot saved at: C:\Users\madhu\OneDrive\Desktop\SDET\AS_TestNG\.\screenshots\ImpCollEmptyTryHereFunc.png
<a href='C:\Users\madhu\OneDrive\Desktop\SDET\AS_TestNG\screenshots\ImpCollEmptyTryHereFunc.png'> <img src='C:\Users\madhu\OneDrive\Desktop\SDET\AS_TestNG\screenshots\ImpCollEmptyTryHereFunc.png' height='100' width='100'/> </a>
Screenshot saved at: C:\Users\madhu\OneDrive\Desktop\SDET\AS_TestNG\.\screenshots\DeletionEmptyTryHereFunc.png
<a href='C:\Users\madhu\OneDrive\Desktop\SDET\AS_TestNG\screenshots\DeletionEmptyTryHereFunc.png'> <img src='C:\Users\madhu\OneDrive\Desktop\SDET\AS_TestNG\screenshots\DeletionEmptyTryHereFunc.png' height='100' width='100'/> </a>
Screenshot saved at: C:\Users\madhu\OneDrive\Desktop\SDET\AS_TestNG\.\screenshots\EmptyTryeditorBT.png
<a href='C:\Users\madhu\OneDrive\Desktop\SDET\AS_TestNG\screenshots\EmptyTryeditorBT.png'> <img src='C:\Users\madhu\OneDrive\Desktop\SDET\AS_TestNG\screenshots\EmptyTryeditorBT.png' height='100' width='100'/> </a>
Screenshot saved at: C:\Users\madhu\OneDrive\Desktop\SDET\AS_TestNG\.\screenshots\EmptyTryeditorBinTreeTrav.png
<a href='C:\Users\madhu\OneDrive\Desktop\SDET\AS_TestNG\screenshots\EmptyTryeditorBinTreeTrav.png'> <img src='C:\Users\madhu\OneDrive\Desktop\SDET\AS_TestNG\screenshots\EmptyTryeditorBinTreeTrav.png' height='100' width='100'/> </a>
Screenshot saved at: C:\Users\madhu\OneDrive\Desktop\SDET\AS_TestNG\.\screenshots\ImpLLEmptyTryHereFunc.png
<a href='C:\Users\madhu\OneDrive\Desktop\SDET\AS_TestNG\screenshots\ImpLLEmptyTryHereFunc.png'> <img src='C:\Users\madhu\OneDrive\Desktop\SDET\AS_TestNG\screenshots\ImpLLEmptyTryHereFunc.png' height='100' width='100'/> </a>
Screenshot saved at: C:\Users\madhu\OneDrive\Desktop\SDET\AS_TestNG\.\screenshots\EmptyTryeditorIBST.png
<a href='C:\Users\madhu\OneDrive\Desktop\SDET\AS_TestNG\screenshots\EmptyTryeditorIBST.png'> <img src='C:\Users\madhu\OneDrive\Desktop\SDET\AS_TestNG\screenshots\EmptyTryeditorIBST.png' height='100' width='100'/> </a>
Screenshot saved at: C:\Users\madhu\OneDrive\Desktop\SDET\AS_TestNG\.\screenshots\ImpqueueEmptyTryHereFunc.png
<a href='C:\Users\madhu\OneDrive\Desktop\SDET\AS_TestNG\screenshots\ImpqueueEmptyTryHereFunc.png'> <img src='C:\Users\madhu\OneDrive\Desktop\SDET\AS_TestNG\screenshots\ImpqueueEmptyTryHereFunc.png' height='100' width='100'/> </a>
Screenshot saved at: C:\Users\madhu\OneDrive\Desktop\SDET\AS_TestNG\.\screenshots\EmptyTryeditorIBT.png
<a href='C:\Users\madhu\OneDrive\Desktop\SDET\AS_TestNG\screenshots\EmptyTryeditorIBT.png'> <img src='C:\Users\madhu\OneDrive\Desktop\SDET\AS_TestNG\screenshots\EmptyTryeditorIBT.png' height='100' width='100'/> </a>
Screenshot saved at: C:\Users\madhu\OneDrive\Desktop\SDET\AS_TestNG\.\screenshots\InsertionEmptyTryHereFunc.png
<a href='C:\Users\madhu\OneDrive\Desktop\SDET\AS_TestNG\screenshots\InsertionEmptyTryHereFunc.png'> <img src='C:\Users\madhu\OneDrive\Desktop\SDET\AS_TestNG\screenshots\InsertionEmptyTryHereFunc.png' height='100' width='100'/> </a>
Screenshot saved at: C:\Users\madhu\OneDrive\Desktop\SDET\AS_TestNG\.\screenshots\EmptyTryeditorImpinBT.png
<a href='C:\Users\madhu\OneDrive\Desktop\SDET\AS_TestNG\screenshots\EmptyTryeditorImpinBT.png'> <img src='C:\Users\madhu\OneDrive\Desktop\SDET\AS_TestNG\screenshots\EmptyTryeditorImpinBT.png' height='100' width='100'/> </a>
Screenshot saved at: C:\Users\madhu\OneDrive\Desktop\SDET\AS_TestNG\.\screenshots\QueueOprEmptyTryHereFunc.png
<a href='C:\Users\madhu\OneDrive\Desktop\SDET\AS_TestNG\screenshots\QueueOprEmptyTryHereFunc.png'> <img src='C:\Users\madhu\OneDrive\Desktop\SDET\AS_TestNG\screenshots\QueueOprEmptyTryHereFunc.png' height='100' width='100'/> </a>
Screenshot saved at: C:\Users\madhu\OneDrive\Desktop\SDET\AS_TestNG\.\screenshots\EmptyTryeditorOverview.png
<a href='C:\Users\madhu\OneDrive\Desktop\SDET\AS_TestNG\screenshots\EmptyTryeditorOverview.png'> <img src='C:\Users\madhu\OneDrive\Desktop\SDET\AS_TestNG\screenshots\EmptyTryeditorOverview.png' height='100' width='100'/> </a>
Screenshot saved at: C:\Users\madhu\OneDrive\Desktop\SDET\AS_TestNG\.\screenshots\EmptyTryeditorTerminologies.png
<a href='C:\Users\madhu\OneDrive\Desktop\SDET\AS_TestNG\screenshots\EmptyTryeditorTerminologies.png'> <img src='C:\Users\madhu\OneDrive\Desktop\SDET\AS_TestNG\screenshots\EmptyTryeditorTerminologies.png' height='100' width='100'/> </a>
Screenshot saved at: C:\Users\madhu\OneDrive\Desktop\SDET\AS_TestNG\.\screenshots\EmptyTryeditorTravelsIllus.png
<a href='C:\Users\madhu\OneDrive\Desktop\SDET\AS_TestNG\screenshots\EmptyTryeditorTravelsIllus.png'> <img src='C:\Users\madhu\OneDrive\Desktop\SDET\AS_TestNG\screenshots\EmptyTryeditorTravelsIllus.png' height='100' width='100'/> </a>
Screenshot saved at: C:\Users\madhu\OneDrive\Desktop\SDET\AS_TestNG\.\screenshots\LLIntroEmptyTryHereFunc.png
<a href='C:\Users\madhu\OneDrive\Desktop\SDET\AS_TestNG\screenshots\LLIntroEmptyTryHereFunc.png'> <img src='C:\Users\madhu\OneDrive\Desktop\SDET\AS_TestNG\screenshots\LLIntroEmptyTryHereFunc.png' height='100' width='100'/> </a>
Screenshot saved at: C:\Users\madhu\OneDrive\Desktop\SDET\AS_TestNG\.\screenshots\EmptyTryeditorTreeTraversals.png
<a href='C:\Users\madhu\OneDrive\Desktop\SDET\AS_TestNG\screenshots\EmptyTryeditorTreeTraversals.png'> <img src='C:\Users\madhu\OneDrive\Desktop\SDET\AS_TestNG\screenshots\EmptyTryeditorTreeTraversals.png' height='100' width='100'/> </a>
Screenshot saved at: C:\Users\madhu\OneDrive\Desktop\SDET\AS_TestNG\.\screenshots\EmptyTryeditorTypesofBT.png
<a href='C:\Users\madhu\OneDrive\Desktop\SDET\AS_TestNG\screenshots\EmptyTryeditorTypesofBT.png'> <img src='C:\Users\madhu\OneDrive\Desktop\SDET\AS_TestNG\screenshots\EmptyTryeditorTypesofBT.png' height='100' width='100'/> </a>
Screenshot saved at: C:\Users\madhu\OneDrive\Desktop\SDET\AS_TestNG\.\screenshots\TraversalEmptyTryHereFunc.png
<a href='C:\Users\madhu\OneDrive\Desktop\SDET\AS_TestNG\screenshots\TraversalEmptyTryHereFunc.png'> <img src='C:\Users\madhu\OneDrive\Desktop\SDET\AS_TestNG\screenshots\TraversalEmptyTryHereFunc.png' height='100' width='100'/> </a>
Screenshot saved at: C:\Users\madhu\OneDrive\Desktop\SDET\AS_TestNG\.\screenshots\EmptyTryeditorTypesofTrees.png
<a href='C:\Users\madhu\OneDrive\Desktop\SDET\AS_TestNG\screenshots\EmptyTryeditorTypesofTrees.png'> <img src='C:\Users\madhu\OneDrive\Desktop\SDET\AS_TestNG\screenshots\EmptyTryeditorTypesofTrees.png' height='100' width='100'/> </a>
Screenshot saved at: C:\Users\madhu\OneDrive\Desktop\SDET\AS_TestNG\.\screenshots\TypesLLEmptyTryHereFunc.png
<a href='C:\Users\madhu\OneDrive\Desktop\SDET\AS_TestNG\screenshots\TypesLLEmptyTryHereFunc.png'> <img src='C:\Users\madhu\OneDrive\Desktop\SDET\AS_TestNG\screenshots\TypesLLEmptyTryHereFunc.png' height='100' width='100'/> </a>
Screenshot saved at: C:\Users\madhu\OneDrive\Desktop\SDET\AS_TestNG\.\screenshots\InvalidRegister.png
<a href='C:\Users\madhu\OneDrive\Desktop\SDET\AS_TestNG\screenshots\InvalidRegister.png'> <img src='C:\Users\madhu\OneDrive\Desktop\SDET\AS_TestNG\screenshots\InvalidRegister.png' height='100' width='100'/> </a>
Screenshot saved at: C:\Users\madhu\OneDrive\Desktop\SDET\AS_TestNG\.\screenshots\ImpArrayEmptyTryHereFunc.png
<a href='C:\Users\madhu\OneDrive\Desktop\SDET\AS_TestNG\screenshots\ImpArrayEmptyTryHereFunc.png'> <img src='C:\Users\madhu\OneDrive\Desktop\SDET\AS_TestNG\screenshots\ImpArrayEmptyTryHereFunc.png' height='100' width='100'/> </a>
Screenshot saved at: C:\Users\madhu\OneDrive\Desktop\SDET\AS_TestNG\.\screenshots\InvalidRegister.png
<a href='C:\Users\madhu\OneDrive\Desktop\SDET\AS_TestNG\screenshots\InvalidRegister.png'> <img src='C:\Users\madhu\OneDrive\Desktop\SDET\AS_TestNG\screenshots\InvalidRegister.png' height='100' width='100'/> </a>
Screenshot saved at: C:\Users\madhu\OneDrive\Desktop\SDET\AS_TestNG\.\screenshots\CreateLLEmptyTryHereFunc.png
<a href='C:\Users\madhu\OneDrive\Desktop\SDET\AS_TestNG\screenshots\CreateLLEmptyTryHereFunc.png'> <img src='C:\Users\madhu\OneDrive\Desktop\SDET\AS_TestNG\screenshots\CreateLLEmptyTryHereFunc.png' height='100' width='100'/> </a>
Screenshot saved at: C:\Users\madhu\OneDrive\Desktop\SDET\AS_TestNG\.\screenshots\InvalidRegister.png
<a href='C:\Users\madhu\OneDrive\Desktop\SDET\AS_TestNG\screenshots\InvalidRegister.png'> <img src='C:\Users\madhu\OneDrive\Desktop\SDET\AS_TestNG\screenshots\InvalidRegister.png' height='100' width='100'/> </a>
Screenshot saved at: C:\Users\madhu\OneDrive\Desktop\SDET\AS_TestNG\.\screenshots\EmptyTryeditorABT.png
<a href='C:\Users\madhu\OneDrive\Desktop\SDET\AS_TestNG\screenshots\EmptyTryeditorABT.png'> <img src='C:\Users\madhu\OneDrive\Desktop\SDET\AS_TestNG\screenshots\EmptyTryeditorABT.png' height='100' width='100'/> </a>
Screenshot saved at: C:\Users\madhu\OneDrive\Desktop\SDET\AS_TestNG\.\screenshots\ImpCollEmptyTryHereFunc.png
<a href='C:\Users\madhu\OneDrive\Desktop\SDET\AS_TestNG\screenshots\ImpCollEmptyTryHereFunc.png'> <img src='C:\Users\madhu\OneDrive\Desktop\SDET\AS_TestNG\screenshots\ImpCollEmptyTryHereFunc.png' height='100' width='100'/> </a>
Screenshot saved at: C:\Users\madhu\OneDrive\Desktop\SDET\AS_TestNG\.\screenshots\EmptyTryeditorBST.png
<a href='C:\Users\madhu\OneDrive\Desktop\SDET\AS_TestNG\screenshots\EmptyTryeditorBST.png'> <img src='C:\Users\madhu\OneDrive\Desktop\SDET\AS_TestNG\screenshots\EmptyTryeditorBST.png' height='100' width='100'/> </a>
Screenshot saved at: C:\Users\madhu\OneDrive\Desktop\SDET\AS_TestNG\.\screenshots\DeletionEmptyTryHereFunc.png
<a href='C:\Users\madhu\OneDrive\Desktop\SDET\AS_TestNG\screenshots\DeletionEmptyTryHereFunc.png'> <img src='C:\Users\madhu\OneDrive\Desktop\SDET\AS_TestNG\screenshots\DeletionEmptyTryHereFunc.png' height='100' width='100'/> </a>
Screenshot saved at: C:\Users\madhu\OneDrive\Desktop\SDET\AS_TestNG\.\screenshots\EmptyTryeditorBT.png
<a href='C:\Users\madhu\OneDrive\Desktop\SDET\AS_TestNG\screenshots\EmptyTryeditorBT.png'> <img src='C:\Users\madhu\OneDrive\Desktop\SDET\AS_TestNG\screenshots\EmptyTryeditorBT.png' height='100' width='100'/> </a>
Screenshot saved at: C:\Users\madhu\OneDrive\Desktop\SDET\AS_TestNG\.\screenshots\EmptyTryeditorBinTreeTrav.png
<a href='C:\Users\madhu\OneDrive\Desktop\SDET\AS_TestNG\screenshots\EmptyTryeditorBinTreeTrav.png'> <img src='C:\Users\madhu\OneDrive\Desktop\SDET\AS_TestNG\screenshots\EmptyTryeditorBinTreeTrav.png' height='100' width='100'/> </a>
Screenshot saved at: C:\Users\madhu\OneDrive\Desktop\SDET\AS_TestNG\.\screenshots\ImpqueueEmptyTryHereFunc.png
<a href='C:\Users\madhu\OneDrive\Desktop\SDET\AS_TestNG\screenshots\ImpqueueEmptyTryHereFunc.png'> <img src='C:\Users\madhu\OneDrive\Desktop\SDET\AS_TestNG\screenshots\ImpqueueEmptyTryHereFunc.png' height='100' width='100'/> </a>
Screenshot saved at: C:\Users\madhu\OneDrive\Desktop\SDET\AS_TestNG\.\screenshots\ImpLLEmptyTryHereFunc.png
<a href='C:\Users\madhu\OneDrive\Desktop\SDET\AS_TestNG\screenshots\ImpLLEmptyTryHereFunc.png'> <img src='C:\Users\madhu\OneDrive\Desktop\SDET\AS_TestNG\screenshots\ImpLLEmptyTryHereFunc.png' height='100' width='100'/> </a>
Screenshot saved at: C:\Users\madhu\OneDrive\Desktop\SDET\AS_TestNG\.\screenshots\EmptyTryeditorIBST.png
<a href='C:\Users\madhu\OneDrive\Desktop\SDET\AS_TestNG\screenshots\EmptyTryeditorIBST.png'> <img src='C:\Users\madhu\OneDrive\Desktop\SDET\AS_TestNG\screenshots\EmptyTryeditorIBST.png' height='100' width='100'/> </a>
Screenshot saved at: C:\Users\madhu\OneDrive\Desktop\SDET\AS_TestNG\.\screenshots\EmptyTryeditorIBT.png
<a href='C:\Users\madhu\OneDrive\Desktop\SDET\AS_TestNG\screenshots\EmptyTryeditorIBT.png'> <img src='C:\Users\madhu\OneDrive\Desktop\SDET\AS_TestNG\screenshots\EmptyTryeditorIBT.png' height='100' width='100'/> </a>
Screenshot saved at: C:\Users\madhu\OneDrive\Desktop\SDET\AS_TestNG\.\screenshots\QueueOprEmptyTryHereFunc.png
<a href='C:\Users\madhu\OneDrive\Desktop\SDET\AS_TestNG\screenshots\QueueOprEmptyTryHereFunc.png'> <img src='C:\Users\madhu\OneDrive\Desktop\SDET\AS_TestNG\screenshots\QueueOprEmptyTryHereFunc.png' height='100' width='100'/> </a>
Screenshot saved at: C:\Users\madhu\OneDrive\Desktop\SDET\AS_TestNG\.\screenshots\InsertionEmptyTryHereFunc.png
<a href='C:\Users\madhu\OneDrive\Desktop\SDET\AS_TestNG\screenshots\InsertionEmptyTryHereFunc.png'> <img src='C:\Users\madhu\OneDrive\Desktop\SDET\AS_TestNG\screenshots\InsertionEmptyTryHereFunc.png' height='100' width='100'/> </a>
Screenshot saved at: C:\Users\madhu\OneDrive\Desktop\SDET\AS_TestNG\.\screenshots\EmptyTryeditorImpinBT.png
<a href='C:\Users\madhu\OneDrive\Desktop\SDET\AS_TestNG\screenshots\EmptyTryeditorImpinBT.png'> <img src='C:\Users\madhu\OneDrive\Desktop\SDET\AS_TestNG\screenshots\EmptyTryeditorImpinBT.png' height='100' width='100'/> </a>
Screenshot saved at: C:\Users\madhu\OneDrive\Desktop\SDET\AS_TestNG\.\screenshots\EmptyTryeditorOverview.png
<a href='C:\Users\madhu\OneDrive\Desktop\SDET\AS_TestNG\screenshots\EmptyTryeditorOverview.png'> <img src='C:\Users\madhu\OneDrive\Desktop\SDET\AS_TestNG\screenshots\EmptyTryeditorOverview.png' height='100' width='100'/> </a>
Screenshot saved at: C:\Users\madhu\OneDrive\Desktop\SDET\AS_TestNG\.\screenshots\EmptyTryeditorTerminologies.png
<a href='C:\Users\madhu\OneDrive\Desktop\SDET\AS_TestNG\screenshots\EmptyTryeditorTerminologies.png'> <img src='C:\Users\madhu\OneDrive\Desktop\SDET\AS_TestNG\screenshots\EmptyTryeditorTerminologies.png' height='100' width='100'/> </a>
Screenshot saved at: C:\Users\madhu\OneDrive\Desktop\SDET\AS_TestNG\.\screenshots\EmptyTryeditorTravelsIllus.png
<a href='C:\Users\madhu\OneDrive\Desktop\SDET\AS_TestNG\screenshots\EmptyTryeditorTravelsIllus.png'> <img src='C:\Users\madhu\OneDrive\Desktop\SDET\AS_TestNG\screenshots\EmptyTryeditorTravelsIllus.png' height='100' width='100'/> </a>
Screenshot saved at: C:\Users\madhu\OneDrive\Desktop\SDET\AS_TestNG\.\screenshots\LLIntroEmptyTryHereFunc.png
<a href='C:\Users\madhu\OneDrive\Desktop\SDET\AS_TestNG\screenshots\LLIntroEmptyTryHereFunc.png'> <img src='C:\Users\madhu\OneDrive\Desktop\SDET\AS_TestNG\screenshots\LLIntroEmptyTryHereFunc.png' height='100' width='100'/> </a>
Screenshot saved at: C:\Users\madhu\OneDrive\Desktop\SDET\AS_TestNG\.\screenshots\EmptyTryeditorTreeTraversals.png
<a href='C:\Users\madhu\OneDrive\Desktop\SDET\AS_TestNG\screenshots\EmptyTryeditorTreeTraversals.png'> <img src='C:\Users\madhu\OneDrive\Desktop\SDET\AS_TestNG\screenshots\EmptyTryeditorTreeTraversals.png' height='100' width='100'/> </a>
Screenshot saved at: C:\Users\madhu\OneDrive\Desktop\SDET\AS_TestNG\.\screenshots\EmptyTryeditorTypesofBT.png
<a href='C:\Users\madhu\OneDrive\Desktop\SDET\AS_TestNG\screenshots\EmptyTryeditorTypesofBT.png'> <img src='C:\Users\madhu\OneDrive\Desktop\SDET\AS_TestNG\screenshots\EmptyTryeditorTypesofBT.png' height='100' width='100'/> </a>
Screenshot saved at: C:\Users\madhu\OneDrive\Desktop\SDET\AS_TestNG\.\screenshots\TraversalEmptyTryHereFunc.png
<a href='C:\Users\madhu\OneDrive\Desktop\SDET\AS_TestNG\screenshots\TraversalEmptyTryHereFunc.png'> <img src='C:\Users\madhu\OneDrive\Desktop\SDET\AS_TestNG\screenshots\TraversalEmptyTryHereFunc.png' height='100' width='100'/> </a>
Screenshot saved at: C:\Users\madhu\OneDrive\Desktop\SDET\AS_TestNG\.\screenshots\EmptyTryeditorTypesofTrees.png
<a href='C:\Users\madhu\OneDrive\Desktop\SDET\AS_TestNG\screenshots\EmptyTryeditorTypesofTrees.png'> <img src='C:\Users\madhu\OneDrive\Desktop\SDET\AS_TestNG\screenshots\EmptyTryeditorTypesofTrees.png' height='100' width='100'/> </a>
Screenshot saved at: C:\Users\madhu\OneDrive\Desktop\SDET\AS_TestNG\.\screenshots\TypesLLEmptyTryHereFunc.png
<a href='C:\Users\madhu\OneDrive\Desktop\SDET\AS_TestNG\screenshots\TypesLLEmptyTryHereFunc.png'> <img src='C:\Users\madhu\OneDrive\Desktop\SDET\AS_TestNG\screenshots\TypesLLEmptyTryHereFunc.png' height='100' width='100'/> </a>]]>
  </system-out>
</testsuite> <!-- testCases.Tree_TestCase -->
