<?xml version="1.0" encoding="UTF-8"?>
<!-- Generated by org.testng.reporters.JUnitReportReporter -->
<testsuite hostname="Cricket" failures="0" tests="12" name="testCases.Home_TestCase" time="115.673" errors="0" timestamp="2025-01-11T22:28:06 CST" skipped="0">
  <testcase classname="testCases.Home_TestCase" name="HomeDrpdwn" time="8.630"/>
  <testcase classname="testCases.Home_TestCase" name="HomeDrpdwn" time="11.714"/>
  <testcase classname="testCases.Home_TestCase" name="HomeDrpdwn" time="9.273"/>
  <testcase classname="testCases.Home_TestCase" name="HomeDrpdwn" time="9.628"/>
  <testcase classname="testCases.Home_TestCase" name="HomeDrpdwn" time="11.688"/>
  <testcase classname="testCases.Home_TestCase" name="HomeDrpdwn" time="8.706"/>
  <testcase classname="testCases.Home_TestCase" name="HomeDrpdwn" time="14.290"/>
  <testcase classname="testCases.Home_TestCase" name="HomeDrpdwn" time="7.069"/>
  <testcase classname="testCases.Home_TestCase" name="HomeDrpdwn" time="7.165"/>
  <testcase classname="testCases.Home_TestCase" name="HomeDrpdwn" time="7.299"/>
  <testcase classname="testCases.Home_TestCase" name="HomeDrpdwn" time="12.983"/>
  <testcase classname="testCases.Home_TestCase" name="HomeDrpdwn" time="7.228"/>
  <system-out>
    <![CDATA[Screenshot saved at: C:\Users\12017\Desktop\MurugaKaapathu\AS_testNG\screenshots\InvalidRegister.png
Screenshot saved at: C:\Users\12017\Desktop\MurugaKaapathu\AS_testNG\screenshots\InvalidRegister.png
Screenshot saved at: C:\Users\12017\Desktop\MurugaKaapathu\AS_testNG\screenshots\InvalidRegister.png
Screenshot saved at: C:\Users\12017\Desktop\MurugaKaapathu\AS_testNG\screenshots\EmptyTryeditorABT.png
Screenshot saved at: C:\Users\12017\Desktop\MurugaKaapathu\AS_testNG\screenshots\EmptyTryeditorBST.png
Screenshot saved at: C:\Users\12017\Desktop\MurugaKaapathu\AS_testNG\screenshots\EmptyTryeditorBT.png
Screenshot saved at: C:\Users\12017\Desktop\MurugaKaapathu\AS_testNG\screenshots\EmptyTryeditorBinTreeTrav.png
Screenshot saved at: C:\Users\12017\Desktop\MurugaKaapathu\AS_testNG\screenshots\EmptyTryeditorIBST.png
Screenshot saved at: C:\Users\12017\Desktop\MurugaKaapathu\AS_testNG\screenshots\EmptyTryeditorIBT.png
Screenshot saved at: C:\Users\12017\Desktop\MurugaKaapathu\AS_testNG\screenshots\EmptyTryeditorImpinBT.png
Screenshot saved at: C:\Users\12017\Desktop\MurugaKaapathu\AS_testNG\screenshots\EmptyTryeditorOverview.png
Screenshot saved at: C:\Users\12017\Desktop\MurugaKaapathu\AS_testNG\screenshots\EmptyTryeditorTerminologies.png
Screenshot saved at: C:\Users\12017\Desktop\MurugaKaapathu\AS_testNG\screenshots\EmptyTryeditorTravelsIllus.png
Screenshot saved at: C:\Users\12017\Desktop\MurugaKaapathu\AS_testNG\screenshots\EmptyTryeditorTreeTraversals.png
Screenshot saved at: C:\Users\12017\Desktop\MurugaKaapathu\AS_testNG\screenshots\EmptyTryeditorTypesofBT.png
Screenshot saved at: C:\Users\12017\Desktop\MurugaKaapathu\AS_testNG\screenshots\EmptyTryeditorTypesofTrees.png
Screenshot saved at: C:\Users\12017\Desktop\MurugaKaapathu\AS_testNG\screenshots\InvalidRegister.png
Screenshot saved at: C:\Users\12017\Desktop\MurugaKaapathu\AS_testNG\screenshots\InvalidRegister.png
Screenshot saved at: C:\Users\12017\Desktop\MurugaKaapathu\AS_testNG\screenshots\InvalidRegister.png
Screenshot saved at: C:\Users\12017\Desktop\MurugaKaapathu\AS_testNG\screenshots\EmptyTryeditorABT.png
Screenshot saved at: C:\Users\12017\Desktop\MurugaKaapathu\AS_testNG\screenshots\EmptyTryeditorBST.png
Screenshot saved at: C:\Users\12017\Desktop\MurugaKaapathu\AS_testNG\screenshots\EmptyTryeditorBT.png
Screenshot saved at: C:\Users\12017\Desktop\MurugaKaapathu\AS_testNG\screenshots\EmptyTryeditorBinTreeTrav.png
Screenshot saved at: C:\Users\12017\Desktop\MurugaKaapathu\AS_testNG\screenshots\EmptyTryeditorIBST.png
Screenshot saved at: C:\Users\12017\Desktop\MurugaKaapathu\AS_testNG\screenshots\EmptyTryeditorIBT.png
Screenshot saved at: C:\Users\12017\Desktop\MurugaKaapathu\AS_testNG\screenshots\EmptyTryeditorImpinBT.png
Screenshot saved at: C:\Users\12017\Desktop\MurugaKaapathu\AS_testNG\screenshots\EmptyTryeditorOverview.png
Screenshot saved at: C:\Users\12017\Desktop\MurugaKaapathu\AS_testNG\screenshots\EmptyTryeditorTerminologies.png
Screenshot saved at: C:\Users\12017\Desktop\MurugaKaapathu\AS_testNG\screenshots\EmptyTryeditorTravelsIllus.png
Screenshot saved at: C:\Users\12017\Desktop\MurugaKaapathu\AS_testNG\screenshots\EmptyTryeditorTreeTraversals.png
Screenshot saved at: C:\Users\12017\Desktop\MurugaKaapathu\AS_testNG\screenshots\EmptyTryeditorTypesofBT.png
Screenshot saved at: C:\Users\12017\Desktop\MurugaKaapathu\AS_testNG\screenshots\EmptyTryeditorTypesofTrees.png]]>
  </system-out>
</testsuite> <!-- testCases.Home_TestCase -->
