<?xml version="1.0" encoding="UTF-8"?>
<!-- Generated by org.testng.reporters.JUnitReportReporter -->
<testsuite hostname="Cricket" failures="0" tests="44" name="testCases.Queue_TestCase" time="277.594" errors="0" timestamp="2025-01-11T22:28:06 CST" skipped="0">
  <testcase classname="testCases.Queue_TestCase" name="QueueOprValidTryHereFunc" time="4.656"/>
  <testcase classname="testCases.Queue_TestCase" name="queue2ImpCollection" time="3.973"/>
  <testcase classname="testCases.Queue_TestCase" name="queue2signout" time="4.693"/>
  <testcase classname="testCases.Queue_TestCase" name="queue2Imparray" time="2.593"/>
  <testcase classname="testCases.Queue_TestCase" name="ImpCollInValidTryHereFunc" time="6.035"/>
  <testcase classname="testCases.Queue_TestCase" name="Imparray2tryeditor" time="4.259"/>
  <testcase classname="testCases.Queue_TestCase" name="Impqueue2PrctQues" time="5.370"/>
  <testcase classname="testCases.Queue_TestCase" name="QueueOprValidTryHereFunc" time="3.835"/>
  <testcase classname="testCases.Queue_TestCase" name="QueueOprInValidTryHereFunc" time="5.843"/>
  <testcase classname="testCases.Queue_TestCase" name="ImpCollValidTryHereFunc" time="6.109"/>
  <testcase classname="testCases.Queue_TestCase" name="ImpArrayInValidTryHereFunc" time="12.114"/>
  <testcase classname="testCases.Queue_TestCase" name="Impqueue2tryeditor" time="3.404"/>
  <testcase classname="testCases.Queue_TestCase" name="queueOpr2tryeditor" time="3.817"/>
  <testcase classname="testCases.Queue_TestCase" name="ImpqueueValidTryHereFunc" time="7.606"/>
  <testcase classname="testCases.Queue_TestCase" name="ImpqueueValidTryHereFunc" time="4.548"/>
  <testcase classname="testCases.Queue_TestCase" name="ImpCollInValidTryHereFunc" time="6.546"/>
  <testcase classname="testCases.Queue_TestCase" name="ImpCollInValidTryHereFunc" time="5.860"/>
  <testcase classname="testCases.Queue_TestCase" name="ImpCollInValidTryHereFunc" time="5.200"/>
  <testcase classname="testCases.Queue_TestCase" name="ImpArrayValidTryHereFunc" time="6.576"/>
  <testcase classname="testCases.Queue_TestCase" name="QueueOprInValidTryHereFunc" time="5.195"/>
  <testcase classname="testCases.Queue_TestCase" name="queue2signout" time="5.145"/>
  <testcase classname="testCases.Queue_TestCase" name="ImpArrayInValidTryHereFunc" time="17.464"/>
  <testcase classname="testCases.Queue_TestCase" name="ImpArrayValidTryHereFunc" time="8.382"/>
  <testcase classname="testCases.Queue_TestCase" name="QueueOprInValidTryHereFunc" time="5.168"/>
  <testcase classname="testCases.Queue_TestCase" name="Impqueue2tryeditor" time="4.471"/>
  <testcase classname="testCases.Queue_TestCase" name="queue2ImpCollection" time="3.580"/>
  <testcase classname="testCases.Queue_TestCase" name="ImpqueueInValidTryHereFunc" time="5.091"/>
  <testcase classname="testCases.Queue_TestCase" name="queue2Impqueue" time="3.472"/>
  <testcase classname="testCases.Queue_TestCase" name="ImpArrayInValidTryHereFunc" time="6.320"/>
  <testcase classname="testCases.Queue_TestCase" name="Impqueue2PrctQues" time="5.706"/>
  <testcase classname="testCases.Queue_TestCase" name="ImpArrayInValidTryHereFunc" time="14.426"/>
  <testcase classname="testCases.Queue_TestCase" name="QueueOprInValidTryHereFunc" time="5.199"/>
  <testcase classname="testCases.Queue_TestCase" name="queue2queueOperation" time="7.201"/>
  <testcase classname="testCases.Queue_TestCase" name="ImpCollValidTryHereFunc" time="8.239"/>
  <testcase classname="testCases.Queue_TestCase" name="ImpqueueInValidTryHereFunc" time="8.326"/>
  <testcase classname="testCases.Queue_TestCase" name="ImpCollection2tryeditor" time="6.902"/>
  <testcase classname="testCases.Queue_TestCase" name="queue2Impqueue" time="10.521"/>
  <testcase classname="testCases.Queue_TestCase" name="ImpCollection2tryeditor" time="5.509"/>
  <testcase classname="testCases.Queue_TestCase" name="ImpqueueInValidTryHereFunc" time="4.495"/>
  <testcase classname="testCases.Queue_TestCase" name="queueOpr2tryeditor" time="8.004"/>
  <testcase classname="testCases.Queue_TestCase" name="queue2queueOperation" time="5.655"/>
  <testcase classname="testCases.Queue_TestCase" name="Imparray2tryeditor" time="7.934"/>
  <testcase classname="testCases.Queue_TestCase" name="queue2Imparray" time="5.483"/>
  <testcase classname="testCases.Queue_TestCase" name="ImpqueueInValidTryHereFunc" time="6.669"/>
  <system-out>
    <![CDATA[Screenshot saved at: C:\Users\12017\Desktop\MurugaKaapathu\AS_testNG\screenshots\InvalidRegister.png
Screenshot saved at: C:\Users\12017\Desktop\MurugaKaapathu\AS_testNG\screenshots\InvalidRegister.png
Screenshot saved at: C:\Users\12017\Desktop\MurugaKaapathu\AS_testNG\screenshots\InvalidRegister.png
Screenshot saved at: C:\Users\12017\Desktop\MurugaKaapathu\AS_testNG\screenshots\EmptyTryeditorABT.png
Screenshot saved at: C:\Users\12017\Desktop\MurugaKaapathu\AS_testNG\screenshots\EmptyTryeditorBST.png
Screenshot saved at: C:\Users\12017\Desktop\MurugaKaapathu\AS_testNG\screenshots\EmptyTryeditorBT.png
Screenshot saved at: C:\Users\12017\Desktop\MurugaKaapathu\AS_testNG\screenshots\EmptyTryeditorBinTreeTrav.png
Screenshot saved at: C:\Users\12017\Desktop\MurugaKaapathu\AS_testNG\screenshots\EmptyTryeditorIBST.png
Screenshot saved at: C:\Users\12017\Desktop\MurugaKaapathu\AS_testNG\screenshots\EmptyTryeditorIBT.png
Screenshot saved at: C:\Users\12017\Desktop\MurugaKaapathu\AS_testNG\screenshots\EmptyTryeditorImpinBT.png
Screenshot saved at: C:\Users\12017\Desktop\MurugaKaapathu\AS_testNG\screenshots\EmptyTryeditorOverview.png
Screenshot saved at: C:\Users\12017\Desktop\MurugaKaapathu\AS_testNG\screenshots\EmptyTryeditorTerminologies.png
Screenshot saved at: C:\Users\12017\Desktop\MurugaKaapathu\AS_testNG\screenshots\EmptyTryeditorTravelsIllus.png
Screenshot saved at: C:\Users\12017\Desktop\MurugaKaapathu\AS_testNG\screenshots\EmptyTryeditorTreeTraversals.png
Screenshot saved at: C:\Users\12017\Desktop\MurugaKaapathu\AS_testNG\screenshots\EmptyTryeditorTypesofBT.png
Screenshot saved at: C:\Users\12017\Desktop\MurugaKaapathu\AS_testNG\screenshots\EmptyTryeditorTypesofTrees.png
Screenshot saved at: C:\Users\12017\Desktop\MurugaKaapathu\AS_testNG\screenshots\InvalidRegister.png
Screenshot saved at: C:\Users\12017\Desktop\MurugaKaapathu\AS_testNG\screenshots\InvalidRegister.png
Screenshot saved at: C:\Users\12017\Desktop\MurugaKaapathu\AS_testNG\screenshots\InvalidRegister.png
Screenshot saved at: C:\Users\12017\Desktop\MurugaKaapathu\AS_testNG\screenshots\EmptyTryeditorABT.png
Screenshot saved at: C:\Users\12017\Desktop\MurugaKaapathu\AS_testNG\screenshots\EmptyTryeditorBST.png
Screenshot saved at: C:\Users\12017\Desktop\MurugaKaapathu\AS_testNG\screenshots\EmptyTryeditorBT.png
Screenshot saved at: C:\Users\12017\Desktop\MurugaKaapathu\AS_testNG\screenshots\EmptyTryeditorBinTreeTrav.png
Screenshot saved at: C:\Users\12017\Desktop\MurugaKaapathu\AS_testNG\screenshots\EmptyTryeditorIBST.png
Screenshot saved at: C:\Users\12017\Desktop\MurugaKaapathu\AS_testNG\screenshots\EmptyTryeditorIBT.png
Screenshot saved at: C:\Users\12017\Desktop\MurugaKaapathu\AS_testNG\screenshots\EmptyTryeditorImpinBT.png
Screenshot saved at: C:\Users\12017\Desktop\MurugaKaapathu\AS_testNG\screenshots\EmptyTryeditorOverview.png
Screenshot saved at: C:\Users\12017\Desktop\MurugaKaapathu\AS_testNG\screenshots\EmptyTryeditorTerminologies.png
Screenshot saved at: C:\Users\12017\Desktop\MurugaKaapathu\AS_testNG\screenshots\EmptyTryeditorTravelsIllus.png
Screenshot saved at: C:\Users\12017\Desktop\MurugaKaapathu\AS_testNG\screenshots\EmptyTryeditorTreeTraversals.png
Screenshot saved at: C:\Users\12017\Desktop\MurugaKaapathu\AS_testNG\screenshots\EmptyTryeditorTypesofBT.png
Screenshot saved at: C:\Users\12017\Desktop\MurugaKaapathu\AS_testNG\screenshots\EmptyTryeditorTypesofTrees.png]]>
  </system-out>
</testsuite> <!-- testCases.Queue_TestCase -->
