<?xml version="1.0" encoding="UTF-8"?>
<!-- Generated by org.testng.reporters.JUnitReportReporter -->
<testsuite hostname="MyGenie" failures="14" tests="130" name="testCases.LinkedList_TestCase" time="771.130" errors="0" timestamp="2025-01-12T01:04:42 CST" skipped="42">
  <testcase classname="testCases.LinkedList_TestCase" name="TypesLL2TryEditor" time="5.867"/>
  <testcase classname="testCases.LinkedList_TestCase" name="DeletionEmptyTryHereFunc" time="6.123">
    <skipped/>
  </testcase> <!-- DeletionEmptyTryHereFunc -->
  <testcase classname="testCases.LinkedList_TestCase" name="DeletionInValidTryHereFunc" time="4.473"/>
  <testcase classname="testCases.LinkedList_TestCase" name="CreateLLEmptyTryHereFunc" time="6.526">
    <skipped/>
  </testcase> <!-- CreateLLEmptyTryHereFunc -->
  <testcase classname="testCases.LinkedList_TestCase" name="InsertionEmptyTryHereFunc" time="7.079">
    <skipped/>
  </testcase> <!-- InsertionEmptyTryHereFunc -->
  <testcase classname="testCases.LinkedList_TestCase" name="ImpLLValidTryHereFunc" time="7.136"/>
  <testcase classname="testCases.LinkedList_TestCase" name="DeletionInValidTryHereFunc" time="6.396"/>
  <testcase classname="testCases.LinkedList_TestCase" name="TypesLLEmptyTryHereFunc" time="5.454">
    <skipped/>
  </testcase> <!-- TypesLLEmptyTryHereFunc -->
  <testcase classname="testCases.LinkedList_TestCase" name="DeletionEmptyTryHereFunc" time="5.953">
    <skipped/>
  </testcase> <!-- DeletionEmptyTryHereFunc -->
  <testcase classname="testCases.LinkedList_TestCase" name="Traversal2TryEditor" time="6.154"/>
  <testcase classname="testCases.LinkedList_TestCase" name="LLIntroEmptyTryHereFunc" time="6.139">
    <skipped/>
  </testcase> <!-- LLIntroEmptyTryHereFunc -->
  <testcase classname="testCases.LinkedList_TestCase" name="CreateLLEmptyTryHereFunc" time="6.780">
    <skipped/>
  </testcase> <!-- CreateLLEmptyTryHereFunc -->
  <testcase classname="testCases.LinkedList_TestCase" name="TypesLLEmptyTryHereFunc" time="4.157">
    <skipped/>
  </testcase> <!-- TypesLLEmptyTryHereFunc -->
  <testcase classname="testCases.LinkedList_TestCase" name="TypesLL2TryEditor" time="4.583"/>
  <testcase classname="testCases.LinkedList_TestCase" name="LL2Insertion" time="4.420"/>
  <testcase classname="testCases.LinkedList_TestCase" name="ImpLLEmptyTryHereFunc" time="7.394">
    <skipped/>
  </testcase> <!-- ImpLLEmptyTryHereFunc -->
  <testcase classname="testCases.LinkedList_TestCase" name="DeletionValidTryHereFunc" time="6.276"/>
  <testcase classname="testCases.LinkedList_TestCase" name="CreateLLInValidTryHereFunc" time="9.348"/>
  <testcase classname="testCases.LinkedList_TestCase" name="ImpLLEmptyTryHereFunc" time="5.755">
    <skipped/>
  </testcase> <!-- ImpLLEmptyTryHereFunc -->
  <testcase classname="testCases.LinkedList_TestCase" name="TraversalEmptyTryHereFunc" time="5.037">
    <skipped/>
  </testcase> <!-- TraversalEmptyTryHereFunc -->
  <testcase classname="testCases.LinkedList_TestCase" name="CreateLLInValidTryHereFunc" time="6.815"/>
  <testcase classname="testCases.LinkedList_TestCase" name="InsertionInValidTryHereFunc" time="6.300"/>
  <testcase classname="testCases.LinkedList_TestCase" name="LLIntroEmptyTryHereFunc" time="5.658">
    <skipped/>
  </testcase> <!-- LLIntroEmptyTryHereFunc -->
  <testcase classname="testCases.LinkedList_TestCase" name="DeletionValidTryHereFunc" time="6.554"/>
  <testcase classname="testCases.LinkedList_TestCase" name="CreateLLInValidTryHereFunc" time="6.001"/>
  <testcase classname="testCases.LinkedList_TestCase" name="ImpLL2TryEditor" time="8.855"/>
  <testcase classname="testCases.LinkedList_TestCase" name="LLlogout" time="5.084"/>
  <testcase classname="testCases.LinkedList_TestCase" name="LLIntro2TryEditor" time="7.138"/>
  <testcase classname="testCases.LinkedList_TestCase" name="LL2ImpLL" time="4.024"/>
  <testcase classname="testCases.LinkedList_TestCase" name="ImpLLInValidTryHereFunc" time="6.924"/>
  <testcase classname="testCases.LinkedList_TestCase" name="LL2Intro" time="4.459"/>
  <testcase classname="testCases.LinkedList_TestCase" name="CreateLLEmptyTryHereFunc" time="6.488">
    <failure message="Alert is not present" type="java.lang.AssertionError">
      <![CDATA[java.lang.AssertionError: Alert is not present
at org.testng.Assert.fail(Assert.java:111)
at testCases.LinkedList_TestCase.CreateLLEmptyTryHereFunc(LinkedList_TestCase.java:222)
at java.base/jdk.internal.reflect.DirectMethodHandleAccessor.invoke(DirectMethodHandleAccessor.java:103)
at java.base/java.lang.reflect.Method.invoke(Method.java:580)
at org.testng.internal.invokers.MethodInvocationHelper.invokeMethod(MethodInvocationHelper.java:141)
at org.testng.internal.invokers.TestInvoker.invokeMethod(TestInvoker.java:686)
at org.testng.internal.invokers.TestInvoker.retryFailed(TestInvoker.java:269)
at org.testng.internal.invokers.MethodRunner.runInSequence(MethodRunner.java:76)
at org.testng.internal.invokers.TestInvoker$MethodInvocationAgent.invoke(TestInvoker.java:992)
at org.testng.internal.invokers.TestInvoker.invokeTestMethods(TestInvoker.java:203)
at org.testng.internal.invokers.TestMethodWorker.invokeTestMethods(TestMethodWorker.java:154)
at org.testng.internal.invokers.TestMethodWorker.run(TestMethodWorker.java:134)
at java.base/java.util.concurrent.Executors$RunnableAdapter.call(Executors.java:572)
at java.base/java.util.concurrent.FutureTask.run(FutureTask.java:317)
at org.testng.internal.thread.graph.TestNGFutureTask.run(TestNGFutureTask.java:22)
at java.base/java.util.concurrent.ThreadPoolExecutor.runWorker(ThreadPoolExecutor.java:1144)
at java.base/java.util.concurrent.ThreadPoolExecutor$Worker.run(ThreadPoolExecutor.java:642)
at java.base/java.lang.Thread.run(Thread.java:1583)
]]>
    </failure>
    <system-out>
      <![CDATA[Screenshot saved at: C:\Users\madhu\OneDrive\Desktop\SDET\AS_TestNG\.\screenshots\CreateLLEmptyTryHereFunc.png
<a href='C:\Users\madhu\OneDrive\Desktop\SDET\AS_TestNG\screenshots\CreateLLEmptyTryHereFunc.png'> <img src='C:\Users\madhu\OneDrive\Desktop\SDET\AS_TestNG\screenshots\CreateLLEmptyTryHereFunc.png' height='100' width='100'/> </a>]]>
    </system-out>
  </testcase> <!-- CreateLLEmptyTryHereFunc -->
  <testcase classname="testCases.LinkedList_TestCase" name="LL2Intro" time="4.493"/>
  <testcase classname="testCases.LinkedList_TestCase" name="DeletionEmptyTryHereFunc" time="8.298">
    <skipped/>
  </testcase> <!-- DeletionEmptyTryHereFunc -->
  <testcase classname="testCases.LinkedList_TestCase" name="TraversalInValidTryHereFunc" time="6.514"/>
  <testcase classname="testCases.LinkedList_TestCase" name="ImpLLInValidTryHereFunc" time="6.314"/>
  <testcase classname="testCases.LinkedList_TestCase" name="ImpLLInValidTryHereFunc" time="4.546"/>
  <testcase classname="testCases.LinkedList_TestCase" name="TraversalEmptyTryHereFunc" time="4.052">
    <skipped/>
  </testcase> <!-- TraversalEmptyTryHereFunc -->
  <testcase classname="testCases.LinkedList_TestCase" name="InsertionEmptyTryHereFunc" time="6.508">
    <skipped/>
  </testcase> <!-- InsertionEmptyTryHereFunc -->
  <testcase classname="testCases.LinkedList_TestCase" name="TypesLLInValidTryHereFunc" time="6.508"/>
  <testcase classname="testCases.LinkedList_TestCase" name="LLIntroInValidTryHereFunc" time="3.724"/>
  <testcase classname="testCases.LinkedList_TestCase" name="TypesLLInValidTryHereFunc" time="5.539"/>
  <testcase classname="testCases.LinkedList_TestCase" name="LL2TypesLL" time="5.348"/>
  <testcase classname="testCases.LinkedList_TestCase" name="CreateLLEmptyTryHereFunc" time="6.974">
    <skipped/>
  </testcase> <!-- CreateLLEmptyTryHereFunc -->
  <testcase classname="testCases.LinkedList_TestCase" name="LLIntro2TryEditor" time="3.883"/>
  <testcase classname="testCases.LinkedList_TestCase" name="LLIntroEmptyTryHereFunc" time="4.114">
    <skipped/>
  </testcase> <!-- LLIntroEmptyTryHereFunc -->
  <testcase classname="testCases.LinkedList_TestCase" name="LLIntroInValidTryHereFunc" time="6.252"/>
  <testcase classname="testCases.LinkedList_TestCase" name="DeletionInValidTryHereFunc" time="6.539"/>
  <testcase classname="testCases.LinkedList_TestCase" name="TraversalInValidTryHereFunc" time="4.509"/>
  <testcase classname="testCases.LinkedList_TestCase" name="LL2Deletion" time="7.370"/>
  <testcase classname="testCases.LinkedList_TestCase" name="CreateLLEmptyTryHereFunc" time="6.928">
    <skipped/>
  </testcase> <!-- CreateLLEmptyTryHereFunc -->
  <testcase classname="testCases.LinkedList_TestCase" name="TraversalInValidTryHereFunc" time="3.888"/>
  <testcase classname="testCases.LinkedList_TestCase" name="CreateLLEmptyTryHereFunc" time="8.435">
    <skipped/>
  </testcase> <!-- CreateLLEmptyTryHereFunc -->
  <testcase classname="testCases.LinkedList_TestCase" name="LLlogout" time="3.208"/>
  <testcase classname="testCases.LinkedList_TestCase" name="DeletionInValidTryHereFunc" time="4.832"/>
  <testcase classname="testCases.LinkedList_TestCase" name="TraversalEmptyTryHereFunc" time="3.225">
    <skipped/>
  </testcase> <!-- TraversalEmptyTryHereFunc -->
  <testcase classname="testCases.LinkedList_TestCase" name="Insertion2TryEditor" time="3.899"/>
  <testcase classname="testCases.LinkedList_TestCase" name="LL2Traversal" time="3.211"/>
  <testcase classname="testCases.LinkedList_TestCase" name="CreateLLValidTryHereFunc" time="10.611"/>
  <testcase classname="testCases.LinkedList_TestCase" name="LL2TypesLL" time="3.302"/>
  <testcase classname="testCases.LinkedList_TestCase" name="TypesLLEmptyTryHereFunc" time="7.262">
    <failure message="Alert is not present" type="java.lang.AssertionError">
      <![CDATA[java.lang.AssertionError: Alert is not present
at org.testng.Assert.fail(Assert.java:111)
at testCases.LinkedList_TestCase.TypesLLEmptyTryHereFunc(LinkedList_TestCase.java:284)
at java.base/jdk.internal.reflect.DirectMethodHandleAccessor.invoke(DirectMethodHandleAccessor.java:103)
at java.base/java.lang.reflect.Method.invoke(Method.java:580)
at org.testng.internal.invokers.MethodInvocationHelper.invokeMethod(MethodInvocationHelper.java:141)
at org.testng.internal.invokers.TestInvoker.invokeMethod(TestInvoker.java:686)
at org.testng.internal.invokers.TestInvoker.retryFailed(TestInvoker.java:269)
at org.testng.internal.invokers.MethodRunner.runInSequence(MethodRunner.java:76)
at org.testng.internal.invokers.TestInvoker$MethodInvocationAgent.invoke(TestInvoker.java:992)
at org.testng.internal.invokers.TestInvoker.invokeTestMethods(TestInvoker.java:203)
at org.testng.internal.invokers.TestMethodWorker.invokeTestMethods(TestMethodWorker.java:154)
at org.testng.internal.invokers.TestMethodWorker.run(TestMethodWorker.java:134)
at java.base/java.util.concurrent.Executors$RunnableAdapter.call(Executors.java:572)
at java.base/java.util.concurrent.FutureTask.run(FutureTask.java:317)
at org.testng.internal.thread.graph.TestNGFutureTask.run(TestNGFutureTask.java:22)
at java.base/java.util.concurrent.ThreadPoolExecutor.runWorker(ThreadPoolExecutor.java:1144)
at java.base/java.util.concurrent.ThreadPoolExecutor$Worker.run(ThreadPoolExecutor.java:642)
at java.base/java.lang.Thread.run(Thread.java:1583)
]]>
    </failure>
    <system-out>
      <![CDATA[Screenshot saved at: C:\Users\madhu\OneDrive\Desktop\SDET\AS_TestNG\.\screenshots\TypesLLEmptyTryHereFunc.png
<a href='C:\Users\madhu\OneDrive\Desktop\SDET\AS_TestNG\screenshots\TypesLLEmptyTryHereFunc.png'> <img src='C:\Users\madhu\OneDrive\Desktop\SDET\AS_TestNG\screenshots\TypesLLEmptyTryHereFunc.png' height='100' width='100'/> </a>]]>
    </system-out>
  </testcase> <!-- TypesLLEmptyTryHereFunc -->
  <testcase classname="testCases.LinkedList_TestCase" name="TypesLLEmptyTryHereFunc" time="5.074">
    <skipped/>
  </testcase> <!-- TypesLLEmptyTryHereFunc -->
  <testcase classname="testCases.LinkedList_TestCase" name="ImpLLEmptyTryHereFunc" time="5.429">
    <skipped/>
  </testcase> <!-- ImpLLEmptyTryHereFunc -->
  <testcase classname="testCases.LinkedList_TestCase" name="InsertionValidTryHereFunc" time="8.084"/>
  <testcase classname="testCases.LinkedList_TestCase" name="CreateLLInValidTryHereFunc" time="5.932"/>
  <testcase classname="testCases.LinkedList_TestCase" name="TraversalValidTryHereFunc" time="4.182"/>
  <testcase classname="testCases.LinkedList_TestCase" name="InsertionEmptyTryHereFunc" time="6.110">
    <skipped/>
  </testcase> <!-- InsertionEmptyTryHereFunc -->
  <testcase classname="testCases.LinkedList_TestCase" name="DeletionEmptyTryHereFunc" time="5.382">
    <failure message="Alert is not present" type="java.lang.AssertionError">
      <![CDATA[java.lang.AssertionError: Alert is not present
at org.testng.Assert.fail(Assert.java:111)
at testCases.LinkedList_TestCase.DeletionEmptyTryHereFunc(LinkedList_TestCase.java:533)
at java.base/jdk.internal.reflect.DirectMethodHandleAccessor.invoke(DirectMethodHandleAccessor.java:103)
at java.base/java.lang.reflect.Method.invoke(Method.java:580)
at org.testng.internal.invokers.MethodInvocationHelper.invokeMethod(MethodInvocationHelper.java:141)
at org.testng.internal.invokers.TestInvoker.invokeMethod(TestInvoker.java:686)
at org.testng.internal.invokers.TestInvoker.retryFailed(TestInvoker.java:269)
at org.testng.internal.invokers.MethodRunner.runInSequence(MethodRunner.java:76)
at org.testng.internal.invokers.TestInvoker$MethodInvocationAgent.invoke(TestInvoker.java:992)
at org.testng.internal.invokers.TestInvoker.invokeTestMethods(TestInvoker.java:203)
at org.testng.internal.invokers.TestMethodWorker.invokeTestMethods(TestMethodWorker.java:154)
at org.testng.internal.invokers.TestMethodWorker.run(TestMethodWorker.java:134)
at java.base/java.util.concurrent.Executors$RunnableAdapter.call(Executors.java:572)
at java.base/java.util.concurrent.FutureTask.run(FutureTask.java:317)
at org.testng.internal.thread.graph.TestNGFutureTask.run(TestNGFutureTask.java:22)
at java.base/java.util.concurrent.ThreadPoolExecutor.runWorker(ThreadPoolExecutor.java:1144)
at java.base/java.util.concurrent.ThreadPoolExecutor$Worker.run(ThreadPoolExecutor.java:642)
at java.base/java.lang.Thread.run(Thread.java:1583)
]]>
    </failure>
    <system-out>
      <![CDATA[Screenshot saved at: C:\Users\madhu\OneDrive\Desktop\SDET\AS_TestNG\.\screenshots\DeletionEmptyTryHereFunc.png
<a href='C:\Users\madhu\OneDrive\Desktop\SDET\AS_TestNG\screenshots\DeletionEmptyTryHereFunc.png'> <img src='C:\Users\madhu\OneDrive\Desktop\SDET\AS_TestNG\screenshots\DeletionEmptyTryHereFunc.png' height='100' width='100'/> </a>]]>
    </system-out>
  </testcase> <!-- DeletionEmptyTryHereFunc -->
  <testcase classname="testCases.LinkedList_TestCase" name="DeletionEmptyTryHereFunc" time="4.837">
    <skipped/>
  </testcase> <!-- DeletionEmptyTryHereFunc -->
  <testcase classname="testCases.LinkedList_TestCase" name="InsertionEmptyTryHereFunc" time="4.153">
    <skipped/>
  </testcase> <!-- InsertionEmptyTryHereFunc -->
  <testcase classname="testCases.LinkedList_TestCase" name="ImpLLEmptyTryHereFunc" time="4.459">
    <skipped/>
  </testcase> <!-- ImpLLEmptyTryHereFunc -->
  <testcase classname="testCases.LinkedList_TestCase" name="LL2Traversal" time="13.093"/>
  <testcase classname="testCases.LinkedList_TestCase" name="LL2CreateLL" time="3.512"/>
  <testcase classname="testCases.LinkedList_TestCase" name="CreateLLEmptyTryHereFunc" time="7.165">
    <failure message="Alert is not present" type="java.lang.AssertionError">
      <![CDATA[java.lang.AssertionError: Alert is not present
at org.testng.Assert.fail(Assert.java:111)
at testCases.LinkedList_TestCase.CreateLLEmptyTryHereFunc(LinkedList_TestCase.java:222)
at java.base/jdk.internal.reflect.DirectMethodHandleAccessor.invoke(DirectMethodHandleAccessor.java:103)
at java.base/java.lang.reflect.Method.invoke(Method.java:580)
at org.testng.internal.invokers.MethodInvocationHelper.invokeMethod(MethodInvocationHelper.java:141)
at org.testng.internal.invokers.TestInvoker.invokeMethod(TestInvoker.java:686)
at org.testng.internal.invokers.TestInvoker.retryFailed(TestInvoker.java:269)
at org.testng.internal.invokers.MethodRunner.runInSequence(MethodRunner.java:76)
at org.testng.internal.invokers.TestInvoker$MethodInvocationAgent.invoke(TestInvoker.java:992)
at org.testng.internal.invokers.TestInvoker.invokeTestMethods(TestInvoker.java:203)
at org.testng.internal.invokers.TestMethodWorker.invokeTestMethods(TestMethodWorker.java:154)
at org.testng.internal.invokers.TestMethodWorker.run(TestMethodWorker.java:134)
at java.base/java.util.concurrent.Executors$RunnableAdapter.call(Executors.java:572)
at java.base/java.util.concurrent.FutureTask.run(FutureTask.java:317)
at org.testng.internal.thread.graph.TestNGFutureTask.run(TestNGFutureTask.java:22)
at java.base/java.util.concurrent.ThreadPoolExecutor.runWorker(ThreadPoolExecutor.java:1144)
at java.base/java.util.concurrent.ThreadPoolExecutor$Worker.run(ThreadPoolExecutor.java:642)
at java.base/java.lang.Thread.run(Thread.java:1583)
]]>
    </failure>
    <system-out>
      <![CDATA[Screenshot saved at: C:\Users\madhu\OneDrive\Desktop\SDET\AS_TestNG\.\screenshots\CreateLLEmptyTryHereFunc.png
<a href='C:\Users\madhu\OneDrive\Desktop\SDET\AS_TestNG\screenshots\CreateLLEmptyTryHereFunc.png'> <img src='C:\Users\madhu\OneDrive\Desktop\SDET\AS_TestNG\screenshots\CreateLLEmptyTryHereFunc.png' height='100' width='100'/> </a>]]>
    </system-out>
  </testcase> <!-- CreateLLEmptyTryHereFunc -->
  <testcase classname="testCases.LinkedList_TestCase" name="ImpLLValidTryHereFunc" time="6.434"/>
  <testcase classname="testCases.LinkedList_TestCase" name="LL2Insertion" time="3.003"/>
  <testcase classname="testCases.LinkedList_TestCase" name="LLIntroValidTryHereFunc" time="9.842"/>
  <testcase classname="testCases.LinkedList_TestCase" name="InsertionInValidTryHereFunc" time="9.592"/>
  <testcase classname="testCases.LinkedList_TestCase" name="ImpLLEmptyTryHereFunc" time="4.481">
    <skipped/>
  </testcase> <!-- ImpLLEmptyTryHereFunc -->
  <testcase classname="testCases.LinkedList_TestCase" name="LL2CreateLL" time="5.539"/>
  <testcase classname="testCases.LinkedList_TestCase" name="TypesLLInValidTryHereFunc" time="7.163"/>
  <testcase classname="testCases.LinkedList_TestCase" name="DeletionEmptyTryHereFunc" time="4.371">
    <skipped/>
  </testcase> <!-- DeletionEmptyTryHereFunc -->
  <testcase classname="testCases.LinkedList_TestCase" name="ImpLLEmptyTryHereFunc" time="5.847">
    <failure message="Alert is not present" type="java.lang.AssertionError">
      <![CDATA[java.lang.AssertionError: Alert is not present
at org.testng.Assert.fail(Assert.java:111)
at testCases.LinkedList_TestCase.ImpLLEmptyTryHereFunc(LinkedList_TestCase.java:346)
at java.base/jdk.internal.reflect.DirectMethodHandleAccessor.invoke(DirectMethodHandleAccessor.java:103)
at java.base/java.lang.reflect.Method.invoke(Method.java:580)
at org.testng.internal.invokers.MethodInvocationHelper.invokeMethod(MethodInvocationHelper.java:141)
at org.testng.internal.invokers.TestInvoker.invokeMethod(TestInvoker.java:686)
at org.testng.internal.invokers.TestInvoker.retryFailed(TestInvoker.java:269)
at org.testng.internal.invokers.MethodRunner.runInSequence(MethodRunner.java:76)
at org.testng.internal.invokers.TestInvoker$MethodInvocationAgent.invoke(TestInvoker.java:992)
at org.testng.internal.invokers.TestInvoker.invokeTestMethods(TestInvoker.java:203)
at org.testng.internal.invokers.TestMethodWorker.invokeTestMethods(TestMethodWorker.java:154)
at org.testng.internal.invokers.TestMethodWorker.run(TestMethodWorker.java:134)
at java.base/java.util.concurrent.Executors$RunnableAdapter.call(Executors.java:572)
at java.base/java.util.concurrent.FutureTask.run(FutureTask.java:317)
at org.testng.internal.thread.graph.TestNGFutureTask.run(TestNGFutureTask.java:22)
at java.base/java.util.concurrent.ThreadPoolExecutor.runWorker(ThreadPoolExecutor.java:1144)
at java.base/java.util.concurrent.ThreadPoolExecutor$Worker.run(ThreadPoolExecutor.java:642)
at java.base/java.lang.Thread.run(Thread.java:1583)
]]>
    </failure>
    <system-out>
      <![CDATA[Screenshot saved at: C:\Users\madhu\OneDrive\Desktop\SDET\AS_TestNG\.\screenshots\ImpLLEmptyTryHereFunc.png
<a href='C:\Users\madhu\OneDrive\Desktop\SDET\AS_TestNG\screenshots\ImpLLEmptyTryHereFunc.png'> <img src='C:\Users\madhu\OneDrive\Desktop\SDET\AS_TestNG\screenshots\ImpLLEmptyTryHereFunc.png' height='100' width='100'/> </a>]]>
    </system-out>
  </testcase> <!-- ImpLLEmptyTryHereFunc -->
  <testcase classname="testCases.LinkedList_TestCase" name="LLIntroEmptyTryHereFunc" time="4.005">
    <failure message="Alert is not present" type="java.lang.AssertionError">
      <![CDATA[java.lang.AssertionError: Alert is not present
at org.testng.Assert.fail(Assert.java:111)
at testCases.LinkedList_TestCase.LLIntroEmptyTryHereFunc(LinkedList_TestCase.java:159)
at java.base/jdk.internal.reflect.DirectMethodHandleAccessor.invoke(DirectMethodHandleAccessor.java:103)
at java.base/java.lang.reflect.Method.invoke(Method.java:580)
at org.testng.internal.invokers.MethodInvocationHelper.invokeMethod(MethodInvocationHelper.java:141)
at org.testng.internal.invokers.TestInvoker.invokeMethod(TestInvoker.java:686)
at org.testng.internal.invokers.TestInvoker.retryFailed(TestInvoker.java:269)
at org.testng.internal.invokers.MethodRunner.runInSequence(MethodRunner.java:76)
at org.testng.internal.invokers.TestInvoker$MethodInvocationAgent.invoke(TestInvoker.java:992)
at org.testng.internal.invokers.TestInvoker.invokeTestMethods(TestInvoker.java:203)
at org.testng.internal.invokers.TestMethodWorker.invokeTestMethods(TestMethodWorker.java:154)
at org.testng.internal.invokers.TestMethodWorker.run(TestMethodWorker.java:134)
at java.base/java.util.concurrent.Executors$RunnableAdapter.call(Executors.java:572)
at java.base/java.util.concurrent.FutureTask.run(FutureTask.java:317)
at org.testng.internal.thread.graph.TestNGFutureTask.run(TestNGFutureTask.java:22)
at java.base/java.util.concurrent.ThreadPoolExecutor.runWorker(ThreadPoolExecutor.java:1144)
at java.base/java.util.concurrent.ThreadPoolExecutor$Worker.run(ThreadPoolExecutor.java:642)
at java.base/java.lang.Thread.run(Thread.java:1583)
]]>
    </failure>
    <system-out>
      <![CDATA[Screenshot saved at: C:\Users\madhu\OneDrive\Desktop\SDET\AS_TestNG\.\screenshots\LLIntroEmptyTryHereFunc.png
<a href='C:\Users\madhu\OneDrive\Desktop\SDET\AS_TestNG\screenshots\LLIntroEmptyTryHereFunc.png'> <img src='C:\Users\madhu\OneDrive\Desktop\SDET\AS_TestNG\screenshots\LLIntroEmptyTryHereFunc.png' height='100' width='100'/> </a>]]>
    </system-out>
  </testcase> <!-- LLIntroEmptyTryHereFunc -->
  <testcase classname="testCases.LinkedList_TestCase" name="LLIntroEmptyTryHereFunc" time="5.462">
    <skipped/>
  </testcase> <!-- LLIntroEmptyTryHereFunc -->
  <testcase classname="testCases.LinkedList_TestCase" name="TypesLLValidTryHereFunc" time="5.654"/>
  <testcase classname="testCases.LinkedList_TestCase" name="TraversalEmptyTryHereFunc" time="6.449">
    <skipped/>
  </testcase> <!-- TraversalEmptyTryHereFunc -->
  <testcase classname="testCases.LinkedList_TestCase" name="DeletionEmptyTryHereFunc" time="4.534">
    <skipped/>
  </testcase> <!-- DeletionEmptyTryHereFunc -->
  <testcase classname="testCases.LinkedList_TestCase" name="ImpLLEmptyTryHereFunc" time="8.723">
    <skipped/>
  </testcase> <!-- ImpLLEmptyTryHereFunc -->
  <testcase classname="testCases.LinkedList_TestCase" name="TraversalEmptyTryHereFunc" time="5.984">
    <skipped/>
  </testcase> <!-- TraversalEmptyTryHereFunc -->
  <testcase classname="testCases.LinkedList_TestCase" name="ImpLL2TryEditor" time="4.947"/>
  <testcase classname="testCases.LinkedList_TestCase" name="InsertionInValidTryHereFunc" time="6.944"/>
  <testcase classname="testCases.LinkedList_TestCase" name="LLIntroInValidTryHereFunc" time="5.929"/>
  <testcase classname="testCases.LinkedList_TestCase" name="DeletionEmptyTryHereFunc" time="6.794">
    <failure message="Alert is not present" type="java.lang.AssertionError">
      <![CDATA[java.lang.AssertionError: Alert is not present
at org.testng.Assert.fail(Assert.java:111)
at testCases.LinkedList_TestCase.DeletionEmptyTryHereFunc(LinkedList_TestCase.java:533)
at java.base/jdk.internal.reflect.DirectMethodHandleAccessor.invoke(DirectMethodHandleAccessor.java:103)
at java.base/java.lang.reflect.Method.invoke(Method.java:580)
at org.testng.internal.invokers.MethodInvocationHelper.invokeMethod(MethodInvocationHelper.java:141)
at org.testng.internal.invokers.TestInvoker.invokeMethod(TestInvoker.java:686)
at org.testng.internal.invokers.TestInvoker.retryFailed(TestInvoker.java:269)
at org.testng.internal.invokers.MethodRunner.runInSequence(MethodRunner.java:76)
at org.testng.internal.invokers.TestInvoker$MethodInvocationAgent.invoke(TestInvoker.java:992)
at org.testng.internal.invokers.TestInvoker.invokeTestMethods(TestInvoker.java:203)
at org.testng.internal.invokers.TestMethodWorker.invokeTestMethods(TestMethodWorker.java:154)
at org.testng.internal.invokers.TestMethodWorker.run(TestMethodWorker.java:134)
at java.base/java.util.concurrent.Executors$RunnableAdapter.call(Executors.java:572)
at java.base/java.util.concurrent.FutureTask.run(FutureTask.java:317)
at org.testng.internal.thread.graph.TestNGFutureTask.run(TestNGFutureTask.java:22)
at java.base/java.util.concurrent.ThreadPoolExecutor.runWorker(ThreadPoolExecutor.java:1144)
at java.base/java.util.concurrent.ThreadPoolExecutor$Worker.run(ThreadPoolExecutor.java:642)
at java.base/java.lang.Thread.run(Thread.java:1583)
]]>
    </failure>
    <system-out>
      <![CDATA[Screenshot saved at: C:\Users\madhu\OneDrive\Desktop\SDET\AS_TestNG\.\screenshots\DeletionEmptyTryHereFunc.png
<a href='C:\Users\madhu\OneDrive\Desktop\SDET\AS_TestNG\screenshots\DeletionEmptyTryHereFunc.png'> <img src='C:\Users\madhu\OneDrive\Desktop\SDET\AS_TestNG\screenshots\DeletionEmptyTryHereFunc.png' height='100' width='100'/> </a>]]>
    </system-out>
  </testcase> <!-- DeletionEmptyTryHereFunc -->
  <testcase classname="testCases.LinkedList_TestCase" name="CreateLLValidTryHereFunc" time="6.542"/>
  <testcase classname="testCases.LinkedList_TestCase" name="LL2Deletion" time="4.001"/>
  <testcase classname="testCases.LinkedList_TestCase" name="Deletion2TryEditor" time="10.852"/>
  <testcase classname="testCases.LinkedList_TestCase" name="TraversalEmptyTryHereFunc" time="5.325">
    <skipped/>
  </testcase> <!-- TraversalEmptyTryHereFunc -->
  <testcase classname="testCases.LinkedList_TestCase" name="InsertionEmptyTryHereFunc" time="6.816">
    <skipped/>
  </testcase> <!-- InsertionEmptyTryHereFunc -->
  <testcase classname="testCases.LinkedList_TestCase" name="InsertionEmptyTryHereFunc" time="6.119">
    <failure message="Alert is not present" type="java.lang.AssertionError">
      <![CDATA[java.lang.AssertionError: Alert is not present
at org.testng.Assert.fail(Assert.java:111)
at testCases.LinkedList_TestCase.InsertionEmptyTryHereFunc(LinkedList_TestCase.java:471)
at java.base/jdk.internal.reflect.DirectMethodHandleAccessor.invoke(DirectMethodHandleAccessor.java:103)
at java.base/java.lang.reflect.Method.invoke(Method.java:580)
at org.testng.internal.invokers.MethodInvocationHelper.invokeMethod(MethodInvocationHelper.java:141)
at org.testng.internal.invokers.TestInvoker.invokeMethod(TestInvoker.java:686)
at org.testng.internal.invokers.TestInvoker.retryFailed(TestInvoker.java:269)
at org.testng.internal.invokers.MethodRunner.runInSequence(MethodRunner.java:76)
at org.testng.internal.invokers.TestInvoker$MethodInvocationAgent.invoke(TestInvoker.java:992)
at org.testng.internal.invokers.TestInvoker.invokeTestMethods(TestInvoker.java:203)
at org.testng.internal.invokers.TestMethodWorker.invokeTestMethods(TestMethodWorker.java:154)
at org.testng.internal.invokers.TestMethodWorker.run(TestMethodWorker.java:134)
at java.base/java.util.concurrent.Executors$RunnableAdapter.call(Executors.java:572)
at java.base/java.util.concurrent.FutureTask.run(FutureTask.java:317)
at org.testng.internal.thread.graph.TestNGFutureTask.run(TestNGFutureTask.java:22)
at java.base/java.util.concurrent.ThreadPoolExecutor.runWorker(ThreadPoolExecutor.java:1144)
at java.base/java.util.concurrent.ThreadPoolExecutor$Worker.run(ThreadPoolExecutor.java:642)
at java.base/java.lang.Thread.run(Thread.java:1583)
]]>
    </failure>
    <system-out>
      <![CDATA[Screenshot saved at: C:\Users\madhu\OneDrive\Desktop\SDET\AS_TestNG\.\screenshots\InsertionEmptyTryHereFunc.png
<a href='C:\Users\madhu\OneDrive\Desktop\SDET\AS_TestNG\screenshots\InsertionEmptyTryHereFunc.png'> <img src='C:\Users\madhu\OneDrive\Desktop\SDET\AS_TestNG\screenshots\InsertionEmptyTryHereFunc.png' height='100' width='100'/> </a>]]>
    </system-out>
  </testcase> <!-- InsertionEmptyTryHereFunc -->
  <testcase classname="testCases.LinkedList_TestCase" name="TraversalEmptyTryHereFunc" time="6.201">
    <failure message="Alert is not present" type="java.lang.AssertionError">
      <![CDATA[java.lang.AssertionError: Alert is not present
at org.testng.Assert.fail(Assert.java:111)
at testCases.LinkedList_TestCase.TraversalEmptyTryHereFunc(LinkedList_TestCase.java:409)
at java.base/jdk.internal.reflect.DirectMethodHandleAccessor.invoke(DirectMethodHandleAccessor.java:103)
at java.base/java.lang.reflect.Method.invoke(Method.java:580)
at org.testng.internal.invokers.MethodInvocationHelper.invokeMethod(MethodInvocationHelper.java:141)
at org.testng.internal.invokers.TestInvoker.invokeMethod(TestInvoker.java:686)
at org.testng.internal.invokers.TestInvoker.retryFailed(TestInvoker.java:269)
at org.testng.internal.invokers.MethodRunner.runInSequence(MethodRunner.java:76)
at org.testng.internal.invokers.TestInvoker$MethodInvocationAgent.invoke(TestInvoker.java:992)
at org.testng.internal.invokers.TestInvoker.invokeTestMethods(TestInvoker.java:203)
at org.testng.internal.invokers.TestMethodWorker.invokeTestMethods(TestMethodWorker.java:154)
at org.testng.internal.invokers.TestMethodWorker.run(TestMethodWorker.java:134)
at java.base/java.util.concurrent.Executors$RunnableAdapter.call(Executors.java:572)
at java.base/java.util.concurrent.FutureTask.run(FutureTask.java:317)
at org.testng.internal.thread.graph.TestNGFutureTask.run(TestNGFutureTask.java:22)
at java.base/java.util.concurrent.ThreadPoolExecutor.runWorker(ThreadPoolExecutor.java:1144)
at java.base/java.util.concurrent.ThreadPoolExecutor$Worker.run(ThreadPoolExecutor.java:642)
at java.base/java.lang.Thread.run(Thread.java:1583)
]]>
    </failure>
    <system-out>
      <![CDATA[Screenshot saved at: C:\Users\madhu\OneDrive\Desktop\SDET\AS_TestNG\.\screenshots\TraversalEmptyTryHereFunc.png
<a href='C:\Users\madhu\OneDrive\Desktop\SDET\AS_TestNG\screenshots\TraversalEmptyTryHereFunc.png'> <img src='C:\Users\madhu\OneDrive\Desktop\SDET\AS_TestNG\screenshots\TraversalEmptyTryHereFunc.png' height='100' width='100'/> </a>]]>
    </system-out>
  </testcase> <!-- TraversalEmptyTryHereFunc -->
  <testcase classname="testCases.LinkedList_TestCase" name="LLIntroEmptyTryHereFunc" time="4.012">
    <skipped/>
  </testcase> <!-- LLIntroEmptyTryHereFunc -->
  <testcase classname="testCases.LinkedList_TestCase" name="Insertion2TryEditor" time="5.573"/>
  <testcase classname="testCases.LinkedList_TestCase" name="InsertionValidTryHereFunc" time="6.521"/>
  <testcase classname="testCases.LinkedList_TestCase" name="LLIntroInValidTryHereFunc" time="4.405"/>
  <testcase classname="testCases.LinkedList_TestCase" name="CreateLLEmptyTryHereFunc" time="6.681">
    <skipped/>
  </testcase> <!-- CreateLLEmptyTryHereFunc -->
  <testcase classname="testCases.LinkedList_TestCase" name="Traversal2TryEditor" time="4.239"/>
  <testcase classname="testCases.LinkedList_TestCase" name="CreateLL2TryEditor" time="11.108"/>
  <testcase classname="testCases.LinkedList_TestCase" name="TypesLLInValidTryHereFunc" time="12.474"/>
  <testcase classname="testCases.LinkedList_TestCase" name="LLIntro2PracticeQues" time="8.518"/>
  <testcase classname="testCases.LinkedList_TestCase" name="LLIntroEmptyTryHereFunc" time="3.559">
    <skipped/>
  </testcase> <!-- LLIntroEmptyTryHereFunc -->
  <testcase classname="testCases.LinkedList_TestCase" name="ImpLLInValidTryHereFunc" time="4.702"/>
  <testcase classname="testCases.LinkedList_TestCase" name="InsertionInValidTryHereFunc" time="4.186"/>
  <testcase classname="testCases.LinkedList_TestCase" name="Deletion2TryEditor" time="6.049"/>
  <testcase classname="testCases.LinkedList_TestCase" name="LLIntroValidTryHereFunc" time="5.642"/>
  <testcase classname="testCases.LinkedList_TestCase" name="TypesLLEmptyTryHereFunc" time="3.750">
    <skipped/>
  </testcase> <!-- TypesLLEmptyTryHereFunc -->
  <testcase classname="testCases.LinkedList_TestCase" name="TypesLLValidTryHereFunc" time="6.077"/>
  <testcase classname="testCases.LinkedList_TestCase" name="LL2ImpLL" time="6.400"/>
  <testcase classname="testCases.LinkedList_TestCase" name="TypesLLEmptyTryHereFunc" time="6.538">
    <skipped/>
  </testcase> <!-- TypesLLEmptyTryHereFunc -->
  <testcase classname="testCases.LinkedList_TestCase" name="TypesLLEmptyTryHereFunc" time="3.723">
    <failure message="Alert is not present" type="java.lang.AssertionError">
      <![CDATA[java.lang.AssertionError: Alert is not present
at org.testng.Assert.fail(Assert.java:111)
at testCases.LinkedList_TestCase.TypesLLEmptyTryHereFunc(LinkedList_TestCase.java:284)
at java.base/jdk.internal.reflect.DirectMethodHandleAccessor.invoke(DirectMethodHandleAccessor.java:103)
at java.base/java.lang.reflect.Method.invoke(Method.java:580)
at org.testng.internal.invokers.MethodInvocationHelper.invokeMethod(MethodInvocationHelper.java:141)
at org.testng.internal.invokers.TestInvoker.invokeMethod(TestInvoker.java:686)
at org.testng.internal.invokers.TestInvoker.retryFailed(TestInvoker.java:269)
at org.testng.internal.invokers.MethodRunner.runInSequence(MethodRunner.java:76)
at org.testng.internal.invokers.TestInvoker$MethodInvocationAgent.invoke(TestInvoker.java:992)
at org.testng.internal.invokers.TestInvoker.invokeTestMethods(TestInvoker.java:203)
at org.testng.internal.invokers.TestMethodWorker.invokeTestMethods(TestMethodWorker.java:154)
at org.testng.internal.invokers.TestMethodWorker.run(TestMethodWorker.java:134)
at java.base/java.util.concurrent.Executors$RunnableAdapter.call(Executors.java:572)
at java.base/java.util.concurrent.FutureTask.run(FutureTask.java:317)
at org.testng.internal.thread.graph.TestNGFutureTask.run(TestNGFutureTask.java:22)
at java.base/java.util.concurrent.ThreadPoolExecutor.runWorker(ThreadPoolExecutor.java:1144)
at java.base/java.util.concurrent.ThreadPoolExecutor$Worker.run(ThreadPoolExecutor.java:642)
at java.base/java.lang.Thread.run(Thread.java:1583)
]]>
    </failure>
    <system-out>
      <![CDATA[Screenshot saved at: C:\Users\madhu\OneDrive\Desktop\SDET\AS_TestNG\.\screenshots\TypesLLEmptyTryHereFunc.png
<a href='C:\Users\madhu\OneDrive\Desktop\SDET\AS_TestNG\screenshots\TypesLLEmptyTryHereFunc.png'> <img src='C:\Users\madhu\OneDrive\Desktop\SDET\AS_TestNG\screenshots\TypesLLEmptyTryHereFunc.png' height='100' width='100'/> </a>]]>
    </system-out>
  </testcase> <!-- TypesLLEmptyTryHereFunc -->
  <testcase classname="testCases.LinkedList_TestCase" name="TypesLLEmptyTryHereFunc" time="3.695">
    <skipped/>
  </testcase> <!-- TypesLLEmptyTryHereFunc -->
  <testcase classname="testCases.LinkedList_TestCase" name="CreateLL2TryEditor" time="7.957"/>
  <testcase classname="testCases.LinkedList_TestCase" name="InsertionEmptyTryHereFunc" time="3.478">
    <failure message="Alert is not present" type="java.lang.AssertionError">
      <![CDATA[java.lang.AssertionError: Alert is not present
at org.testng.Assert.fail(Assert.java:111)
at testCases.LinkedList_TestCase.InsertionEmptyTryHereFunc(LinkedList_TestCase.java:471)
at java.base/jdk.internal.reflect.DirectMethodHandleAccessor.invoke(DirectMethodHandleAccessor.java:103)
at java.base/java.lang.reflect.Method.invoke(Method.java:580)
at org.testng.internal.invokers.MethodInvocationHelper.invokeMethod(MethodInvocationHelper.java:141)
at org.testng.internal.invokers.TestInvoker.invokeMethod(TestInvoker.java:686)
at org.testng.internal.invokers.TestInvoker.retryFailed(TestInvoker.java:269)
at org.testng.internal.invokers.MethodRunner.runInSequence(MethodRunner.java:76)
at org.testng.internal.invokers.TestInvoker$MethodInvocationAgent.invoke(TestInvoker.java:992)
at org.testng.internal.invokers.TestInvoker.invokeTestMethods(TestInvoker.java:203)
at org.testng.internal.invokers.TestMethodWorker.invokeTestMethods(TestMethodWorker.java:154)
at org.testng.internal.invokers.TestMethodWorker.run(TestMethodWorker.java:134)
at java.base/java.util.concurrent.Executors$RunnableAdapter.call(Executors.java:572)
at java.base/java.util.concurrent.FutureTask.run(FutureTask.java:317)
at org.testng.internal.thread.graph.TestNGFutureTask.run(TestNGFutureTask.java:22)
at java.base/java.util.concurrent.ThreadPoolExecutor.runWorker(ThreadPoolExecutor.java:1144)
at java.base/java.util.concurrent.ThreadPoolExecutor$Worker.run(ThreadPoolExecutor.java:642)
at java.base/java.lang.Thread.run(Thread.java:1583)
]]>
    </failure>
    <system-out>
      <![CDATA[Screenshot saved at: C:\Users\madhu\OneDrive\Desktop\SDET\AS_TestNG\.\screenshots\InsertionEmptyTryHereFunc.png
<a href='C:\Users\madhu\OneDrive\Desktop\SDET\AS_TestNG\screenshots\InsertionEmptyTryHereFunc.png'> <img src='C:\Users\madhu\OneDrive\Desktop\SDET\AS_TestNG\screenshots\InsertionEmptyTryHereFunc.png' height='100' width='100'/> </a>]]>
    </system-out>
  </testcase> <!-- InsertionEmptyTryHereFunc -->
  <testcase classname="testCases.LinkedList_TestCase" name="LLIntro2PracticeQues" time="6.409"/>
  <testcase classname="testCases.LinkedList_TestCase" name="TraversalValidTryHereFunc" time="6.138"/>
  <testcase classname="testCases.LinkedList_TestCase" name="ImpLLEmptyTryHereFunc" time="4.323">
    <failure message="Alert is not present" type="java.lang.AssertionError">
      <![CDATA[java.lang.AssertionError: Alert is not present
at org.testng.Assert.fail(Assert.java:111)
at testCases.LinkedList_TestCase.ImpLLEmptyTryHereFunc(LinkedList_TestCase.java:346)
at java.base/jdk.internal.reflect.DirectMethodHandleAccessor.invoke(DirectMethodHandleAccessor.java:103)
at java.base/java.lang.reflect.Method.invoke(Method.java:580)
at org.testng.internal.invokers.MethodInvocationHelper.invokeMethod(MethodInvocationHelper.java:141)
at org.testng.internal.invokers.TestInvoker.invokeMethod(TestInvoker.java:686)
at org.testng.internal.invokers.TestInvoker.retryFailed(TestInvoker.java:269)
at org.testng.internal.invokers.MethodRunner.runInSequence(MethodRunner.java:76)
at org.testng.internal.invokers.TestInvoker$MethodInvocationAgent.invoke(TestInvoker.java:992)
at org.testng.internal.invokers.TestInvoker.invokeTestMethods(TestInvoker.java:203)
at org.testng.internal.invokers.TestMethodWorker.invokeTestMethods(TestMethodWorker.java:154)
at org.testng.internal.invokers.TestMethodWorker.run(TestMethodWorker.java:134)
at java.base/java.util.concurrent.Executors$RunnableAdapter.call(Executors.java:572)
at java.base/java.util.concurrent.FutureTask.run(FutureTask.java:317)
at org.testng.internal.thread.graph.TestNGFutureTask.run(TestNGFutureTask.java:22)
at java.base/java.util.concurrent.ThreadPoolExecutor.runWorker(ThreadPoolExecutor.java:1144)
at java.base/java.util.concurrent.ThreadPoolExecutor$Worker.run(ThreadPoolExecutor.java:642)
at java.base/java.lang.Thread.run(Thread.java:1583)
]]>
    </failure>
    <system-out>
      <![CDATA[Screenshot saved at: C:\Users\madhu\OneDrive\Desktop\SDET\AS_TestNG\.\screenshots\ImpLLEmptyTryHereFunc.png
<a href='C:\Users\madhu\OneDrive\Desktop\SDET\AS_TestNG\screenshots\ImpLLEmptyTryHereFunc.png'> <img src='C:\Users\madhu\OneDrive\Desktop\SDET\AS_TestNG\screenshots\ImpLLEmptyTryHereFunc.png' height='100' width='100'/> </a>]]>
    </system-out>
  </testcase> <!-- ImpLLEmptyTryHereFunc -->
  <testcase classname="testCases.LinkedList_TestCase" name="TraversalInValidTryHereFunc" time="8.798"/>
  <testcase classname="testCases.LinkedList_TestCase" name="InsertionEmptyTryHereFunc" time="5.249">
    <skipped/>
  </testcase> <!-- InsertionEmptyTryHereFunc -->
  <testcase classname="testCases.LinkedList_TestCase" name="TraversalEmptyTryHereFunc" time="4.098">
    <failure message="Alert is not present" type="java.lang.AssertionError">
      <![CDATA[java.lang.AssertionError: Alert is not present
at org.testng.Assert.fail(Assert.java:111)
at testCases.LinkedList_TestCase.TraversalEmptyTryHereFunc(LinkedList_TestCase.java:409)
at java.base/jdk.internal.reflect.DirectMethodHandleAccessor.invoke(DirectMethodHandleAccessor.java:103)
at java.base/java.lang.reflect.Method.invoke(Method.java:580)
at org.testng.internal.invokers.MethodInvocationHelper.invokeMethod(MethodInvocationHelper.java:141)
at org.testng.internal.invokers.TestInvoker.invokeMethod(TestInvoker.java:686)
at org.testng.internal.invokers.TestInvoker.retryFailed(TestInvoker.java:269)
at org.testng.internal.invokers.MethodRunner.runInSequence(MethodRunner.java:76)
at org.testng.internal.invokers.TestInvoker$MethodInvocationAgent.invoke(TestInvoker.java:992)
at org.testng.internal.invokers.TestInvoker.invokeTestMethods(TestInvoker.java:203)
at org.testng.internal.invokers.TestMethodWorker.invokeTestMethods(TestMethodWorker.java:154)
at org.testng.internal.invokers.TestMethodWorker.run(TestMethodWorker.java:134)
at java.base/java.util.concurrent.Executors$RunnableAdapter.call(Executors.java:572)
at java.base/java.util.concurrent.FutureTask.run(FutureTask.java:317)
at org.testng.internal.thread.graph.TestNGFutureTask.run(TestNGFutureTask.java:22)
at java.base/java.util.concurrent.ThreadPoolExecutor.runWorker(ThreadPoolExecutor.java:1144)
at java.base/java.util.concurrent.ThreadPoolExecutor$Worker.run(ThreadPoolExecutor.java:642)
at java.base/java.lang.Thread.run(Thread.java:1583)
]]>
    </failure>
    <system-out>
      <![CDATA[Screenshot saved at: C:\Users\madhu\OneDrive\Desktop\SDET\AS_TestNG\.\screenshots\TraversalEmptyTryHereFunc.png
<a href='C:\Users\madhu\OneDrive\Desktop\SDET\AS_TestNG\screenshots\TraversalEmptyTryHereFunc.png'> <img src='C:\Users\madhu\OneDrive\Desktop\SDET\AS_TestNG\screenshots\TraversalEmptyTryHereFunc.png' height='100' width='100'/> </a>]]>
    </system-out>
  </testcase> <!-- TraversalEmptyTryHereFunc -->
  <testcase classname="testCases.LinkedList_TestCase" name="LLIntroEmptyTryHereFunc" time="6.227">
    <failure message="Alert is not present" type="java.lang.AssertionError">
      <![CDATA[java.lang.AssertionError: Alert is not present
at org.testng.Assert.fail(Assert.java:111)
at testCases.LinkedList_TestCase.LLIntroEmptyTryHereFunc(LinkedList_TestCase.java:159)
at java.base/jdk.internal.reflect.DirectMethodHandleAccessor.invoke(DirectMethodHandleAccessor.java:103)
at java.base/java.lang.reflect.Method.invoke(Method.java:580)
at org.testng.internal.invokers.MethodInvocationHelper.invokeMethod(MethodInvocationHelper.java:141)
at org.testng.internal.invokers.TestInvoker.invokeMethod(TestInvoker.java:686)
at org.testng.internal.invokers.TestInvoker.retryFailed(TestInvoker.java:269)
at org.testng.internal.invokers.MethodRunner.runInSequence(MethodRunner.java:76)
at org.testng.internal.invokers.TestInvoker$MethodInvocationAgent.invoke(TestInvoker.java:992)
at org.testng.internal.invokers.TestInvoker.invokeTestMethods(TestInvoker.java:203)
at org.testng.internal.invokers.TestMethodWorker.invokeTestMethods(TestMethodWorker.java:154)
at org.testng.internal.invokers.TestMethodWorker.run(TestMethodWorker.java:134)
at java.base/java.util.concurrent.Executors$RunnableAdapter.call(Executors.java:572)
at java.base/java.util.concurrent.FutureTask.run(FutureTask.java:317)
at org.testng.internal.thread.graph.TestNGFutureTask.run(TestNGFutureTask.java:22)
at java.base/java.util.concurrent.ThreadPoolExecutor.runWorker(ThreadPoolExecutor.java:1144)
at java.base/java.util.concurrent.ThreadPoolExecutor$Worker.run(ThreadPoolExecutor.java:642)
at java.base/java.lang.Thread.run(Thread.java:1583)
]]>
    </failure>
    <system-out>
      <![CDATA[Screenshot saved at: C:\Users\madhu\OneDrive\Desktop\SDET\AS_TestNG\.\screenshots\LLIntroEmptyTryHereFunc.png
<a href='C:\Users\madhu\OneDrive\Desktop\SDET\AS_TestNG\screenshots\LLIntroEmptyTryHereFunc.png'> <img src='C:\Users\madhu\OneDrive\Desktop\SDET\AS_TestNG\screenshots\LLIntroEmptyTryHereFunc.png' height='100' width='100'/> </a>]]>
    </system-out>
  </testcase> <!-- LLIntroEmptyTryHereFunc -->
  <system-out>
    <![CDATA[Screenshot saved at: C:\Users\madhu\OneDrive\Desktop\SDET\AS_TestNG\.\screenshots\InvalidRegister.png
<a href='C:\Users\madhu\OneDrive\Desktop\SDET\AS_TestNG\screenshots\InvalidRegister.png'> <img src='C:\Users\madhu\OneDrive\Desktop\SDET\AS_TestNG\screenshots\InvalidRegister.png' height='100' width='100'/> </a>
Screenshot saved at: C:\Users\madhu\OneDrive\Desktop\SDET\AS_TestNG\.\screenshots\ImpArrayEmptyTryHereFunc.png
<a href='C:\Users\madhu\OneDrive\Desktop\SDET\AS_TestNG\screenshots\ImpArrayEmptyTryHereFunc.png'> <img src='C:\Users\madhu\OneDrive\Desktop\SDET\AS_TestNG\screenshots\ImpArrayEmptyTryHereFunc.png' height='100' width='100'/> </a>
Screenshot saved at: C:\Users\madhu\OneDrive\Desktop\SDET\AS_TestNG\.\screenshots\CreateLLEmptyTryHereFunc.png
<a href='C:\Users\madhu\OneDrive\Desktop\SDET\AS_TestNG\screenshots\CreateLLEmptyTryHereFunc.png'> <img src='C:\Users\madhu\OneDrive\Desktop\SDET\AS_TestNG\screenshots\CreateLLEmptyTryHereFunc.png' height='100' width='100'/> </a>
Screenshot saved at: C:\Users\madhu\OneDrive\Desktop\SDET\AS_TestNG\.\screenshots\InvalidRegister.png
<a href='C:\Users\madhu\OneDrive\Desktop\SDET\AS_TestNG\screenshots\InvalidRegister.png'> <img src='C:\Users\madhu\OneDrive\Desktop\SDET\AS_TestNG\screenshots\InvalidRegister.png' height='100' width='100'/> </a>
Screenshot saved at: C:\Users\madhu\OneDrive\Desktop\SDET\AS_TestNG\.\screenshots\EmptyTryeditorABT.png
<a href='C:\Users\madhu\OneDrive\Desktop\SDET\AS_TestNG\screenshots\EmptyTryeditorABT.png'> <img src='C:\Users\madhu\OneDrive\Desktop\SDET\AS_TestNG\screenshots\EmptyTryeditorABT.png' height='100' width='100'/> </a>
Screenshot saved at: C:\Users\madhu\OneDrive\Desktop\SDET\AS_TestNG\.\screenshots\InvalidRegister.png
<a href='C:\Users\madhu\OneDrive\Desktop\SDET\AS_TestNG\screenshots\InvalidRegister.png'> <img src='C:\Users\madhu\OneDrive\Desktop\SDET\AS_TestNG\screenshots\InvalidRegister.png' height='100' width='100'/> </a>
Screenshot saved at: C:\Users\madhu\OneDrive\Desktop\SDET\AS_TestNG\.\screenshots\EmptyTryeditorBST.png
<a href='C:\Users\madhu\OneDrive\Desktop\SDET\AS_TestNG\screenshots\EmptyTryeditorBST.png'> <img src='C:\Users\madhu\OneDrive\Desktop\SDET\AS_TestNG\screenshots\EmptyTryeditorBST.png' height='100' width='100'/> </a>
Screenshot saved at: C:\Users\madhu\OneDrive\Desktop\SDET\AS_TestNG\.\screenshots\ImpCollEmptyTryHereFunc.png
<a href='C:\Users\madhu\OneDrive\Desktop\SDET\AS_TestNG\screenshots\ImpCollEmptyTryHereFunc.png'> <img src='C:\Users\madhu\OneDrive\Desktop\SDET\AS_TestNG\screenshots\ImpCollEmptyTryHereFunc.png' height='100' width='100'/> </a>
Screenshot saved at: C:\Users\madhu\OneDrive\Desktop\SDET\AS_TestNG\.\screenshots\DeletionEmptyTryHereFunc.png
<a href='C:\Users\madhu\OneDrive\Desktop\SDET\AS_TestNG\screenshots\DeletionEmptyTryHereFunc.png'> <img src='C:\Users\madhu\OneDrive\Desktop\SDET\AS_TestNG\screenshots\DeletionEmptyTryHereFunc.png' height='100' width='100'/> </a>
Screenshot saved at: C:\Users\madhu\OneDrive\Desktop\SDET\AS_TestNG\.\screenshots\EmptyTryeditorBT.png
<a href='C:\Users\madhu\OneDrive\Desktop\SDET\AS_TestNG\screenshots\EmptyTryeditorBT.png'> <img src='C:\Users\madhu\OneDrive\Desktop\SDET\AS_TestNG\screenshots\EmptyTryeditorBT.png' height='100' width='100'/> </a>
Screenshot saved at: C:\Users\madhu\OneDrive\Desktop\SDET\AS_TestNG\.\screenshots\EmptyTryeditorBinTreeTrav.png
<a href='C:\Users\madhu\OneDrive\Desktop\SDET\AS_TestNG\screenshots\EmptyTryeditorBinTreeTrav.png'> <img src='C:\Users\madhu\OneDrive\Desktop\SDET\AS_TestNG\screenshots\EmptyTryeditorBinTreeTrav.png' height='100' width='100'/> </a>
Screenshot saved at: C:\Users\madhu\OneDrive\Desktop\SDET\AS_TestNG\.\screenshots\ImpLLEmptyTryHereFunc.png
<a href='C:\Users\madhu\OneDrive\Desktop\SDET\AS_TestNG\screenshots\ImpLLEmptyTryHereFunc.png'> <img src='C:\Users\madhu\OneDrive\Desktop\SDET\AS_TestNG\screenshots\ImpLLEmptyTryHereFunc.png' height='100' width='100'/> </a>
Screenshot saved at: C:\Users\madhu\OneDrive\Desktop\SDET\AS_TestNG\.\screenshots\EmptyTryeditorIBST.png
<a href='C:\Users\madhu\OneDrive\Desktop\SDET\AS_TestNG\screenshots\EmptyTryeditorIBST.png'> <img src='C:\Users\madhu\OneDrive\Desktop\SDET\AS_TestNG\screenshots\EmptyTryeditorIBST.png' height='100' width='100'/> </a>
Screenshot saved at: C:\Users\madhu\OneDrive\Desktop\SDET\AS_TestNG\.\screenshots\ImpqueueEmptyTryHereFunc.png
<a href='C:\Users\madhu\OneDrive\Desktop\SDET\AS_TestNG\screenshots\ImpqueueEmptyTryHereFunc.png'> <img src='C:\Users\madhu\OneDrive\Desktop\SDET\AS_TestNG\screenshots\ImpqueueEmptyTryHereFunc.png' height='100' width='100'/> </a>
Screenshot saved at: C:\Users\madhu\OneDrive\Desktop\SDET\AS_TestNG\.\screenshots\EmptyTryeditorIBT.png
<a href='C:\Users\madhu\OneDrive\Desktop\SDET\AS_TestNG\screenshots\EmptyTryeditorIBT.png'> <img src='C:\Users\madhu\OneDrive\Desktop\SDET\AS_TestNG\screenshots\EmptyTryeditorIBT.png' height='100' width='100'/> </a>
Screenshot saved at: C:\Users\madhu\OneDrive\Desktop\SDET\AS_TestNG\.\screenshots\InsertionEmptyTryHereFunc.png
<a href='C:\Users\madhu\OneDrive\Desktop\SDET\AS_TestNG\screenshots\InsertionEmptyTryHereFunc.png'> <img src='C:\Users\madhu\OneDrive\Desktop\SDET\AS_TestNG\screenshots\InsertionEmptyTryHereFunc.png' height='100' width='100'/> </a>
Screenshot saved at: C:\Users\madhu\OneDrive\Desktop\SDET\AS_TestNG\.\screenshots\EmptyTryeditorImpinBT.png
<a href='C:\Users\madhu\OneDrive\Desktop\SDET\AS_TestNG\screenshots\EmptyTryeditorImpinBT.png'> <img src='C:\Users\madhu\OneDrive\Desktop\SDET\AS_TestNG\screenshots\EmptyTryeditorImpinBT.png' height='100' width='100'/> </a>
Screenshot saved at: C:\Users\madhu\OneDrive\Desktop\SDET\AS_TestNG\.\screenshots\QueueOprEmptyTryHereFunc.png
<a href='C:\Users\madhu\OneDrive\Desktop\SDET\AS_TestNG\screenshots\QueueOprEmptyTryHereFunc.png'> <img src='C:\Users\madhu\OneDrive\Desktop\SDET\AS_TestNG\screenshots\QueueOprEmptyTryHereFunc.png' height='100' width='100'/> </a>
Screenshot saved at: C:\Users\madhu\OneDrive\Desktop\SDET\AS_TestNG\.\screenshots\EmptyTryeditorOverview.png
<a href='C:\Users\madhu\OneDrive\Desktop\SDET\AS_TestNG\screenshots\EmptyTryeditorOverview.png'> <img src='C:\Users\madhu\OneDrive\Desktop\SDET\AS_TestNG\screenshots\EmptyTryeditorOverview.png' height='100' width='100'/> </a>
Screenshot saved at: C:\Users\madhu\OneDrive\Desktop\SDET\AS_TestNG\.\screenshots\EmptyTryeditorTerminologies.png
<a href='C:\Users\madhu\OneDrive\Desktop\SDET\AS_TestNG\screenshots\EmptyTryeditorTerminologies.png'> <img src='C:\Users\madhu\OneDrive\Desktop\SDET\AS_TestNG\screenshots\EmptyTryeditorTerminologies.png' height='100' width='100'/> </a>
Screenshot saved at: C:\Users\madhu\OneDrive\Desktop\SDET\AS_TestNG\.\screenshots\EmptyTryeditorTravelsIllus.png
<a href='C:\Users\madhu\OneDrive\Desktop\SDET\AS_TestNG\screenshots\EmptyTryeditorTravelsIllus.png'> <img src='C:\Users\madhu\OneDrive\Desktop\SDET\AS_TestNG\screenshots\EmptyTryeditorTravelsIllus.png' height='100' width='100'/> </a>
Screenshot saved at: C:\Users\madhu\OneDrive\Desktop\SDET\AS_TestNG\.\screenshots\LLIntroEmptyTryHereFunc.png
<a href='C:\Users\madhu\OneDrive\Desktop\SDET\AS_TestNG\screenshots\LLIntroEmptyTryHereFunc.png'> <img src='C:\Users\madhu\OneDrive\Desktop\SDET\AS_TestNG\screenshots\LLIntroEmptyTryHereFunc.png' height='100' width='100'/> </a>
Screenshot saved at: C:\Users\madhu\OneDrive\Desktop\SDET\AS_TestNG\.\screenshots\EmptyTryeditorTreeTraversals.png
<a href='C:\Users\madhu\OneDrive\Desktop\SDET\AS_TestNG\screenshots\EmptyTryeditorTreeTraversals.png'> <img src='C:\Users\madhu\OneDrive\Desktop\SDET\AS_TestNG\screenshots\EmptyTryeditorTreeTraversals.png' height='100' width='100'/> </a>
Screenshot saved at: C:\Users\madhu\OneDrive\Desktop\SDET\AS_TestNG\.\screenshots\EmptyTryeditorTypesofBT.png
<a href='C:\Users\madhu\OneDrive\Desktop\SDET\AS_TestNG\screenshots\EmptyTryeditorTypesofBT.png'> <img src='C:\Users\madhu\OneDrive\Desktop\SDET\AS_TestNG\screenshots\EmptyTryeditorTypesofBT.png' height='100' width='100'/> </a>
Screenshot saved at: C:\Users\madhu\OneDrive\Desktop\SDET\AS_TestNG\.\screenshots\TraversalEmptyTryHereFunc.png
<a href='C:\Users\madhu\OneDrive\Desktop\SDET\AS_TestNG\screenshots\TraversalEmptyTryHereFunc.png'> <img src='C:\Users\madhu\OneDrive\Desktop\SDET\AS_TestNG\screenshots\TraversalEmptyTryHereFunc.png' height='100' width='100'/> </a>
Screenshot saved at: C:\Users\madhu\OneDrive\Desktop\SDET\AS_TestNG\.\screenshots\EmptyTryeditorTypesofTrees.png
<a href='C:\Users\madhu\OneDrive\Desktop\SDET\AS_TestNG\screenshots\EmptyTryeditorTypesofTrees.png'> <img src='C:\Users\madhu\OneDrive\Desktop\SDET\AS_TestNG\screenshots\EmptyTryeditorTypesofTrees.png' height='100' width='100'/> </a>
Screenshot saved at: C:\Users\madhu\OneDrive\Desktop\SDET\AS_TestNG\.\screenshots\TypesLLEmptyTryHereFunc.png
<a href='C:\Users\madhu\OneDrive\Desktop\SDET\AS_TestNG\screenshots\TypesLLEmptyTryHereFunc.png'> <img src='C:\Users\madhu\OneDrive\Desktop\SDET\AS_TestNG\screenshots\TypesLLEmptyTryHereFunc.png' height='100' width='100'/> </a>
Screenshot saved at: C:\Users\madhu\OneDrive\Desktop\SDET\AS_TestNG\.\screenshots\InvalidRegister.png
<a href='C:\Users\madhu\OneDrive\Desktop\SDET\AS_TestNG\screenshots\InvalidRegister.png'> <img src='C:\Users\madhu\OneDrive\Desktop\SDET\AS_TestNG\screenshots\InvalidRegister.png' height='100' width='100'/> </a>
Screenshot saved at: C:\Users\madhu\OneDrive\Desktop\SDET\AS_TestNG\.\screenshots\ImpArrayEmptyTryHereFunc.png
<a href='C:\Users\madhu\OneDrive\Desktop\SDET\AS_TestNG\screenshots\ImpArrayEmptyTryHereFunc.png'> <img src='C:\Users\madhu\OneDrive\Desktop\SDET\AS_TestNG\screenshots\ImpArrayEmptyTryHereFunc.png' height='100' width='100'/> </a>
Screenshot saved at: C:\Users\madhu\OneDrive\Desktop\SDET\AS_TestNG\.\screenshots\InvalidRegister.png
<a href='C:\Users\madhu\OneDrive\Desktop\SDET\AS_TestNG\screenshots\InvalidRegister.png'> <img src='C:\Users\madhu\OneDrive\Desktop\SDET\AS_TestNG\screenshots\InvalidRegister.png' height='100' width='100'/> </a>
Screenshot saved at: C:\Users\madhu\OneDrive\Desktop\SDET\AS_TestNG\.\screenshots\CreateLLEmptyTryHereFunc.png
<a href='C:\Users\madhu\OneDrive\Desktop\SDET\AS_TestNG\screenshots\CreateLLEmptyTryHereFunc.png'> <img src='C:\Users\madhu\OneDrive\Desktop\SDET\AS_TestNG\screenshots\CreateLLEmptyTryHereFunc.png' height='100' width='100'/> </a>
Screenshot saved at: C:\Users\madhu\OneDrive\Desktop\SDET\AS_TestNG\.\screenshots\InvalidRegister.png
<a href='C:\Users\madhu\OneDrive\Desktop\SDET\AS_TestNG\screenshots\InvalidRegister.png'> <img src='C:\Users\madhu\OneDrive\Desktop\SDET\AS_TestNG\screenshots\InvalidRegister.png' height='100' width='100'/> </a>
Screenshot saved at: C:\Users\madhu\OneDrive\Desktop\SDET\AS_TestNG\.\screenshots\EmptyTryeditorABT.png
<a href='C:\Users\madhu\OneDrive\Desktop\SDET\AS_TestNG\screenshots\EmptyTryeditorABT.png'> <img src='C:\Users\madhu\OneDrive\Desktop\SDET\AS_TestNG\screenshots\EmptyTryeditorABT.png' height='100' width='100'/> </a>
Screenshot saved at: C:\Users\madhu\OneDrive\Desktop\SDET\AS_TestNG\.\screenshots\ImpCollEmptyTryHereFunc.png
<a href='C:\Users\madhu\OneDrive\Desktop\SDET\AS_TestNG\screenshots\ImpCollEmptyTryHereFunc.png'> <img src='C:\Users\madhu\OneDrive\Desktop\SDET\AS_TestNG\screenshots\ImpCollEmptyTryHereFunc.png' height='100' width='100'/> </a>
Screenshot saved at: C:\Users\madhu\OneDrive\Desktop\SDET\AS_TestNG\.\screenshots\EmptyTryeditorBST.png
<a href='C:\Users\madhu\OneDrive\Desktop\SDET\AS_TestNG\screenshots\EmptyTryeditorBST.png'> <img src='C:\Users\madhu\OneDrive\Desktop\SDET\AS_TestNG\screenshots\EmptyTryeditorBST.png' height='100' width='100'/> </a>
Screenshot saved at: C:\Users\madhu\OneDrive\Desktop\SDET\AS_TestNG\.\screenshots\DeletionEmptyTryHereFunc.png
<a href='C:\Users\madhu\OneDrive\Desktop\SDET\AS_TestNG\screenshots\DeletionEmptyTryHereFunc.png'> <img src='C:\Users\madhu\OneDrive\Desktop\SDET\AS_TestNG\screenshots\DeletionEmptyTryHereFunc.png' height='100' width='100'/> </a>
Screenshot saved at: C:\Users\madhu\OneDrive\Desktop\SDET\AS_TestNG\.\screenshots\EmptyTryeditorBT.png
<a href='C:\Users\madhu\OneDrive\Desktop\SDET\AS_TestNG\screenshots\EmptyTryeditorBT.png'> <img src='C:\Users\madhu\OneDrive\Desktop\SDET\AS_TestNG\screenshots\EmptyTryeditorBT.png' height='100' width='100'/> </a>
Screenshot saved at: C:\Users\madhu\OneDrive\Desktop\SDET\AS_TestNG\.\screenshots\EmptyTryeditorBinTreeTrav.png
<a href='C:\Users\madhu\OneDrive\Desktop\SDET\AS_TestNG\screenshots\EmptyTryeditorBinTreeTrav.png'> <img src='C:\Users\madhu\OneDrive\Desktop\SDET\AS_TestNG\screenshots\EmptyTryeditorBinTreeTrav.png' height='100' width='100'/> </a>
Screenshot saved at: C:\Users\madhu\OneDrive\Desktop\SDET\AS_TestNG\.\screenshots\ImpqueueEmptyTryHereFunc.png
<a href='C:\Users\madhu\OneDrive\Desktop\SDET\AS_TestNG\screenshots\ImpqueueEmptyTryHereFunc.png'> <img src='C:\Users\madhu\OneDrive\Desktop\SDET\AS_TestNG\screenshots\ImpqueueEmptyTryHereFunc.png' height='100' width='100'/> </a>
Screenshot saved at: C:\Users\madhu\OneDrive\Desktop\SDET\AS_TestNG\.\screenshots\ImpLLEmptyTryHereFunc.png
<a href='C:\Users\madhu\OneDrive\Desktop\SDET\AS_TestNG\screenshots\ImpLLEmptyTryHereFunc.png'> <img src='C:\Users\madhu\OneDrive\Desktop\SDET\AS_TestNG\screenshots\ImpLLEmptyTryHereFunc.png' height='100' width='100'/> </a>
Screenshot saved at: C:\Users\madhu\OneDrive\Desktop\SDET\AS_TestNG\.\screenshots\EmptyTryeditorIBST.png
<a href='C:\Users\madhu\OneDrive\Desktop\SDET\AS_TestNG\screenshots\EmptyTryeditorIBST.png'> <img src='C:\Users\madhu\OneDrive\Desktop\SDET\AS_TestNG\screenshots\EmptyTryeditorIBST.png' height='100' width='100'/> </a>
Screenshot saved at: C:\Users\madhu\OneDrive\Desktop\SDET\AS_TestNG\.\screenshots\EmptyTryeditorIBT.png
<a href='C:\Users\madhu\OneDrive\Desktop\SDET\AS_TestNG\screenshots\EmptyTryeditorIBT.png'> <img src='C:\Users\madhu\OneDrive\Desktop\SDET\AS_TestNG\screenshots\EmptyTryeditorIBT.png' height='100' width='100'/> </a>
Screenshot saved at: C:\Users\madhu\OneDrive\Desktop\SDET\AS_TestNG\.\screenshots\QueueOprEmptyTryHereFunc.png
<a href='C:\Users\madhu\OneDrive\Desktop\SDET\AS_TestNG\screenshots\QueueOprEmptyTryHereFunc.png'> <img src='C:\Users\madhu\OneDrive\Desktop\SDET\AS_TestNG\screenshots\QueueOprEmptyTryHereFunc.png' height='100' width='100'/> </a>
Screenshot saved at: C:\Users\madhu\OneDrive\Desktop\SDET\AS_TestNG\.\screenshots\InsertionEmptyTryHereFunc.png
<a href='C:\Users\madhu\OneDrive\Desktop\SDET\AS_TestNG\screenshots\InsertionEmptyTryHereFunc.png'> <img src='C:\Users\madhu\OneDrive\Desktop\SDET\AS_TestNG\screenshots\InsertionEmptyTryHereFunc.png' height='100' width='100'/> </a>
Screenshot saved at: C:\Users\madhu\OneDrive\Desktop\SDET\AS_TestNG\.\screenshots\EmptyTryeditorImpinBT.png
<a href='C:\Users\madhu\OneDrive\Desktop\SDET\AS_TestNG\screenshots\EmptyTryeditorImpinBT.png'> <img src='C:\Users\madhu\OneDrive\Desktop\SDET\AS_TestNG\screenshots\EmptyTryeditorImpinBT.png' height='100' width='100'/> </a>
Screenshot saved at: C:\Users\madhu\OneDrive\Desktop\SDET\AS_TestNG\.\screenshots\EmptyTryeditorOverview.png
<a href='C:\Users\madhu\OneDrive\Desktop\SDET\AS_TestNG\screenshots\EmptyTryeditorOverview.png'> <img src='C:\Users\madhu\OneDrive\Desktop\SDET\AS_TestNG\screenshots\EmptyTryeditorOverview.png' height='100' width='100'/> </a>
Screenshot saved at: C:\Users\madhu\OneDrive\Desktop\SDET\AS_TestNG\.\screenshots\EmptyTryeditorTerminologies.png
<a href='C:\Users\madhu\OneDrive\Desktop\SDET\AS_TestNG\screenshots\EmptyTryeditorTerminologies.png'> <img src='C:\Users\madhu\OneDrive\Desktop\SDET\AS_TestNG\screenshots\EmptyTryeditorTerminologies.png' height='100' width='100'/> </a>
Screenshot saved at: C:\Users\madhu\OneDrive\Desktop\SDET\AS_TestNG\.\screenshots\EmptyTryeditorTravelsIllus.png
<a href='C:\Users\madhu\OneDrive\Desktop\SDET\AS_TestNG\screenshots\EmptyTryeditorTravelsIllus.png'> <img src='C:\Users\madhu\OneDrive\Desktop\SDET\AS_TestNG\screenshots\EmptyTryeditorTravelsIllus.png' height='100' width='100'/> </a>
Screenshot saved at: C:\Users\madhu\OneDrive\Desktop\SDET\AS_TestNG\.\screenshots\LLIntroEmptyTryHereFunc.png
<a href='C:\Users\madhu\OneDrive\Desktop\SDET\AS_TestNG\screenshots\LLIntroEmptyTryHereFunc.png'> <img src='C:\Users\madhu\OneDrive\Desktop\SDET\AS_TestNG\screenshots\LLIntroEmptyTryHereFunc.png' height='100' width='100'/> </a>
Screenshot saved at: C:\Users\madhu\OneDrive\Desktop\SDET\AS_TestNG\.\screenshots\EmptyTryeditorTreeTraversals.png
<a href='C:\Users\madhu\OneDrive\Desktop\SDET\AS_TestNG\screenshots\EmptyTryeditorTreeTraversals.png'> <img src='C:\Users\madhu\OneDrive\Desktop\SDET\AS_TestNG\screenshots\EmptyTryeditorTreeTraversals.png' height='100' width='100'/> </a>
Screenshot saved at: C:\Users\madhu\OneDrive\Desktop\SDET\AS_TestNG\.\screenshots\EmptyTryeditorTypesofBT.png
<a href='C:\Users\madhu\OneDrive\Desktop\SDET\AS_TestNG\screenshots\EmptyTryeditorTypesofBT.png'> <img src='C:\Users\madhu\OneDrive\Desktop\SDET\AS_TestNG\screenshots\EmptyTryeditorTypesofBT.png' height='100' width='100'/> </a>
Screenshot saved at: C:\Users\madhu\OneDrive\Desktop\SDET\AS_TestNG\.\screenshots\TraversalEmptyTryHereFunc.png
<a href='C:\Users\madhu\OneDrive\Desktop\SDET\AS_TestNG\screenshots\TraversalEmptyTryHereFunc.png'> <img src='C:\Users\madhu\OneDrive\Desktop\SDET\AS_TestNG\screenshots\TraversalEmptyTryHereFunc.png' height='100' width='100'/> </a>
Screenshot saved at: C:\Users\madhu\OneDrive\Desktop\SDET\AS_TestNG\.\screenshots\EmptyTryeditorTypesofTrees.png
<a href='C:\Users\madhu\OneDrive\Desktop\SDET\AS_TestNG\screenshots\EmptyTryeditorTypesofTrees.png'> <img src='C:\Users\madhu\OneDrive\Desktop\SDET\AS_TestNG\screenshots\EmptyTryeditorTypesofTrees.png' height='100' width='100'/> </a>
Screenshot saved at: C:\Users\madhu\OneDrive\Desktop\SDET\AS_TestNG\.\screenshots\TypesLLEmptyTryHereFunc.png
<a href='C:\Users\madhu\OneDrive\Desktop\SDET\AS_TestNG\screenshots\TypesLLEmptyTryHereFunc.png'> <img src='C:\Users\madhu\OneDrive\Desktop\SDET\AS_TestNG\screenshots\TypesLLEmptyTryHereFunc.png' height='100' width='100'/> </a>]]>
  </system-out>
</testsuite> <!-- testCases.LinkedList_TestCase -->
