<?xml version="1.0" encoding="UTF-8"?>
<!-- Generated by org.testng.reporters.JUnitReportReporter -->
<testsuite hostname="MyGenie" failures="6" tests="36" name="testCases.Register_TestCase" time="210.745" errors="0" timestamp="2025-01-12T01:04:42 CST" skipped="18">
  <testcase classname="testCases.Register_TestCase" name="InvalidRegister" time="6.501">
    <failure message="expected [password_mismatch:The two password fields didn’t match.] but found [Invalid Username ]" type="java.lang.AssertionError">
      <![CDATA[java.lang.AssertionError: expected [password_mismatch:The two password fields didn’t match.] but found [Invalid Username ]
at org.testng.Assert.fail(Assert.java:111)
at org.testng.Assert.failNotEquals(Assert.java:1578)
at org.testng.Assert.assertEqualsImpl(Assert.java:150)
at org.testng.Assert.assertEquals(Assert.java:132)
at org.testng.Assert.assertEquals(Assert.java:656)
at org.testng.Assert.assertEquals(Assert.java:666)
at testCases.Register_TestCase.InvalidRegister(Register_TestCase.java:40)
at java.base/jdk.internal.reflect.DirectMethodHandleAccessor.invoke(DirectMethodHandleAccessor.java:103)
at java.base/java.lang.reflect.Method.invoke(Method.java:580)
at org.testng.internal.invokers.MethodInvocationHelper.invokeMethod(MethodInvocationHelper.java:141)
at org.testng.internal.invokers.TestInvoker.invokeMethod(TestInvoker.java:686)
at org.testng.internal.invokers.TestInvoker.retryFailed(TestInvoker.java:269)
at org.testng.internal.invokers.MethodRunner.runInSequence(MethodRunner.java:76)
at org.testng.internal.invokers.TestInvoker$MethodInvocationAgent.invoke(TestInvoker.java:992)
at org.testng.internal.invokers.TestInvoker.invokeTestMethods(TestInvoker.java:203)
at org.testng.internal.invokers.TestMethodWorker.invokeTestMethods(TestMethodWorker.java:154)
at org.testng.internal.invokers.TestMethodWorker.run(TestMethodWorker.java:134)
at java.base/java.util.concurrent.Executors$RunnableAdapter.call(Executors.java:572)
at java.base/java.util.concurrent.FutureTask.run(FutureTask.java:317)
at org.testng.internal.thread.graph.TestNGFutureTask.run(TestNGFutureTask.java:22)
at java.base/java.util.concurrent.ThreadPoolExecutor.runWorker(ThreadPoolExecutor.java:1144)
at java.base/java.util.concurrent.ThreadPoolExecutor$Worker.run(ThreadPoolExecutor.java:642)
at java.base/java.lang.Thread.run(Thread.java:1583)
]]>
    </failure>
    <system-out>
      <![CDATA[Screenshot saved at: C:\Users\madhu\OneDrive\Desktop\SDET\AS_TestNG\.\screenshots\InvalidRegister.png
<a href='C:\Users\madhu\OneDrive\Desktop\SDET\AS_TestNG\screenshots\InvalidRegister.png'> <img src='C:\Users\madhu\OneDrive\Desktop\SDET\AS_TestNG\screenshots\InvalidRegister.png' height='100' width='100'/> </a>]]>
    </system-out>
  </testcase> <!-- InvalidRegister -->
  <testcase classname="testCases.Register_TestCase" name="InvalidRegister" time="5.883">
    <skipped/>
  </testcase> <!-- InvalidRegister -->
  <testcase classname="testCases.Register_TestCase" name="InvalidRegister" time="4.753">
    <skipped/>
  </testcase> <!-- InvalidRegister -->
  <testcase classname="testCases.Register_TestCase" name="InvalidRegister" time="5.565">
    <skipped/>
  </testcase> <!-- InvalidRegister -->
  <testcase classname="testCases.Register_TestCase" name="InvalidRegister" time="3.909"/>
  <testcase classname="testCases.Register_TestCase" name="InvalidRegister" time="5.852"/>
  <testcase classname="testCases.Register_TestCase" name="InvalidRegister" time="3.692"/>
  <testcase classname="testCases.Register_TestCase" name="InvalidRegister" time="4.017">
    <failure message="expected [password_mismatch:The two password fields didn’t match.] but found [Invalid Password]" type="java.lang.AssertionError">
      <![CDATA[java.lang.AssertionError: expected [password_mismatch:The two password fields didn’t match.] but found [Invalid Password]
at org.testng.Assert.fail(Assert.java:111)
at org.testng.Assert.failNotEquals(Assert.java:1578)
at org.testng.Assert.assertEqualsImpl(Assert.java:150)
at org.testng.Assert.assertEquals(Assert.java:132)
at org.testng.Assert.assertEquals(Assert.java:656)
at org.testng.Assert.assertEquals(Assert.java:666)
at testCases.Register_TestCase.InvalidRegister(Register_TestCase.java:52)
at java.base/jdk.internal.reflect.DirectMethodHandleAccessor.invoke(DirectMethodHandleAccessor.java:103)
at java.base/java.lang.reflect.Method.invoke(Method.java:580)
at org.testng.internal.invokers.MethodInvocationHelper.invokeMethod(MethodInvocationHelper.java:141)
at org.testng.internal.invokers.TestInvoker.invokeMethod(TestInvoker.java:686)
at org.testng.internal.invokers.TestInvoker.retryFailed(TestInvoker.java:269)
at org.testng.internal.invokers.MethodRunner.runInSequence(MethodRunner.java:76)
at org.testng.internal.invokers.TestInvoker$MethodInvocationAgent.invoke(TestInvoker.java:992)
at org.testng.internal.invokers.TestInvoker.invokeTestMethods(TestInvoker.java:203)
at org.testng.internal.invokers.TestMethodWorker.invokeTestMethods(TestMethodWorker.java:154)
at org.testng.internal.invokers.TestMethodWorker.run(TestMethodWorker.java:134)
at java.base/java.util.concurrent.Executors$RunnableAdapter.call(Executors.java:572)
at java.base/java.util.concurrent.FutureTask.run(FutureTask.java:317)
at org.testng.internal.thread.graph.TestNGFutureTask.run(TestNGFutureTask.java:22)
at java.base/java.util.concurrent.ThreadPoolExecutor.runWorker(ThreadPoolExecutor.java:1144)
at java.base/java.util.concurrent.ThreadPoolExecutor$Worker.run(ThreadPoolExecutor.java:642)
at java.base/java.lang.Thread.run(Thread.java:1583)
]]>
    </failure>
    <system-out>
      <![CDATA[Screenshot saved at: C:\Users\madhu\OneDrive\Desktop\SDET\AS_TestNG\.\screenshots\InvalidRegister.png
<a href='C:\Users\madhu\OneDrive\Desktop\SDET\AS_TestNG\screenshots\InvalidRegister.png'> <img src='C:\Users\madhu\OneDrive\Desktop\SDET\AS_TestNG\screenshots\InvalidRegister.png' height='100' width='100'/> </a>]]>
    </system-out>
  </testcase> <!-- InvalidRegister -->
  <testcase classname="testCases.Register_TestCase" name="InvalidRegister" time="7.997">
    <skipped/>
  </testcase> <!-- InvalidRegister -->
  <testcase classname="testCases.Register_TestCase" name="ToLogin" time="3.290"/>
  <testcase classname="testCases.Register_TestCase" name="InvalidRegister" time="9.420">
    <skipped/>
  </testcase> <!-- InvalidRegister -->
  <testcase classname="testCases.Register_TestCase" name="InvalidRegister" time="5.391">
    <failure message="expected [password_mismatch:The two password fields didn’t match.] but found [The user Is already Registered]" type="java.lang.AssertionError">
      <![CDATA[java.lang.AssertionError: expected [password_mismatch:The two password fields didn’t match.] but found [The user Is already Registered]
at org.testng.Assert.fail(Assert.java:111)
at org.testng.Assert.failNotEquals(Assert.java:1578)
at org.testng.Assert.assertEqualsImpl(Assert.java:150)
at org.testng.Assert.assertEquals(Assert.java:132)
at org.testng.Assert.assertEquals(Assert.java:656)
at org.testng.Assert.assertEquals(Assert.java:666)
at testCases.Register_TestCase.InvalidRegister(Register_TestCase.java:44)
at java.base/jdk.internal.reflect.DirectMethodHandleAccessor.invoke(DirectMethodHandleAccessor.java:103)
at java.base/java.lang.reflect.Method.invoke(Method.java:580)
at org.testng.internal.invokers.MethodInvocationHelper.invokeMethod(MethodInvocationHelper.java:141)
at org.testng.internal.invokers.TestInvoker.invokeMethod(TestInvoker.java:686)
at org.testng.internal.invokers.TestInvoker.retryFailed(TestInvoker.java:269)
at org.testng.internal.invokers.MethodRunner.runInSequence(MethodRunner.java:76)
at org.testng.internal.invokers.TestInvoker$MethodInvocationAgent.invoke(TestInvoker.java:992)
at org.testng.internal.invokers.TestInvoker.invokeTestMethods(TestInvoker.java:203)
at org.testng.internal.invokers.TestMethodWorker.invokeTestMethods(TestMethodWorker.java:154)
at org.testng.internal.invokers.TestMethodWorker.run(TestMethodWorker.java:134)
at java.base/java.util.concurrent.Executors$RunnableAdapter.call(Executors.java:572)
at java.base/java.util.concurrent.FutureTask.run(FutureTask.java:317)
at org.testng.internal.thread.graph.TestNGFutureTask.run(TestNGFutureTask.java:22)
at java.base/java.util.concurrent.ThreadPoolExecutor.runWorker(ThreadPoolExecutor.java:1144)
at java.base/java.util.concurrent.ThreadPoolExecutor$Worker.run(ThreadPoolExecutor.java:642)
at java.base/java.lang.Thread.run(Thread.java:1583)
]]>
    </failure>
    <system-out>
      <![CDATA[Screenshot saved at: C:\Users\madhu\OneDrive\Desktop\SDET\AS_TestNG\.\screenshots\InvalidRegister.png
<a href='C:\Users\madhu\OneDrive\Desktop\SDET\AS_TestNG\screenshots\InvalidRegister.png'> <img src='C:\Users\madhu\OneDrive\Desktop\SDET\AS_TestNG\screenshots\InvalidRegister.png' height='100' width='100'/> </a>]]>
    </system-out>
  </testcase> <!-- InvalidRegister -->
  <testcase classname="testCases.Register_TestCase" name="InvalidRegister" time="4.840">
    <skipped/>
  </testcase> <!-- InvalidRegister -->
  <testcase classname="testCases.Register_TestCase" name="InvalidRegister" time="6.865">
    <skipped/>
  </testcase> <!-- InvalidRegister -->
  <testcase classname="testCases.Register_TestCase" name="InvalidRegister" time="9.713">
    <skipped/>
  </testcase> <!-- InvalidRegister -->
  <testcase classname="testCases.Register_TestCase" name="InvalidRegister" time="8.745">
    <skipped/>
  </testcase> <!-- InvalidRegister -->
  <testcase classname="testCases.Register_TestCase" name="InvalidRegister" time="6.809">
    <failure message="expected [password_mismatch:The two password fields didn’t match.] but found [The user Is already Registered]" type="java.lang.AssertionError">
      <![CDATA[java.lang.AssertionError: expected [password_mismatch:The two password fields didn’t match.] but found [The user Is already Registered]
at org.testng.Assert.fail(Assert.java:111)
at org.testng.Assert.failNotEquals(Assert.java:1578)
at org.testng.Assert.assertEqualsImpl(Assert.java:150)
at org.testng.Assert.assertEquals(Assert.java:132)
at org.testng.Assert.assertEquals(Assert.java:656)
at org.testng.Assert.assertEquals(Assert.java:666)
at testCases.Register_TestCase.InvalidRegister(Register_TestCase.java:44)
at java.base/jdk.internal.reflect.DirectMethodHandleAccessor.invoke(DirectMethodHandleAccessor.java:103)
at java.base/java.lang.reflect.Method.invoke(Method.java:580)
at org.testng.internal.invokers.MethodInvocationHelper.invokeMethod(MethodInvocationHelper.java:141)
at org.testng.internal.invokers.TestInvoker.invokeMethod(TestInvoker.java:686)
at org.testng.internal.invokers.TestInvoker.retryFailed(TestInvoker.java:269)
at org.testng.internal.invokers.MethodRunner.runInSequence(MethodRunner.java:76)
at org.testng.internal.invokers.TestInvoker$MethodInvocationAgent.invoke(TestInvoker.java:992)
at org.testng.internal.invokers.TestInvoker.invokeTestMethods(TestInvoker.java:203)
at org.testng.internal.invokers.TestMethodWorker.invokeTestMethods(TestMethodWorker.java:154)
at org.testng.internal.invokers.TestMethodWorker.run(TestMethodWorker.java:134)
at java.base/java.util.concurrent.Executors$RunnableAdapter.call(Executors.java:572)
at java.base/java.util.concurrent.FutureTask.run(FutureTask.java:317)
at org.testng.internal.thread.graph.TestNGFutureTask.run(TestNGFutureTask.java:22)
at java.base/java.util.concurrent.ThreadPoolExecutor.runWorker(ThreadPoolExecutor.java:1144)
at java.base/java.util.concurrent.ThreadPoolExecutor$Worker.run(ThreadPoolExecutor.java:642)
at java.base/java.lang.Thread.run(Thread.java:1583)
]]>
    </failure>
    <system-out>
      <![CDATA[Screenshot saved at: C:\Users\madhu\OneDrive\Desktop\SDET\AS_TestNG\.\screenshots\InvalidRegister.png
<a href='C:\Users\madhu\OneDrive\Desktop\SDET\AS_TestNG\screenshots\InvalidRegister.png'> <img src='C:\Users\madhu\OneDrive\Desktop\SDET\AS_TestNG\screenshots\InvalidRegister.png' height='100' width='100'/> </a>]]>
    </system-out>
  </testcase> <!-- InvalidRegister -->
  <testcase classname="testCases.Register_TestCase" name="InvalidRegister" time="4.716">
    <skipped/>
  </testcase> <!-- InvalidRegister -->
  <testcase classname="testCases.Register_TestCase" name="ToLogin" time="3.701"/>
  <testcase classname="testCases.Register_TestCase" name="InvalidRegister" time="7.702">
    <skipped/>
  </testcase> <!-- InvalidRegister -->
  <testcase classname="testCases.Register_TestCase" name="InvalidRegister" time="4.943">
    <skipped/>
  </testcase> <!-- InvalidRegister -->
  <testcase classname="testCases.Register_TestCase" name="InvalidRegister" time="3.349"/>
  <testcase classname="testCases.Register_TestCase" name="InvalidRegister" time="7.891">
    <skipped/>
  </testcase> <!-- InvalidRegister -->
  <testcase classname="testCases.Register_TestCase" name="InvalidRegister" time="6.852">
    <skipped/>
  </testcase> <!-- InvalidRegister -->
  <testcase classname="testCases.Register_TestCase" name="InvalidRegister" time="6.007"/>
  <testcase classname="testCases.Register_TestCase" name="InvalidRegister" time="4.959"/>
  <testcase classname="testCases.Register_TestCase" name="InvalidRegister" time="7.836">
    <skipped/>
  </testcase> <!-- InvalidRegister -->
  <testcase classname="testCases.Register_TestCase" name="InvalidRegister" time="3.425">
    <skipped/>
  </testcase> <!-- InvalidRegister -->
  <testcase classname="testCases.Register_TestCase" name="InvalidRegister" time="4.717"/>
  <testcase classname="testCases.Register_TestCase" name="InvalidRegister" time="5.192">
    <failure message="expected [password_mismatch:The two password fields didn’t match.] but found [Invalid Password]" type="java.lang.AssertionError">
      <![CDATA[java.lang.AssertionError: expected [password_mismatch:The two password fields didn’t match.] but found [Invalid Password]
at org.testng.Assert.fail(Assert.java:111)
at org.testng.Assert.failNotEquals(Assert.java:1578)
at org.testng.Assert.assertEqualsImpl(Assert.java:150)
at org.testng.Assert.assertEquals(Assert.java:132)
at org.testng.Assert.assertEquals(Assert.java:656)
at org.testng.Assert.assertEquals(Assert.java:666)
at testCases.Register_TestCase.InvalidRegister(Register_TestCase.java:52)
at java.base/jdk.internal.reflect.DirectMethodHandleAccessor.invoke(DirectMethodHandleAccessor.java:103)
at java.base/java.lang.reflect.Method.invoke(Method.java:580)
at org.testng.internal.invokers.MethodInvocationHelper.invokeMethod(MethodInvocationHelper.java:141)
at org.testng.internal.invokers.TestInvoker.invokeMethod(TestInvoker.java:686)
at org.testng.internal.invokers.TestInvoker.retryFailed(TestInvoker.java:269)
at org.testng.internal.invokers.MethodRunner.runInSequence(MethodRunner.java:76)
at org.testng.internal.invokers.TestInvoker$MethodInvocationAgent.invoke(TestInvoker.java:992)
at org.testng.internal.invokers.TestInvoker.invokeTestMethods(TestInvoker.java:203)
at org.testng.internal.invokers.TestMethodWorker.invokeTestMethods(TestMethodWorker.java:154)
at org.testng.internal.invokers.TestMethodWorker.run(TestMethodWorker.java:134)
at java.base/java.util.concurrent.Executors$RunnableAdapter.call(Executors.java:572)
at java.base/java.util.concurrent.FutureTask.run(FutureTask.java:317)
at org.testng.internal.thread.graph.TestNGFutureTask.run(TestNGFutureTask.java:22)
at java.base/java.util.concurrent.ThreadPoolExecutor.runWorker(ThreadPoolExecutor.java:1144)
at java.base/java.util.concurrent.ThreadPoolExecutor$Worker.run(ThreadPoolExecutor.java:642)
at java.base/java.lang.Thread.run(Thread.java:1583)
]]>
    </failure>
    <system-out>
      <![CDATA[Screenshot saved at: C:\Users\madhu\OneDrive\Desktop\SDET\AS_TestNG\.\screenshots\InvalidRegister.png
<a href='C:\Users\madhu\OneDrive\Desktop\SDET\AS_TestNG\screenshots\InvalidRegister.png'> <img src='C:\Users\madhu\OneDrive\Desktop\SDET\AS_TestNG\screenshots\InvalidRegister.png' height='100' width='100'/> </a>]]>
    </system-out>
  </testcase> <!-- InvalidRegister -->
  <testcase classname="testCases.Register_TestCase" name="InvalidRegister" time="5.085"/>
  <testcase classname="testCases.Register_TestCase" name="InvalidRegister" time="4.339"/>
  <testcase classname="testCases.Register_TestCase" name="InvalidRegister" time="5.444">
    <skipped/>
  </testcase> <!-- InvalidRegister -->
  <testcase classname="testCases.Register_TestCase" name="InvalidRegister" time="7.445">
    <skipped/>
  </testcase> <!-- InvalidRegister -->
  <testcase classname="testCases.Register_TestCase" name="InvalidRegister" time="9.532">
    <failure message="expected [password_mismatch:The two password fields didn’t match.] but found [Invalid Username ]" type="java.lang.AssertionError">
      <![CDATA[java.lang.AssertionError: expected [password_mismatch:The two password fields didn’t match.] but found [Invalid Username ]
at org.testng.Assert.fail(Assert.java:111)
at org.testng.Assert.failNotEquals(Assert.java:1578)
at org.testng.Assert.assertEqualsImpl(Assert.java:150)
at org.testng.Assert.assertEquals(Assert.java:132)
at org.testng.Assert.assertEquals(Assert.java:656)
at org.testng.Assert.assertEquals(Assert.java:666)
at testCases.Register_TestCase.InvalidRegister(Register_TestCase.java:40)
at java.base/jdk.internal.reflect.DirectMethodHandleAccessor.invoke(DirectMethodHandleAccessor.java:103)
at java.base/java.lang.reflect.Method.invoke(Method.java:580)
at org.testng.internal.invokers.MethodInvocationHelper.invokeMethod(MethodInvocationHelper.java:141)
at org.testng.internal.invokers.TestInvoker.invokeMethod(TestInvoker.java:686)
at org.testng.internal.invokers.TestInvoker.retryFailed(TestInvoker.java:269)
at org.testng.internal.invokers.MethodRunner.runInSequence(MethodRunner.java:76)
at org.testng.internal.invokers.TestInvoker$MethodInvocationAgent.invoke(TestInvoker.java:992)
at org.testng.internal.invokers.TestInvoker.invokeTestMethods(TestInvoker.java:203)
at org.testng.internal.invokers.TestMethodWorker.invokeTestMethods(TestMethodWorker.java:154)
at org.testng.internal.invokers.TestMethodWorker.run(TestMethodWorker.java:134)
at java.base/java.util.concurrent.Executors$RunnableAdapter.call(Executors.java:572)
at java.base/java.util.concurrent.FutureTask.run(FutureTask.java:317)
at org.testng.internal.thread.graph.TestNGFutureTask.run(TestNGFutureTask.java:22)
at java.base/java.util.concurrent.ThreadPoolExecutor.runWorker(ThreadPoolExecutor.java:1144)
at java.base/java.util.concurrent.ThreadPoolExecutor$Worker.run(ThreadPoolExecutor.java:642)
at java.base/java.lang.Thread.run(Thread.java:1583)
]]>
    </failure>
    <system-out>
      <![CDATA[Screenshot saved at: C:\Users\madhu\OneDrive\Desktop\SDET\AS_TestNG\.\screenshots\InvalidRegister.png
<a href='C:\Users\madhu\OneDrive\Desktop\SDET\AS_TestNG\screenshots\InvalidRegister.png'> <img src='C:\Users\madhu\OneDrive\Desktop\SDET\AS_TestNG\screenshots\InvalidRegister.png' height='100' width='100'/> </a>]]>
    </system-out>
  </testcase> <!-- InvalidRegister -->
  <testcase classname="testCases.Register_TestCase" name="InvalidRegister" time="4.368"/>
  <system-out>
    <![CDATA[Screenshot saved at: C:\Users\madhu\OneDrive\Desktop\SDET\AS_TestNG\.\screenshots\InvalidRegister.png
<a href='C:\Users\madhu\OneDrive\Desktop\SDET\AS_TestNG\screenshots\InvalidRegister.png'> <img src='C:\Users\madhu\OneDrive\Desktop\SDET\AS_TestNG\screenshots\InvalidRegister.png' height='100' width='100'/> </a>
Screenshot saved at: C:\Users\madhu\OneDrive\Desktop\SDET\AS_TestNG\.\screenshots\ImpArrayEmptyTryHereFunc.png
<a href='C:\Users\madhu\OneDrive\Desktop\SDET\AS_TestNG\screenshots\ImpArrayEmptyTryHereFunc.png'> <img src='C:\Users\madhu\OneDrive\Desktop\SDET\AS_TestNG\screenshots\ImpArrayEmptyTryHereFunc.png' height='100' width='100'/> </a>
Screenshot saved at: C:\Users\madhu\OneDrive\Desktop\SDET\AS_TestNG\.\screenshots\CreateLLEmptyTryHereFunc.png
<a href='C:\Users\madhu\OneDrive\Desktop\SDET\AS_TestNG\screenshots\CreateLLEmptyTryHereFunc.png'> <img src='C:\Users\madhu\OneDrive\Desktop\SDET\AS_TestNG\screenshots\CreateLLEmptyTryHereFunc.png' height='100' width='100'/> </a>
Screenshot saved at: C:\Users\madhu\OneDrive\Desktop\SDET\AS_TestNG\.\screenshots\InvalidRegister.png
<a href='C:\Users\madhu\OneDrive\Desktop\SDET\AS_TestNG\screenshots\InvalidRegister.png'> <img src='C:\Users\madhu\OneDrive\Desktop\SDET\AS_TestNG\screenshots\InvalidRegister.png' height='100' width='100'/> </a>
Screenshot saved at: C:\Users\madhu\OneDrive\Desktop\SDET\AS_TestNG\.\screenshots\EmptyTryeditorABT.png
<a href='C:\Users\madhu\OneDrive\Desktop\SDET\AS_TestNG\screenshots\EmptyTryeditorABT.png'> <img src='C:\Users\madhu\OneDrive\Desktop\SDET\AS_TestNG\screenshots\EmptyTryeditorABT.png' height='100' width='100'/> </a>
Screenshot saved at: C:\Users\madhu\OneDrive\Desktop\SDET\AS_TestNG\.\screenshots\InvalidRegister.png
<a href='C:\Users\madhu\OneDrive\Desktop\SDET\AS_TestNG\screenshots\InvalidRegister.png'> <img src='C:\Users\madhu\OneDrive\Desktop\SDET\AS_TestNG\screenshots\InvalidRegister.png' height='100' width='100'/> </a>
Screenshot saved at: C:\Users\madhu\OneDrive\Desktop\SDET\AS_TestNG\.\screenshots\EmptyTryeditorBST.png
<a href='C:\Users\madhu\OneDrive\Desktop\SDET\AS_TestNG\screenshots\EmptyTryeditorBST.png'> <img src='C:\Users\madhu\OneDrive\Desktop\SDET\AS_TestNG\screenshots\EmptyTryeditorBST.png' height='100' width='100'/> </a>
Screenshot saved at: C:\Users\madhu\OneDrive\Desktop\SDET\AS_TestNG\.\screenshots\ImpCollEmptyTryHereFunc.png
<a href='C:\Users\madhu\OneDrive\Desktop\SDET\AS_TestNG\screenshots\ImpCollEmptyTryHereFunc.png'> <img src='C:\Users\madhu\OneDrive\Desktop\SDET\AS_TestNG\screenshots\ImpCollEmptyTryHereFunc.png' height='100' width='100'/> </a>
Screenshot saved at: C:\Users\madhu\OneDrive\Desktop\SDET\AS_TestNG\.\screenshots\DeletionEmptyTryHereFunc.png
<a href='C:\Users\madhu\OneDrive\Desktop\SDET\AS_TestNG\screenshots\DeletionEmptyTryHereFunc.png'> <img src='C:\Users\madhu\OneDrive\Desktop\SDET\AS_TestNG\screenshots\DeletionEmptyTryHereFunc.png' height='100' width='100'/> </a>
Screenshot saved at: C:\Users\madhu\OneDrive\Desktop\SDET\AS_TestNG\.\screenshots\EmptyTryeditorBT.png
<a href='C:\Users\madhu\OneDrive\Desktop\SDET\AS_TestNG\screenshots\EmptyTryeditorBT.png'> <img src='C:\Users\madhu\OneDrive\Desktop\SDET\AS_TestNG\screenshots\EmptyTryeditorBT.png' height='100' width='100'/> </a>
Screenshot saved at: C:\Users\madhu\OneDrive\Desktop\SDET\AS_TestNG\.\screenshots\EmptyTryeditorBinTreeTrav.png
<a href='C:\Users\madhu\OneDrive\Desktop\SDET\AS_TestNG\screenshots\EmptyTryeditorBinTreeTrav.png'> <img src='C:\Users\madhu\OneDrive\Desktop\SDET\AS_TestNG\screenshots\EmptyTryeditorBinTreeTrav.png' height='100' width='100'/> </a>
Screenshot saved at: C:\Users\madhu\OneDrive\Desktop\SDET\AS_TestNG\.\screenshots\ImpLLEmptyTryHereFunc.png
<a href='C:\Users\madhu\OneDrive\Desktop\SDET\AS_TestNG\screenshots\ImpLLEmptyTryHereFunc.png'> <img src='C:\Users\madhu\OneDrive\Desktop\SDET\AS_TestNG\screenshots\ImpLLEmptyTryHereFunc.png' height='100' width='100'/> </a>
Screenshot saved at: C:\Users\madhu\OneDrive\Desktop\SDET\AS_TestNG\.\screenshots\EmptyTryeditorIBST.png
<a href='C:\Users\madhu\OneDrive\Desktop\SDET\AS_TestNG\screenshots\EmptyTryeditorIBST.png'> <img src='C:\Users\madhu\OneDrive\Desktop\SDET\AS_TestNG\screenshots\EmptyTryeditorIBST.png' height='100' width='100'/> </a>
Screenshot saved at: C:\Users\madhu\OneDrive\Desktop\SDET\AS_TestNG\.\screenshots\ImpqueueEmptyTryHereFunc.png
<a href='C:\Users\madhu\OneDrive\Desktop\SDET\AS_TestNG\screenshots\ImpqueueEmptyTryHereFunc.png'> <img src='C:\Users\madhu\OneDrive\Desktop\SDET\AS_TestNG\screenshots\ImpqueueEmptyTryHereFunc.png' height='100' width='100'/> </a>
Screenshot saved at: C:\Users\madhu\OneDrive\Desktop\SDET\AS_TestNG\.\screenshots\EmptyTryeditorIBT.png
<a href='C:\Users\madhu\OneDrive\Desktop\SDET\AS_TestNG\screenshots\EmptyTryeditorIBT.png'> <img src='C:\Users\madhu\OneDrive\Desktop\SDET\AS_TestNG\screenshots\EmptyTryeditorIBT.png' height='100' width='100'/> </a>
Screenshot saved at: C:\Users\madhu\OneDrive\Desktop\SDET\AS_TestNG\.\screenshots\InsertionEmptyTryHereFunc.png
<a href='C:\Users\madhu\OneDrive\Desktop\SDET\AS_TestNG\screenshots\InsertionEmptyTryHereFunc.png'> <img src='C:\Users\madhu\OneDrive\Desktop\SDET\AS_TestNG\screenshots\InsertionEmptyTryHereFunc.png' height='100' width='100'/> </a>
Screenshot saved at: C:\Users\madhu\OneDrive\Desktop\SDET\AS_TestNG\.\screenshots\EmptyTryeditorImpinBT.png
<a href='C:\Users\madhu\OneDrive\Desktop\SDET\AS_TestNG\screenshots\EmptyTryeditorImpinBT.png'> <img src='C:\Users\madhu\OneDrive\Desktop\SDET\AS_TestNG\screenshots\EmptyTryeditorImpinBT.png' height='100' width='100'/> </a>
Screenshot saved at: C:\Users\madhu\OneDrive\Desktop\SDET\AS_TestNG\.\screenshots\QueueOprEmptyTryHereFunc.png
<a href='C:\Users\madhu\OneDrive\Desktop\SDET\AS_TestNG\screenshots\QueueOprEmptyTryHereFunc.png'> <img src='C:\Users\madhu\OneDrive\Desktop\SDET\AS_TestNG\screenshots\QueueOprEmptyTryHereFunc.png' height='100' width='100'/> </a>
Screenshot saved at: C:\Users\madhu\OneDrive\Desktop\SDET\AS_TestNG\.\screenshots\EmptyTryeditorOverview.png
<a href='C:\Users\madhu\OneDrive\Desktop\SDET\AS_TestNG\screenshots\EmptyTryeditorOverview.png'> <img src='C:\Users\madhu\OneDrive\Desktop\SDET\AS_TestNG\screenshots\EmptyTryeditorOverview.png' height='100' width='100'/> </a>
Screenshot saved at: C:\Users\madhu\OneDrive\Desktop\SDET\AS_TestNG\.\screenshots\EmptyTryeditorTerminologies.png
<a href='C:\Users\madhu\OneDrive\Desktop\SDET\AS_TestNG\screenshots\EmptyTryeditorTerminologies.png'> <img src='C:\Users\madhu\OneDrive\Desktop\SDET\AS_TestNG\screenshots\EmptyTryeditorTerminologies.png' height='100' width='100'/> </a>
Screenshot saved at: C:\Users\madhu\OneDrive\Desktop\SDET\AS_TestNG\.\screenshots\EmptyTryeditorTravelsIllus.png
<a href='C:\Users\madhu\OneDrive\Desktop\SDET\AS_TestNG\screenshots\EmptyTryeditorTravelsIllus.png'> <img src='C:\Users\madhu\OneDrive\Desktop\SDET\AS_TestNG\screenshots\EmptyTryeditorTravelsIllus.png' height='100' width='100'/> </a>
Screenshot saved at: C:\Users\madhu\OneDrive\Desktop\SDET\AS_TestNG\.\screenshots\LLIntroEmptyTryHereFunc.png
<a href='C:\Users\madhu\OneDrive\Desktop\SDET\AS_TestNG\screenshots\LLIntroEmptyTryHereFunc.png'> <img src='C:\Users\madhu\OneDrive\Desktop\SDET\AS_TestNG\screenshots\LLIntroEmptyTryHereFunc.png' height='100' width='100'/> </a>
Screenshot saved at: C:\Users\madhu\OneDrive\Desktop\SDET\AS_TestNG\.\screenshots\EmptyTryeditorTreeTraversals.png
<a href='C:\Users\madhu\OneDrive\Desktop\SDET\AS_TestNG\screenshots\EmptyTryeditorTreeTraversals.png'> <img src='C:\Users\madhu\OneDrive\Desktop\SDET\AS_TestNG\screenshots\EmptyTryeditorTreeTraversals.png' height='100' width='100'/> </a>
Screenshot saved at: C:\Users\madhu\OneDrive\Desktop\SDET\AS_TestNG\.\screenshots\EmptyTryeditorTypesofBT.png
<a href='C:\Users\madhu\OneDrive\Desktop\SDET\AS_TestNG\screenshots\EmptyTryeditorTypesofBT.png'> <img src='C:\Users\madhu\OneDrive\Desktop\SDET\AS_TestNG\screenshots\EmptyTryeditorTypesofBT.png' height='100' width='100'/> </a>
Screenshot saved at: C:\Users\madhu\OneDrive\Desktop\SDET\AS_TestNG\.\screenshots\TraversalEmptyTryHereFunc.png
<a href='C:\Users\madhu\OneDrive\Desktop\SDET\AS_TestNG\screenshots\TraversalEmptyTryHereFunc.png'> <img src='C:\Users\madhu\OneDrive\Desktop\SDET\AS_TestNG\screenshots\TraversalEmptyTryHereFunc.png' height='100' width='100'/> </a>
Screenshot saved at: C:\Users\madhu\OneDrive\Desktop\SDET\AS_TestNG\.\screenshots\EmptyTryeditorTypesofTrees.png
<a href='C:\Users\madhu\OneDrive\Desktop\SDET\AS_TestNG\screenshots\EmptyTryeditorTypesofTrees.png'> <img src='C:\Users\madhu\OneDrive\Desktop\SDET\AS_TestNG\screenshots\EmptyTryeditorTypesofTrees.png' height='100' width='100'/> </a>
Screenshot saved at: C:\Users\madhu\OneDrive\Desktop\SDET\AS_TestNG\.\screenshots\TypesLLEmptyTryHereFunc.png
<a href='C:\Users\madhu\OneDrive\Desktop\SDET\AS_TestNG\screenshots\TypesLLEmptyTryHereFunc.png'> <img src='C:\Users\madhu\OneDrive\Desktop\SDET\AS_TestNG\screenshots\TypesLLEmptyTryHereFunc.png' height='100' width='100'/> </a>
Screenshot saved at: C:\Users\madhu\OneDrive\Desktop\SDET\AS_TestNG\.\screenshots\InvalidRegister.png
<a href='C:\Users\madhu\OneDrive\Desktop\SDET\AS_TestNG\screenshots\InvalidRegister.png'> <img src='C:\Users\madhu\OneDrive\Desktop\SDET\AS_TestNG\screenshots\InvalidRegister.png' height='100' width='100'/> </a>
Screenshot saved at: C:\Users\madhu\OneDrive\Desktop\SDET\AS_TestNG\.\screenshots\ImpArrayEmptyTryHereFunc.png
<a href='C:\Users\madhu\OneDrive\Desktop\SDET\AS_TestNG\screenshots\ImpArrayEmptyTryHereFunc.png'> <img src='C:\Users\madhu\OneDrive\Desktop\SDET\AS_TestNG\screenshots\ImpArrayEmptyTryHereFunc.png' height='100' width='100'/> </a>
Screenshot saved at: C:\Users\madhu\OneDrive\Desktop\SDET\AS_TestNG\.\screenshots\InvalidRegister.png
<a href='C:\Users\madhu\OneDrive\Desktop\SDET\AS_TestNG\screenshots\InvalidRegister.png'> <img src='C:\Users\madhu\OneDrive\Desktop\SDET\AS_TestNG\screenshots\InvalidRegister.png' height='100' width='100'/> </a>
Screenshot saved at: C:\Users\madhu\OneDrive\Desktop\SDET\AS_TestNG\.\screenshots\CreateLLEmptyTryHereFunc.png
<a href='C:\Users\madhu\OneDrive\Desktop\SDET\AS_TestNG\screenshots\CreateLLEmptyTryHereFunc.png'> <img src='C:\Users\madhu\OneDrive\Desktop\SDET\AS_TestNG\screenshots\CreateLLEmptyTryHereFunc.png' height='100' width='100'/> </a>
Screenshot saved at: C:\Users\madhu\OneDrive\Desktop\SDET\AS_TestNG\.\screenshots\InvalidRegister.png
<a href='C:\Users\madhu\OneDrive\Desktop\SDET\AS_TestNG\screenshots\InvalidRegister.png'> <img src='C:\Users\madhu\OneDrive\Desktop\SDET\AS_TestNG\screenshots\InvalidRegister.png' height='100' width='100'/> </a>
Screenshot saved at: C:\Users\madhu\OneDrive\Desktop\SDET\AS_TestNG\.\screenshots\EmptyTryeditorABT.png
<a href='C:\Users\madhu\OneDrive\Desktop\SDET\AS_TestNG\screenshots\EmptyTryeditorABT.png'> <img src='C:\Users\madhu\OneDrive\Desktop\SDET\AS_TestNG\screenshots\EmptyTryeditorABT.png' height='100' width='100'/> </a>
Screenshot saved at: C:\Users\madhu\OneDrive\Desktop\SDET\AS_TestNG\.\screenshots\ImpCollEmptyTryHereFunc.png
<a href='C:\Users\madhu\OneDrive\Desktop\SDET\AS_TestNG\screenshots\ImpCollEmptyTryHereFunc.png'> <img src='C:\Users\madhu\OneDrive\Desktop\SDET\AS_TestNG\screenshots\ImpCollEmptyTryHereFunc.png' height='100' width='100'/> </a>
Screenshot saved at: C:\Users\madhu\OneDrive\Desktop\SDET\AS_TestNG\.\screenshots\EmptyTryeditorBST.png
<a href='C:\Users\madhu\OneDrive\Desktop\SDET\AS_TestNG\screenshots\EmptyTryeditorBST.png'> <img src='C:\Users\madhu\OneDrive\Desktop\SDET\AS_TestNG\screenshots\EmptyTryeditorBST.png' height='100' width='100'/> </a>
Screenshot saved at: C:\Users\madhu\OneDrive\Desktop\SDET\AS_TestNG\.\screenshots\DeletionEmptyTryHereFunc.png
<a href='C:\Users\madhu\OneDrive\Desktop\SDET\AS_TestNG\screenshots\DeletionEmptyTryHereFunc.png'> <img src='C:\Users\madhu\OneDrive\Desktop\SDET\AS_TestNG\screenshots\DeletionEmptyTryHereFunc.png' height='100' width='100'/> </a>
Screenshot saved at: C:\Users\madhu\OneDrive\Desktop\SDET\AS_TestNG\.\screenshots\EmptyTryeditorBT.png
<a href='C:\Users\madhu\OneDrive\Desktop\SDET\AS_TestNG\screenshots\EmptyTryeditorBT.png'> <img src='C:\Users\madhu\OneDrive\Desktop\SDET\AS_TestNG\screenshots\EmptyTryeditorBT.png' height='100' width='100'/> </a>
Screenshot saved at: C:\Users\madhu\OneDrive\Desktop\SDET\AS_TestNG\.\screenshots\EmptyTryeditorBinTreeTrav.png
<a href='C:\Users\madhu\OneDrive\Desktop\SDET\AS_TestNG\screenshots\EmptyTryeditorBinTreeTrav.png'> <img src='C:\Users\madhu\OneDrive\Desktop\SDET\AS_TestNG\screenshots\EmptyTryeditorBinTreeTrav.png' height='100' width='100'/> </a>
Screenshot saved at: C:\Users\madhu\OneDrive\Desktop\SDET\AS_TestNG\.\screenshots\ImpqueueEmptyTryHereFunc.png
<a href='C:\Users\madhu\OneDrive\Desktop\SDET\AS_TestNG\screenshots\ImpqueueEmptyTryHereFunc.png'> <img src='C:\Users\madhu\OneDrive\Desktop\SDET\AS_TestNG\screenshots\ImpqueueEmptyTryHereFunc.png' height='100' width='100'/> </a>
Screenshot saved at: C:\Users\madhu\OneDrive\Desktop\SDET\AS_TestNG\.\screenshots\ImpLLEmptyTryHereFunc.png
<a href='C:\Users\madhu\OneDrive\Desktop\SDET\AS_TestNG\screenshots\ImpLLEmptyTryHereFunc.png'> <img src='C:\Users\madhu\OneDrive\Desktop\SDET\AS_TestNG\screenshots\ImpLLEmptyTryHereFunc.png' height='100' width='100'/> </a>
Screenshot saved at: C:\Users\madhu\OneDrive\Desktop\SDET\AS_TestNG\.\screenshots\EmptyTryeditorIBST.png
<a href='C:\Users\madhu\OneDrive\Desktop\SDET\AS_TestNG\screenshots\EmptyTryeditorIBST.png'> <img src='C:\Users\madhu\OneDrive\Desktop\SDET\AS_TestNG\screenshots\EmptyTryeditorIBST.png' height='100' width='100'/> </a>
Screenshot saved at: C:\Users\madhu\OneDrive\Desktop\SDET\AS_TestNG\.\screenshots\EmptyTryeditorIBT.png
<a href='C:\Users\madhu\OneDrive\Desktop\SDET\AS_TestNG\screenshots\EmptyTryeditorIBT.png'> <img src='C:\Users\madhu\OneDrive\Desktop\SDET\AS_TestNG\screenshots\EmptyTryeditorIBT.png' height='100' width='100'/> </a>
Screenshot saved at: C:\Users\madhu\OneDrive\Desktop\SDET\AS_TestNG\.\screenshots\QueueOprEmptyTryHereFunc.png
<a href='C:\Users\madhu\OneDrive\Desktop\SDET\AS_TestNG\screenshots\QueueOprEmptyTryHereFunc.png'> <img src='C:\Users\madhu\OneDrive\Desktop\SDET\AS_TestNG\screenshots\QueueOprEmptyTryHereFunc.png' height='100' width='100'/> </a>
Screenshot saved at: C:\Users\madhu\OneDrive\Desktop\SDET\AS_TestNG\.\screenshots\InsertionEmptyTryHereFunc.png
<a href='C:\Users\madhu\OneDrive\Desktop\SDET\AS_TestNG\screenshots\InsertionEmptyTryHereFunc.png'> <img src='C:\Users\madhu\OneDrive\Desktop\SDET\AS_TestNG\screenshots\InsertionEmptyTryHereFunc.png' height='100' width='100'/> </a>
Screenshot saved at: C:\Users\madhu\OneDrive\Desktop\SDET\AS_TestNG\.\screenshots\EmptyTryeditorImpinBT.png
<a href='C:\Users\madhu\OneDrive\Desktop\SDET\AS_TestNG\screenshots\EmptyTryeditorImpinBT.png'> <img src='C:\Users\madhu\OneDrive\Desktop\SDET\AS_TestNG\screenshots\EmptyTryeditorImpinBT.png' height='100' width='100'/> </a>
Screenshot saved at: C:\Users\madhu\OneDrive\Desktop\SDET\AS_TestNG\.\screenshots\EmptyTryeditorOverview.png
<a href='C:\Users\madhu\OneDrive\Desktop\SDET\AS_TestNG\screenshots\EmptyTryeditorOverview.png'> <img src='C:\Users\madhu\OneDrive\Desktop\SDET\AS_TestNG\screenshots\EmptyTryeditorOverview.png' height='100' width='100'/> </a>
Screenshot saved at: C:\Users\madhu\OneDrive\Desktop\SDET\AS_TestNG\.\screenshots\EmptyTryeditorTerminologies.png
<a href='C:\Users\madhu\OneDrive\Desktop\SDET\AS_TestNG\screenshots\EmptyTryeditorTerminologies.png'> <img src='C:\Users\madhu\OneDrive\Desktop\SDET\AS_TestNG\screenshots\EmptyTryeditorTerminologies.png' height='100' width='100'/> </a>
Screenshot saved at: C:\Users\madhu\OneDrive\Desktop\SDET\AS_TestNG\.\screenshots\EmptyTryeditorTravelsIllus.png
<a href='C:\Users\madhu\OneDrive\Desktop\SDET\AS_TestNG\screenshots\EmptyTryeditorTravelsIllus.png'> <img src='C:\Users\madhu\OneDrive\Desktop\SDET\AS_TestNG\screenshots\EmptyTryeditorTravelsIllus.png' height='100' width='100'/> </a>
Screenshot saved at: C:\Users\madhu\OneDrive\Desktop\SDET\AS_TestNG\.\screenshots\LLIntroEmptyTryHereFunc.png
<a href='C:\Users\madhu\OneDrive\Desktop\SDET\AS_TestNG\screenshots\LLIntroEmptyTryHereFunc.png'> <img src='C:\Users\madhu\OneDrive\Desktop\SDET\AS_TestNG\screenshots\LLIntroEmptyTryHereFunc.png' height='100' width='100'/> </a>
Screenshot saved at: C:\Users\madhu\OneDrive\Desktop\SDET\AS_TestNG\.\screenshots\EmptyTryeditorTreeTraversals.png
<a href='C:\Users\madhu\OneDrive\Desktop\SDET\AS_TestNG\screenshots\EmptyTryeditorTreeTraversals.png'> <img src='C:\Users\madhu\OneDrive\Desktop\SDET\AS_TestNG\screenshots\EmptyTryeditorTreeTraversals.png' height='100' width='100'/> </a>
Screenshot saved at: C:\Users\madhu\OneDrive\Desktop\SDET\AS_TestNG\.\screenshots\EmptyTryeditorTypesofBT.png
<a href='C:\Users\madhu\OneDrive\Desktop\SDET\AS_TestNG\screenshots\EmptyTryeditorTypesofBT.png'> <img src='C:\Users\madhu\OneDrive\Desktop\SDET\AS_TestNG\screenshots\EmptyTryeditorTypesofBT.png' height='100' width='100'/> </a>
Screenshot saved at: C:\Users\madhu\OneDrive\Desktop\SDET\AS_TestNG\.\screenshots\TraversalEmptyTryHereFunc.png
<a href='C:\Users\madhu\OneDrive\Desktop\SDET\AS_TestNG\screenshots\TraversalEmptyTryHereFunc.png'> <img src='C:\Users\madhu\OneDrive\Desktop\SDET\AS_TestNG\screenshots\TraversalEmptyTryHereFunc.png' height='100' width='100'/> </a>
Screenshot saved at: C:\Users\madhu\OneDrive\Desktop\SDET\AS_TestNG\.\screenshots\EmptyTryeditorTypesofTrees.png
<a href='C:\Users\madhu\OneDrive\Desktop\SDET\AS_TestNG\screenshots\EmptyTryeditorTypesofTrees.png'> <img src='C:\Users\madhu\OneDrive\Desktop\SDET\AS_TestNG\screenshots\EmptyTryeditorTypesofTrees.png' height='100' width='100'/> </a>
Screenshot saved at: C:\Users\madhu\OneDrive\Desktop\SDET\AS_TestNG\.\screenshots\TypesLLEmptyTryHereFunc.png
<a href='C:\Users\madhu\OneDrive\Desktop\SDET\AS_TestNG\screenshots\TypesLLEmptyTryHereFunc.png'> <img src='C:\Users\madhu\OneDrive\Desktop\SDET\AS_TestNG\screenshots\TypesLLEmptyTryHereFunc.png' height='100' width='100'/> </a>]]>
  </system-out>
</testsuite> <!-- testCases.Register_TestCase -->
