<?xml version="1.0" encoding="UTF-8"?>
<!-- Generated by org.testng.reporters.JUnitReportReporter -->
<testsuite hostname="MyGenie" failures="0" tests="12" name="testCases.Home_TestCase" time="113.036" errors="0" timestamp="2025-01-12T01:04:42 CST" skipped="0">
  <testcase classname="testCases.Home_TestCase" name="HomeDrpdwn" time="10.905"/>
  <testcase classname="testCases.Home_TestCase" name="HomeDrpdwn" time="8.171"/>
  <testcase classname="testCases.Home_TestCase" name="HomeDrpdwn" time="8.627"/>
  <testcase classname="testCases.Home_TestCase" name="HomeDrpdwn" time="8.111"/>
  <testcase classname="testCases.Home_TestCase" name="HomeDrpdwn" time="8.980"/>
  <testcase classname="testCases.Home_TestCase" name="HomeDrpdwn" time="8.857"/>
  <testcase classname="testCases.Home_TestCase" name="HomeDrpdwn" time="8.536"/>
  <testcase classname="testCases.Home_TestCase" name="HomeDrpdwn" time="8.791"/>
  <testcase classname="testCases.Home_TestCase" name="HomeDrpdwn" time="12.677"/>
  <testcase classname="testCases.Home_TestCase" name="HomeDrpdwn" time="10.825"/>
  <testcase classname="testCases.Home_TestCase" name="HomeDrpdwn" time="9.617"/>
  <testcase classname="testCases.Home_TestCase" name="HomeDrpdwn" time="8.939"/>
  <system-out>
    <![CDATA[Screenshot saved at: C:\Users\madhu\OneDrive\Desktop\SDET\AS_TestNG\.\screenshots\InvalidRegister.png
<a href='C:\Users\madhu\OneDrive\Desktop\SDET\AS_TestNG\screenshots\InvalidRegister.png'> <img src='C:\Users\madhu\OneDrive\Desktop\SDET\AS_TestNG\screenshots\InvalidRegister.png' height='100' width='100'/> </a>
Screenshot saved at: C:\Users\madhu\OneDrive\Desktop\SDET\AS_TestNG\.\screenshots\ImpArrayEmptyTryHereFunc.png
<a href='C:\Users\madhu\OneDrive\Desktop\SDET\AS_TestNG\screenshots\ImpArrayEmptyTryHereFunc.png'> <img src='C:\Users\madhu\OneDrive\Desktop\SDET\AS_TestNG\screenshots\ImpArrayEmptyTryHereFunc.png' height='100' width='100'/> </a>
Screenshot saved at: C:\Users\madhu\OneDrive\Desktop\SDET\AS_TestNG\.\screenshots\CreateLLEmptyTryHereFunc.png
<a href='C:\Users\madhu\OneDrive\Desktop\SDET\AS_TestNG\screenshots\CreateLLEmptyTryHereFunc.png'> <img src='C:\Users\madhu\OneDrive\Desktop\SDET\AS_TestNG\screenshots\CreateLLEmptyTryHereFunc.png' height='100' width='100'/> </a>
Screenshot saved at: C:\Users\madhu\OneDrive\Desktop\SDET\AS_TestNG\.\screenshots\InvalidRegister.png
<a href='C:\Users\madhu\OneDrive\Desktop\SDET\AS_TestNG\screenshots\InvalidRegister.png'> <img src='C:\Users\madhu\OneDrive\Desktop\SDET\AS_TestNG\screenshots\InvalidRegister.png' height='100' width='100'/> </a>
Screenshot saved at: C:\Users\madhu\OneDrive\Desktop\SDET\AS_TestNG\.\screenshots\EmptyTryeditorABT.png
<a href='C:\Users\madhu\OneDrive\Desktop\SDET\AS_TestNG\screenshots\EmptyTryeditorABT.png'> <img src='C:\Users\madhu\OneDrive\Desktop\SDET\AS_TestNG\screenshots\EmptyTryeditorABT.png' height='100' width='100'/> </a>
Screenshot saved at: C:\Users\madhu\OneDrive\Desktop\SDET\AS_TestNG\.\screenshots\InvalidRegister.png
<a href='C:\Users\madhu\OneDrive\Desktop\SDET\AS_TestNG\screenshots\InvalidRegister.png'> <img src='C:\Users\madhu\OneDrive\Desktop\SDET\AS_TestNG\screenshots\InvalidRegister.png' height='100' width='100'/> </a>
Screenshot saved at: C:\Users\madhu\OneDrive\Desktop\SDET\AS_TestNG\.\screenshots\EmptyTryeditorBST.png
<a href='C:\Users\madhu\OneDrive\Desktop\SDET\AS_TestNG\screenshots\EmptyTryeditorBST.png'> <img src='C:\Users\madhu\OneDrive\Desktop\SDET\AS_TestNG\screenshots\EmptyTryeditorBST.png' height='100' width='100'/> </a>
Screenshot saved at: C:\Users\madhu\OneDrive\Desktop\SDET\AS_TestNG\.\screenshots\ImpCollEmptyTryHereFunc.png
<a href='C:\Users\madhu\OneDrive\Desktop\SDET\AS_TestNG\screenshots\ImpCollEmptyTryHereFunc.png'> <img src='C:\Users\madhu\OneDrive\Desktop\SDET\AS_TestNG\screenshots\ImpCollEmptyTryHereFunc.png' height='100' width='100'/> </a>
Screenshot saved at: C:\Users\madhu\OneDrive\Desktop\SDET\AS_TestNG\.\screenshots\DeletionEmptyTryHereFunc.png
<a href='C:\Users\madhu\OneDrive\Desktop\SDET\AS_TestNG\screenshots\DeletionEmptyTryHereFunc.png'> <img src='C:\Users\madhu\OneDrive\Desktop\SDET\AS_TestNG\screenshots\DeletionEmptyTryHereFunc.png' height='100' width='100'/> </a>
Screenshot saved at: C:\Users\madhu\OneDrive\Desktop\SDET\AS_TestNG\.\screenshots\EmptyTryeditorBT.png
<a href='C:\Users\madhu\OneDrive\Desktop\SDET\AS_TestNG\screenshots\EmptyTryeditorBT.png'> <img src='C:\Users\madhu\OneDrive\Desktop\SDET\AS_TestNG\screenshots\EmptyTryeditorBT.png' height='100' width='100'/> </a>
Screenshot saved at: C:\Users\madhu\OneDrive\Desktop\SDET\AS_TestNG\.\screenshots\EmptyTryeditorBinTreeTrav.png
<a href='C:\Users\madhu\OneDrive\Desktop\SDET\AS_TestNG\screenshots\EmptyTryeditorBinTreeTrav.png'> <img src='C:\Users\madhu\OneDrive\Desktop\SDET\AS_TestNG\screenshots\EmptyTryeditorBinTreeTrav.png' height='100' width='100'/> </a>
Screenshot saved at: C:\Users\madhu\OneDrive\Desktop\SDET\AS_TestNG\.\screenshots\ImpLLEmptyTryHereFunc.png
<a href='C:\Users\madhu\OneDrive\Desktop\SDET\AS_TestNG\screenshots\ImpLLEmptyTryHereFunc.png'> <img src='C:\Users\madhu\OneDrive\Desktop\SDET\AS_TestNG\screenshots\ImpLLEmptyTryHereFunc.png' height='100' width='100'/> </a>
Screenshot saved at: C:\Users\madhu\OneDrive\Desktop\SDET\AS_TestNG\.\screenshots\EmptyTryeditorIBST.png
<a href='C:\Users\madhu\OneDrive\Desktop\SDET\AS_TestNG\screenshots\EmptyTryeditorIBST.png'> <img src='C:\Users\madhu\OneDrive\Desktop\SDET\AS_TestNG\screenshots\EmptyTryeditorIBST.png' height='100' width='100'/> </a>
Screenshot saved at: C:\Users\madhu\OneDrive\Desktop\SDET\AS_TestNG\.\screenshots\ImpqueueEmptyTryHereFunc.png
<a href='C:\Users\madhu\OneDrive\Desktop\SDET\AS_TestNG\screenshots\ImpqueueEmptyTryHereFunc.png'> <img src='C:\Users\madhu\OneDrive\Desktop\SDET\AS_TestNG\screenshots\ImpqueueEmptyTryHereFunc.png' height='100' width='100'/> </a>
Screenshot saved at: C:\Users\madhu\OneDrive\Desktop\SDET\AS_TestNG\.\screenshots\EmptyTryeditorIBT.png
<a href='C:\Users\madhu\OneDrive\Desktop\SDET\AS_TestNG\screenshots\EmptyTryeditorIBT.png'> <img src='C:\Users\madhu\OneDrive\Desktop\SDET\AS_TestNG\screenshots\EmptyTryeditorIBT.png' height='100' width='100'/> </a>
Screenshot saved at: C:\Users\madhu\OneDrive\Desktop\SDET\AS_TestNG\.\screenshots\InsertionEmptyTryHereFunc.png
<a href='C:\Users\madhu\OneDrive\Desktop\SDET\AS_TestNG\screenshots\InsertionEmptyTryHereFunc.png'> <img src='C:\Users\madhu\OneDrive\Desktop\SDET\AS_TestNG\screenshots\InsertionEmptyTryHereFunc.png' height='100' width='100'/> </a>
Screenshot saved at: C:\Users\madhu\OneDrive\Desktop\SDET\AS_TestNG\.\screenshots\EmptyTryeditorImpinBT.png
<a href='C:\Users\madhu\OneDrive\Desktop\SDET\AS_TestNG\screenshots\EmptyTryeditorImpinBT.png'> <img src='C:\Users\madhu\OneDrive\Desktop\SDET\AS_TestNG\screenshots\EmptyTryeditorImpinBT.png' height='100' width='100'/> </a>
Screenshot saved at: C:\Users\madhu\OneDrive\Desktop\SDET\AS_TestNG\.\screenshots\QueueOprEmptyTryHereFunc.png
<a href='C:\Users\madhu\OneDrive\Desktop\SDET\AS_TestNG\screenshots\QueueOprEmptyTryHereFunc.png'> <img src='C:\Users\madhu\OneDrive\Desktop\SDET\AS_TestNG\screenshots\QueueOprEmptyTryHereFunc.png' height='100' width='100'/> </a>
Screenshot saved at: C:\Users\madhu\OneDrive\Desktop\SDET\AS_TestNG\.\screenshots\EmptyTryeditorOverview.png
<a href='C:\Users\madhu\OneDrive\Desktop\SDET\AS_TestNG\screenshots\EmptyTryeditorOverview.png'> <img src='C:\Users\madhu\OneDrive\Desktop\SDET\AS_TestNG\screenshots\EmptyTryeditorOverview.png' height='100' width='100'/> </a>
Screenshot saved at: C:\Users\madhu\OneDrive\Desktop\SDET\AS_TestNG\.\screenshots\EmptyTryeditorTerminologies.png
<a href='C:\Users\madhu\OneDrive\Desktop\SDET\AS_TestNG\screenshots\EmptyTryeditorTerminologies.png'> <img src='C:\Users\madhu\OneDrive\Desktop\SDET\AS_TestNG\screenshots\EmptyTryeditorTerminologies.png' height='100' width='100'/> </a>
Screenshot saved at: C:\Users\madhu\OneDrive\Desktop\SDET\AS_TestNG\.\screenshots\EmptyTryeditorTravelsIllus.png
<a href='C:\Users\madhu\OneDrive\Desktop\SDET\AS_TestNG\screenshots\EmptyTryeditorTravelsIllus.png'> <img src='C:\Users\madhu\OneDrive\Desktop\SDET\AS_TestNG\screenshots\EmptyTryeditorTravelsIllus.png' height='100' width='100'/> </a>
Screenshot saved at: C:\Users\madhu\OneDrive\Desktop\SDET\AS_TestNG\.\screenshots\LLIntroEmptyTryHereFunc.png
<a href='C:\Users\madhu\OneDrive\Desktop\SDET\AS_TestNG\screenshots\LLIntroEmptyTryHereFunc.png'> <img src='C:\Users\madhu\OneDrive\Desktop\SDET\AS_TestNG\screenshots\LLIntroEmptyTryHereFunc.png' height='100' width='100'/> </a>
Screenshot saved at: C:\Users\madhu\OneDrive\Desktop\SDET\AS_TestNG\.\screenshots\EmptyTryeditorTreeTraversals.png
<a href='C:\Users\madhu\OneDrive\Desktop\SDET\AS_TestNG\screenshots\EmptyTryeditorTreeTraversals.png'> <img src='C:\Users\madhu\OneDrive\Desktop\SDET\AS_TestNG\screenshots\EmptyTryeditorTreeTraversals.png' height='100' width='100'/> </a>
Screenshot saved at: C:\Users\madhu\OneDrive\Desktop\SDET\AS_TestNG\.\screenshots\EmptyTryeditorTypesofBT.png
<a href='C:\Users\madhu\OneDrive\Desktop\SDET\AS_TestNG\screenshots\EmptyTryeditorTypesofBT.png'> <img src='C:\Users\madhu\OneDrive\Desktop\SDET\AS_TestNG\screenshots\EmptyTryeditorTypesofBT.png' height='100' width='100'/> </a>
Screenshot saved at: C:\Users\madhu\OneDrive\Desktop\SDET\AS_TestNG\.\screenshots\TraversalEmptyTryHereFunc.png
<a href='C:\Users\madhu\OneDrive\Desktop\SDET\AS_TestNG\screenshots\TraversalEmptyTryHereFunc.png'> <img src='C:\Users\madhu\OneDrive\Desktop\SDET\AS_TestNG\screenshots\TraversalEmptyTryHereFunc.png' height='100' width='100'/> </a>
Screenshot saved at: C:\Users\madhu\OneDrive\Desktop\SDET\AS_TestNG\.\screenshots\EmptyTryeditorTypesofTrees.png
<a href='C:\Users\madhu\OneDrive\Desktop\SDET\AS_TestNG\screenshots\EmptyTryeditorTypesofTrees.png'> <img src='C:\Users\madhu\OneDrive\Desktop\SDET\AS_TestNG\screenshots\EmptyTryeditorTypesofTrees.png' height='100' width='100'/> </a>
Screenshot saved at: C:\Users\madhu\OneDrive\Desktop\SDET\AS_TestNG\.\screenshots\TypesLLEmptyTryHereFunc.png
<a href='C:\Users\madhu\OneDrive\Desktop\SDET\AS_TestNG\screenshots\TypesLLEmptyTryHereFunc.png'> <img src='C:\Users\madhu\OneDrive\Desktop\SDET\AS_TestNG\screenshots\TypesLLEmptyTryHereFunc.png' height='100' width='100'/> </a>
Screenshot saved at: C:\Users\madhu\OneDrive\Desktop\SDET\AS_TestNG\.\screenshots\InvalidRegister.png
<a href='C:\Users\madhu\OneDrive\Desktop\SDET\AS_TestNG\screenshots\InvalidRegister.png'> <img src='C:\Users\madhu\OneDrive\Desktop\SDET\AS_TestNG\screenshots\InvalidRegister.png' height='100' width='100'/> </a>
Screenshot saved at: C:\Users\madhu\OneDrive\Desktop\SDET\AS_TestNG\.\screenshots\ImpArrayEmptyTryHereFunc.png
<a href='C:\Users\madhu\OneDrive\Desktop\SDET\AS_TestNG\screenshots\ImpArrayEmptyTryHereFunc.png'> <img src='C:\Users\madhu\OneDrive\Desktop\SDET\AS_TestNG\screenshots\ImpArrayEmptyTryHereFunc.png' height='100' width='100'/> </a>
Screenshot saved at: C:\Users\madhu\OneDrive\Desktop\SDET\AS_TestNG\.\screenshots\InvalidRegister.png
<a href='C:\Users\madhu\OneDrive\Desktop\SDET\AS_TestNG\screenshots\InvalidRegister.png'> <img src='C:\Users\madhu\OneDrive\Desktop\SDET\AS_TestNG\screenshots\InvalidRegister.png' height='100' width='100'/> </a>
Screenshot saved at: C:\Users\madhu\OneDrive\Desktop\SDET\AS_TestNG\.\screenshots\CreateLLEmptyTryHereFunc.png
<a href='C:\Users\madhu\OneDrive\Desktop\SDET\AS_TestNG\screenshots\CreateLLEmptyTryHereFunc.png'> <img src='C:\Users\madhu\OneDrive\Desktop\SDET\AS_TestNG\screenshots\CreateLLEmptyTryHereFunc.png' height='100' width='100'/> </a>
Screenshot saved at: C:\Users\madhu\OneDrive\Desktop\SDET\AS_TestNG\.\screenshots\InvalidRegister.png
<a href='C:\Users\madhu\OneDrive\Desktop\SDET\AS_TestNG\screenshots\InvalidRegister.png'> <img src='C:\Users\madhu\OneDrive\Desktop\SDET\AS_TestNG\screenshots\InvalidRegister.png' height='100' width='100'/> </a>
Screenshot saved at: C:\Users\madhu\OneDrive\Desktop\SDET\AS_TestNG\.\screenshots\EmptyTryeditorABT.png
<a href='C:\Users\madhu\OneDrive\Desktop\SDET\AS_TestNG\screenshots\EmptyTryeditorABT.png'> <img src='C:\Users\madhu\OneDrive\Desktop\SDET\AS_TestNG\screenshots\EmptyTryeditorABT.png' height='100' width='100'/> </a>
Screenshot saved at: C:\Users\madhu\OneDrive\Desktop\SDET\AS_TestNG\.\screenshots\ImpCollEmptyTryHereFunc.png
<a href='C:\Users\madhu\OneDrive\Desktop\SDET\AS_TestNG\screenshots\ImpCollEmptyTryHereFunc.png'> <img src='C:\Users\madhu\OneDrive\Desktop\SDET\AS_TestNG\screenshots\ImpCollEmptyTryHereFunc.png' height='100' width='100'/> </a>
Screenshot saved at: C:\Users\madhu\OneDrive\Desktop\SDET\AS_TestNG\.\screenshots\EmptyTryeditorBST.png
<a href='C:\Users\madhu\OneDrive\Desktop\SDET\AS_TestNG\screenshots\EmptyTryeditorBST.png'> <img src='C:\Users\madhu\OneDrive\Desktop\SDET\AS_TestNG\screenshots\EmptyTryeditorBST.png' height='100' width='100'/> </a>
Screenshot saved at: C:\Users\madhu\OneDrive\Desktop\SDET\AS_TestNG\.\screenshots\DeletionEmptyTryHereFunc.png
<a href='C:\Users\madhu\OneDrive\Desktop\SDET\AS_TestNG\screenshots\DeletionEmptyTryHereFunc.png'> <img src='C:\Users\madhu\OneDrive\Desktop\SDET\AS_TestNG\screenshots\DeletionEmptyTryHereFunc.png' height='100' width='100'/> </a>
Screenshot saved at: C:\Users\madhu\OneDrive\Desktop\SDET\AS_TestNG\.\screenshots\EmptyTryeditorBT.png
<a href='C:\Users\madhu\OneDrive\Desktop\SDET\AS_TestNG\screenshots\EmptyTryeditorBT.png'> <img src='C:\Users\madhu\OneDrive\Desktop\SDET\AS_TestNG\screenshots\EmptyTryeditorBT.png' height='100' width='100'/> </a>
Screenshot saved at: C:\Users\madhu\OneDrive\Desktop\SDET\AS_TestNG\.\screenshots\EmptyTryeditorBinTreeTrav.png
<a href='C:\Users\madhu\OneDrive\Desktop\SDET\AS_TestNG\screenshots\EmptyTryeditorBinTreeTrav.png'> <img src='C:\Users\madhu\OneDrive\Desktop\SDET\AS_TestNG\screenshots\EmptyTryeditorBinTreeTrav.png' height='100' width='100'/> </a>
Screenshot saved at: C:\Users\madhu\OneDrive\Desktop\SDET\AS_TestNG\.\screenshots\ImpqueueEmptyTryHereFunc.png
<a href='C:\Users\madhu\OneDrive\Desktop\SDET\AS_TestNG\screenshots\ImpqueueEmptyTryHereFunc.png'> <img src='C:\Users\madhu\OneDrive\Desktop\SDET\AS_TestNG\screenshots\ImpqueueEmptyTryHereFunc.png' height='100' width='100'/> </a>
Screenshot saved at: C:\Users\madhu\OneDrive\Desktop\SDET\AS_TestNG\.\screenshots\ImpLLEmptyTryHereFunc.png
<a href='C:\Users\madhu\OneDrive\Desktop\SDET\AS_TestNG\screenshots\ImpLLEmptyTryHereFunc.png'> <img src='C:\Users\madhu\OneDrive\Desktop\SDET\AS_TestNG\screenshots\ImpLLEmptyTryHereFunc.png' height='100' width='100'/> </a>
Screenshot saved at: C:\Users\madhu\OneDrive\Desktop\SDET\AS_TestNG\.\screenshots\EmptyTryeditorIBST.png
<a href='C:\Users\madhu\OneDrive\Desktop\SDET\AS_TestNG\screenshots\EmptyTryeditorIBST.png'> <img src='C:\Users\madhu\OneDrive\Desktop\SDET\AS_TestNG\screenshots\EmptyTryeditorIBST.png' height='100' width='100'/> </a>
Screenshot saved at: C:\Users\madhu\OneDrive\Desktop\SDET\AS_TestNG\.\screenshots\EmptyTryeditorIBT.png
<a href='C:\Users\madhu\OneDrive\Desktop\SDET\AS_TestNG\screenshots\EmptyTryeditorIBT.png'> <img src='C:\Users\madhu\OneDrive\Desktop\SDET\AS_TestNG\screenshots\EmptyTryeditorIBT.png' height='100' width='100'/> </a>
Screenshot saved at: C:\Users\madhu\OneDrive\Desktop\SDET\AS_TestNG\.\screenshots\QueueOprEmptyTryHereFunc.png
<a href='C:\Users\madhu\OneDrive\Desktop\SDET\AS_TestNG\screenshots\QueueOprEmptyTryHereFunc.png'> <img src='C:\Users\madhu\OneDrive\Desktop\SDET\AS_TestNG\screenshots\QueueOprEmptyTryHereFunc.png' height='100' width='100'/> </a>
Screenshot saved at: C:\Users\madhu\OneDrive\Desktop\SDET\AS_TestNG\.\screenshots\InsertionEmptyTryHereFunc.png
<a href='C:\Users\madhu\OneDrive\Desktop\SDET\AS_TestNG\screenshots\InsertionEmptyTryHereFunc.png'> <img src='C:\Users\madhu\OneDrive\Desktop\SDET\AS_TestNG\screenshots\InsertionEmptyTryHereFunc.png' height='100' width='100'/> </a>
Screenshot saved at: C:\Users\madhu\OneDrive\Desktop\SDET\AS_TestNG\.\screenshots\EmptyTryeditorImpinBT.png
<a href='C:\Users\madhu\OneDrive\Desktop\SDET\AS_TestNG\screenshots\EmptyTryeditorImpinBT.png'> <img src='C:\Users\madhu\OneDrive\Desktop\SDET\AS_TestNG\screenshots\EmptyTryeditorImpinBT.png' height='100' width='100'/> </a>
Screenshot saved at: C:\Users\madhu\OneDrive\Desktop\SDET\AS_TestNG\.\screenshots\EmptyTryeditorOverview.png
<a href='C:\Users\madhu\OneDrive\Desktop\SDET\AS_TestNG\screenshots\EmptyTryeditorOverview.png'> <img src='C:\Users\madhu\OneDrive\Desktop\SDET\AS_TestNG\screenshots\EmptyTryeditorOverview.png' height='100' width='100'/> </a>
Screenshot saved at: C:\Users\madhu\OneDrive\Desktop\SDET\AS_TestNG\.\screenshots\EmptyTryeditorTerminologies.png
<a href='C:\Users\madhu\OneDrive\Desktop\SDET\AS_TestNG\screenshots\EmptyTryeditorTerminologies.png'> <img src='C:\Users\madhu\OneDrive\Desktop\SDET\AS_TestNG\screenshots\EmptyTryeditorTerminologies.png' height='100' width='100'/> </a>
Screenshot saved at: C:\Users\madhu\OneDrive\Desktop\SDET\AS_TestNG\.\screenshots\EmptyTryeditorTravelsIllus.png
<a href='C:\Users\madhu\OneDrive\Desktop\SDET\AS_TestNG\screenshots\EmptyTryeditorTravelsIllus.png'> <img src='C:\Users\madhu\OneDrive\Desktop\SDET\AS_TestNG\screenshots\EmptyTryeditorTravelsIllus.png' height='100' width='100'/> </a>
Screenshot saved at: C:\Users\madhu\OneDrive\Desktop\SDET\AS_TestNG\.\screenshots\LLIntroEmptyTryHereFunc.png
<a href='C:\Users\madhu\OneDrive\Desktop\SDET\AS_TestNG\screenshots\LLIntroEmptyTryHereFunc.png'> <img src='C:\Users\madhu\OneDrive\Desktop\SDET\AS_TestNG\screenshots\LLIntroEmptyTryHereFunc.png' height='100' width='100'/> </a>
Screenshot saved at: C:\Users\madhu\OneDrive\Desktop\SDET\AS_TestNG\.\screenshots\EmptyTryeditorTreeTraversals.png
<a href='C:\Users\madhu\OneDrive\Desktop\SDET\AS_TestNG\screenshots\EmptyTryeditorTreeTraversals.png'> <img src='C:\Users\madhu\OneDrive\Desktop\SDET\AS_TestNG\screenshots\EmptyTryeditorTreeTraversals.png' height='100' width='100'/> </a>
Screenshot saved at: C:\Users\madhu\OneDrive\Desktop\SDET\AS_TestNG\.\screenshots\EmptyTryeditorTypesofBT.png
<a href='C:\Users\madhu\OneDrive\Desktop\SDET\AS_TestNG\screenshots\EmptyTryeditorTypesofBT.png'> <img src='C:\Users\madhu\OneDrive\Desktop\SDET\AS_TestNG\screenshots\EmptyTryeditorTypesofBT.png' height='100' width='100'/> </a>
Screenshot saved at: C:\Users\madhu\OneDrive\Desktop\SDET\AS_TestNG\.\screenshots\TraversalEmptyTryHereFunc.png
<a href='C:\Users\madhu\OneDrive\Desktop\SDET\AS_TestNG\screenshots\TraversalEmptyTryHereFunc.png'> <img src='C:\Users\madhu\OneDrive\Desktop\SDET\AS_TestNG\screenshots\TraversalEmptyTryHereFunc.png' height='100' width='100'/> </a>
Screenshot saved at: C:\Users\madhu\OneDrive\Desktop\SDET\AS_TestNG\.\screenshots\EmptyTryeditorTypesofTrees.png
<a href='C:\Users\madhu\OneDrive\Desktop\SDET\AS_TestNG\screenshots\EmptyTryeditorTypesofTrees.png'> <img src='C:\Users\madhu\OneDrive\Desktop\SDET\AS_TestNG\screenshots\EmptyTryeditorTypesofTrees.png' height='100' width='100'/> </a>
Screenshot saved at: C:\Users\madhu\OneDrive\Desktop\SDET\AS_TestNG\.\screenshots\TypesLLEmptyTryHereFunc.png
<a href='C:\Users\madhu\OneDrive\Desktop\SDET\AS_TestNG\screenshots\TypesLLEmptyTryHereFunc.png'> <img src='C:\Users\madhu\OneDrive\Desktop\SDET\AS_TestNG\screenshots\TypesLLEmptyTryHereFunc.png' height='100' width='100'/> </a>]]>
  </system-out>
</testsuite> <!-- testCases.Home_TestCase -->
