<?xml version="1.0" encoding="UTF-8"?>
<!-- Generated by org.testng.reporters.JUnitReportReporter -->
<testsuite hostname="Cricket" failures="0" tests="74" name="testCases.LinkedList_TestCase" time="435.096" errors="0" timestamp="2025-01-11T22:28:06 CST" skipped="0">
  <testcase classname="testCases.LinkedList_TestCase" name="LL2CreateLL" time="2.835"/>
  <testcase classname="testCases.LinkedList_TestCase" name="LLIntro2PracticeQues" time="17.900"/>
  <testcase classname="testCases.LinkedList_TestCase" name="TraversalInValidTryHereFunc" time="5.801"/>
  <testcase classname="testCases.LinkedList_TestCase" name="LL2CreateLL" time="4.113"/>
  <testcase classname="testCases.LinkedList_TestCase" name="ImpLL2TryEditor" time="3.450"/>
  <testcase classname="testCases.LinkedList_TestCase" name="Traversal2TryEditor" time="3.787"/>
  <testcase classname="testCases.LinkedList_TestCase" name="CreateLLInValidTryHereFunc" time="7.383"/>
  <testcase classname="testCases.LinkedList_TestCase" name="TypesLL2TryEditor" time="4.621"/>
  <testcase classname="testCases.LinkedList_TestCase" name="LLlogout" time="3.672"/>
  <testcase classname="testCases.LinkedList_TestCase" name="Insertion2TryEditor" time="6.082"/>
  <testcase classname="testCases.LinkedList_TestCase" name="CreateLLInValidTryHereFunc" time="6.809"/>
  <testcase classname="testCases.LinkedList_TestCase" name="LLIntro2TryEditor" time="5.727"/>
  <testcase classname="testCases.LinkedList_TestCase" name="DeletionValidTryHereFunc" time="5.896"/>
  <testcase classname="testCases.LinkedList_TestCase" name="InsertionValidTryHereFunc" time="6.870"/>
  <testcase classname="testCases.LinkedList_TestCase" name="LL2Traversal" time="5.991"/>
  <testcase classname="testCases.LinkedList_TestCase" name="Insertion2TryEditor" time="7.214"/>
  <testcase classname="testCases.LinkedList_TestCase" name="InsertionInValidTryHereFunc" time="6.299"/>
  <testcase classname="testCases.LinkedList_TestCase" name="CreateLLValidTryHereFunc" time="9.683"/>
  <testcase classname="testCases.LinkedList_TestCase" name="CreateLL2TryEditor" time="12.710"/>
  <testcase classname="testCases.LinkedList_TestCase" name="DeletionInValidTryHereFunc" time="5.287"/>
  <testcase classname="testCases.LinkedList_TestCase" name="LLIntroValidTryHereFunc" time="4.296"/>
  <testcase classname="testCases.LinkedList_TestCase" name="LL2TypesLL" time="4.834"/>
  <testcase classname="testCases.LinkedList_TestCase" name="TypesLLInValidTryHereFunc" time="7.959"/>
  <testcase classname="testCases.LinkedList_TestCase" name="CreateLLValidTryHereFunc" time="5.455"/>
  <testcase classname="testCases.LinkedList_TestCase" name="LLlogout" time="3.113"/>
  <testcase classname="testCases.LinkedList_TestCase" name="TypesLLInValidTryHereFunc" time="5.799"/>
  <testcase classname="testCases.LinkedList_TestCase" name="DeletionInValidTryHereFunc" time="4.147"/>
  <testcase classname="testCases.LinkedList_TestCase" name="CreateLLInValidTryHereFunc" time="5.213"/>
  <testcase classname="testCases.LinkedList_TestCase" name="TraversalValidTryHereFunc" time="3.428"/>
  <testcase classname="testCases.LinkedList_TestCase" name="LL2ImpLL" time="4.445"/>
  <testcase classname="testCases.LinkedList_TestCase" name="TypesLLInValidTryHereFunc" time="5.288"/>
  <testcase classname="testCases.LinkedList_TestCase" name="ImpLLValidTryHereFunc" time="6.835"/>
  <testcase classname="testCases.LinkedList_TestCase" name="TypesLL2TryEditor" time="3.765"/>
  <testcase classname="testCases.LinkedList_TestCase" name="ImpLLInValidTryHereFunc" time="5.626"/>
  <testcase classname="testCases.LinkedList_TestCase" name="CreateLLInValidTryHereFunc" time="6.928"/>
  <testcase classname="testCases.LinkedList_TestCase" name="LL2Deletion" time="2.948"/>
  <testcase classname="testCases.LinkedList_TestCase" name="ImpLLInValidTryHereFunc" time="6.198"/>
  <testcase classname="testCases.LinkedList_TestCase" name="LL2Insertion" time="3.436"/>
  <testcase classname="testCases.LinkedList_TestCase" name="InsertionInValidTryHereFunc" time="7.578"/>
  <testcase classname="testCases.LinkedList_TestCase" name="LLIntroInValidTryHereFunc" time="6.348"/>
  <testcase classname="testCases.LinkedList_TestCase" name="LLIntroValidTryHereFunc" time="7.141"/>
  <testcase classname="testCases.LinkedList_TestCase" name="TypesLLInValidTryHereFunc" time="3.920"/>
  <testcase classname="testCases.LinkedList_TestCase" name="ImpLL2TryEditor" time="6.809"/>
  <testcase classname="testCases.LinkedList_TestCase" name="Traversal2TryEditor" time="9.073"/>
  <testcase classname="testCases.LinkedList_TestCase" name="TypesLLValidTryHereFunc" time="13.040"/>
  <testcase classname="testCases.LinkedList_TestCase" name="TraversalInValidTryHereFunc" time="8.816"/>
  <testcase classname="testCases.LinkedList_TestCase" name="Deletion2TryEditor" time="5.959"/>
  <testcase classname="testCases.LinkedList_TestCase" name="InsertionValidTryHereFunc" time="5.118"/>
  <testcase classname="testCases.LinkedList_TestCase" name="ImpLLValidTryHereFunc" time="4.255"/>
  <testcase classname="testCases.LinkedList_TestCase" name="LLIntro2TryEditor" time="4.439"/>
  <testcase classname="testCases.LinkedList_TestCase" name="LL2Insertion" time="6.258"/>
  <testcase classname="testCases.LinkedList_TestCase" name="LLIntro2PracticeQues" time="5.832"/>
  <testcase classname="testCases.LinkedList_TestCase" name="DeletionInValidTryHereFunc" time="5.164"/>
  <testcase classname="testCases.LinkedList_TestCase" name="LL2Intro" time="2.900"/>
  <testcase classname="testCases.LinkedList_TestCase" name="LL2ImpLL" time="7.356"/>
  <testcase classname="testCases.LinkedList_TestCase" name="LLIntroInValidTryHereFunc" time="3.874"/>
  <testcase classname="testCases.LinkedList_TestCase" name="Deletion2TryEditor" time="5.034"/>
  <testcase classname="testCases.LinkedList_TestCase" name="ImpLLInValidTryHereFunc" time="6.052"/>
  <testcase classname="testCases.LinkedList_TestCase" name="InsertionInValidTryHereFunc" time="8.845"/>
  <testcase classname="testCases.LinkedList_TestCase" name="DeletionValidTryHereFunc" time="4.085"/>
  <testcase classname="testCases.LinkedList_TestCase" name="TraversalValidTryHereFunc" time="5.172"/>
  <testcase classname="testCases.LinkedList_TestCase" name="DeletionInValidTryHereFunc" time="7.125"/>
  <testcase classname="testCases.LinkedList_TestCase" name="CreateLL2TryEditor" time="13.826"/>
  <testcase classname="testCases.LinkedList_TestCase" name="LLIntroInValidTryHereFunc" time="5.514"/>
  <testcase classname="testCases.LinkedList_TestCase" name="LL2Traversal" time="3.532"/>
  <testcase classname="testCases.LinkedList_TestCase" name="LL2Deletion" time="5.247"/>
  <testcase classname="testCases.LinkedList_TestCase" name="ImpLLInValidTryHereFunc" time="4.180"/>
  <testcase classname="testCases.LinkedList_TestCase" name="InsertionInValidTryHereFunc" time="3.981"/>
  <testcase classname="testCases.LinkedList_TestCase" name="LLIntroInValidTryHereFunc" time="4.563"/>
  <testcase classname="testCases.LinkedList_TestCase" name="TypesLLValidTryHereFunc" time="3.443"/>
  <testcase classname="testCases.LinkedList_TestCase" name="TraversalInValidTryHereFunc" time="5.741"/>
  <testcase classname="testCases.LinkedList_TestCase" name="LL2TypesLL" time="3.154"/>
  <testcase classname="testCases.LinkedList_TestCase" name="TraversalInValidTryHereFunc" time="5.822"/>
  <testcase classname="testCases.LinkedList_TestCase" name="LL2Intro" time="4.057"/>
  <system-out>
    <![CDATA[Screenshot saved at: C:\Users\12017\Desktop\MurugaKaapathu\AS_testNG\screenshots\InvalidRegister.png
Screenshot saved at: C:\Users\12017\Desktop\MurugaKaapathu\AS_testNG\screenshots\InvalidRegister.png
Screenshot saved at: C:\Users\12017\Desktop\MurugaKaapathu\AS_testNG\screenshots\InvalidRegister.png
Screenshot saved at: C:\Users\12017\Desktop\MurugaKaapathu\AS_testNG\screenshots\EmptyTryeditorABT.png
Screenshot saved at: C:\Users\12017\Desktop\MurugaKaapathu\AS_testNG\screenshots\EmptyTryeditorBST.png
Screenshot saved at: C:\Users\12017\Desktop\MurugaKaapathu\AS_testNG\screenshots\EmptyTryeditorBT.png
Screenshot saved at: C:\Users\12017\Desktop\MurugaKaapathu\AS_testNG\screenshots\EmptyTryeditorBinTreeTrav.png
Screenshot saved at: C:\Users\12017\Desktop\MurugaKaapathu\AS_testNG\screenshots\EmptyTryeditorIBST.png
Screenshot saved at: C:\Users\12017\Desktop\MurugaKaapathu\AS_testNG\screenshots\EmptyTryeditorIBT.png
Screenshot saved at: C:\Users\12017\Desktop\MurugaKaapathu\AS_testNG\screenshots\EmptyTryeditorImpinBT.png
Screenshot saved at: C:\Users\12017\Desktop\MurugaKaapathu\AS_testNG\screenshots\EmptyTryeditorOverview.png
Screenshot saved at: C:\Users\12017\Desktop\MurugaKaapathu\AS_testNG\screenshots\EmptyTryeditorTerminologies.png
Screenshot saved at: C:\Users\12017\Desktop\MurugaKaapathu\AS_testNG\screenshots\EmptyTryeditorTravelsIllus.png
Screenshot saved at: C:\Users\12017\Desktop\MurugaKaapathu\AS_testNG\screenshots\EmptyTryeditorTreeTraversals.png
Screenshot saved at: C:\Users\12017\Desktop\MurugaKaapathu\AS_testNG\screenshots\EmptyTryeditorTypesofBT.png
Screenshot saved at: C:\Users\12017\Desktop\MurugaKaapathu\AS_testNG\screenshots\EmptyTryeditorTypesofTrees.png
Screenshot saved at: C:\Users\12017\Desktop\MurugaKaapathu\AS_testNG\screenshots\InvalidRegister.png
Screenshot saved at: C:\Users\12017\Desktop\MurugaKaapathu\AS_testNG\screenshots\InvalidRegister.png
Screenshot saved at: C:\Users\12017\Desktop\MurugaKaapathu\AS_testNG\screenshots\InvalidRegister.png
Screenshot saved at: C:\Users\12017\Desktop\MurugaKaapathu\AS_testNG\screenshots\EmptyTryeditorABT.png
Screenshot saved at: C:\Users\12017\Desktop\MurugaKaapathu\AS_testNG\screenshots\EmptyTryeditorBST.png
Screenshot saved at: C:\Users\12017\Desktop\MurugaKaapathu\AS_testNG\screenshots\EmptyTryeditorBT.png
Screenshot saved at: C:\Users\12017\Desktop\MurugaKaapathu\AS_testNG\screenshots\EmptyTryeditorBinTreeTrav.png
Screenshot saved at: C:\Users\12017\Desktop\MurugaKaapathu\AS_testNG\screenshots\EmptyTryeditorIBST.png
Screenshot saved at: C:\Users\12017\Desktop\MurugaKaapathu\AS_testNG\screenshots\EmptyTryeditorIBT.png
Screenshot saved at: C:\Users\12017\Desktop\MurugaKaapathu\AS_testNG\screenshots\EmptyTryeditorImpinBT.png
Screenshot saved at: C:\Users\12017\Desktop\MurugaKaapathu\AS_testNG\screenshots\EmptyTryeditorOverview.png
Screenshot saved at: C:\Users\12017\Desktop\MurugaKaapathu\AS_testNG\screenshots\EmptyTryeditorTerminologies.png
Screenshot saved at: C:\Users\12017\Desktop\MurugaKaapathu\AS_testNG\screenshots\EmptyTryeditorTravelsIllus.png
Screenshot saved at: C:\Users\12017\Desktop\MurugaKaapathu\AS_testNG\screenshots\EmptyTryeditorTreeTraversals.png
Screenshot saved at: C:\Users\12017\Desktop\MurugaKaapathu\AS_testNG\screenshots\EmptyTryeditorTypesofBT.png
Screenshot saved at: C:\Users\12017\Desktop\MurugaKaapathu\AS_testNG\screenshots\EmptyTryeditorTypesofTrees.png]]>
  </system-out>
</testsuite> <!-- testCases.LinkedList_TestCase -->
