<?xml version="1.0" encoding="UTF-8"?>
<!-- Generated by org.testng.reporters.JUnitReportReporter -->
<testsuite hostname="Cricket" failures="26" tests="238" name="testCases.Tree_TestCase" time="982.441" errors="0" timestamp="2025-01-11T22:28:06 CST" skipped="78">
  <testcase classname="testCases.Tree_TestCase" name="EmptyTryeditorBinTreeTrav" time="18.243">
    <skipped/>
  </testcase> <!-- EmptyTryeditorBinTreeTrav -->
  <testcase classname="testCases.Tree_TestCase" name="IBST" time="2.351"/>
  <testcase classname="testCases.Tree_TestCase" name="LogOut" time="2.696"/>
  <testcase classname="testCases.Tree_TestCase" name="InvalidTryHereFunctionalityBST" time="4.310"/>
  <testcase classname="testCases.Tree_TestCase" name="EmptyTryeditorTypesofBT" time="4.454">
    <failure message="Alert is not present" type="java.lang.AssertionError">
      <![CDATA[java.lang.AssertionError: Alert is not present
at org.testng.Assert.fail(Assert.java:111)
at testCases.Tree_TestCase.EmptyTryeditorTypesofBT(Tree_TestCase.java:607)
at java.base/jdk.internal.reflect.DirectMethodHandleAccessor.invoke(DirectMethodHandleAccessor.java:103)
at java.base/java.lang.reflect.Method.invoke(Method.java:580)
at org.testng.internal.invokers.MethodInvocationHelper.invokeMethod(MethodInvocationHelper.java:141)
at org.testng.internal.invokers.TestInvoker.invokeMethod(TestInvoker.java:686)
at org.testng.internal.invokers.TestInvoker.retryFailed(TestInvoker.java:269)
at org.testng.internal.invokers.MethodRunner.runInSequence(MethodRunner.java:76)
at org.testng.internal.invokers.TestInvoker$MethodInvocationAgent.invoke(TestInvoker.java:992)
at org.testng.internal.invokers.TestInvoker.invokeTestMethods(TestInvoker.java:203)
at org.testng.internal.invokers.TestMethodWorker.invokeTestMethods(TestMethodWorker.java:154)
at org.testng.internal.invokers.TestMethodWorker.run(TestMethodWorker.java:134)
at java.base/java.util.concurrent.Executors$RunnableAdapter.call(Executors.java:572)
at java.base/java.util.concurrent.FutureTask.run(FutureTask.java:317)
at org.testng.internal.thread.graph.TestNGFutureTask.run(TestNGFutureTask.java:22)
at java.base/java.util.concurrent.ThreadPoolExecutor.runWorker(ThreadPoolExecutor.java:1144)
at java.base/java.util.concurrent.ThreadPoolExecutor$Worker.run(ThreadPoolExecutor.java:642)
at java.base/java.lang.Thread.run(Thread.java:1575)
]]>
    </failure>
    <system-out>
      <![CDATA[Screenshot saved at: C:\Users\12017\Desktop\MurugaKaapathu\AS_testNG\screenshots\EmptyTryeditorTypesofBT.png]]>
    </system-out>
  </testcase> <!-- EmptyTryeditorTypesofBT -->
  <testcase classname="testCases.Tree_TestCase" name="EmptyTryeditorBT" time="4.169">
    <skipped/>
  </testcase> <!-- EmptyTryeditorBT -->
  <testcase classname="testCases.Tree_TestCase" name="InvalidTryHereFunctionalityIBST" time="3.750"/>
  <testcase classname="testCases.Tree_TestCase" name="EmptyTryeditorTypesofTrees" time="3.686">
    <skipped/>
  </testcase> <!-- EmptyTryeditorTypesofTrees -->
  <testcase classname="testCases.Tree_TestCase" name="EmptyTryeditorTypesofBT" time="3.600">
    <skipped/>
  </testcase> <!-- EmptyTryeditorTypesofBT -->
  <testcase classname="testCases.Tree_TestCase" name="NavtoTryherepgIBST" time="2.946"/>
  <testcase classname="testCases.Tree_TestCase" name="ValidTryHereFunctionalityTreeTraversals" time="4.620"/>
  <testcase classname="testCases.Tree_TestCase" name="EmptyTryeditorTreeTraversals" time="3.938">
    <skipped/>
  </testcase> <!-- EmptyTryeditorTreeTraversals -->
  <testcase classname="testCases.Tree_TestCase" name="IBT" time="3.215"/>
  <testcase classname="testCases.Tree_TestCase" name="ValidTryHereFunctionalityOverview" time="4.595"/>
  <testcase classname="testCases.Tree_TestCase" name="EmptyTryeditorOverview" time="3.417">
    <skipped/>
  </testcase> <!-- EmptyTryeditorOverview -->
  <testcase classname="testCases.Tree_TestCase" name="TypesofBT" time="3.381"/>
  <testcase classname="testCases.Tree_TestCase" name="InvalidTryHereFunctionalityABT" time="3.369"/>
  <testcase classname="testCases.Tree_TestCase" name="InvalidTryHereFunctionalityIBST" time="3.035"/>
  <testcase classname="testCases.Tree_TestCase" name="NavtoTryherepgIBT" time="3.940"/>
  <testcase classname="testCases.Tree_TestCase" name="EmptyTryeditorTypesofTrees" time="3.025">
    <failure message="Alert is not present" type="java.lang.AssertionError">
      <![CDATA[java.lang.AssertionError: Alert is not present
at org.testng.Assert.fail(Assert.java:111)
at testCases.Tree_TestCase.EmptyTryeditorTypesofTrees(Tree_TestCase.java:289)
at java.base/jdk.internal.reflect.DirectMethodHandleAccessor.invoke(DirectMethodHandleAccessor.java:103)
at java.base/java.lang.reflect.Method.invoke(Method.java:580)
at org.testng.internal.invokers.MethodInvocationHelper.invokeMethod(MethodInvocationHelper.java:141)
at org.testng.internal.invokers.TestInvoker.invokeMethod(TestInvoker.java:686)
at org.testng.internal.invokers.TestInvoker.retryFailed(TestInvoker.java:269)
at org.testng.internal.invokers.MethodRunner.runInSequence(MethodRunner.java:76)
at org.testng.internal.invokers.TestInvoker$MethodInvocationAgent.invoke(TestInvoker.java:992)
at org.testng.internal.invokers.TestInvoker.invokeTestMethods(TestInvoker.java:203)
at org.testng.internal.invokers.TestMethodWorker.invokeTestMethods(TestMethodWorker.java:154)
at org.testng.internal.invokers.TestMethodWorker.run(TestMethodWorker.java:134)
at java.base/java.util.concurrent.Executors$RunnableAdapter.call(Executors.java:572)
at java.base/java.util.concurrent.FutureTask.run(FutureTask.java:317)
at org.testng.internal.thread.graph.TestNGFutureTask.run(TestNGFutureTask.java:22)
at java.base/java.util.concurrent.ThreadPoolExecutor.runWorker(ThreadPoolExecutor.java:1144)
at java.base/java.util.concurrent.ThreadPoolExecutor$Worker.run(ThreadPoolExecutor.java:642)
at java.base/java.lang.Thread.run(Thread.java:1575)
]]>
    </failure>
    <system-out>
      <![CDATA[Screenshot saved at: C:\Users\12017\Desktop\MurugaKaapathu\AS_testNG\screenshots\EmptyTryeditorTypesofTrees.png]]>
    </system-out>
  </testcase> <!-- EmptyTryeditorTypesofTrees -->
  <testcase classname="testCases.Tree_TestCase" name="InvalidTryHereFunctionalityTYpesofTrees" time="2.938"/>
  <testcase classname="testCases.Tree_TestCase" name="EmptyTryeditorBinTreeTrav" time="6.666">
    <skipped/>
  </testcase> <!-- EmptyTryeditorBinTreeTrav -->
  <testcase classname="testCases.Tree_TestCase" name="Practice" time="2.912"/>
  <testcase classname="testCases.Tree_TestCase" name="EmptyTryeditorTypesofBT" time="2.856">
    <failure message="Alert is not present" type="java.lang.AssertionError">
      <![CDATA[java.lang.AssertionError: Alert is not present
at org.testng.Assert.fail(Assert.java:111)
at testCases.Tree_TestCase.EmptyTryeditorTypesofBT(Tree_TestCase.java:607)
at java.base/jdk.internal.reflect.DirectMethodHandleAccessor.invoke(DirectMethodHandleAccessor.java:103)
at java.base/java.lang.reflect.Method.invoke(Method.java:580)
at org.testng.internal.invokers.MethodInvocationHelper.invokeMethod(MethodInvocationHelper.java:141)
at org.testng.internal.invokers.TestInvoker.invokeMethod(TestInvoker.java:686)
at org.testng.internal.invokers.TestInvoker.retryFailed(TestInvoker.java:269)
at org.testng.internal.invokers.MethodRunner.runInSequence(MethodRunner.java:76)
at org.testng.internal.invokers.TestInvoker$MethodInvocationAgent.invoke(TestInvoker.java:992)
at org.testng.internal.invokers.TestInvoker.invokeTestMethods(TestInvoker.java:203)
at org.testng.internal.invokers.TestMethodWorker.invokeTestMethods(TestMethodWorker.java:154)
at org.testng.internal.invokers.TestMethodWorker.run(TestMethodWorker.java:134)
at java.base/java.util.concurrent.Executors$RunnableAdapter.call(Executors.java:572)
at java.base/java.util.concurrent.FutureTask.run(FutureTask.java:317)
at org.testng.internal.thread.graph.TestNGFutureTask.run(TestNGFutureTask.java:22)
at java.base/java.util.concurrent.ThreadPoolExecutor.runWorker(ThreadPoolExecutor.java:1144)
at java.base/java.util.concurrent.ThreadPoolExecutor$Worker.run(ThreadPoolExecutor.java:642)
at java.base/java.lang.Thread.run(Thread.java:1575)
]]>
    </failure>
    <system-out>
      <![CDATA[Screenshot saved at: C:\Users\12017\Desktop\MurugaKaapathu\AS_testNG\screenshots\EmptyTryeditorTypesofBT.png]]>
    </system-out>
  </testcase> <!-- EmptyTryeditorTypesofBT -->
  <testcase classname="testCases.Tree_TestCase" name="InvalidTryHereFunctionalityTraversalsIllus" time="3.590"/>
  <testcase classname="testCases.Tree_TestCase" name="NavtoTryherepgBinTreeTrav" time="5.538"/>
  <testcase classname="testCases.Tree_TestCase" name="EmptyTryeditorIBST" time="3.256">
    <skipped/>
  </testcase> <!-- EmptyTryeditorIBST -->
  <testcase classname="testCases.Tree_TestCase" name="EmptyTryeditorImpinBT" time="3.462">
    <skipped/>
  </testcase> <!-- EmptyTryeditorImpinBT -->
  <testcase classname="testCases.Tree_TestCase" name="EmptyTryeditorBT" time="3.816">
    <skipped/>
  </testcase> <!-- EmptyTryeditorBT -->
  <testcase classname="testCases.Tree_TestCase" name="EmptyTryeditorBinTreeTrav" time="4.387">
    <failure message="Alert is not present" type="java.lang.AssertionError">
      <![CDATA[java.lang.AssertionError: Alert is not present
at org.testng.Assert.fail(Assert.java:111)
at testCases.Tree_TestCase.EmptyTryeditorBinTreeTrav(Tree_TestCase.java:766)
at java.base/jdk.internal.reflect.DirectMethodHandleAccessor.invoke(DirectMethodHandleAccessor.java:103)
at java.base/java.lang.reflect.Method.invoke(Method.java:580)
at org.testng.internal.invokers.MethodInvocationHelper.invokeMethod(MethodInvocationHelper.java:141)
at org.testng.internal.invokers.TestInvoker.invokeMethod(TestInvoker.java:686)
at org.testng.internal.invokers.TestInvoker.retryFailed(TestInvoker.java:269)
at org.testng.internal.invokers.MethodRunner.runInSequence(MethodRunner.java:76)
at org.testng.internal.invokers.TestInvoker$MethodInvocationAgent.invoke(TestInvoker.java:992)
at org.testng.internal.invokers.TestInvoker.invokeTestMethods(TestInvoker.java:203)
at org.testng.internal.invokers.TestMethodWorker.invokeTestMethods(TestMethodWorker.java:154)
at org.testng.internal.invokers.TestMethodWorker.run(TestMethodWorker.java:134)
at java.base/java.util.concurrent.Executors$RunnableAdapter.call(Executors.java:572)
at java.base/java.util.concurrent.FutureTask.run(FutureTask.java:317)
at org.testng.internal.thread.graph.TestNGFutureTask.run(TestNGFutureTask.java:22)
at java.base/java.util.concurrent.ThreadPoolExecutor.runWorker(ThreadPoolExecutor.java:1144)
at java.base/java.util.concurrent.ThreadPoolExecutor$Worker.run(ThreadPoolExecutor.java:642)
at java.base/java.lang.Thread.run(Thread.java:1575)
]]>
    </failure>
    <system-out>
      <![CDATA[Screenshot saved at: C:\Users\12017\Desktop\MurugaKaapathu\AS_testNG\screenshots\EmptyTryeditorBinTreeTrav.png]]>
    </system-out>
  </testcase> <!-- EmptyTryeditorBinTreeTrav -->
  <testcase classname="testCases.Tree_TestCase" name="InvalidTryHereFunctionalityTerm" time="3.143"/>
  <testcase classname="testCases.Tree_TestCase" name="EmptyTryeditorTravelsIllus" time="2.394">
    <failure message="Alert is not present" type="java.lang.AssertionError">
      <![CDATA[java.lang.AssertionError: Alert is not present
at org.testng.Assert.fail(Assert.java:111)
at testCases.Tree_TestCase.EmptyTryeditorTravelsIllus(Tree_TestCase.java:451)
at java.base/jdk.internal.reflect.DirectMethodHandleAccessor.invoke(DirectMethodHandleAccessor.java:103)
at java.base/java.lang.reflect.Method.invoke(Method.java:580)
at org.testng.internal.invokers.MethodInvocationHelper.invokeMethod(MethodInvocationHelper.java:141)
at org.testng.internal.invokers.TestInvoker.invokeMethod(TestInvoker.java:686)
at org.testng.internal.invokers.TestInvoker.retryFailed(TestInvoker.java:269)
at org.testng.internal.invokers.MethodRunner.runInSequence(MethodRunner.java:76)
at org.testng.internal.invokers.TestInvoker$MethodInvocationAgent.invoke(TestInvoker.java:992)
at org.testng.internal.invokers.TestInvoker.invokeTestMethods(TestInvoker.java:203)
at org.testng.internal.invokers.TestMethodWorker.invokeTestMethods(TestMethodWorker.java:154)
at org.testng.internal.invokers.TestMethodWorker.run(TestMethodWorker.java:134)
at java.base/java.util.concurrent.Executors$RunnableAdapter.call(Executors.java:572)
at java.base/java.util.concurrent.FutureTask.run(FutureTask.java:317)
at org.testng.internal.thread.graph.TestNGFutureTask.run(TestNGFutureTask.java:22)
at java.base/java.util.concurrent.ThreadPoolExecutor.runWorker(ThreadPoolExecutor.java:1144)
at java.base/java.util.concurrent.ThreadPoolExecutor$Worker.run(ThreadPoolExecutor.java:642)
at java.base/java.lang.Thread.run(Thread.java:1575)
]]>
    </failure>
    <system-out>
      <![CDATA[Screenshot saved at: C:\Users\12017\Desktop\MurugaKaapathu\AS_testNG\screenshots\EmptyTryeditorTravelsIllus.png]]>
    </system-out>
  </testcase> <!-- EmptyTryeditorTravelsIllus -->
  <testcase classname="testCases.Tree_TestCase" name="EmptyTryeditorIBST" time="3.690">
    <skipped/>
  </testcase> <!-- EmptyTryeditorIBST -->
  <testcase classname="testCases.Tree_TestCase" name="BST" time="5.441"/>
  <testcase classname="testCases.Tree_TestCase" name="InvalidTryHereFunctionalityImpinBT" time="3.335"/>
  <testcase classname="testCases.Tree_TestCase" name="InvalidTryHereFunctionalityOverview" time="3.542"/>
  <testcase classname="testCases.Tree_TestCase" name="InvalidTryHereFunctionalityTreeTraversals" time="3.340"/>
  <testcase classname="testCases.Tree_TestCase" name="EmptyTryeditorTypesofTrees" time="3.918">
    <skipped/>
  </testcase> <!-- EmptyTryeditorTypesofTrees -->
  <testcase classname="testCases.Tree_TestCase" name="InvalidTryHereFunctionalityOverview" time="3.051"/>
  <testcase classname="testCases.Tree_TestCase" name="EmptyTryeditorBST" time="7.369">
    <failure message="Alert is not present" type="java.lang.AssertionError">
      <![CDATA[java.lang.AssertionError: Alert is not present
at org.testng.Assert.fail(Assert.java:111)
at testCases.Tree_TestCase.EmptyTryeditorBST(Tree_TestCase.java:1004)
at java.base/jdk.internal.reflect.DirectMethodHandleAccessor.invoke(DirectMethodHandleAccessor.java:103)
at java.base/java.lang.reflect.Method.invoke(Method.java:580)
at org.testng.internal.invokers.MethodInvocationHelper.invokeMethod(MethodInvocationHelper.java:141)
at org.testng.internal.invokers.TestInvoker.invokeMethod(TestInvoker.java:686)
at org.testng.internal.invokers.TestInvoker.retryFailed(TestInvoker.java:269)
at org.testng.internal.invokers.MethodRunner.runInSequence(MethodRunner.java:76)
at org.testng.internal.invokers.TestInvoker$MethodInvocationAgent.invoke(TestInvoker.java:992)
at org.testng.internal.invokers.TestInvoker.invokeTestMethods(TestInvoker.java:203)
at org.testng.internal.invokers.TestMethodWorker.invokeTestMethods(TestMethodWorker.java:154)
at org.testng.internal.invokers.TestMethodWorker.run(TestMethodWorker.java:134)
at java.base/java.util.concurrent.Executors$RunnableAdapter.call(Executors.java:572)
at java.base/java.util.concurrent.FutureTask.run(FutureTask.java:317)
at org.testng.internal.thread.graph.TestNGFutureTask.run(TestNGFutureTask.java:22)
at java.base/java.util.concurrent.ThreadPoolExecutor.runWorker(ThreadPoolExecutor.java:1144)
at java.base/java.util.concurrent.ThreadPoolExecutor$Worker.run(ThreadPoolExecutor.java:642)
at java.base/java.lang.Thread.run(Thread.java:1575)
]]>
    </failure>
    <system-out>
      <![CDATA[Screenshot saved at: C:\Users\12017\Desktop\MurugaKaapathu\AS_testNG\screenshots\EmptyTryeditorBST.png]]>
    </system-out>
  </testcase> <!-- EmptyTryeditorBST -->
  <testcase classname="testCases.Tree_TestCase" name="EmptyTryeditorIBST" time="3.110">
    <skipped/>
  </testcase> <!-- EmptyTryeditorIBST -->
  <testcase classname="testCases.Tree_TestCase" name="NavtoTryherepgImpinBT" time="4.346"/>
  <testcase classname="testCases.Tree_TestCase" name="ValidTryHereFunctionalityBT" time="5.743"/>
  <testcase classname="testCases.Tree_TestCase" name="NavtoTryherepgTravelsIllus" time="3.832"/>
  <testcase classname="testCases.Tree_TestCase" name="InvalidTryHereFunctionalityTYpesofTrees" time="2.970"/>
  <testcase classname="testCases.Tree_TestCase" name="EmptyTryeditorBST" time="4.999">
    <skipped/>
  </testcase> <!-- EmptyTryeditorBST -->
  <testcase classname="testCases.Tree_TestCase" name="EmptyTryeditorBT" time="3.301">
    <failure message="Alert is not present" type="java.lang.AssertionError">
      <![CDATA[java.lang.AssertionError: Alert is not present
at org.testng.Assert.fail(Assert.java:111)
at testCases.Tree_TestCase.EmptyTryeditorBT(Tree_TestCase.java:529)
at java.base/jdk.internal.reflect.DirectMethodHandleAccessor.invoke(DirectMethodHandleAccessor.java:103)
at java.base/java.lang.reflect.Method.invoke(Method.java:580)
at org.testng.internal.invokers.MethodInvocationHelper.invokeMethod(MethodInvocationHelper.java:141)
at org.testng.internal.invokers.TestInvoker.invokeMethod(TestInvoker.java:686)
at org.testng.internal.invokers.TestInvoker.retryFailed(TestInvoker.java:269)
at org.testng.internal.invokers.MethodRunner.runInSequence(MethodRunner.java:76)
at org.testng.internal.invokers.TestInvoker$MethodInvocationAgent.invoke(TestInvoker.java:992)
at org.testng.internal.invokers.TestInvoker.invokeTestMethods(TestInvoker.java:203)
at org.testng.internal.invokers.TestMethodWorker.invokeTestMethods(TestMethodWorker.java:154)
at org.testng.internal.invokers.TestMethodWorker.run(TestMethodWorker.java:134)
at java.base/java.util.concurrent.Executors$RunnableAdapter.call(Executors.java:572)
at java.base/java.util.concurrent.FutureTask.run(FutureTask.java:317)
at org.testng.internal.thread.graph.TestNGFutureTask.run(TestNGFutureTask.java:22)
at java.base/java.util.concurrent.ThreadPoolExecutor.runWorker(ThreadPoolExecutor.java:1144)
at java.base/java.util.concurrent.ThreadPoolExecutor$Worker.run(ThreadPoolExecutor.java:642)
at java.base/java.lang.Thread.run(Thread.java:1575)
]]>
    </failure>
    <system-out>
      <![CDATA[Screenshot saved at: C:\Users\12017\Desktop\MurugaKaapathu\AS_testNG\screenshots\EmptyTryeditorBT.png]]>
    </system-out>
  </testcase> <!-- EmptyTryeditorBT -->
  <testcase classname="testCases.Tree_TestCase" name="EmptyTryeditorIBT" time="3.264">
    <skipped/>
  </testcase> <!-- EmptyTryeditorIBT -->
  <testcase classname="testCases.Tree_TestCase" name="InvalidTryHereFunctionalityImpinBT" time="4.082"/>
  <testcase classname="testCases.Tree_TestCase" name="ValidTryHereFunctionalityTypesoftrees" time="3.103"/>
  <testcase classname="testCases.Tree_TestCase" name="BinTreeTrav" time="5.269"/>
  <testcase classname="testCases.Tree_TestCase" name="NavtoTryherepg" time="3.602"/>
  <testcase classname="testCases.Tree_TestCase" name="EmptyTryeditorTerminologies" time="3.188">
    <skipped/>
  </testcase> <!-- EmptyTryeditorTerminologies -->
  <testcase classname="testCases.Tree_TestCase" name="EmptyTryeditorTravelsIllus" time="5.436">
    <skipped/>
  </testcase> <!-- EmptyTryeditorTravelsIllus -->
  <testcase classname="testCases.Tree_TestCase" name="EmptyTryeditorTreeTraversals" time="6.179">
    <failure message="Alert is not present" type="java.lang.AssertionError">
      <![CDATA[java.lang.AssertionError: Alert is not present
at org.testng.Assert.fail(Assert.java:111)
at testCases.Tree_TestCase.EmptyTryeditorTreeTraversals(Tree_TestCase.java:371)
at java.base/jdk.internal.reflect.DirectMethodHandleAccessor.invoke(DirectMethodHandleAccessor.java:103)
at java.base/java.lang.reflect.Method.invoke(Method.java:580)
at org.testng.internal.invokers.MethodInvocationHelper.invokeMethod(MethodInvocationHelper.java:141)
at org.testng.internal.invokers.TestInvoker.invokeMethod(TestInvoker.java:686)
at org.testng.internal.invokers.TestInvoker.retryFailed(TestInvoker.java:269)
at org.testng.internal.invokers.MethodRunner.runInSequence(MethodRunner.java:76)
at org.testng.internal.invokers.TestInvoker$MethodInvocationAgent.invoke(TestInvoker.java:992)
at org.testng.internal.invokers.TestInvoker.invokeTestMethods(TestInvoker.java:203)
at org.testng.internal.invokers.TestMethodWorker.invokeTestMethods(TestMethodWorker.java:154)
at org.testng.internal.invokers.TestMethodWorker.run(TestMethodWorker.java:134)
at java.base/java.util.concurrent.Executors$RunnableAdapter.call(Executors.java:572)
at java.base/java.util.concurrent.FutureTask.run(FutureTask.java:317)
at org.testng.internal.thread.graph.TestNGFutureTask.run(TestNGFutureTask.java:22)
at java.base/java.util.concurrent.ThreadPoolExecutor.runWorker(ThreadPoolExecutor.java:1144)
at java.base/java.util.concurrent.ThreadPoolExecutor$Worker.run(ThreadPoolExecutor.java:642)
at java.base/java.lang.Thread.run(Thread.java:1575)
]]>
    </failure>
    <system-out>
      <![CDATA[Screenshot saved at: C:\Users\12017\Desktop\MurugaKaapathu\AS_testNG\screenshots\EmptyTryeditorTreeTraversals.png]]>
    </system-out>
  </testcase> <!-- EmptyTryeditorTreeTraversals -->
  <testcase classname="testCases.Tree_TestCase" name="EmptyTryeditorIBT" time="5.440">
    <skipped/>
  </testcase> <!-- EmptyTryeditorIBT -->
  <testcase classname="testCases.Tree_TestCase" name="NavtoTryherepgBST" time="3.470"/>
  <testcase classname="testCases.Tree_TestCase" name="EmptyTryeditorBT" time="4.271">
    <failure message="Alert is not present" type="java.lang.AssertionError">
      <![CDATA[java.lang.AssertionError: Alert is not present
at org.testng.Assert.fail(Assert.java:111)
at testCases.Tree_TestCase.EmptyTryeditorBT(Tree_TestCase.java:529)
at java.base/jdk.internal.reflect.DirectMethodHandleAccessor.invoke(DirectMethodHandleAccessor.java:103)
at java.base/java.lang.reflect.Method.invoke(Method.java:580)
at org.testng.internal.invokers.MethodInvocationHelper.invokeMethod(MethodInvocationHelper.java:141)
at org.testng.internal.invokers.TestInvoker.invokeMethod(TestInvoker.java:686)
at org.testng.internal.invokers.TestInvoker.retryFailed(TestInvoker.java:269)
at org.testng.internal.invokers.MethodRunner.runInSequence(MethodRunner.java:76)
at org.testng.internal.invokers.TestInvoker$MethodInvocationAgent.invoke(TestInvoker.java:992)
at org.testng.internal.invokers.TestInvoker.invokeTestMethods(TestInvoker.java:203)
at org.testng.internal.invokers.TestMethodWorker.invokeTestMethods(TestMethodWorker.java:154)
at org.testng.internal.invokers.TestMethodWorker.run(TestMethodWorker.java:134)
at java.base/java.util.concurrent.Executors$RunnableAdapter.call(Executors.java:572)
at java.base/java.util.concurrent.FutureTask.run(FutureTask.java:317)
at org.testng.internal.thread.graph.TestNGFutureTask.run(TestNGFutureTask.java:22)
at java.base/java.util.concurrent.ThreadPoolExecutor.runWorker(ThreadPoolExecutor.java:1144)
at java.base/java.util.concurrent.ThreadPoolExecutor$Worker.run(ThreadPoolExecutor.java:642)
at java.base/java.lang.Thread.run(Thread.java:1575)
]]>
    </failure>
    <system-out>
      <![CDATA[Screenshot saved at: C:\Users\12017\Desktop\MurugaKaapathu\AS_testNG\screenshots\EmptyTryeditorBT.png]]>
    </system-out>
  </testcase> <!-- EmptyTryeditorBT -->
  <testcase classname="testCases.Tree_TestCase" name="InvalidTryHereFunctionalityTYpesofTrees" time="3.082"/>
  <testcase classname="testCases.Tree_TestCase" name="EmptyTryeditorBST" time="4.892">
    <skipped/>
  </testcase> <!-- EmptyTryeditorBST -->
  <testcase classname="testCases.Tree_TestCase" name="BinTreeTrav" time="4.189"/>
  <testcase classname="testCases.Tree_TestCase" name="EmptyTryeditorTerminologies" time="3.686">
    <skipped/>
  </testcase> <!-- EmptyTryeditorTerminologies -->
  <testcase classname="testCases.Tree_TestCase" name="InvalidTryHereFunctionalityBinTreeTrav" time="2.905"/>
  <testcase classname="testCases.Tree_TestCase" name="EmptyTryeditorOverview" time="3.210">
    <skipped/>
  </testcase> <!-- EmptyTryeditorOverview -->
  <testcase classname="testCases.Tree_TestCase" name="Practice" time="3.812"/>
  <testcase classname="testCases.Tree_TestCase" name="ImpinBT" time="2.798"/>
  <testcase classname="testCases.Tree_TestCase" name="ValidTryHereFunctionalityBinTreeTrav" time="3.123"/>
  <testcase classname="testCases.Tree_TestCase" name="EmptyTryeditorABT" time="4.261">
    <failure message="Alert is not present" type="java.lang.AssertionError">
      <![CDATA[java.lang.AssertionError: Alert is not present
at org.testng.Assert.fail(Assert.java:111)
at testCases.Tree_TestCase.EmptyTryeditorABT(Tree_TestCase.java:922)
at java.base/jdk.internal.reflect.DirectMethodHandleAccessor.invoke(DirectMethodHandleAccessor.java:103)
at java.base/java.lang.reflect.Method.invoke(Method.java:580)
at org.testng.internal.invokers.MethodInvocationHelper.invokeMethod(MethodInvocationHelper.java:141)
at org.testng.internal.invokers.TestInvoker.invokeMethod(TestInvoker.java:686)
at org.testng.internal.invokers.TestInvoker.retryFailed(TestInvoker.java:269)
at org.testng.internal.invokers.MethodRunner.runInSequence(MethodRunner.java:76)
at org.testng.internal.invokers.TestInvoker$MethodInvocationAgent.invoke(TestInvoker.java:992)
at org.testng.internal.invokers.TestInvoker.invokeTestMethods(TestInvoker.java:203)
at org.testng.internal.invokers.TestMethodWorker.invokeTestMethods(TestMethodWorker.java:154)
at org.testng.internal.invokers.TestMethodWorker.run(TestMethodWorker.java:134)
at java.base/java.util.concurrent.Executors$RunnableAdapter.call(Executors.java:572)
at java.base/java.util.concurrent.FutureTask.run(FutureTask.java:317)
at org.testng.internal.thread.graph.TestNGFutureTask.run(TestNGFutureTask.java:22)
at java.base/java.util.concurrent.ThreadPoolExecutor.runWorker(ThreadPoolExecutor.java:1144)
at java.base/java.util.concurrent.ThreadPoolExecutor$Worker.run(ThreadPoolExecutor.java:642)
at java.base/java.lang.Thread.run(Thread.java:1575)
]]>
    </failure>
    <system-out>
      <![CDATA[Screenshot saved at: C:\Users\12017\Desktop\MurugaKaapathu\AS_testNG\screenshots\EmptyTryeditorABT.png]]>
    </system-out>
  </testcase> <!-- EmptyTryeditorABT -->
  <testcase classname="testCases.Tree_TestCase" name="TravelsIllus" time="2.605"/>
  <testcase classname="testCases.Tree_TestCase" name="EmptyTryeditorTravelsIllus" time="4.095">
    <skipped/>
  </testcase> <!-- EmptyTryeditorTravelsIllus -->
  <testcase classname="testCases.Tree_TestCase" name="ValidTryHereFunctionalityTraversalsIllus" time="4.853"/>
  <testcase classname="testCases.Tree_TestCase" name="EmptyTryeditorBST" time="3.800">
    <failure message="Alert is not present" type="java.lang.AssertionError">
      <![CDATA[java.lang.AssertionError: Alert is not present
at org.testng.Assert.fail(Assert.java:111)
at testCases.Tree_TestCase.EmptyTryeditorBST(Tree_TestCase.java:1004)
at java.base/jdk.internal.reflect.DirectMethodHandleAccessor.invoke(DirectMethodHandleAccessor.java:103)
at java.base/java.lang.reflect.Method.invoke(Method.java:580)
at org.testng.internal.invokers.MethodInvocationHelper.invokeMethod(MethodInvocationHelper.java:141)
at org.testng.internal.invokers.TestInvoker.invokeMethod(TestInvoker.java:686)
at org.testng.internal.invokers.TestInvoker.retryFailed(TestInvoker.java:269)
at org.testng.internal.invokers.MethodRunner.runInSequence(MethodRunner.java:76)
at org.testng.internal.invokers.TestInvoker$MethodInvocationAgent.invoke(TestInvoker.java:992)
at org.testng.internal.invokers.TestInvoker.invokeTestMethods(TestInvoker.java:203)
at org.testng.internal.invokers.TestMethodWorker.invokeTestMethods(TestMethodWorker.java:154)
at org.testng.internal.invokers.TestMethodWorker.run(TestMethodWorker.java:134)
at java.base/java.util.concurrent.Executors$RunnableAdapter.call(Executors.java:572)
at java.base/java.util.concurrent.FutureTask.run(FutureTask.java:317)
at org.testng.internal.thread.graph.TestNGFutureTask.run(TestNGFutureTask.java:22)
at java.base/java.util.concurrent.ThreadPoolExecutor.runWorker(ThreadPoolExecutor.java:1144)
at java.base/java.util.concurrent.ThreadPoolExecutor$Worker.run(ThreadPoolExecutor.java:642)
at java.base/java.lang.Thread.run(Thread.java:1575)
]]>
    </failure>
    <system-out>
      <![CDATA[Screenshot saved at: C:\Users\12017\Desktop\MurugaKaapathu\AS_testNG\screenshots\EmptyTryeditorBST.png]]>
    </system-out>
  </testcase> <!-- EmptyTryeditorBST -->
  <testcase classname="testCases.Tree_TestCase" name="InvalidTryHereFunctionalityIBT" time="3.052"/>
  <testcase classname="testCases.Tree_TestCase" name="ValidTryHereFunctionalityTypesoftrees" time="4.703"/>
  <testcase classname="testCases.Tree_TestCase" name="ValidTryHereFunctionalityTraversalsIllus" time="3.086"/>
  <testcase classname="testCases.Tree_TestCase" name="EmptyTryeditorOverview" time="3.433">
    <skipped/>
  </testcase> <!-- EmptyTryeditorOverview -->
  <testcase classname="testCases.Tree_TestCase" name="EmptyTryeditorOverview" time="3.352">
    <skipped/>
  </testcase> <!-- EmptyTryeditorOverview -->
  <testcase classname="testCases.Tree_TestCase" name="ValidTryHereFunctionalityTypesofBT" time="5.185"/>
  <testcase classname="testCases.Tree_TestCase" name="ValidTryHereFunctionalityImpinBT" time="3.355"/>
  <testcase classname="testCases.Tree_TestCase" name="TypesofBT" time="4.114"/>
  <testcase classname="testCases.Tree_TestCase" name="EmptyTryeditorTypesofBT" time="4.889">
    <skipped/>
  </testcase> <!-- EmptyTryeditorTypesofBT -->
  <testcase classname="testCases.Tree_TestCase" name="BST" time="5.710"/>
  <testcase classname="testCases.Tree_TestCase" name="InvalidTryHereFunctionalityTreeTraversals" time="3.364"/>
  <testcase classname="testCases.Tree_TestCase" name="ValidTryHereFunctionalityTypesofBT" time="7.301"/>
  <testcase classname="testCases.Tree_TestCase" name="InvalidTryHereFunctionalityIBST" time="3.181"/>
  <testcase classname="testCases.Tree_TestCase" name="EmptyTryeditorABT" time="4.307">
    <skipped/>
  </testcase> <!-- EmptyTryeditorABT -->
  <testcase classname="testCases.Tree_TestCase" name="EmptyTryeditorIBT" time="2.777">
    <skipped/>
  </testcase> <!-- EmptyTryeditorIBT -->
  <testcase classname="testCases.Tree_TestCase" name="ValidTryHereFunctionalityTreeTraversals" time="3.737"/>
  <testcase classname="testCases.Tree_TestCase" name="LogOut" time="2.885"/>
  <testcase classname="testCases.Tree_TestCase" name="InvalidTryHereFunctionalityIBT" time="3.303"/>
  <testcase classname="testCases.Tree_TestCase" name="NavtoOverviewofTrees" time="3.220"/>
  <testcase classname="testCases.Tree_TestCase" name="EmptyTryeditorTypesofTrees" time="2.835">
    <failure message="Alert is not present" type="java.lang.AssertionError">
      <![CDATA[java.lang.AssertionError: Alert is not present
at org.testng.Assert.fail(Assert.java:111)
at testCases.Tree_TestCase.EmptyTryeditorTypesofTrees(Tree_TestCase.java:289)
at java.base/jdk.internal.reflect.DirectMethodHandleAccessor.invoke(DirectMethodHandleAccessor.java:103)
at java.base/java.lang.reflect.Method.invoke(Method.java:580)
at org.testng.internal.invokers.MethodInvocationHelper.invokeMethod(MethodInvocationHelper.java:141)
at org.testng.internal.invokers.TestInvoker.invokeMethod(TestInvoker.java:686)
at org.testng.internal.invokers.TestInvoker.retryFailed(TestInvoker.java:269)
at org.testng.internal.invokers.MethodRunner.runInSequence(MethodRunner.java:76)
at org.testng.internal.invokers.TestInvoker$MethodInvocationAgent.invoke(TestInvoker.java:992)
at org.testng.internal.invokers.TestInvoker.invokeTestMethods(TestInvoker.java:203)
at org.testng.internal.invokers.TestMethodWorker.invokeTestMethods(TestMethodWorker.java:154)
at org.testng.internal.invokers.TestMethodWorker.run(TestMethodWorker.java:134)
at java.base/java.util.concurrent.Executors$RunnableAdapter.call(Executors.java:572)
at java.base/java.util.concurrent.FutureTask.run(FutureTask.java:317)
at org.testng.internal.thread.graph.TestNGFutureTask.run(TestNGFutureTask.java:22)
at java.base/java.util.concurrent.ThreadPoolExecutor.runWorker(ThreadPoolExecutor.java:1144)
at java.base/java.util.concurrent.ThreadPoolExecutor$Worker.run(ThreadPoolExecutor.java:642)
at java.base/java.lang.Thread.run(Thread.java:1575)
]]>
    </failure>
    <system-out>
      <![CDATA[Screenshot saved at: C:\Users\12017\Desktop\MurugaKaapathu\AS_testNG\screenshots\EmptyTryeditorTypesofTrees.png]]>
    </system-out>
  </testcase> <!-- EmptyTryeditorTypesofTrees -->
  <testcase classname="testCases.Tree_TestCase" name="EmptyTryeditorImpinBT" time="3.471">
    <skipped/>
  </testcase> <!-- EmptyTryeditorImpinBT -->
  <testcase classname="testCases.Tree_TestCase" name="EmptyTryeditorBST" time="3.723">
    <skipped/>
  </testcase> <!-- EmptyTryeditorBST -->
  <testcase classname="testCases.Tree_TestCase" name="EmptyTryeditorABT" time="4.386">
    <failure message="Alert is not present" type="java.lang.AssertionError">
      <![CDATA[java.lang.AssertionError: Alert is not present
at org.testng.Assert.fail(Assert.java:111)
at testCases.Tree_TestCase.EmptyTryeditorABT(Tree_TestCase.java:922)
at java.base/jdk.internal.reflect.DirectMethodHandleAccessor.invoke(DirectMethodHandleAccessor.java:103)
at java.base/java.lang.reflect.Method.invoke(Method.java:580)
at org.testng.internal.invokers.MethodInvocationHelper.invokeMethod(MethodInvocationHelper.java:141)
at org.testng.internal.invokers.TestInvoker.invokeMethod(TestInvoker.java:686)
at org.testng.internal.invokers.TestInvoker.retryFailed(TestInvoker.java:269)
at org.testng.internal.invokers.MethodRunner.runInSequence(MethodRunner.java:76)
at org.testng.internal.invokers.TestInvoker$MethodInvocationAgent.invoke(TestInvoker.java:992)
at org.testng.internal.invokers.TestInvoker.invokeTestMethods(TestInvoker.java:203)
at org.testng.internal.invokers.TestMethodWorker.invokeTestMethods(TestMethodWorker.java:154)
at org.testng.internal.invokers.TestMethodWorker.run(TestMethodWorker.java:134)
at java.base/java.util.concurrent.Executors$RunnableAdapter.call(Executors.java:572)
at java.base/java.util.concurrent.FutureTask.run(FutureTask.java:317)
at org.testng.internal.thread.graph.TestNGFutureTask.run(TestNGFutureTask.java:22)
at java.base/java.util.concurrent.ThreadPoolExecutor.runWorker(ThreadPoolExecutor.java:1144)
at java.base/java.util.concurrent.ThreadPoolExecutor$Worker.run(ThreadPoolExecutor.java:642)
at java.base/java.lang.Thread.run(Thread.java:1575)
]]>
    </failure>
    <system-out>
      <![CDATA[Screenshot saved at: C:\Users\12017\Desktop\MurugaKaapathu\AS_testNG\screenshots\EmptyTryeditorABT.png]]>
    </system-out>
  </testcase> <!-- EmptyTryeditorABT -->
  <testcase classname="testCases.Tree_TestCase" name="InvalidTryHereFunctionalityBT" time="3.680"/>
  <testcase classname="testCases.Tree_TestCase" name="NavtoOverviewofTrees" time="4.540"/>
  <testcase classname="testCases.Tree_TestCase" name="ValidTryHereFunctionalityIBST" time="3.460"/>
  <testcase classname="testCases.Tree_TestCase" name="EmptyTryeditorIBST" time="4.325">
    <skipped/>
  </testcase> <!-- EmptyTryeditorIBST -->
  <testcase classname="testCases.Tree_TestCase" name="ImpinBT" time="2.851"/>
  <testcase classname="testCases.Tree_TestCase" name="EmptyTryeditorTypesofTrees" time="3.359">
    <skipped/>
  </testcase> <!-- EmptyTryeditorTypesofTrees -->
  <testcase classname="testCases.Tree_TestCase" name="NavtoTryherepgTravelsIllus" time="2.861"/>
  <testcase classname="testCases.Tree_TestCase" name="TreeTraversals" time="2.938"/>
  <testcase classname="testCases.Tree_TestCase" name="EmptyTryeditorIBT" time="4.447">
    <skipped/>
  </testcase> <!-- EmptyTryeditorIBT -->
  <testcase classname="testCases.Tree_TestCase" name="EmptyTryeditorImpinBT" time="5.394">
    <skipped/>
  </testcase> <!-- EmptyTryeditorImpinBT -->
  <testcase classname="testCases.Tree_TestCase" name="Terminologies" time="2.730"/>
  <testcase classname="testCases.Tree_TestCase" name="EmptyTryeditorTypesofBT" time="4.618">
    <skipped/>
  </testcase> <!-- EmptyTryeditorTypesofBT -->
  <testcase classname="testCases.Tree_TestCase" name="NavtoTryherepgTypesofTrees" time="3.038"/>
  <testcase classname="testCases.Tree_TestCase" name="InvalidTryHereFunctionalityImpinBT" time="7.781"/>
  <testcase classname="testCases.Tree_TestCase" name="EmptyTryeditorABT" time="4.091">
    <skipped/>
  </testcase> <!-- EmptyTryeditorABT -->
  <testcase classname="testCases.Tree_TestCase" name="EmptyTryeditorTerminologies" time="3.649">
    <skipped/>
  </testcase> <!-- EmptyTryeditorTerminologies -->
  <testcase classname="testCases.Tree_TestCase" name="BibaryTree" time="3.708"/>
  <testcase classname="testCases.Tree_TestCase" name="InvalidTryHereFunctionalityTerm" time="2.844"/>
  <testcase classname="testCases.Tree_TestCase" name="EmptyTryeditorTreeTraversals" time="4.180">
    <skipped/>
  </testcase> <!-- EmptyTryeditorTreeTraversals -->
  <testcase classname="testCases.Tree_TestCase" name="InvalidTryHereFunctionalityBST" time="3.094"/>
  <testcase classname="testCases.Tree_TestCase" name="InvalidTryHereFunctionalityImpinBT" time="3.499"/>
  <testcase classname="testCases.Tree_TestCase" name="NavtoTryherepgIBST" time="4.765"/>
  <testcase classname="testCases.Tree_TestCase" name="InvalidTryHereFunctionalityOverview" time="3.161"/>
  <testcase classname="testCases.Tree_TestCase" name="NavtoTryherepgImpinBT" time="3.331"/>
  <testcase classname="testCases.Tree_TestCase" name="InvalidTryHereFunctionalityBST" time="3.247"/>
  <testcase classname="testCases.Tree_TestCase" name="NavtoTryherepgTermimology" time="3.546"/>
  <testcase classname="testCases.Tree_TestCase" name="EmptyTryeditorBinTreeTrav" time="3.617">
    <skipped/>
  </testcase> <!-- EmptyTryeditorBinTreeTrav -->
  <testcase classname="testCases.Tree_TestCase" name="ValidTryHereFunctionalityBT" time="4.448"/>
  <testcase classname="testCases.Tree_TestCase" name="TravelsIllus" time="2.880"/>
  <testcase classname="testCases.Tree_TestCase" name="EmptyTryeditorTypesofBT" time="4.008">
    <skipped/>
  </testcase> <!-- EmptyTryeditorTypesofBT -->
  <testcase classname="testCases.Tree_TestCase" name="EmptyTryeditorIBST" time="5.110">
    <failure message="Alert is not present" type="java.lang.AssertionError">
      <![CDATA[java.lang.AssertionError: Alert is not present
at org.testng.Assert.fail(Assert.java:111)
at testCases.Tree_TestCase.EmptyTryeditorIBST(Tree_TestCase.java:1085)
at java.base/jdk.internal.reflect.DirectMethodHandleAccessor.invoke(DirectMethodHandleAccessor.java:103)
at java.base/java.lang.reflect.Method.invoke(Method.java:580)
at org.testng.internal.invokers.MethodInvocationHelper.invokeMethod(MethodInvocationHelper.java:141)
at org.testng.internal.invokers.TestInvoker.invokeMethod(TestInvoker.java:686)
at org.testng.internal.invokers.TestInvoker.retryFailed(TestInvoker.java:269)
at org.testng.internal.invokers.MethodRunner.runInSequence(MethodRunner.java:76)
at org.testng.internal.invokers.TestInvoker$MethodInvocationAgent.invoke(TestInvoker.java:992)
at org.testng.internal.invokers.TestInvoker.invokeTestMethods(TestInvoker.java:203)
at org.testng.internal.invokers.TestMethodWorker.invokeTestMethods(TestMethodWorker.java:154)
at org.testng.internal.invokers.TestMethodWorker.run(TestMethodWorker.java:134)
at java.base/java.util.concurrent.Executors$RunnableAdapter.call(Executors.java:572)
at java.base/java.util.concurrent.FutureTask.run(FutureTask.java:317)
at org.testng.internal.thread.graph.TestNGFutureTask.run(TestNGFutureTask.java:22)
at java.base/java.util.concurrent.ThreadPoolExecutor.runWorker(ThreadPoolExecutor.java:1144)
at java.base/java.util.concurrent.ThreadPoolExecutor$Worker.run(ThreadPoolExecutor.java:642)
at java.base/java.lang.Thread.run(Thread.java:1575)
]]>
    </failure>
    <system-out>
      <![CDATA[Screenshot saved at: C:\Users\12017\Desktop\MurugaKaapathu\AS_testNG\screenshots\EmptyTryeditorIBST.png]]>
    </system-out>
  </testcase> <!-- EmptyTryeditorIBST -->
  <testcase classname="testCases.Tree_TestCase" name="InvalidTryHereFunctionalityTypesofBT" time="3.050"/>
  <testcase classname="testCases.Tree_TestCase" name="InvalidTryHereFunctionalityIBT" time="3.928"/>
  <testcase classname="testCases.Tree_TestCase" name="EmptyTryeditorIBT" time="4.260">
    <skipped/>
  </testcase> <!-- EmptyTryeditorIBT -->
  <testcase classname="testCases.Tree_TestCase" name="ValidTryHereFunctionalityIBT" time="3.684"/>
  <testcase classname="testCases.Tree_TestCase" name="EmptyTryeditorImpinBT" time="3.879">
    <failure message="Alert is not present" type="java.lang.AssertionError">
      <![CDATA[java.lang.AssertionError: Alert is not present
at org.testng.Assert.fail(Assert.java:111)
at testCases.Tree_TestCase.EmptyTryeditorImpinBT(Tree_TestCase.java:687)
at java.base/jdk.internal.reflect.DirectMethodHandleAccessor.invoke(DirectMethodHandleAccessor.java:103)
at java.base/java.lang.reflect.Method.invoke(Method.java:580)
at org.testng.internal.invokers.MethodInvocationHelper.invokeMethod(MethodInvocationHelper.java:141)
at org.testng.internal.invokers.TestInvoker.invokeMethod(TestInvoker.java:686)
at org.testng.internal.invokers.TestInvoker.retryFailed(TestInvoker.java:269)
at org.testng.internal.invokers.MethodRunner.runInSequence(MethodRunner.java:76)
at org.testng.internal.invokers.TestInvoker$MethodInvocationAgent.invoke(TestInvoker.java:992)
at org.testng.internal.invokers.TestInvoker.invokeTestMethods(TestInvoker.java:203)
at org.testng.internal.invokers.TestMethodWorker.invokeTestMethods(TestMethodWorker.java:154)
at org.testng.internal.invokers.TestMethodWorker.run(TestMethodWorker.java:134)
at java.base/java.util.concurrent.Executors$RunnableAdapter.call(Executors.java:572)
at java.base/java.util.concurrent.FutureTask.run(FutureTask.java:317)
at org.testng.internal.thread.graph.TestNGFutureTask.run(TestNGFutureTask.java:22)
at java.base/java.util.concurrent.ThreadPoolExecutor.runWorker(ThreadPoolExecutor.java:1144)
at java.base/java.util.concurrent.ThreadPoolExecutor$Worker.run(ThreadPoolExecutor.java:642)
at java.base/java.lang.Thread.run(Thread.java:1575)
]]>
    </failure>
    <system-out>
      <![CDATA[Screenshot saved at: C:\Users\12017\Desktop\MurugaKaapathu\AS_testNG\screenshots\EmptyTryeditorImpinBT.png]]>
    </system-out>
  </testcase> <!-- EmptyTryeditorImpinBT -->
  <testcase classname="testCases.Tree_TestCase" name="InvalidTryHereFunctionalityBT" time="3.210"/>
  <testcase classname="testCases.Tree_TestCase" name="InvalidTryHereFunctionalityBinTreeTrav" time="3.021"/>
  <testcase classname="testCases.Tree_TestCase" name="EmptyTryeditorBT" time="4.590">
    <skipped/>
  </testcase> <!-- EmptyTryeditorBT -->
  <testcase classname="testCases.Tree_TestCase" name="InvalidTryHereFunctionalityTraversalsIllus" time="3.579"/>
  <testcase classname="testCases.Tree_TestCase" name="NavtoTryherepg" time="4.557"/>
  <testcase classname="testCases.Tree_TestCase" name="EmptyTryeditorTypesofTrees" time="3.639">
    <skipped/>
  </testcase> <!-- EmptyTryeditorTypesofTrees -->
  <testcase classname="testCases.Tree_TestCase" name="EmptyTryeditorTypesofBT" time="4.687">
    <skipped/>
  </testcase> <!-- EmptyTryeditorTypesofBT -->
  <testcase classname="testCases.Tree_TestCase" name="InvalidTryHereFunctionalityABT" time="3.167"/>
  <testcase classname="testCases.Tree_TestCase" name="InvalidTryHereFunctionalityTypesofBT" time="3.679"/>
  <testcase classname="testCases.Tree_TestCase" name="EmptyTryeditorOverview" time="4.933">
    <skipped/>
  </testcase> <!-- EmptyTryeditorOverview -->
  <testcase classname="testCases.Tree_TestCase" name="EmptyTryeditorOverview" time="5.820">
    <skipped/>
  </testcase> <!-- EmptyTryeditorOverview -->
  <testcase classname="testCases.Tree_TestCase" name="EmptyTryeditorTerminologies" time="5.899">
    <failure message="Alert is not present" type="java.lang.AssertionError">
      <![CDATA[java.lang.AssertionError: Alert is not present
at org.testng.Assert.fail(Assert.java:111)
at testCases.Tree_TestCase.EmptyTryeditorTerminologies(Tree_TestCase.java:210)
at java.base/jdk.internal.reflect.DirectMethodHandleAccessor.invoke(DirectMethodHandleAccessor.java:103)
at java.base/java.lang.reflect.Method.invoke(Method.java:580)
at org.testng.internal.invokers.MethodInvocationHelper.invokeMethod(MethodInvocationHelper.java:141)
at org.testng.internal.invokers.TestInvoker.invokeMethod(TestInvoker.java:686)
at org.testng.internal.invokers.TestInvoker.retryFailed(TestInvoker.java:269)
at org.testng.internal.invokers.MethodRunner.runInSequence(MethodRunner.java:76)
at org.testng.internal.invokers.TestInvoker$MethodInvocationAgent.invoke(TestInvoker.java:992)
at org.testng.internal.invokers.TestInvoker.invokeTestMethods(TestInvoker.java:203)
at org.testng.internal.invokers.TestMethodWorker.invokeTestMethods(TestMethodWorker.java:154)
at org.testng.internal.invokers.TestMethodWorker.run(TestMethodWorker.java:134)
at java.base/java.util.concurrent.Executors$RunnableAdapter.call(Executors.java:572)
at java.base/java.util.concurrent.FutureTask.run(FutureTask.java:317)
at org.testng.internal.thread.graph.TestNGFutureTask.run(TestNGFutureTask.java:22)
at java.base/java.util.concurrent.ThreadPoolExecutor.runWorker(ThreadPoolExecutor.java:1144)
at java.base/java.util.concurrent.ThreadPoolExecutor$Worker.run(ThreadPoolExecutor.java:642)
at java.base/java.lang.Thread.run(Thread.java:1575)
]]>
    </failure>
    <system-out>
      <![CDATA[Screenshot saved at: C:\Users\12017\Desktop\MurugaKaapathu\AS_testNG\screenshots\EmptyTryeditorTerminologies.png]]>
    </system-out>
  </testcase> <!-- EmptyTryeditorTerminologies -->
  <testcase classname="testCases.Tree_TestCase" name="EmptyTryeditorABT" time="4.013">
    <skipped/>
  </testcase> <!-- EmptyTryeditorABT -->
  <testcase classname="testCases.Tree_TestCase" name="EmptyTryeditorTravelsIllus" time="3.408">
    <skipped/>
  </testcase> <!-- EmptyTryeditorTravelsIllus -->
  <testcase classname="testCases.Tree_TestCase" name="InvalidTryHereFunctionalityTraversalsIllus" time="2.973"/>
  <testcase classname="testCases.Tree_TestCase" name="EmptyTryeditorBinTreeTrav" time="4.538">
    <skipped/>
  </testcase> <!-- EmptyTryeditorBinTreeTrav -->
  <testcase classname="testCases.Tree_TestCase" name="InvalidTryHereFunctionalityTypesofBT" time="3.456"/>
  <testcase classname="testCases.Tree_TestCase" name="EmptyTryeditorBT" time="3.665">
    <skipped/>
  </testcase> <!-- EmptyTryeditorBT -->
  <testcase classname="testCases.Tree_TestCase" name="ABT" time="5.187"/>
  <testcase classname="testCases.Tree_TestCase" name="EmptyTryeditorTypesofTrees" time="3.523">
    <skipped/>
  </testcase> <!-- EmptyTryeditorTypesofTrees -->
  <testcase classname="testCases.Tree_TestCase" name="ABT" time="4.316"/>
  <testcase classname="testCases.Tree_TestCase" name="EmptyTryeditorIBT" time="2.993">
    <failure message="Alert is not present" type="java.lang.AssertionError">
      <![CDATA[java.lang.AssertionError: Alert is not present
at org.testng.Assert.fail(Assert.java:111)
at testCases.Tree_TestCase.EmptyTryeditorIBT(Tree_TestCase.java:844)
at java.base/jdk.internal.reflect.DirectMethodHandleAccessor.invoke(DirectMethodHandleAccessor.java:103)
at java.base/java.lang.reflect.Method.invoke(Method.java:580)
at org.testng.internal.invokers.MethodInvocationHelper.invokeMethod(MethodInvocationHelper.java:141)
at org.testng.internal.invokers.TestInvoker.invokeMethod(TestInvoker.java:686)
at org.testng.internal.invokers.TestInvoker.retryFailed(TestInvoker.java:269)
at org.testng.internal.invokers.MethodRunner.runInSequence(MethodRunner.java:76)
at org.testng.internal.invokers.TestInvoker$MethodInvocationAgent.invoke(TestInvoker.java:992)
at org.testng.internal.invokers.TestInvoker.invokeTestMethods(TestInvoker.java:203)
at org.testng.internal.invokers.TestMethodWorker.invokeTestMethods(TestMethodWorker.java:154)
at org.testng.internal.invokers.TestMethodWorker.run(TestMethodWorker.java:134)
at java.base/java.util.concurrent.Executors$RunnableAdapter.call(Executors.java:572)
at java.base/java.util.concurrent.FutureTask.run(FutureTask.java:317)
at org.testng.internal.thread.graph.TestNGFutureTask.run(TestNGFutureTask.java:22)
at java.base/java.util.concurrent.ThreadPoolExecutor.runWorker(ThreadPoolExecutor.java:1144)
at java.base/java.util.concurrent.ThreadPoolExecutor$Worker.run(ThreadPoolExecutor.java:642)
at java.base/java.lang.Thread.run(Thread.java:1575)
]]>
    </failure>
    <system-out>
      <![CDATA[Screenshot saved at: C:\Users\12017\Desktop\MurugaKaapathu\AS_testNG\screenshots\EmptyTryeditorIBT.png]]>
    </system-out>
  </testcase> <!-- EmptyTryeditorIBT -->
  <testcase classname="testCases.Tree_TestCase" name="InvalidTryHereFunctionalityABT" time="3.323"/>
  <testcase classname="testCases.Tree_TestCase" name="EmptyTryeditorTerminologies" time="5.715">
    <skipped/>
  </testcase> <!-- EmptyTryeditorTerminologies -->
  <testcase classname="testCases.Tree_TestCase" name="NavtoTryherepgBT" time="3.019"/>
  <testcase classname="testCases.Tree_TestCase" name="ValidTryHereFunctionalityIBT" time="3.596"/>
  <testcase classname="testCases.Tree_TestCase" name="EmptyTryeditorImpinBT" time="11.941">
    <failure message="Alert is not present" type="java.lang.AssertionError">
      <![CDATA[java.lang.AssertionError: Alert is not present
at org.testng.Assert.fail(Assert.java:111)
at testCases.Tree_TestCase.EmptyTryeditorImpinBT(Tree_TestCase.java:687)
at java.base/jdk.internal.reflect.DirectMethodHandleAccessor.invoke(DirectMethodHandleAccessor.java:103)
at java.base/java.lang.reflect.Method.invoke(Method.java:580)
at org.testng.internal.invokers.MethodInvocationHelper.invokeMethod(MethodInvocationHelper.java:141)
at org.testng.internal.invokers.TestInvoker.invokeMethod(TestInvoker.java:686)
at org.testng.internal.invokers.TestInvoker.retryFailed(TestInvoker.java:269)
at org.testng.internal.invokers.MethodRunner.runInSequence(MethodRunner.java:76)
at org.testng.internal.invokers.TestInvoker$MethodInvocationAgent.invoke(TestInvoker.java:992)
at org.testng.internal.invokers.TestInvoker.invokeTestMethods(TestInvoker.java:203)
at org.testng.internal.invokers.TestMethodWorker.invokeTestMethods(TestMethodWorker.java:154)
at org.testng.internal.invokers.TestMethodWorker.run(TestMethodWorker.java:134)
at java.base/java.util.concurrent.Executors$RunnableAdapter.call(Executors.java:572)
at java.base/java.util.concurrent.FutureTask.run(FutureTask.java:317)
at org.testng.internal.thread.graph.TestNGFutureTask.run(TestNGFutureTask.java:22)
at java.base/java.util.concurrent.ThreadPoolExecutor.runWorker(ThreadPoolExecutor.java:1144)
at java.base/java.util.concurrent.ThreadPoolExecutor$Worker.run(ThreadPoolExecutor.java:642)
at java.base/java.lang.Thread.run(Thread.java:1575)
]]>
    </failure>
    <system-out>
      <![CDATA[Screenshot saved at: C:\Users\12017\Desktop\MurugaKaapathu\AS_testNG\screenshots\EmptyTryeditorImpinBT.png]]>
    </system-out>
  </testcase> <!-- EmptyTryeditorImpinBT -->
  <testcase classname="testCases.Tree_TestCase" name="ValidTryHereFunctionalityIBST" time="4.961"/>
  <testcase classname="testCases.Tree_TestCase" name="InvalidTryHereFunctionalityTreeTraversals" time="4.513"/>
  <testcase classname="testCases.Tree_TestCase" name="ValidTryHereFunctionalityABT" time="3.186"/>
  <testcase classname="testCases.Tree_TestCase" name="EmptyTryeditorImpinBT" time="3.503">
    <skipped/>
  </testcase> <!-- EmptyTryeditorImpinBT -->
  <testcase classname="testCases.Tree_TestCase" name="InvalidTryHereFunctionalityIBT" time="7.583"/>
  <testcase classname="testCases.Tree_TestCase" name="InvalidTryHereFunctionalityOverview" time="5.621"/>
  <testcase classname="testCases.Tree_TestCase" name="EmptyTryeditorABT" time="3.572">
    <skipped/>
  </testcase> <!-- EmptyTryeditorABT -->
  <testcase classname="testCases.Tree_TestCase" name="InvalidTryHereFunctionalityBT" time="3.762"/>
  <testcase classname="testCases.Tree_TestCase" name="NavtoTryherepgTypesofTrees" time="5.319"/>
  <testcase classname="testCases.Tree_TestCase" name="InvalidTryHereFunctionalityTypesofBT" time="3.912"/>
  <testcase classname="testCases.Tree_TestCase" name="EmptyTryeditorTreeTraversals" time="4.150">
    <failure message="Alert is not present" type="java.lang.AssertionError">
      <![CDATA[java.lang.AssertionError: Alert is not present
at org.testng.Assert.fail(Assert.java:111)
at testCases.Tree_TestCase.EmptyTryeditorTreeTraversals(Tree_TestCase.java:371)
at java.base/jdk.internal.reflect.DirectMethodHandleAccessor.invoke(DirectMethodHandleAccessor.java:103)
at java.base/java.lang.reflect.Method.invoke(Method.java:580)
at org.testng.internal.invokers.MethodInvocationHelper.invokeMethod(MethodInvocationHelper.java:141)
at org.testng.internal.invokers.TestInvoker.invokeMethod(TestInvoker.java:686)
at org.testng.internal.invokers.TestInvoker.retryFailed(TestInvoker.java:269)
at org.testng.internal.invokers.MethodRunner.runInSequence(MethodRunner.java:76)
at org.testng.internal.invokers.TestInvoker$MethodInvocationAgent.invoke(TestInvoker.java:992)
at org.testng.internal.invokers.TestInvoker.invokeTestMethods(TestInvoker.java:203)
at org.testng.internal.invokers.TestMethodWorker.invokeTestMethods(TestMethodWorker.java:154)
at org.testng.internal.invokers.TestMethodWorker.run(TestMethodWorker.java:134)
at java.base/java.util.concurrent.Executors$RunnableAdapter.call(Executors.java:572)
at java.base/java.util.concurrent.FutureTask.run(FutureTask.java:317)
at org.testng.internal.thread.graph.TestNGFutureTask.run(TestNGFutureTask.java:22)
at java.base/java.util.concurrent.ThreadPoolExecutor.runWorker(ThreadPoolExecutor.java:1144)
at java.base/java.util.concurrent.ThreadPoolExecutor$Worker.run(ThreadPoolExecutor.java:642)
at java.base/java.lang.Thread.run(Thread.java:1575)
]]>
    </failure>
    <system-out>
      <![CDATA[Screenshot saved at: C:\Users\12017\Desktop\MurugaKaapathu\AS_testNG\screenshots\EmptyTryeditorTreeTraversals.png]]>
    </system-out>
  </testcase> <!-- EmptyTryeditorTreeTraversals -->
  <testcase classname="testCases.Tree_TestCase" name="EmptyTryeditorBT" time="3.202">
    <skipped/>
  </testcase> <!-- EmptyTryeditorBT -->
  <testcase classname="testCases.Tree_TestCase" name="InvalidTryHereFunctionalityTerm" time="3.733"/>
  <testcase classname="testCases.Tree_TestCase" name="EmptyTryeditorTreeTraversals" time="2.753">
    <skipped/>
  </testcase> <!-- EmptyTryeditorTreeTraversals -->
  <testcase classname="testCases.Tree_TestCase" name="InvalidTryHereFunctionalityABT" time="2.914"/>
  <testcase classname="testCases.Tree_TestCase" name="EmptyTryeditorTravelsIllus" time="3.346">
    <skipped/>
  </testcase> <!-- EmptyTryeditorTravelsIllus -->
  <testcase classname="testCases.Tree_TestCase" name="NavtoTryherepgIBT" time="3.637"/>
  <testcase classname="testCases.Tree_TestCase" name="InvalidTryHereFunctionalityBST" time="3.215"/>
  <testcase classname="testCases.Tree_TestCase" name="InvalidTryHereFunctionalityTreeTraversals" time="3.317"/>
  <testcase classname="testCases.Tree_TestCase" name="EmptyTryeditorBST" time="9.878">
    <skipped/>
  </testcase> <!-- EmptyTryeditorBST -->
  <testcase classname="testCases.Tree_TestCase" name="EmptyTryeditorTypesofTrees" time="4.861">
    <skipped/>
  </testcase> <!-- EmptyTryeditorTypesofTrees -->
  <testcase classname="testCases.Tree_TestCase" name="InvalidTryHereFunctionalityBinTreeTrav" time="9.124"/>
  <testcase classname="testCases.Tree_TestCase" name="InvalidTryHereFunctionalityTYpesofTrees" time="5.416"/>
  <testcase classname="testCases.Tree_TestCase" name="EmptyTryeditorTypesofBT" time="3.277">
    <skipped/>
  </testcase> <!-- EmptyTryeditorTypesofBT -->
  <testcase classname="testCases.Tree_TestCase" name="EmptyTryeditorIBST" time="3.194">
    <failure message="Alert is not present" type="java.lang.AssertionError">
      <![CDATA[java.lang.AssertionError: Alert is not present
at org.testng.Assert.fail(Assert.java:111)
at testCases.Tree_TestCase.EmptyTryeditorIBST(Tree_TestCase.java:1085)
at java.base/jdk.internal.reflect.DirectMethodHandleAccessor.invoke(DirectMethodHandleAccessor.java:103)
at java.base/java.lang.reflect.Method.invoke(Method.java:580)
at org.testng.internal.invokers.MethodInvocationHelper.invokeMethod(MethodInvocationHelper.java:141)
at org.testng.internal.invokers.TestInvoker.invokeMethod(TestInvoker.java:686)
at org.testng.internal.invokers.TestInvoker.retryFailed(TestInvoker.java:269)
at org.testng.internal.invokers.MethodRunner.runInSequence(MethodRunner.java:76)
at org.testng.internal.invokers.TestInvoker$MethodInvocationAgent.invoke(TestInvoker.java:992)
at org.testng.internal.invokers.TestInvoker.invokeTestMethods(TestInvoker.java:203)
at org.testng.internal.invokers.TestMethodWorker.invokeTestMethods(TestMethodWorker.java:154)
at org.testng.internal.invokers.TestMethodWorker.run(TestMethodWorker.java:134)
at java.base/java.util.concurrent.Executors$RunnableAdapter.call(Executors.java:572)
at java.base/java.util.concurrent.FutureTask.run(FutureTask.java:317)
at org.testng.internal.thread.graph.TestNGFutureTask.run(TestNGFutureTask.java:22)
at java.base/java.util.concurrent.ThreadPoolExecutor.runWorker(ThreadPoolExecutor.java:1144)
at java.base/java.util.concurrent.ThreadPoolExecutor$Worker.run(ThreadPoolExecutor.java:642)
at java.base/java.lang.Thread.run(Thread.java:1575)
]]>
    </failure>
    <system-out>
      <![CDATA[Screenshot saved at: C:\Users\12017\Desktop\MurugaKaapathu\AS_testNG\screenshots\EmptyTryeditorIBST.png]]>
    </system-out>
  </testcase> <!-- EmptyTryeditorIBST -->
  <testcase classname="testCases.Tree_TestCase" name="EmptyTryeditorBinTreeTrav" time="3.875">
    <skipped/>
  </testcase> <!-- EmptyTryeditorBinTreeTrav -->
  <testcase classname="testCases.Tree_TestCase" name="EmptyTryeditorTravelsIllus" time="2.804">
    <skipped/>
  </testcase> <!-- EmptyTryeditorTravelsIllus -->
  <testcase classname="testCases.Tree_TestCase" name="EmptyTryeditorIBT" time="4.499">
    <failure message="Alert is not present" type="java.lang.AssertionError">
      <![CDATA[java.lang.AssertionError: Alert is not present
at org.testng.Assert.fail(Assert.java:111)
at testCases.Tree_TestCase.EmptyTryeditorIBT(Tree_TestCase.java:844)
at java.base/jdk.internal.reflect.DirectMethodHandleAccessor.invoke(DirectMethodHandleAccessor.java:103)
at java.base/java.lang.reflect.Method.invoke(Method.java:580)
at org.testng.internal.invokers.MethodInvocationHelper.invokeMethod(MethodInvocationHelper.java:141)
at org.testng.internal.invokers.TestInvoker.invokeMethod(TestInvoker.java:686)
at org.testng.internal.invokers.TestInvoker.retryFailed(TestInvoker.java:269)
at org.testng.internal.invokers.MethodRunner.runInSequence(MethodRunner.java:76)
at org.testng.internal.invokers.TestInvoker$MethodInvocationAgent.invoke(TestInvoker.java:992)
at org.testng.internal.invokers.TestInvoker.invokeTestMethods(TestInvoker.java:203)
at org.testng.internal.invokers.TestMethodWorker.invokeTestMethods(TestMethodWorker.java:154)
at org.testng.internal.invokers.TestMethodWorker.run(TestMethodWorker.java:134)
at java.base/java.util.concurrent.Executors$RunnableAdapter.call(Executors.java:572)
at java.base/java.util.concurrent.FutureTask.run(FutureTask.java:317)
at org.testng.internal.thread.graph.TestNGFutureTask.run(TestNGFutureTask.java:22)
at java.base/java.util.concurrent.ThreadPoolExecutor.runWorker(ThreadPoolExecutor.java:1144)
at java.base/java.util.concurrent.ThreadPoolExecutor$Worker.run(ThreadPoolExecutor.java:642)
at java.base/java.lang.Thread.run(Thread.java:1575)
]]>
    </failure>
    <system-out>
      <![CDATA[Screenshot saved at: C:\Users\12017\Desktop\MurugaKaapathu\AS_testNG\screenshots\EmptyTryeditorIBT.png]]>
    </system-out>
  </testcase> <!-- EmptyTryeditorIBT -->
  <testcase classname="testCases.Tree_TestCase" name="ValidTryHereFunctionalityBST" time="4.131"/>
  <testcase classname="testCases.Tree_TestCase" name="EmptyTryeditorABT" time="12.307">
    <skipped/>
  </testcase> <!-- EmptyTryeditorABT -->
  <testcase classname="testCases.Tree_TestCase" name="NavtoTryherepgABT" time="4.349"/>
  <testcase classname="testCases.Tree_TestCase" name="NavtoTryherepgTreeTraversals" time="3.159"/>
  <testcase classname="testCases.Tree_TestCase" name="EmptyTryeditorIBST" time="3.136">
    <skipped/>
  </testcase> <!-- EmptyTryeditorIBST -->
  <testcase classname="testCases.Tree_TestCase" name="EmptyTryeditorBST" time="3.099">
    <skipped/>
  </testcase> <!-- EmptyTryeditorBST -->
  <testcase classname="testCases.Tree_TestCase" name="IBT" time="3.324"/>
  <testcase classname="testCases.Tree_TestCase" name="EmptyTryeditorIBST" time="3.091">
    <skipped/>
  </testcase> <!-- EmptyTryeditorIBST -->
  <testcase classname="testCases.Tree_TestCase" name="NavtoTryherepgBT" time="3.085"/>
  <testcase classname="testCases.Tree_TestCase" name="EmptyTryeditorTravelsIllus" time="3.618">
    <failure message="Alert is not present" type="java.lang.AssertionError">
      <![CDATA[java.lang.AssertionError: Alert is not present
at org.testng.Assert.fail(Assert.java:111)
at testCases.Tree_TestCase.EmptyTryeditorTravelsIllus(Tree_TestCase.java:451)
at java.base/jdk.internal.reflect.DirectMethodHandleAccessor.invoke(DirectMethodHandleAccessor.java:103)
at java.base/java.lang.reflect.Method.invoke(Method.java:580)
at org.testng.internal.invokers.MethodInvocationHelper.invokeMethod(MethodInvocationHelper.java:141)
at org.testng.internal.invokers.TestInvoker.invokeMethod(TestInvoker.java:686)
at org.testng.internal.invokers.TestInvoker.retryFailed(TestInvoker.java:269)
at org.testng.internal.invokers.MethodRunner.runInSequence(MethodRunner.java:76)
at org.testng.internal.invokers.TestInvoker$MethodInvocationAgent.invoke(TestInvoker.java:992)
at org.testng.internal.invokers.TestInvoker.invokeTestMethods(TestInvoker.java:203)
at org.testng.internal.invokers.TestMethodWorker.invokeTestMethods(TestMethodWorker.java:154)
at org.testng.internal.invokers.TestMethodWorker.run(TestMethodWorker.java:134)
at java.base/java.util.concurrent.Executors$RunnableAdapter.call(Executors.java:572)
at java.base/java.util.concurrent.FutureTask.run(FutureTask.java:317)
at org.testng.internal.thread.graph.TestNGFutureTask.run(TestNGFutureTask.java:22)
at java.base/java.util.concurrent.ThreadPoolExecutor.runWorker(ThreadPoolExecutor.java:1144)
at java.base/java.util.concurrent.ThreadPoolExecutor$Worker.run(ThreadPoolExecutor.java:642)
at java.base/java.lang.Thread.run(Thread.java:1575)
]]>
    </failure>
    <system-out>
      <![CDATA[Screenshot saved at: C:\Users\12017\Desktop\MurugaKaapathu\AS_testNG\screenshots\EmptyTryeditorTravelsIllus.png]]>
    </system-out>
  </testcase> <!-- EmptyTryeditorTravelsIllus -->
  <testcase classname="testCases.Tree_TestCase" name="EmptyTryeditorBST" time="4.355">
    <skipped/>
  </testcase> <!-- EmptyTryeditorBST -->
  <testcase classname="testCases.Tree_TestCase" name="ValidTryHereFunctionalityTerm" time="5.208"/>
  <testcase classname="testCases.Tree_TestCase" name="ValidTryHereFunctionalityBST" time="3.223"/>
  <testcase classname="testCases.Tree_TestCase" name="InvalidTryHereFunctionalityTerm" time="3.383"/>
  <testcase classname="testCases.Tree_TestCase" name="EmptyTryeditorTreeTraversals" time="3.284">
    <skipped/>
  </testcase> <!-- EmptyTryeditorTreeTraversals -->
  <testcase classname="testCases.Tree_TestCase" name="NavtoTryherepgTreeTraversals" time="4.698"/>
  <testcase classname="testCases.Tree_TestCase" name="EmptyTryeditorABT" time="13.115">
    <skipped/>
  </testcase> <!-- EmptyTryeditorABT -->
  <testcase classname="testCases.Tree_TestCase" name="TypesofTrees" time="9.205"/>
  <testcase classname="testCases.Tree_TestCase" name="ValidTryHereFunctionalityABT" time="3.889"/>
  <testcase classname="testCases.Tree_TestCase" name="EmptyTryeditorOverview" time="2.979">
    <failure message="Alert is not present" type="java.lang.AssertionError">
      <![CDATA[java.lang.AssertionError: Alert is not present
at org.testng.Assert.fail(Assert.java:111)
at testCases.Tree_TestCase.EmptyTryeditorOverview(Tree_TestCase.java:127)
at java.base/jdk.internal.reflect.DirectMethodHandleAccessor.invoke(DirectMethodHandleAccessor.java:103)
at java.base/java.lang.reflect.Method.invoke(Method.java:580)
at org.testng.internal.invokers.MethodInvocationHelper.invokeMethod(MethodInvocationHelper.java:141)
at org.testng.internal.invokers.TestInvoker.invokeMethod(TestInvoker.java:686)
at org.testng.internal.invokers.TestInvoker.retryFailed(TestInvoker.java:269)
at org.testng.internal.invokers.MethodRunner.runInSequence(MethodRunner.java:76)
at org.testng.internal.invokers.TestInvoker$MethodInvocationAgent.invoke(TestInvoker.java:992)
at org.testng.internal.invokers.TestInvoker.invokeTestMethods(TestInvoker.java:203)
at org.testng.internal.invokers.TestMethodWorker.invokeTestMethods(TestMethodWorker.java:154)
at org.testng.internal.invokers.TestMethodWorker.run(TestMethodWorker.java:134)
at java.base/java.util.concurrent.Executors$RunnableAdapter.call(Executors.java:572)
at java.base/java.util.concurrent.FutureTask.run(FutureTask.java:317)
at org.testng.internal.thread.graph.TestNGFutureTask.run(TestNGFutureTask.java:22)
at java.base/java.util.concurrent.ThreadPoolExecutor.runWorker(ThreadPoolExecutor.java:1144)
at java.base/java.util.concurrent.ThreadPoolExecutor$Worker.run(ThreadPoolExecutor.java:642)
at java.base/java.lang.Thread.run(Thread.java:1575)
]]>
    </failure>
    <system-out>
      <![CDATA[Screenshot saved at: C:\Users\12017\Desktop\MurugaKaapathu\AS_testNG\screenshots\EmptyTryeditorOverview.png]]>
    </system-out>
  </testcase> <!-- EmptyTryeditorOverview -->
  <testcase classname="testCases.Tree_TestCase" name="EmptyTryeditorImpinBT" time="4.279">
    <skipped/>
  </testcase> <!-- EmptyTryeditorImpinBT -->
  <testcase classname="testCases.Tree_TestCase" name="EmptyTryeditorTreeTraversals" time="3.716">
    <skipped/>
  </testcase> <!-- EmptyTryeditorTreeTraversals -->
  <testcase classname="testCases.Tree_TestCase" name="NavtoTryherepgBST" time="4.433"/>
  <testcase classname="testCases.Tree_TestCase" name="EmptyTryeditorBinTreeTrav" time="5.695">
    <skipped/>
  </testcase> <!-- EmptyTryeditorBinTreeTrav -->
  <testcase classname="testCases.Tree_TestCase" name="BibaryTree" time="3.922"/>
  <testcase classname="testCases.Tree_TestCase" name="EmptyTryeditorIBT" time="3.399">
    <skipped/>
  </testcase> <!-- EmptyTryeditorIBT -->
  <testcase classname="testCases.Tree_TestCase" name="EmptyTryeditorOverview" time="3.847">
    <failure message="Alert is not present" type="java.lang.AssertionError">
      <![CDATA[java.lang.AssertionError: Alert is not present
at org.testng.Assert.fail(Assert.java:111)
at testCases.Tree_TestCase.EmptyTryeditorOverview(Tree_TestCase.java:127)
at java.base/jdk.internal.reflect.DirectMethodHandleAccessor.invoke(DirectMethodHandleAccessor.java:103)
at java.base/java.lang.reflect.Method.invoke(Method.java:580)
at org.testng.internal.invokers.MethodInvocationHelper.invokeMethod(MethodInvocationHelper.java:141)
at org.testng.internal.invokers.TestInvoker.invokeMethod(TestInvoker.java:686)
at org.testng.internal.invokers.TestInvoker.retryFailed(TestInvoker.java:269)
at org.testng.internal.invokers.MethodRunner.runInSequence(MethodRunner.java:76)
at org.testng.internal.invokers.TestInvoker$MethodInvocationAgent.invoke(TestInvoker.java:992)
at org.testng.internal.invokers.TestInvoker.invokeTestMethods(TestInvoker.java:203)
at org.testng.internal.invokers.TestMethodWorker.invokeTestMethods(TestMethodWorker.java:154)
at org.testng.internal.invokers.TestMethodWorker.run(TestMethodWorker.java:134)
at java.base/java.util.concurrent.Executors$RunnableAdapter.call(Executors.java:572)
at java.base/java.util.concurrent.FutureTask.run(FutureTask.java:317)
at org.testng.internal.thread.graph.TestNGFutureTask.run(TestNGFutureTask.java:22)
at java.base/java.util.concurrent.ThreadPoolExecutor.runWorker(ThreadPoolExecutor.java:1144)
at java.base/java.util.concurrent.ThreadPoolExecutor$Worker.run(ThreadPoolExecutor.java:642)
at java.base/java.lang.Thread.run(Thread.java:1575)
]]>
    </failure>
    <system-out>
      <![CDATA[Screenshot saved at: C:\Users\12017\Desktop\MurugaKaapathu\AS_testNG\screenshots\EmptyTryeditorOverview.png]]>
    </system-out>
  </testcase> <!-- EmptyTryeditorOverview -->
  <testcase classname="testCases.Tree_TestCase" name="NavtoTryherepgTypesofBT" time="3.317"/>
  <testcase classname="testCases.Tree_TestCase" name="EmptyTryeditorTerminologies" time="3.669">
    <skipped/>
  </testcase> <!-- EmptyTryeditorTerminologies -->
  <testcase classname="testCases.Tree_TestCase" name="TreeTraversals" time="2.698"/>
  <testcase classname="testCases.Tree_TestCase" name="EmptyTryeditorImpinBT" time="3.543">
    <skipped/>
  </testcase> <!-- EmptyTryeditorImpinBT -->
  <testcase classname="testCases.Tree_TestCase" name="InvalidTryHereFunctionalityTraversalsIllus" time="3.229"/>
  <testcase classname="testCases.Tree_TestCase" name="EmptyTryeditorTreeTraversals" time="3.550">
    <skipped/>
  </testcase> <!-- EmptyTryeditorTreeTraversals -->
  <testcase classname="testCases.Tree_TestCase" name="ValidTryHereFunctionalityImpinBT" time="3.608"/>
  <testcase classname="testCases.Tree_TestCase" name="InvalidTryHereFunctionalityBinTreeTrav" time="3.644"/>
  <testcase classname="testCases.Tree_TestCase" name="NavtoTryherepgTypesofBT" time="3.776"/>
  <testcase classname="testCases.Tree_TestCase" name="ValidTryHereFunctionalityOverview" time="3.450"/>
  <testcase classname="testCases.Tree_TestCase" name="InvalidTryHereFunctionalityBT" time="3.798"/>
  <testcase classname="testCases.Tree_TestCase" name="EmptyTryeditorBinTreeTrav" time="5.480">
    <failure message="Alert is not present" type="java.lang.AssertionError">
      <![CDATA[java.lang.AssertionError: Alert is not present
at org.testng.Assert.fail(Assert.java:111)
at testCases.Tree_TestCase.EmptyTryeditorBinTreeTrav(Tree_TestCase.java:766)
at java.base/jdk.internal.reflect.DirectMethodHandleAccessor.invoke(DirectMethodHandleAccessor.java:103)
at java.base/java.lang.reflect.Method.invoke(Method.java:580)
at org.testng.internal.invokers.MethodInvocationHelper.invokeMethod(MethodInvocationHelper.java:141)
at org.testng.internal.invokers.TestInvoker.invokeMethod(TestInvoker.java:686)
at org.testng.internal.invokers.TestInvoker.retryFailed(TestInvoker.java:269)
at org.testng.internal.invokers.MethodRunner.runInSequence(MethodRunner.java:76)
at org.testng.internal.invokers.TestInvoker$MethodInvocationAgent.invoke(TestInvoker.java:992)
at org.testng.internal.invokers.TestInvoker.invokeTestMethods(TestInvoker.java:203)
at org.testng.internal.invokers.TestMethodWorker.invokeTestMethods(TestMethodWorker.java:154)
at org.testng.internal.invokers.TestMethodWorker.run(TestMethodWorker.java:134)
at java.base/java.util.concurrent.Executors$RunnableAdapter.call(Executors.java:572)
at java.base/java.util.concurrent.FutureTask.run(FutureTask.java:317)
at org.testng.internal.thread.graph.TestNGFutureTask.run(TestNGFutureTask.java:22)
at java.base/java.util.concurrent.ThreadPoolExecutor.runWorker(ThreadPoolExecutor.java:1144)
at java.base/java.util.concurrent.ThreadPoolExecutor$Worker.run(ThreadPoolExecutor.java:642)
at java.base/java.lang.Thread.run(Thread.java:1575)
]]>
    </failure>
    <system-out>
      <![CDATA[Screenshot saved at: C:\Users\12017\Desktop\MurugaKaapathu\AS_testNG\screenshots\EmptyTryeditorBinTreeTrav.png]]>
    </system-out>
  </testcase> <!-- EmptyTryeditorBinTreeTrav -->
  <testcase classname="testCases.Tree_TestCase" name="EmptyTryeditorBT" time="6.630">
    <skipped/>
  </testcase> <!-- EmptyTryeditorBT -->
  <testcase classname="testCases.Tree_TestCase" name="EmptyTryeditorTerminologies" time="4.611">
    <failure message="Alert is not present" type="java.lang.AssertionError">
      <![CDATA[java.lang.AssertionError: Alert is not present
at org.testng.Assert.fail(Assert.java:111)
at testCases.Tree_TestCase.EmptyTryeditorTerminologies(Tree_TestCase.java:210)
at java.base/jdk.internal.reflect.DirectMethodHandleAccessor.invoke(DirectMethodHandleAccessor.java:103)
at java.base/java.lang.reflect.Method.invoke(Method.java:580)
at org.testng.internal.invokers.MethodInvocationHelper.invokeMethod(MethodInvocationHelper.java:141)
at org.testng.internal.invokers.TestInvoker.invokeMethod(TestInvoker.java:686)
at org.testng.internal.invokers.TestInvoker.retryFailed(TestInvoker.java:269)
at org.testng.internal.invokers.MethodRunner.runInSequence(MethodRunner.java:76)
at org.testng.internal.invokers.TestInvoker$MethodInvocationAgent.invoke(TestInvoker.java:992)
at org.testng.internal.invokers.TestInvoker.invokeTestMethods(TestInvoker.java:203)
at org.testng.internal.invokers.TestMethodWorker.invokeTestMethods(TestMethodWorker.java:154)
at org.testng.internal.invokers.TestMethodWorker.run(TestMethodWorker.java:134)
at java.base/java.util.concurrent.Executors$RunnableAdapter.call(Executors.java:572)
at java.base/java.util.concurrent.FutureTask.run(FutureTask.java:317)
at org.testng.internal.thread.graph.TestNGFutureTask.run(TestNGFutureTask.java:22)
at java.base/java.util.concurrent.ThreadPoolExecutor.runWorker(ThreadPoolExecutor.java:1144)
at java.base/java.util.concurrent.ThreadPoolExecutor$Worker.run(ThreadPoolExecutor.java:642)
at java.base/java.lang.Thread.run(Thread.java:1575)
]]>
    </failure>
    <system-out>
      <![CDATA[Screenshot saved at: C:\Users\12017\Desktop\MurugaKaapathu\AS_testNG\screenshots\EmptyTryeditorTerminologies.png]]>
    </system-out>
  </testcase> <!-- EmptyTryeditorTerminologies -->
  <testcase classname="testCases.Tree_TestCase" name="NavtoTryherepgBinTreeTrav" time="2.998"/>
  <testcase classname="testCases.Tree_TestCase" name="InvalidTryHereFunctionalityIBST" time="4.118"/>
  <testcase classname="testCases.Tree_TestCase" name="EmptyTryeditorTravelsIllus" time="6.645">
    <skipped/>
  </testcase> <!-- EmptyTryeditorTravelsIllus -->
  <testcase classname="testCases.Tree_TestCase" name="ValidTryHereFunctionalityTerm" time="4.952"/>
  <testcase classname="testCases.Tree_TestCase" name="ValidTryHereFunctionalityBinTreeTrav" time="4.591"/>
  <testcase classname="testCases.Tree_TestCase" name="NavtoTryherepgABT" time="3.475"/>
  <testcase classname="testCases.Tree_TestCase" name="NavtoTryherepgTermimology" time="3.262"/>
  <testcase classname="testCases.Tree_TestCase" name="Terminologies" time="3.104"/>
  <testcase classname="testCases.Tree_TestCase" name="EmptyTryeditorTerminologies" time="3.348">
    <skipped/>
  </testcase> <!-- EmptyTryeditorTerminologies -->
  <testcase classname="testCases.Tree_TestCase" name="IBST" time="3.034"/>
  <testcase classname="testCases.Tree_TestCase" name="TypesofTrees" time="2.738"/>
  <system-out>
    <![CDATA[Screenshot saved at: C:\Users\12017\Desktop\MurugaKaapathu\AS_testNG\screenshots\InvalidRegister.png
Screenshot saved at: C:\Users\12017\Desktop\MurugaKaapathu\AS_testNG\screenshots\InvalidRegister.png
Screenshot saved at: C:\Users\12017\Desktop\MurugaKaapathu\AS_testNG\screenshots\InvalidRegister.png
Screenshot saved at: C:\Users\12017\Desktop\MurugaKaapathu\AS_testNG\screenshots\EmptyTryeditorABT.png
Screenshot saved at: C:\Users\12017\Desktop\MurugaKaapathu\AS_testNG\screenshots\EmptyTryeditorBST.png
Screenshot saved at: C:\Users\12017\Desktop\MurugaKaapathu\AS_testNG\screenshots\EmptyTryeditorBT.png
Screenshot saved at: C:\Users\12017\Desktop\MurugaKaapathu\AS_testNG\screenshots\EmptyTryeditorBinTreeTrav.png
Screenshot saved at: C:\Users\12017\Desktop\MurugaKaapathu\AS_testNG\screenshots\EmptyTryeditorIBST.png
Screenshot saved at: C:\Users\12017\Desktop\MurugaKaapathu\AS_testNG\screenshots\EmptyTryeditorIBT.png
Screenshot saved at: C:\Users\12017\Desktop\MurugaKaapathu\AS_testNG\screenshots\EmptyTryeditorImpinBT.png
Screenshot saved at: C:\Users\12017\Desktop\MurugaKaapathu\AS_testNG\screenshots\EmptyTryeditorOverview.png
Screenshot saved at: C:\Users\12017\Desktop\MurugaKaapathu\AS_testNG\screenshots\EmptyTryeditorTerminologies.png
Screenshot saved at: C:\Users\12017\Desktop\MurugaKaapathu\AS_testNG\screenshots\EmptyTryeditorTravelsIllus.png
Screenshot saved at: C:\Users\12017\Desktop\MurugaKaapathu\AS_testNG\screenshots\EmptyTryeditorTreeTraversals.png
Screenshot saved at: C:\Users\12017\Desktop\MurugaKaapathu\AS_testNG\screenshots\EmptyTryeditorTypesofBT.png
Screenshot saved at: C:\Users\12017\Desktop\MurugaKaapathu\AS_testNG\screenshots\EmptyTryeditorTypesofTrees.png
Screenshot saved at: C:\Users\12017\Desktop\MurugaKaapathu\AS_testNG\screenshots\InvalidRegister.png
Screenshot saved at: C:\Users\12017\Desktop\MurugaKaapathu\AS_testNG\screenshots\InvalidRegister.png
Screenshot saved at: C:\Users\12017\Desktop\MurugaKaapathu\AS_testNG\screenshots\InvalidRegister.png
Screenshot saved at: C:\Users\12017\Desktop\MurugaKaapathu\AS_testNG\screenshots\EmptyTryeditorABT.png
Screenshot saved at: C:\Users\12017\Desktop\MurugaKaapathu\AS_testNG\screenshots\EmptyTryeditorBST.png
Screenshot saved at: C:\Users\12017\Desktop\MurugaKaapathu\AS_testNG\screenshots\EmptyTryeditorBT.png
Screenshot saved at: C:\Users\12017\Desktop\MurugaKaapathu\AS_testNG\screenshots\EmptyTryeditorBinTreeTrav.png
Screenshot saved at: C:\Users\12017\Desktop\MurugaKaapathu\AS_testNG\screenshots\EmptyTryeditorIBST.png
Screenshot saved at: C:\Users\12017\Desktop\MurugaKaapathu\AS_testNG\screenshots\EmptyTryeditorIBT.png
Screenshot saved at: C:\Users\12017\Desktop\MurugaKaapathu\AS_testNG\screenshots\EmptyTryeditorImpinBT.png
Screenshot saved at: C:\Users\12017\Desktop\MurugaKaapathu\AS_testNG\screenshots\EmptyTryeditorOverview.png
Screenshot saved at: C:\Users\12017\Desktop\MurugaKaapathu\AS_testNG\screenshots\EmptyTryeditorTerminologies.png
Screenshot saved at: C:\Users\12017\Desktop\MurugaKaapathu\AS_testNG\screenshots\EmptyTryeditorTravelsIllus.png
Screenshot saved at: C:\Users\12017\Desktop\MurugaKaapathu\AS_testNG\screenshots\EmptyTryeditorTreeTraversals.png
Screenshot saved at: C:\Users\12017\Desktop\MurugaKaapathu\AS_testNG\screenshots\EmptyTryeditorTypesofBT.png
Screenshot saved at: C:\Users\12017\Desktop\MurugaKaapathu\AS_testNG\screenshots\EmptyTryeditorTypesofTrees.png]]>
  </system-out>
</testsuite> <!-- testCases.Tree_TestCase -->
