<?xml version="1.0" encoding="UTF-8"?>
<!-- Generated by org.testng.reporters.JUnitReportReporter -->
<testsuite hostname="MyGenie" failures="0" tests="14" name="testCases.HomeGetstd_TestCase" time="128.348" errors="0" timestamp="2025-01-12T01:04:42 CST" skipped="0">
  <testcase classname="testCases.HomeGetstd_TestCase" name="HomeGetstd" time="9.610"/>
  <testcase classname="testCases.HomeGetstd_TestCase" name="HomeGetstd" time="7.987"/>
  <testcase classname="testCases.HomeGetstd_TestCase" name="HomeGetstd" time="8.137"/>
  <testcase classname="testCases.HomeGetstd_TestCase" name="HomeGetstd" time="7.907"/>
  <testcase classname="testCases.HomeGetstd_TestCase" name="HomeGetstd" time="9.844"/>
  <testcase classname="testCases.HomeGetstd_TestCase" name="HomeGetstd" time="10.106"/>
  <testcase classname="testCases.HomeGetstd_TestCase" name="HomeGetstd" time="12.719"/>
  <testcase classname="testCases.HomeGetstd_TestCase" name="HomeGetstd" time="8.810"/>
  <testcase classname="testCases.HomeGetstd_TestCase" name="HomeGetstd" time="7.490"/>
  <testcase classname="testCases.HomeGetstd_TestCase" name="HomeGetstd" time="10.633"/>
  <testcase classname="testCases.HomeGetstd_TestCase" name="HomeGetstd" time="10.625"/>
  <testcase classname="testCases.HomeGetstd_TestCase" name="HomeGetstd" time="8.231"/>
  <testcase classname="testCases.HomeGetstd_TestCase" name="HomeGetstd" time="8.205"/>
  <testcase classname="testCases.HomeGetstd_TestCase" name="HomeGetstd" time="8.044"/>
  <system-out>
    <![CDATA[Screenshot saved at: C:\Users\madhu\OneDrive\Desktop\SDET\AS_TestNG\.\screenshots\InvalidRegister.png
<a href='C:\Users\madhu\OneDrive\Desktop\SDET\AS_TestNG\screenshots\InvalidRegister.png'> <img src='C:\Users\madhu\OneDrive\Desktop\SDET\AS_TestNG\screenshots\InvalidRegister.png' height='100' width='100'/> </a>
Screenshot saved at: C:\Users\madhu\OneDrive\Desktop\SDET\AS_TestNG\.\screenshots\ImpArrayEmptyTryHereFunc.png
<a href='C:\Users\madhu\OneDrive\Desktop\SDET\AS_TestNG\screenshots\ImpArrayEmptyTryHereFunc.png'> <img src='C:\Users\madhu\OneDrive\Desktop\SDET\AS_TestNG\screenshots\ImpArrayEmptyTryHereFunc.png' height='100' width='100'/> </a>
Screenshot saved at: C:\Users\madhu\OneDrive\Desktop\SDET\AS_TestNG\.\screenshots\CreateLLEmptyTryHereFunc.png
<a href='C:\Users\madhu\OneDrive\Desktop\SDET\AS_TestNG\screenshots\CreateLLEmptyTryHereFunc.png'> <img src='C:\Users\madhu\OneDrive\Desktop\SDET\AS_TestNG\screenshots\CreateLLEmptyTryHereFunc.png' height='100' width='100'/> </a>
Screenshot saved at: C:\Users\madhu\OneDrive\Desktop\SDET\AS_TestNG\.\screenshots\InvalidRegister.png
<a href='C:\Users\madhu\OneDrive\Desktop\SDET\AS_TestNG\screenshots\InvalidRegister.png'> <img src='C:\Users\madhu\OneDrive\Desktop\SDET\AS_TestNG\screenshots\InvalidRegister.png' height='100' width='100'/> </a>
Screenshot saved at: C:\Users\madhu\OneDrive\Desktop\SDET\AS_TestNG\.\screenshots\EmptyTryeditorABT.png
<a href='C:\Users\madhu\OneDrive\Desktop\SDET\AS_TestNG\screenshots\EmptyTryeditorABT.png'> <img src='C:\Users\madhu\OneDrive\Desktop\SDET\AS_TestNG\screenshots\EmptyTryeditorABT.png' height='100' width='100'/> </a>
Screenshot saved at: C:\Users\madhu\OneDrive\Desktop\SDET\AS_TestNG\.\screenshots\InvalidRegister.png
<a href='C:\Users\madhu\OneDrive\Desktop\SDET\AS_TestNG\screenshots\InvalidRegister.png'> <img src='C:\Users\madhu\OneDrive\Desktop\SDET\AS_TestNG\screenshots\InvalidRegister.png' height='100' width='100'/> </a>
Screenshot saved at: C:\Users\madhu\OneDrive\Desktop\SDET\AS_TestNG\.\screenshots\EmptyTryeditorBST.png
<a href='C:\Users\madhu\OneDrive\Desktop\SDET\AS_TestNG\screenshots\EmptyTryeditorBST.png'> <img src='C:\Users\madhu\OneDrive\Desktop\SDET\AS_TestNG\screenshots\EmptyTryeditorBST.png' height='100' width='100'/> </a>
Screenshot saved at: C:\Users\madhu\OneDrive\Desktop\SDET\AS_TestNG\.\screenshots\ImpCollEmptyTryHereFunc.png
<a href='C:\Users\madhu\OneDrive\Desktop\SDET\AS_TestNG\screenshots\ImpCollEmptyTryHereFunc.png'> <img src='C:\Users\madhu\OneDrive\Desktop\SDET\AS_TestNG\screenshots\ImpCollEmptyTryHereFunc.png' height='100' width='100'/> </a>
Screenshot saved at: C:\Users\madhu\OneDrive\Desktop\SDET\AS_TestNG\.\screenshots\DeletionEmptyTryHereFunc.png
<a href='C:\Users\madhu\OneDrive\Desktop\SDET\AS_TestNG\screenshots\DeletionEmptyTryHereFunc.png'> <img src='C:\Users\madhu\OneDrive\Desktop\SDET\AS_TestNG\screenshots\DeletionEmptyTryHereFunc.png' height='100' width='100'/> </a>
Screenshot saved at: C:\Users\madhu\OneDrive\Desktop\SDET\AS_TestNG\.\screenshots\EmptyTryeditorBT.png
<a href='C:\Users\madhu\OneDrive\Desktop\SDET\AS_TestNG\screenshots\EmptyTryeditorBT.png'> <img src='C:\Users\madhu\OneDrive\Desktop\SDET\AS_TestNG\screenshots\EmptyTryeditorBT.png' height='100' width='100'/> </a>
Screenshot saved at: C:\Users\madhu\OneDrive\Desktop\SDET\AS_TestNG\.\screenshots\EmptyTryeditorBinTreeTrav.png
<a href='C:\Users\madhu\OneDrive\Desktop\SDET\AS_TestNG\screenshots\EmptyTryeditorBinTreeTrav.png'> <img src='C:\Users\madhu\OneDrive\Desktop\SDET\AS_TestNG\screenshots\EmptyTryeditorBinTreeTrav.png' height='100' width='100'/> </a>
Screenshot saved at: C:\Users\madhu\OneDrive\Desktop\SDET\AS_TestNG\.\screenshots\ImpLLEmptyTryHereFunc.png
<a href='C:\Users\madhu\OneDrive\Desktop\SDET\AS_TestNG\screenshots\ImpLLEmptyTryHereFunc.png'> <img src='C:\Users\madhu\OneDrive\Desktop\SDET\AS_TestNG\screenshots\ImpLLEmptyTryHereFunc.png' height='100' width='100'/> </a>
Screenshot saved at: C:\Users\madhu\OneDrive\Desktop\SDET\AS_TestNG\.\screenshots\EmptyTryeditorIBST.png
<a href='C:\Users\madhu\OneDrive\Desktop\SDET\AS_TestNG\screenshots\EmptyTryeditorIBST.png'> <img src='C:\Users\madhu\OneDrive\Desktop\SDET\AS_TestNG\screenshots\EmptyTryeditorIBST.png' height='100' width='100'/> </a>
Screenshot saved at: C:\Users\madhu\OneDrive\Desktop\SDET\AS_TestNG\.\screenshots\ImpqueueEmptyTryHereFunc.png
<a href='C:\Users\madhu\OneDrive\Desktop\SDET\AS_TestNG\screenshots\ImpqueueEmptyTryHereFunc.png'> <img src='C:\Users\madhu\OneDrive\Desktop\SDET\AS_TestNG\screenshots\ImpqueueEmptyTryHereFunc.png' height='100' width='100'/> </a>
Screenshot saved at: C:\Users\madhu\OneDrive\Desktop\SDET\AS_TestNG\.\screenshots\EmptyTryeditorIBT.png
<a href='C:\Users\madhu\OneDrive\Desktop\SDET\AS_TestNG\screenshots\EmptyTryeditorIBT.png'> <img src='C:\Users\madhu\OneDrive\Desktop\SDET\AS_TestNG\screenshots\EmptyTryeditorIBT.png' height='100' width='100'/> </a>
Screenshot saved at: C:\Users\madhu\OneDrive\Desktop\SDET\AS_TestNG\.\screenshots\InsertionEmptyTryHereFunc.png
<a href='C:\Users\madhu\OneDrive\Desktop\SDET\AS_TestNG\screenshots\InsertionEmptyTryHereFunc.png'> <img src='C:\Users\madhu\OneDrive\Desktop\SDET\AS_TestNG\screenshots\InsertionEmptyTryHereFunc.png' height='100' width='100'/> </a>
Screenshot saved at: C:\Users\madhu\OneDrive\Desktop\SDET\AS_TestNG\.\screenshots\EmptyTryeditorImpinBT.png
<a href='C:\Users\madhu\OneDrive\Desktop\SDET\AS_TestNG\screenshots\EmptyTryeditorImpinBT.png'> <img src='C:\Users\madhu\OneDrive\Desktop\SDET\AS_TestNG\screenshots\EmptyTryeditorImpinBT.png' height='100' width='100'/> </a>
Screenshot saved at: C:\Users\madhu\OneDrive\Desktop\SDET\AS_TestNG\.\screenshots\QueueOprEmptyTryHereFunc.png
<a href='C:\Users\madhu\OneDrive\Desktop\SDET\AS_TestNG\screenshots\QueueOprEmptyTryHereFunc.png'> <img src='C:\Users\madhu\OneDrive\Desktop\SDET\AS_TestNG\screenshots\QueueOprEmptyTryHereFunc.png' height='100' width='100'/> </a>
Screenshot saved at: C:\Users\madhu\OneDrive\Desktop\SDET\AS_TestNG\.\screenshots\EmptyTryeditorOverview.png
<a href='C:\Users\madhu\OneDrive\Desktop\SDET\AS_TestNG\screenshots\EmptyTryeditorOverview.png'> <img src='C:\Users\madhu\OneDrive\Desktop\SDET\AS_TestNG\screenshots\EmptyTryeditorOverview.png' height='100' width='100'/> </a>
Screenshot saved at: C:\Users\madhu\OneDrive\Desktop\SDET\AS_TestNG\.\screenshots\EmptyTryeditorTerminologies.png
<a href='C:\Users\madhu\OneDrive\Desktop\SDET\AS_TestNG\screenshots\EmptyTryeditorTerminologies.png'> <img src='C:\Users\madhu\OneDrive\Desktop\SDET\AS_TestNG\screenshots\EmptyTryeditorTerminologies.png' height='100' width='100'/> </a>
Screenshot saved at: C:\Users\madhu\OneDrive\Desktop\SDET\AS_TestNG\.\screenshots\EmptyTryeditorTravelsIllus.png
<a href='C:\Users\madhu\OneDrive\Desktop\SDET\AS_TestNG\screenshots\EmptyTryeditorTravelsIllus.png'> <img src='C:\Users\madhu\OneDrive\Desktop\SDET\AS_TestNG\screenshots\EmptyTryeditorTravelsIllus.png' height='100' width='100'/> </a>
Screenshot saved at: C:\Users\madhu\OneDrive\Desktop\SDET\AS_TestNG\.\screenshots\LLIntroEmptyTryHereFunc.png
<a href='C:\Users\madhu\OneDrive\Desktop\SDET\AS_TestNG\screenshots\LLIntroEmptyTryHereFunc.png'> <img src='C:\Users\madhu\OneDrive\Desktop\SDET\AS_TestNG\screenshots\LLIntroEmptyTryHereFunc.png' height='100' width='100'/> </a>
Screenshot saved at: C:\Users\madhu\OneDrive\Desktop\SDET\AS_TestNG\.\screenshots\EmptyTryeditorTreeTraversals.png
<a href='C:\Users\madhu\OneDrive\Desktop\SDET\AS_TestNG\screenshots\EmptyTryeditorTreeTraversals.png'> <img src='C:\Users\madhu\OneDrive\Desktop\SDET\AS_TestNG\screenshots\EmptyTryeditorTreeTraversals.png' height='100' width='100'/> </a>
Screenshot saved at: C:\Users\madhu\OneDrive\Desktop\SDET\AS_TestNG\.\screenshots\EmptyTryeditorTypesofBT.png
<a href='C:\Users\madhu\OneDrive\Desktop\SDET\AS_TestNG\screenshots\EmptyTryeditorTypesofBT.png'> <img src='C:\Users\madhu\OneDrive\Desktop\SDET\AS_TestNG\screenshots\EmptyTryeditorTypesofBT.png' height='100' width='100'/> </a>
Screenshot saved at: C:\Users\madhu\OneDrive\Desktop\SDET\AS_TestNG\.\screenshots\TraversalEmptyTryHereFunc.png
<a href='C:\Users\madhu\OneDrive\Desktop\SDET\AS_TestNG\screenshots\TraversalEmptyTryHereFunc.png'> <img src='C:\Users\madhu\OneDrive\Desktop\SDET\AS_TestNG\screenshots\TraversalEmptyTryHereFunc.png' height='100' width='100'/> </a>
Screenshot saved at: C:\Users\madhu\OneDrive\Desktop\SDET\AS_TestNG\.\screenshots\EmptyTryeditorTypesofTrees.png
<a href='C:\Users\madhu\OneDrive\Desktop\SDET\AS_TestNG\screenshots\EmptyTryeditorTypesofTrees.png'> <img src='C:\Users\madhu\OneDrive\Desktop\SDET\AS_TestNG\screenshots\EmptyTryeditorTypesofTrees.png' height='100' width='100'/> </a>
Screenshot saved at: C:\Users\madhu\OneDrive\Desktop\SDET\AS_TestNG\.\screenshots\TypesLLEmptyTryHereFunc.png
<a href='C:\Users\madhu\OneDrive\Desktop\SDET\AS_TestNG\screenshots\TypesLLEmptyTryHereFunc.png'> <img src='C:\Users\madhu\OneDrive\Desktop\SDET\AS_TestNG\screenshots\TypesLLEmptyTryHereFunc.png' height='100' width='100'/> </a>
Screenshot saved at: C:\Users\madhu\OneDrive\Desktop\SDET\AS_TestNG\.\screenshots\InvalidRegister.png
<a href='C:\Users\madhu\OneDrive\Desktop\SDET\AS_TestNG\screenshots\InvalidRegister.png'> <img src='C:\Users\madhu\OneDrive\Desktop\SDET\AS_TestNG\screenshots\InvalidRegister.png' height='100' width='100'/> </a>
Screenshot saved at: C:\Users\madhu\OneDrive\Desktop\SDET\AS_TestNG\.\screenshots\ImpArrayEmptyTryHereFunc.png
<a href='C:\Users\madhu\OneDrive\Desktop\SDET\AS_TestNG\screenshots\ImpArrayEmptyTryHereFunc.png'> <img src='C:\Users\madhu\OneDrive\Desktop\SDET\AS_TestNG\screenshots\ImpArrayEmptyTryHereFunc.png' height='100' width='100'/> </a>
Screenshot saved at: C:\Users\madhu\OneDrive\Desktop\SDET\AS_TestNG\.\screenshots\InvalidRegister.png
<a href='C:\Users\madhu\OneDrive\Desktop\SDET\AS_TestNG\screenshots\InvalidRegister.png'> <img src='C:\Users\madhu\OneDrive\Desktop\SDET\AS_TestNG\screenshots\InvalidRegister.png' height='100' width='100'/> </a>
Screenshot saved at: C:\Users\madhu\OneDrive\Desktop\SDET\AS_TestNG\.\screenshots\CreateLLEmptyTryHereFunc.png
<a href='C:\Users\madhu\OneDrive\Desktop\SDET\AS_TestNG\screenshots\CreateLLEmptyTryHereFunc.png'> <img src='C:\Users\madhu\OneDrive\Desktop\SDET\AS_TestNG\screenshots\CreateLLEmptyTryHereFunc.png' height='100' width='100'/> </a>
Screenshot saved at: C:\Users\madhu\OneDrive\Desktop\SDET\AS_TestNG\.\screenshots\InvalidRegister.png
<a href='C:\Users\madhu\OneDrive\Desktop\SDET\AS_TestNG\screenshots\InvalidRegister.png'> <img src='C:\Users\madhu\OneDrive\Desktop\SDET\AS_TestNG\screenshots\InvalidRegister.png' height='100' width='100'/> </a>
Screenshot saved at: C:\Users\madhu\OneDrive\Desktop\SDET\AS_TestNG\.\screenshots\EmptyTryeditorABT.png
<a href='C:\Users\madhu\OneDrive\Desktop\SDET\AS_TestNG\screenshots\EmptyTryeditorABT.png'> <img src='C:\Users\madhu\OneDrive\Desktop\SDET\AS_TestNG\screenshots\EmptyTryeditorABT.png' height='100' width='100'/> </a>
Screenshot saved at: C:\Users\madhu\OneDrive\Desktop\SDET\AS_TestNG\.\screenshots\ImpCollEmptyTryHereFunc.png
<a href='C:\Users\madhu\OneDrive\Desktop\SDET\AS_TestNG\screenshots\ImpCollEmptyTryHereFunc.png'> <img src='C:\Users\madhu\OneDrive\Desktop\SDET\AS_TestNG\screenshots\ImpCollEmptyTryHereFunc.png' height='100' width='100'/> </a>
Screenshot saved at: C:\Users\madhu\OneDrive\Desktop\SDET\AS_TestNG\.\screenshots\EmptyTryeditorBST.png
<a href='C:\Users\madhu\OneDrive\Desktop\SDET\AS_TestNG\screenshots\EmptyTryeditorBST.png'> <img src='C:\Users\madhu\OneDrive\Desktop\SDET\AS_TestNG\screenshots\EmptyTryeditorBST.png' height='100' width='100'/> </a>
Screenshot saved at: C:\Users\madhu\OneDrive\Desktop\SDET\AS_TestNG\.\screenshots\DeletionEmptyTryHereFunc.png
<a href='C:\Users\madhu\OneDrive\Desktop\SDET\AS_TestNG\screenshots\DeletionEmptyTryHereFunc.png'> <img src='C:\Users\madhu\OneDrive\Desktop\SDET\AS_TestNG\screenshots\DeletionEmptyTryHereFunc.png' height='100' width='100'/> </a>
Screenshot saved at: C:\Users\madhu\OneDrive\Desktop\SDET\AS_TestNG\.\screenshots\EmptyTryeditorBT.png
<a href='C:\Users\madhu\OneDrive\Desktop\SDET\AS_TestNG\screenshots\EmptyTryeditorBT.png'> <img src='C:\Users\madhu\OneDrive\Desktop\SDET\AS_TestNG\screenshots\EmptyTryeditorBT.png' height='100' width='100'/> </a>
Screenshot saved at: C:\Users\madhu\OneDrive\Desktop\SDET\AS_TestNG\.\screenshots\EmptyTryeditorBinTreeTrav.png
<a href='C:\Users\madhu\OneDrive\Desktop\SDET\AS_TestNG\screenshots\EmptyTryeditorBinTreeTrav.png'> <img src='C:\Users\madhu\OneDrive\Desktop\SDET\AS_TestNG\screenshots\EmptyTryeditorBinTreeTrav.png' height='100' width='100'/> </a>
Screenshot saved at: C:\Users\madhu\OneDrive\Desktop\SDET\AS_TestNG\.\screenshots\ImpqueueEmptyTryHereFunc.png
<a href='C:\Users\madhu\OneDrive\Desktop\SDET\AS_TestNG\screenshots\ImpqueueEmptyTryHereFunc.png'> <img src='C:\Users\madhu\OneDrive\Desktop\SDET\AS_TestNG\screenshots\ImpqueueEmptyTryHereFunc.png' height='100' width='100'/> </a>
Screenshot saved at: C:\Users\madhu\OneDrive\Desktop\SDET\AS_TestNG\.\screenshots\ImpLLEmptyTryHereFunc.png
<a href='C:\Users\madhu\OneDrive\Desktop\SDET\AS_TestNG\screenshots\ImpLLEmptyTryHereFunc.png'> <img src='C:\Users\madhu\OneDrive\Desktop\SDET\AS_TestNG\screenshots\ImpLLEmptyTryHereFunc.png' height='100' width='100'/> </a>
Screenshot saved at: C:\Users\madhu\OneDrive\Desktop\SDET\AS_TestNG\.\screenshots\EmptyTryeditorIBST.png
<a href='C:\Users\madhu\OneDrive\Desktop\SDET\AS_TestNG\screenshots\EmptyTryeditorIBST.png'> <img src='C:\Users\madhu\OneDrive\Desktop\SDET\AS_TestNG\screenshots\EmptyTryeditorIBST.png' height='100' width='100'/> </a>
Screenshot saved at: C:\Users\madhu\OneDrive\Desktop\SDET\AS_TestNG\.\screenshots\EmptyTryeditorIBT.png
<a href='C:\Users\madhu\OneDrive\Desktop\SDET\AS_TestNG\screenshots\EmptyTryeditorIBT.png'> <img src='C:\Users\madhu\OneDrive\Desktop\SDET\AS_TestNG\screenshots\EmptyTryeditorIBT.png' height='100' width='100'/> </a>
Screenshot saved at: C:\Users\madhu\OneDrive\Desktop\SDET\AS_TestNG\.\screenshots\QueueOprEmptyTryHereFunc.png
<a href='C:\Users\madhu\OneDrive\Desktop\SDET\AS_TestNG\screenshots\QueueOprEmptyTryHereFunc.png'> <img src='C:\Users\madhu\OneDrive\Desktop\SDET\AS_TestNG\screenshots\QueueOprEmptyTryHereFunc.png' height='100' width='100'/> </a>
Screenshot saved at: C:\Users\madhu\OneDrive\Desktop\SDET\AS_TestNG\.\screenshots\InsertionEmptyTryHereFunc.png
<a href='C:\Users\madhu\OneDrive\Desktop\SDET\AS_TestNG\screenshots\InsertionEmptyTryHereFunc.png'> <img src='C:\Users\madhu\OneDrive\Desktop\SDET\AS_TestNG\screenshots\InsertionEmptyTryHereFunc.png' height='100' width='100'/> </a>
Screenshot saved at: C:\Users\madhu\OneDrive\Desktop\SDET\AS_TestNG\.\screenshots\EmptyTryeditorImpinBT.png
<a href='C:\Users\madhu\OneDrive\Desktop\SDET\AS_TestNG\screenshots\EmptyTryeditorImpinBT.png'> <img src='C:\Users\madhu\OneDrive\Desktop\SDET\AS_TestNG\screenshots\EmptyTryeditorImpinBT.png' height='100' width='100'/> </a>
Screenshot saved at: C:\Users\madhu\OneDrive\Desktop\SDET\AS_TestNG\.\screenshots\EmptyTryeditorOverview.png
<a href='C:\Users\madhu\OneDrive\Desktop\SDET\AS_TestNG\screenshots\EmptyTryeditorOverview.png'> <img src='C:\Users\madhu\OneDrive\Desktop\SDET\AS_TestNG\screenshots\EmptyTryeditorOverview.png' height='100' width='100'/> </a>
Screenshot saved at: C:\Users\madhu\OneDrive\Desktop\SDET\AS_TestNG\.\screenshots\EmptyTryeditorTerminologies.png
<a href='C:\Users\madhu\OneDrive\Desktop\SDET\AS_TestNG\screenshots\EmptyTryeditorTerminologies.png'> <img src='C:\Users\madhu\OneDrive\Desktop\SDET\AS_TestNG\screenshots\EmptyTryeditorTerminologies.png' height='100' width='100'/> </a>
Screenshot saved at: C:\Users\madhu\OneDrive\Desktop\SDET\AS_TestNG\.\screenshots\EmptyTryeditorTravelsIllus.png
<a href='C:\Users\madhu\OneDrive\Desktop\SDET\AS_TestNG\screenshots\EmptyTryeditorTravelsIllus.png'> <img src='C:\Users\madhu\OneDrive\Desktop\SDET\AS_TestNG\screenshots\EmptyTryeditorTravelsIllus.png' height='100' width='100'/> </a>
Screenshot saved at: C:\Users\madhu\OneDrive\Desktop\SDET\AS_TestNG\.\screenshots\LLIntroEmptyTryHereFunc.png
<a href='C:\Users\madhu\OneDrive\Desktop\SDET\AS_TestNG\screenshots\LLIntroEmptyTryHereFunc.png'> <img src='C:\Users\madhu\OneDrive\Desktop\SDET\AS_TestNG\screenshots\LLIntroEmptyTryHereFunc.png' height='100' width='100'/> </a>
Screenshot saved at: C:\Users\madhu\OneDrive\Desktop\SDET\AS_TestNG\.\screenshots\EmptyTryeditorTreeTraversals.png
<a href='C:\Users\madhu\OneDrive\Desktop\SDET\AS_TestNG\screenshots\EmptyTryeditorTreeTraversals.png'> <img src='C:\Users\madhu\OneDrive\Desktop\SDET\AS_TestNG\screenshots\EmptyTryeditorTreeTraversals.png' height='100' width='100'/> </a>
Screenshot saved at: C:\Users\madhu\OneDrive\Desktop\SDET\AS_TestNG\.\screenshots\EmptyTryeditorTypesofBT.png
<a href='C:\Users\madhu\OneDrive\Desktop\SDET\AS_TestNG\screenshots\EmptyTryeditorTypesofBT.png'> <img src='C:\Users\madhu\OneDrive\Desktop\SDET\AS_TestNG\screenshots\EmptyTryeditorTypesofBT.png' height='100' width='100'/> </a>
Screenshot saved at: C:\Users\madhu\OneDrive\Desktop\SDET\AS_TestNG\.\screenshots\TraversalEmptyTryHereFunc.png
<a href='C:\Users\madhu\OneDrive\Desktop\SDET\AS_TestNG\screenshots\TraversalEmptyTryHereFunc.png'> <img src='C:\Users\madhu\OneDrive\Desktop\SDET\AS_TestNG\screenshots\TraversalEmptyTryHereFunc.png' height='100' width='100'/> </a>
Screenshot saved at: C:\Users\madhu\OneDrive\Desktop\SDET\AS_TestNG\.\screenshots\EmptyTryeditorTypesofTrees.png
<a href='C:\Users\madhu\OneDrive\Desktop\SDET\AS_TestNG\screenshots\EmptyTryeditorTypesofTrees.png'> <img src='C:\Users\madhu\OneDrive\Desktop\SDET\AS_TestNG\screenshots\EmptyTryeditorTypesofTrees.png' height='100' width='100'/> </a>
Screenshot saved at: C:\Users\madhu\OneDrive\Desktop\SDET\AS_TestNG\.\screenshots\TypesLLEmptyTryHereFunc.png
<a href='C:\Users\madhu\OneDrive\Desktop\SDET\AS_TestNG\screenshots\TypesLLEmptyTryHereFunc.png'> <img src='C:\Users\madhu\OneDrive\Desktop\SDET\AS_TestNG\screenshots\TypesLLEmptyTryHereFunc.png' height='100' width='100'/> </a>]]>
  </system-out>
</testsuite> <!-- testCases.HomeGetstd_TestCase -->
