<?xml version="1.0" encoding="UTF-8"?>
<!-- Generated by org.testng.reporters.JUnitReportReporter -->
<testsuite hostname="Cricket" failures="0" tests="5" name="testCases.Login_TestCase" time="9.579" errors="0" timestamp="2024-12-23T19:02:07 CST" skipped="0">
  <testcase classname="testCases.Login_TestCase" name="InvalidLogin" time="3.015"/>
  <testcase classname="testCases.Login_TestCase" name="InvalidLogin" time="1.298"/>
  <testcase classname="testCases.Login_TestCase" name="InvalidLogin" time="1.597"/>
  <testcase classname="testCases.Login_TestCase" name="InvalidLogin" time="1.779"/>
  <testcase classname="testCases.Login_TestCase" name="InvalidLogin" time="1.890"/>
</testsuite> <!-- testCases.Login_TestCase -->
