<?xml version="1.0" encoding="UTF-8"?>
<!-- Generated by org.testng.reporters.JUnitReportReporter -->
<testsuite hostname="Cricket" failures="0" tests="5" name="testCases.Login_TestCase" time="4.399" errors="0" timestamp="2024-12-23T22:23:00 CST" skipped="0">
  <testcase classname="testCases.Login_TestCase" name="InvalidLogin" time="0.840"/>
  <testcase classname="testCases.Login_TestCase" name="InvalidLogin" time="0.701"/>
  <testcase classname="testCases.Login_TestCase" name="InvalidLogin" time="0.701"/>
  <testcase classname="testCases.Login_TestCase" name="InvalidLogin" time="1.406"/>
  <testcase classname="testCases.Login_TestCase" name="InvalidLogin" time="0.751"/>
</testsuite> <!-- testCases.Login_TestCase -->
