<?xml version="1.0" encoding="UTF-8"?>
<!-- Generated by org.testng.reporters.JUnitReportReporter -->
<testsuite hostname="Cricket" failures="0" tests="6" name="testCases.Home_TestCase" time="11.719" errors="0" timestamp="2024-12-23T22:22:28 CST" skipped="0">
  <testcase classname="testCases.Home_TestCase" name="HomeDrpdwn" time="1.790"/>
  <testcase classname="testCases.Home_TestCase" name="HomeDrpdwn" time="1.958"/>
  <testcase classname="testCases.Home_TestCase" name="HomeDrpdwn" time="2.426"/>
  <testcase classname="testCases.Home_TestCase" name="HomeDrpdwn" time="1.965"/>
  <testcase classname="testCases.Home_TestCase" name="HomeDrpdwn" time="1.768"/>
  <testcase classname="testCases.Home_TestCase" name="HomeDrpdwn" time="1.812"/>
</testsuite> <!-- testCases.Home_TestCase -->
