<?xml version="1.0" encoding="UTF-8"?>
<!-- Generated by org.testng.reporters.JUnitReportReporter -->
<testsuite hostname="Cricket" failures="0" tests="16" name="testCases.Login_TestCase" time="96.572" errors="0" timestamp="2025-01-11T22:28:06 CST" skipped="0">
  <testcase classname="testCases.Login_TestCase" name="InvalidLogin" time="5.453"/>
  <testcase classname="testCases.Login_TestCase" name="SignOut" time="9.022"/>
  <testcase classname="testCases.Login_TestCase" name="InvalidLogin" time="13.741"/>
  <testcase classname="testCases.Login_TestCase" name="InvalidLogin" time="6.894"/>
  <testcase classname="testCases.Login_TestCase" name="InvalidLogin" time="3.960"/>
  <testcase classname="testCases.Login_TestCase" name="ToRegPage" time="3.151"/>
  <testcase classname="testCases.Login_TestCase" name="InvalidLogin" time="3.697"/>
  <testcase classname="testCases.Login_TestCase" name="ValidLogin" time="4.272"/>
  <testcase classname="testCases.Login_TestCase" name="SignOut" time="5.349"/>
  <testcase classname="testCases.Login_TestCase" name="InvalidLogin" time="6.201"/>
  <testcase classname="testCases.Login_TestCase" name="InvalidLogin" time="5.991"/>
  <testcase classname="testCases.Login_TestCase" name="InvalidLogin" time="5.882"/>
  <testcase classname="testCases.Login_TestCase" name="ToRegPage" time="3.189"/>
  <testcase classname="testCases.Login_TestCase" name="InvalidLogin" time="11.104"/>
  <testcase classname="testCases.Login_TestCase" name="ValidLogin" time="5.092"/>
  <testcase classname="testCases.Login_TestCase" name="InvalidLogin" time="3.574"/>
  <system-out>
    <![CDATA[Screenshot saved at: C:\Users\12017\Desktop\MurugaKaapathu\AS_testNG\screenshots\InvalidRegister.png
Screenshot saved at: C:\Users\12017\Desktop\MurugaKaapathu\AS_testNG\screenshots\InvalidRegister.png
Screenshot saved at: C:\Users\12017\Desktop\MurugaKaapathu\AS_testNG\screenshots\InvalidRegister.png
Screenshot saved at: C:\Users\12017\Desktop\MurugaKaapathu\AS_testNG\screenshots\EmptyTryeditorABT.png
Screenshot saved at: C:\Users\12017\Desktop\MurugaKaapathu\AS_testNG\screenshots\EmptyTryeditorBST.png
Screenshot saved at: C:\Users\12017\Desktop\MurugaKaapathu\AS_testNG\screenshots\EmptyTryeditorBT.png
Screenshot saved at: C:\Users\12017\Desktop\MurugaKaapathu\AS_testNG\screenshots\EmptyTryeditorBinTreeTrav.png
Screenshot saved at: C:\Users\12017\Desktop\MurugaKaapathu\AS_testNG\screenshots\EmptyTryeditorIBST.png
Screenshot saved at: C:\Users\12017\Desktop\MurugaKaapathu\AS_testNG\screenshots\EmptyTryeditorIBT.png
Screenshot saved at: C:\Users\12017\Desktop\MurugaKaapathu\AS_testNG\screenshots\EmptyTryeditorImpinBT.png
Screenshot saved at: C:\Users\12017\Desktop\MurugaKaapathu\AS_testNG\screenshots\EmptyTryeditorOverview.png
Screenshot saved at: C:\Users\12017\Desktop\MurugaKaapathu\AS_testNG\screenshots\EmptyTryeditorTerminologies.png
Screenshot saved at: C:\Users\12017\Desktop\MurugaKaapathu\AS_testNG\screenshots\EmptyTryeditorTravelsIllus.png
Screenshot saved at: C:\Users\12017\Desktop\MurugaKaapathu\AS_testNG\screenshots\EmptyTryeditorTreeTraversals.png
Screenshot saved at: C:\Users\12017\Desktop\MurugaKaapathu\AS_testNG\screenshots\EmptyTryeditorTypesofBT.png
Screenshot saved at: C:\Users\12017\Desktop\MurugaKaapathu\AS_testNG\screenshots\EmptyTryeditorTypesofTrees.png
Screenshot saved at: C:\Users\12017\Desktop\MurugaKaapathu\AS_testNG\screenshots\InvalidRegister.png
Screenshot saved at: C:\Users\12017\Desktop\MurugaKaapathu\AS_testNG\screenshots\InvalidRegister.png
Screenshot saved at: C:\Users\12017\Desktop\MurugaKaapathu\AS_testNG\screenshots\InvalidRegister.png
Screenshot saved at: C:\Users\12017\Desktop\MurugaKaapathu\AS_testNG\screenshots\EmptyTryeditorABT.png
Screenshot saved at: C:\Users\12017\Desktop\MurugaKaapathu\AS_testNG\screenshots\EmptyTryeditorBST.png
Screenshot saved at: C:\Users\12017\Desktop\MurugaKaapathu\AS_testNG\screenshots\EmptyTryeditorBT.png
Screenshot saved at: C:\Users\12017\Desktop\MurugaKaapathu\AS_testNG\screenshots\EmptyTryeditorBinTreeTrav.png
Screenshot saved at: C:\Users\12017\Desktop\MurugaKaapathu\AS_testNG\screenshots\EmptyTryeditorIBST.png
Screenshot saved at: C:\Users\12017\Desktop\MurugaKaapathu\AS_testNG\screenshots\EmptyTryeditorIBT.png
Screenshot saved at: C:\Users\12017\Desktop\MurugaKaapathu\AS_testNG\screenshots\EmptyTryeditorImpinBT.png
Screenshot saved at: C:\Users\12017\Desktop\MurugaKaapathu\AS_testNG\screenshots\EmptyTryeditorOverview.png
Screenshot saved at: C:\Users\12017\Desktop\MurugaKaapathu\AS_testNG\screenshots\EmptyTryeditorTerminologies.png
Screenshot saved at: C:\Users\12017\Desktop\MurugaKaapathu\AS_testNG\screenshots\EmptyTryeditorTravelsIllus.png
Screenshot saved at: C:\Users\12017\Desktop\MurugaKaapathu\AS_testNG\screenshots\EmptyTryeditorTreeTraversals.png
Screenshot saved at: C:\Users\12017\Desktop\MurugaKaapathu\AS_testNG\screenshots\EmptyTryeditorTypesofBT.png
Screenshot saved at: C:\Users\12017\Desktop\MurugaKaapathu\AS_testNG\screenshots\EmptyTryeditorTypesofTrees.png]]>
  </system-out>
</testsuite> <!-- testCases.Login_TestCase -->
