<?xml version="1.0" encoding="UTF-8"?>
<!-- Generated by org.testng.reporters.JUnitReportReporter -->
<testsuite hostname="Cricket" failures="0" tests="6" name="testCases.Home_TestCase" time="32.676" errors="0" timestamp="2024-12-23T17:43:27 CST" skipped="0">
  <testcase classname="testCases.Home_TestCase" name="HomeDrpdwn" time="3.055"/>
  <testcase classname="testCases.Home_TestCase" name="HomeDrpdwn" time="5.661"/>
  <testcase classname="testCases.Home_TestCase" name="HomeDrpdwn" time="7.198"/>
  <testcase classname="testCases.Home_TestCase" name="HomeDrpdwn" time="7.239"/>
  <testcase classname="testCases.Home_TestCase" name="HomeDrpdwn" time="3.594"/>
  <testcase classname="testCases.Home_TestCase" name="HomeDrpdwn" time="5.929"/>
</testsuite> <!-- testCases.Home_TestCase -->
