<?xml version="1.0" encoding="UTF-8"?>
<!-- Generated by org.testng.reporters.JUnitReportReporter -->
<testsuite hostname="Cricket" failures="0" tests="1" name="testCases.Tree_TestCase" time="6.818" errors="0" timestamp="2024-12-24T00:06:25 CST" skipped="0">
  <testcase classname="testCases.Tree_TestCase" name="ValidTryHereFunctionality" time="6.818"/>
</testsuite> <!-- testCases.Tree_TestCase -->
